2025-12-28 13:09:26,908 INFO: === STRICT PHASE 1.5 START (RunID: real_20251228_130926_277e4a) ===
2025-12-28 13:09:27,035 INFO: NumExpr defaulting to 12 threads.
2025-12-28 13:09:27,185 INFO: [Phase 0] Preflight Check
2025-12-28 13:09:27,676 INFO: 캐시 기반 유니버스: 14개 종목 (지수 코드 제외)
2025-12-28 13:09:27,676 INFO: [Loader Debug] 005930 path: data\cache\005930.parquet exists: True
2025-12-28 13:09:27,724 INFO: [Loader Debug] 005930 raw shape: (1559, 5), index: <class 'pandas.core.indexes.datetimes.DatetimeIndex'>, cols: Index(['Open', 'High', 'Low', 'Close', 'Volume'], dtype='object')
2025-12-28 13:09:27,729 INFO: [Loader Debug] 005930 Date Range: 2019-01-01 00:00:00 ~ 2024-12-20 00:00:00 vs Target: 2021-01-01 ~ 2021-01-31
2025-12-28 13:09:27,731 INFO: [Loader Debug] 005930 Filtered rows: 21
2025-12-28 13:09:27,789 INFO: [Phase 1] Tuning Loop
2025-12-28 13:09:27,790 INFO: [Phase 4] Persistence Enabled: sqlite:///data\tuning_runs\real_20251228_130926_277e4a/optuna.db
2025-12-28 13:09:28,215 INFO: Split 계산: Train=16M, Val=14M, Test=6M
2025-12-28 13:09:28,215 INFO: [캐시] lb=3M, key=f61310f4
2025-12-28 13:09:28,237 INFO: UNIVERSE requested=14(hash=989dbc28) effective=14(hash=989dbc28)
2025-12-28 13:09:28,237 INFO: [Loader Debug] 005930 path: data\cache\005930.parquet exists: True
2025-12-28 13:09:28,239 INFO: [Loader Debug] 005930 raw shape: (1559, 5), index: <class 'pandas.core.indexes.datetimes.DatetimeIndex'>, cols: Index(['Open', 'High', 'Low', 'Close', 'Volume'], dtype='object')
2025-12-28 13:09:28,241 INFO: [Loader Debug] 005930 Date Range: 2019-01-01 00:00:00 ~ 2024-12-20 00:00:00 vs Target: 2020-10-06 ~ 2022-04-29
2025-12-28 13:09:28,242 INFO: [Loader Debug] 005930 Filtered rows: 409
2025-12-28 13:09:28,243 INFO: [Loader Debug] 035420 path: data\cache\035420.parquet exists: True
2025-12-28 13:09:28,244 INFO: [Loader Debug] 035420 raw shape: (1559, 5), index: <class 'pandas.core.indexes.datetimes.DatetimeIndex'>, cols: Index(['Open', 'High', 'Low', 'Close', 'Volume'], dtype='object')
2025-12-28 13:09:28,246 INFO: [Loader Debug] 035420 Date Range: 2019-01-01 00:00:00 ~ 2024-12-20 00:00:00 vs Target: 2020-10-06 ~ 2022-04-29
2025-12-28 13:09:28,246 INFO: [Loader Debug] 035420 Filtered rows: 409
2025-12-28 13:09:28,247 INFO: [Loader Debug] 035720 path: data\cache\035720.parquet exists: True
2025-12-28 13:09:28,248 INFO: [Loader Debug] 035720 raw shape: (1559, 5), index: <class 'pandas.core.indexes.datetimes.DatetimeIndex'>, cols: Index(['Open', 'High', 'Low', 'Close', 'Volume'], dtype='object')
2025-12-28 13:09:28,250 INFO: [Loader Debug] 035720 Date Range: 2019-01-01 00:00:00 ~ 2024-12-20 00:00:00 vs Target: 2020-10-06 ~ 2022-04-29
2025-12-28 13:09:28,250 INFO: [Loader Debug] 035720 Filtered rows: 409
2025-12-28 13:09:28,251 INFO: [Loader Debug] 051910 path: data\cache\051910.parquet exists: True
2025-12-28 13:09:28,252 INFO: [Loader Debug] 051910 raw shape: (1559, 5), index: <class 'pandas.core.indexes.datetimes.DatetimeIndex'>, cols: Index(['Open', 'High', 'Low', 'Close', 'Volume'], dtype='object')
2025-12-28 13:09:28,253 INFO: [Loader Debug] 051910 Date Range: 2019-01-01 00:00:00 ~ 2024-12-20 00:00:00 vs Target: 2020-10-06 ~ 2022-04-29
2025-12-28 13:09:28,254 INFO: [Loader Debug] 051910 Filtered rows: 409
2025-12-28 13:09:28,255 INFO: [Loader Debug] 069500 path: data\cache\069500.parquet exists: True
2025-12-28 13:09:28,256 INFO: [Loader Debug] 069500 raw shape: (1559, 5), index: <class 'pandas.core.indexes.datetimes.DatetimeIndex'>, cols: Index(['Open', 'High', 'Low', 'Close', 'Volume'], dtype='object')
2025-12-28 13:09:28,258 INFO: [Loader Debug] 069500 Date Range: 2019-01-01 00:00:00 ~ 2024-12-20 00:00:00 vs Target: 2020-10-06 ~ 2022-04-29
2025-12-28 13:09:28,258 INFO: [Loader Debug] 069500 Filtered rows: 409
2025-12-28 13:09:28,259 INFO: [Loader Debug] 091160 path: data\cache\091160.parquet exists: True
2025-12-28 13:09:28,260 INFO: [Loader Debug] 091160 raw shape: (1559, 5), index: <class 'pandas.core.indexes.datetimes.DatetimeIndex'>, cols: Index(['Open', 'High', 'Low', 'Close', 'Volume'], dtype='object')
2025-12-28 13:09:28,262 INFO: [Loader Debug] 091160 Date Range: 2019-01-01 00:00:00 ~ 2024-12-20 00:00:00 vs Target: 2020-10-06 ~ 2022-04-29
2025-12-28 13:09:28,263 INFO: [Loader Debug] 091160 Filtered rows: 409
2025-12-28 13:09:28,263 INFO: [Loader Debug] 102110 path: data\cache\102110.parquet exists: True
2025-12-28 13:09:28,265 INFO: [Loader Debug] 102110 raw shape: (1559, 5), index: <class 'pandas.core.indexes.datetimes.DatetimeIndex'>, cols: Index(['Open', 'High', 'Low', 'Close', 'Volume'], dtype='object')
2025-12-28 13:09:28,266 INFO: [Loader Debug] 102110 Date Range: 2019-01-01 00:00:00 ~ 2024-12-20 00:00:00 vs Target: 2020-10-06 ~ 2022-04-29
2025-12-28 13:09:28,267 INFO: [Loader Debug] 102110 Filtered rows: 409
2025-12-28 13:09:28,267 INFO: [Loader Debug] 114800 path: data\cache\114800.parquet exists: True
2025-12-28 13:09:28,268 INFO: [Loader Debug] 114800 raw shape: (1559, 5), index: <class 'pandas.core.indexes.datetimes.DatetimeIndex'>, cols: Index(['Open', 'High', 'Low', 'Close', 'Volume'], dtype='object')
2025-12-28 13:09:28,270 INFO: [Loader Debug] 114800 Date Range: 2019-01-01 00:00:00 ~ 2024-12-20 00:00:00 vs Target: 2020-10-06 ~ 2022-04-29
2025-12-28 13:09:28,271 INFO: [Loader Debug] 114800 Filtered rows: 409
2025-12-28 13:09:28,271 INFO: [Loader Debug] 122630 path: data\cache\122630.parquet exists: True
2025-12-28 13:09:28,272 INFO: [Loader Debug] 122630 raw shape: (1559, 5), index: <class 'pandas.core.indexes.datetimes.DatetimeIndex'>, cols: Index(['Open', 'High', 'Low', 'Close', 'Volume'], dtype='object')
2025-12-28 13:09:28,274 INFO: [Loader Debug] 122630 Date Range: 2019-01-01 00:00:00 ~ 2024-12-20 00:00:00 vs Target: 2020-10-06 ~ 2022-04-29
2025-12-28 13:09:28,275 INFO: [Loader Debug] 122630 Filtered rows: 409
2025-12-28 13:09:28,275 INFO: [Loader Debug] 229200 path: data\cache\229200.parquet exists: True
2025-12-28 13:09:28,277 INFO: [Loader Debug] 229200 raw shape: (1559, 5), index: <class 'pandas.core.indexes.datetimes.DatetimeIndex'>, cols: Index(['Open', 'High', 'Low', 'Close', 'Volume'], dtype='object')
2025-12-28 13:09:28,278 INFO: [Loader Debug] 229200 Date Range: 2019-01-01 00:00:00 ~ 2024-12-20 00:00:00 vs Target: 2020-10-06 ~ 2022-04-29
2025-12-28 13:09:28,279 INFO: [Loader Debug] 229200 Filtered rows: 409
2025-12-28 13:09:28,279 INFO: [Loader Debug] 233740 path: data\cache\233740.parquet exists: True
2025-12-28 13:09:28,281 INFO: [Loader Debug] 233740 raw shape: (1559, 5), index: <class 'pandas.core.indexes.datetimes.DatetimeIndex'>, cols: Index(['Open', 'High', 'Low', 'Close', 'Volume'], dtype='object')
2025-12-28 13:09:28,282 INFO: [Loader Debug] 233740 Date Range: 2019-01-01 00:00:00 ~ 2024-12-20 00:00:00 vs Target: 2020-10-06 ~ 2022-04-29
2025-12-28 13:09:28,283 INFO: [Loader Debug] 233740 Filtered rows: 409
2025-12-28 13:09:28,283 INFO: [Loader Debug] 252670 path: data\cache\252670.parquet exists: True
2025-12-28 13:09:28,285 INFO: [Loader Debug] 252670 raw shape: (1559, 5), index: <class 'pandas.core.indexes.datetimes.DatetimeIndex'>, cols: Index(['Open', 'High', 'Low', 'Close', 'Volume'], dtype='object')
2025-12-28 13:09:28,286 INFO: [Loader Debug] 252670 Date Range: 2019-01-01 00:00:00 ~ 2024-12-20 00:00:00 vs Target: 2020-10-06 ~ 2022-04-29
2025-12-28 13:09:28,287 INFO: [Loader Debug] 252670 Filtered rows: 409
2025-12-28 13:09:28,287 INFO: [Loader Debug] 261240 path: data\cache\261240.parquet exists: True
2025-12-28 13:09:28,288 INFO: [Loader Debug] 261240 raw shape: (1559, 5), index: <class 'pandas.core.indexes.datetimes.DatetimeIndex'>, cols: Index(['Open', 'High', 'Low', 'Close', 'Volume'], dtype='object')
2025-12-28 13:09:28,290 INFO: [Loader Debug] 261240 Date Range: 2019-01-01 00:00:00 ~ 2024-12-20 00:00:00 vs Target: 2020-10-06 ~ 2022-04-29
2025-12-28 13:09:28,291 INFO: [Loader Debug] 261240 Filtered rows: 409
2025-12-28 13:09:28,291 INFO: [Loader Debug] 305720 path: data\cache\305720.parquet exists: True
2025-12-28 13:09:28,292 INFO: [Loader Debug] 305720 raw shape: (1559, 5), index: <class 'pandas.core.indexes.datetimes.DatetimeIndex'>, cols: Index(['Open', 'High', 'Low', 'Close', 'Volume'], dtype='object')
2025-12-28 13:09:28,294 INFO: [Loader Debug] 305720 Date Range: 2019-01-01 00:00:00 ~ 2024-12-20 00:00:00 vs Target: 2020-10-06 ~ 2022-04-29
2025-12-28 13:09:28,295 INFO: [Loader Debug] 305720 Filtered rows: 409
2025-12-28 13:09:28,297 INFO: [Normalization] Initial Shape: (5726, 5), Index: <class 'pandas.core.indexes.multi.MultiIndex'>, Columns: ['open', 'high', 'low', 'close', 'volume']
2025-12-28 13:09:28,298 INFO: [EVIDENCE] Data Pipeline Trace:
1. Load Shape: (5726, 5)
   - Index Type: <class 'pandas.core.indexes.multi.MultiIndex'>
   - Levels: ['code', 'date']
   - Date Range: 2020-10-06 00:00:00 ~ 2022-04-29 00:00:00
   - Unique Symbols: 14 (Sample: ['005930', '035420', '035720'])
2. Universe Coverage: Requested=14, Loaded=14, Missing=0
6. Final Columns: ['open', 'high', 'low', 'close', 'volume']
2025-12-28 13:09:33,435 INFO: ✅ 설정 파일 로드: E:\AI Study\krx_alertor_modular\config\regime_params.yaml
2025-12-28 13:09:33,435 INFO: MarketRegimeDetector 초기화: MA=50/200일, 임계값=2.0/-2.0%
2025-12-28 13:09:33,439 INFO: RSI 프로파일 로드 완료: ['balanced', 'conservative', 'aggressive']
2025-12-28 13:09:33,439 INFO: [EVIDENCE] BacktestRunner.run called with params: ma_period=100, rsi_period=58, stop_loss=0.13
2025-12-28 13:09:33,440 INFO: BacktestEngine 초기화: instrument_type=etf, tax_rate=0.00%
2025-12-28 13:09:33,504 WARNING: 매수 불가 (035720): 자금 부족: 1,149,313 > 266,120
2025-12-28 13:09:33,504 WARNING: 매수 불가 (035720): 자금 부족: 11,446,046 > 9,949,290
2025-12-28 13:09:33,505 WARNING: 매수 불가 (035720): 자금 부족: 11,271,107 > 9,949,290
2025-12-28 13:09:33,506 WARNING: 매수 불가 (035720): 자금 부족: 11,117,170 > 9,949,290
2025-12-28 13:09:33,506 WARNING: 매수 불가 (035720): 자금 부족: 11,427,514 > 9,949,290
2025-12-28 13:09:33,518 WARNING: 매수 불가 (252670): 자금 부족: 1,132,509 > 968,927
2025-12-28 13:09:33,519 WARNING: 매수 불가 (229200): 자금 부족: 1,070,557 > 968,927
2025-12-28 13:09:33,519 WARNING: 매수 불가 (229200): 자금 부족: 5,700,540 > 4,325,534
2025-12-28 13:09:33,520 WARNING: 매수 불가 (229200): 자금 부족: 11,475,088 > 9,878,564
2025-12-28 13:09:33,520 WARNING: 매수 불가 (229200): 자금 부족: 11,345,826 > 9,878,564
2025-12-28 13:09:33,521 WARNING: 매수 불가 (229200): 자금 부족: 11,424,521 > 9,878,564
2025-12-28 13:09:33,534 WARNING: 매수 불가 (252670): 자금 부족: 1,093,487 > 372,376
2025-12-28 13:09:33,535 WARNING: 매수 불가 (252670): 자금 부족: 11,003,929 > 9,855,979
2025-12-28 13:09:33,535 WARNING: 매수 불가 (252670): 자금 부족: 10,786,830 > 9,855,979
2025-12-28 13:09:33,536 WARNING: 매수 불가 (252670): 자금 부족: 10,708,024 > 9,855,979
2025-12-28 13:09:33,536 WARNING: 매수 불가 (252670): 자금 부족: 10,674,966 > 9,855,979
2025-12-28 13:09:33,549 WARNING: 매수 불가 (091160): 자금 부족: 1,063,237 > 1,053,023
2025-12-28 13:09:33,550 WARNING: 매수 불가 (091160): 자금 부족: 10,927,078 > 9,960,647
2025-12-28 13:09:33,550 WARNING: 매수 불가 (091160): 자금 부족: 11,140,973 > 9,960,647
2025-12-28 13:09:33,551 WARNING: 매수 불가 (091160): 자금 부족: 11,060,316 > 9,960,647
2025-12-28 13:09:33,551 WARNING: 매수 불가 (091160): 자금 부족: 11,103,415 > 9,960,647
2025-12-28 13:09:33,565 WARNING: 매수 불가 (102110): 자금 부족: 1,020,830 > 886,456
2025-12-28 13:09:33,565 WARNING: 매수 불가 (102110): 자금 부족: 11,223,961 > 9,929,056
2025-12-28 13:09:33,566 WARNING: 매수 불가 (102110): 자금 부족: 11,157,171 > 9,929,056
2025-12-28 13:09:33,567 WARNING: 매수 불가 (102110): 자금 부족: 11,252,588 > 9,929,056
2025-12-28 13:09:33,567 WARNING: 매수 불가 (102110): 자금 부족: 11,157,254 > 9,929,056
2025-12-28 13:09:33,580 WARNING: 매수 불가 (252670): 자금 부족: 1,116,448 > 991,054
2025-12-28 13:09:33,581 WARNING: 매수 불가 (252670): 자금 부족: 11,007,285 > 9,931,208
2025-12-28 13:09:33,582 WARNING: 매수 불가 (252670): 자금 부족: 11,213,914 > 9,931,208
2025-12-28 13:09:33,582 WARNING: 매수 불가 (252670): 자금 부족: 11,360,111 > 9,931,208
2025-12-28 13:09:33,583 WARNING: 매수 불가 (252670): 자금 부족: 11,347,755 > 9,931,208
2025-12-28 13:09:33,693 WARNING: 매수 불가 (091160): 자금 부족: 1,003,874 > 913,807
2025-12-28 13:09:33,693 WARNING: 매수 불가 (091160): 자금 부족: 10,630,707 > 9,849,141
2025-12-28 13:09:33,694 WARNING: 매수 불가 (091160): 자금 부족: 10,662,941 > 9,849,141
2025-12-28 13:09:33,694 WARNING: 매수 불가 (091160): 자금 부족: 10,391,017 > 9,849,141
2025-12-28 13:09:33,695 WARNING: 매수 불가 (091160): 자금 부족: 10,433,428 > 9,849,141
2025-12-28 13:09:33,708 WARNING: 매수 불가 (252670): 자금 부족: 1,041,034 > 809,786
2025-12-28 13:09:33,709 WARNING: 매수 불가 (252670): 자금 부족: 10,510,669 > 9,717,511
2025-12-28 13:09:33,710 WARNING: 매수 불가 (252670): 자금 부족: 10,389,008 > 9,717,511
2025-12-28 13:09:33,710 WARNING: 매수 불가 (252670): 자금 부족: 10,490,639 > 9,717,511
2025-12-28 13:09:33,711 WARNING: 매수 불가 (252670): 자금 부족: 10,416,319 > 9,717,511
2025-12-28 13:09:33,724 WARNING: 매수 불가 (305720): 자금 부족: 1,027,504 > 678,557
2025-12-28 13:09:33,724 WARNING: 매수 불가 (305720): 자금 부족: 10,432,945 > 9,758,367
2025-12-28 13:09:33,725 WARNING: 매수 불가 (305720): 자금 부족: 10,578,367 > 9,758,367
2025-12-28 13:09:33,726 WARNING: 매수 불가 (305720): 자금 부족: 10,618,596 > 9,758,367
2025-12-28 13:09:33,726 WARNING: 매수 불가 (305720): 자금 부족: 10,690,621 > 9,758,367
2025-12-28 13:09:33,753 WARNING: 매수 불가 (114800): 자금 부족: 974,395 > 912,637
2025-12-28 13:09:33,754 WARNING: 매수 불가 (114800): 자금 부족: 10,489,619 > 9,678,570
2025-12-28 13:09:33,755 WARNING: 매수 불가 (114800): 자금 부족: 10,572,529 > 9,678,570
2025-12-28 13:09:33,756 WARNING: 매수 불가 (114800): 자금 부족: 10,433,385 > 9,678,570
2025-12-28 13:09:33,756 WARNING: 매수 불가 (114800): 자금 부족: 10,218,955 > 9,678,570
2025-12-28 13:09:34,338 INFO: UNIVERSE requested=14(hash=989dbc28) effective=14(hash=989dbc28)
2025-12-28 13:09:34,339 INFO: [Loader Debug] 005930 path: data\cache\005930.parquet exists: True
2025-12-28 13:09:34,341 INFO: [Loader Debug] 005930 raw shape: (1559, 5), index: <class 'pandas.core.indexes.datetimes.DatetimeIndex'>, cols: Index(['Open', 'High', 'Low', 'Close', 'Volume'], dtype='object')
2025-12-28 13:09:34,342 INFO: [Loader Debug] 005930 Date Range: 2019-01-01 00:00:00 ~ 2024-12-20 00:00:00 vs Target: 2022-12-23 ~ 2023-06-23
2025-12-28 13:09:34,343 INFO: [Loader Debug] 005930 Filtered rows: 131
2025-12-28 13:09:34,343 INFO: [Loader Debug] 035420 path: data\cache\035420.parquet exists: True
2025-12-28 13:09:34,345 INFO: [Loader Debug] 035420 raw shape: (1559, 5), index: <class 'pandas.core.indexes.datetimes.DatetimeIndex'>, cols: Index(['Open', 'High', 'Low', 'Close', 'Volume'], dtype='object')
2025-12-28 13:09:34,346 INFO: [Loader Debug] 035420 Date Range: 2019-01-01 00:00:00 ~ 2024-12-20 00:00:00 vs Target: 2022-12-23 ~ 2023-06-23
2025-12-28 13:09:34,347 INFO: [Loader Debug] 035420 Filtered rows: 131
2025-12-28 13:09:34,347 INFO: [Loader Debug] 035720 path: data\cache\035720.parquet exists: True
2025-12-28 13:09:34,348 INFO: [Loader Debug] 035720 raw shape: (1559, 5), index: <class 'pandas.core.indexes.datetimes.DatetimeIndex'>, cols: Index(['Open', 'High', 'Low', 'Close', 'Volume'], dtype='object')
2025-12-28 13:09:34,350 INFO: [Loader Debug] 035720 Date Range: 2019-01-01 00:00:00 ~ 2024-12-20 00:00:00 vs Target: 2022-12-23 ~ 2023-06-23
2025-12-28 13:09:34,350 INFO: [Loader Debug] 035720 Filtered rows: 131
2025-12-28 13:09:34,351 INFO: [Loader Debug] 051910 path: data\cache\051910.parquet exists: True
2025-12-28 13:09:34,352 INFO: [Loader Debug] 051910 raw shape: (1559, 5), index: <class 'pandas.core.indexes.datetimes.DatetimeIndex'>, cols: Index(['Open', 'High', 'Low', 'Close', 'Volume'], dtype='object')
2025-12-28 13:09:34,353 INFO: [Loader Debug] 051910 Date Range: 2019-01-01 00:00:00 ~ 2024-12-20 00:00:00 vs Target: 2022-12-23 ~ 2023-06-23
2025-12-28 13:09:34,354 INFO: [Loader Debug] 051910 Filtered rows: 131
2025-12-28 13:09:34,355 INFO: [Loader Debug] 069500 path: data\cache\069500.parquet exists: True
2025-12-28 13:09:34,356 INFO: [Loader Debug] 069500 raw shape: (1559, 5), index: <class 'pandas.core.indexes.datetimes.DatetimeIndex'>, cols: Index(['Open', 'High', 'Low', 'Close', 'Volume'], dtype='object')
2025-12-28 13:09:34,357 INFO: [Loader Debug] 069500 Date Range: 2019-01-01 00:00:00 ~ 2024-12-20 00:00:00 vs Target: 2022-12-23 ~ 2023-06-23
2025-12-28 13:09:34,358 INFO: [Loader Debug] 069500 Filtered rows: 131
2025-12-28 13:09:34,359 INFO: [Loader Debug] 091160 path: data\cache\091160.parquet exists: True
2025-12-28 13:09:34,360 INFO: [Loader Debug] 091160 raw shape: (1559, 5), index: <class 'pandas.core.indexes.datetimes.DatetimeIndex'>, cols: Index(['Open', 'High', 'Low', 'Close', 'Volume'], dtype='object')
2025-12-28 13:09:34,361 INFO: [Loader Debug] 091160 Date Range: 2019-01-01 00:00:00 ~ 2024-12-20 00:00:00 vs Target: 2022-12-23 ~ 2023-06-23
2025-12-28 13:09:34,362 INFO: [Loader Debug] 091160 Filtered rows: 131
2025-12-28 13:09:34,363 INFO: [Loader Debug] 102110 path: data\cache\102110.parquet exists: True
2025-12-28 13:09:34,364 INFO: [Loader Debug] 102110 raw shape: (1559, 5), index: <class 'pandas.core.indexes.datetimes.DatetimeIndex'>, cols: Index(['Open', 'High', 'Low', 'Close', 'Volume'], dtype='object')
2025-12-28 13:09:34,366 INFO: [Loader Debug] 102110 Date Range: 2019-01-01 00:00:00 ~ 2024-12-20 00:00:00 vs Target: 2022-12-23 ~ 2023-06-23
2025-12-28 13:09:34,366 INFO: [Loader Debug] 102110 Filtered rows: 131
2025-12-28 13:09:34,367 INFO: [Loader Debug] 114800 path: data\cache\114800.parquet exists: True
2025-12-28 13:09:34,368 INFO: [Loader Debug] 114800 raw shape: (1559, 5), index: <class 'pandas.core.indexes.datetimes.DatetimeIndex'>, cols: Index(['Open', 'High', 'Low', 'Close', 'Volume'], dtype='object')
2025-12-28 13:09:34,369 INFO: [Loader Debug] 114800 Date Range: 2019-01-01 00:00:00 ~ 2024-12-20 00:00:00 vs Target: 2022-12-23 ~ 2023-06-23
2025-12-28 13:09:34,370 INFO: [Loader Debug] 114800 Filtered rows: 131
2025-12-28 13:09:34,370 INFO: [Loader Debug] 122630 path: data\cache\122630.parquet exists: True
2025-12-28 13:09:34,372 INFO: [Loader Debug] 122630 raw shape: (1559, 5), index: <class 'pandas.core.indexes.datetimes.DatetimeIndex'>, cols: Index(['Open', 'High', 'Low', 'Close', 'Volume'], dtype='object')
2025-12-28 13:09:34,373 INFO: [Loader Debug] 122630 Date Range: 2019-01-01 00:00:00 ~ 2024-12-20 00:00:00 vs Target: 2022-12-23 ~ 2023-06-23
2025-12-28 13:09:34,374 INFO: [Loader Debug] 122630 Filtered rows: 131
2025-12-28 13:09:34,374 INFO: [Loader Debug] 229200 path: data\cache\229200.parquet exists: True
2025-12-28 13:09:34,375 INFO: [Loader Debug] 229200 raw shape: (1559, 5), index: <class 'pandas.core.indexes.datetimes.DatetimeIndex'>, cols: Index(['Open', 'High', 'Low', 'Close', 'Volume'], dtype='object')
2025-12-28 13:09:34,376 INFO: [Loader Debug] 229200 Date Range: 2019-01-01 00:00:00 ~ 2024-12-20 00:00:00 vs Target: 2022-12-23 ~ 2023-06-23
2025-12-28 13:09:34,377 INFO: [Loader Debug] 229200 Filtered rows: 131
2025-12-28 13:09:34,378 INFO: [Loader Debug] 233740 path: data\cache\233740.parquet exists: True
2025-12-28 13:09:34,379 INFO: [Loader Debug] 233740 raw shape: (1559, 5), index: <class 'pandas.core.indexes.datetimes.DatetimeIndex'>, cols: Index(['Open', 'High', 'Low', 'Close', 'Volume'], dtype='object')
2025-12-28 13:09:34,381 INFO: [Loader Debug] 233740 Date Range: 2019-01-01 00:00:00 ~ 2024-12-20 00:00:00 vs Target: 2022-12-23 ~ 2023-06-23
2025-12-28 13:09:34,382 INFO: [Loader Debug] 233740 Filtered rows: 131
2025-12-28 13:09:34,382 INFO: [Loader Debug] 252670 path: data\cache\252670.parquet exists: True
2025-12-28 13:09:34,384 INFO: [Loader Debug] 252670 raw shape: (1559, 5), index: <class 'pandas.core.indexes.datetimes.DatetimeIndex'>, cols: Index(['Open', 'High', 'Low', 'Close', 'Volume'], dtype='object')
2025-12-28 13:09:34,385 INFO: [Loader Debug] 252670 Date Range: 2019-01-01 00:00:00 ~ 2024-12-20 00:00:00 vs Target: 2022-12-23 ~ 2023-06-23
2025-12-28 13:09:34,386 INFO: [Loader Debug] 252670 Filtered rows: 131
2025-12-28 13:09:34,386 INFO: [Loader Debug] 261240 path: data\cache\261240.parquet exists: True
2025-12-28 13:09:34,387 INFO: [Loader Debug] 261240 raw shape: (1559, 5), index: <class 'pandas.core.indexes.datetimes.DatetimeIndex'>, cols: Index(['Open', 'High', 'Low', 'Close', 'Volume'], dtype='object')
2025-12-28 13:09:34,390 INFO: [Loader Debug] 261240 Date Range: 2019-01-01 00:00:00 ~ 2024-12-20 00:00:00 vs Target: 2022-12-23 ~ 2023-06-23
2025-12-28 13:09:34,391 INFO: [Loader Debug] 261240 Filtered rows: 131
2025-12-28 13:09:34,392 INFO: [Loader Debug] 305720 path: data\cache\305720.parquet exists: True
2025-12-28 13:09:34,393 INFO: [Loader Debug] 305720 raw shape: (1559, 5), index: <class 'pandas.core.indexes.datetimes.DatetimeIndex'>, cols: Index(['Open', 'High', 'Low', 'Close', 'Volume'], dtype='object')
2025-12-28 13:09:34,395 INFO: [Loader Debug] 305720 Date Range: 2019-01-01 00:00:00 ~ 2024-12-20 00:00:00 vs Target: 2022-12-23 ~ 2023-06-23
2025-12-28 13:09:34,396 INFO: [Loader Debug] 305720 Filtered rows: 131
2025-12-28 13:09:34,398 INFO: [Normalization] Initial Shape: (1834, 5), Index: <class 'pandas.core.indexes.multi.MultiIndex'>, Columns: ['open', 'high', 'low', 'close', 'volume']
2025-12-28 13:09:34,399 INFO: [EVIDENCE] Data Pipeline Trace:
1. Load Shape: (1834, 5)
   - Index Type: <class 'pandas.core.indexes.multi.MultiIndex'>
   - Levels: ['code', 'date']
   - Date Range: 2022-12-23 00:00:00 ~ 2023-06-23 00:00:00
   - Unique Symbols: 14 (Sample: ['005930', '035420', '035720'])
2. Universe Coverage: Requested=14, Loaded=14, Missing=0
6. Final Columns: ['open', 'high', 'low', 'close', 'volume']
2025-12-28 13:09:34,459 INFO: ✅ 설정 파일 로드: E:\AI Study\krx_alertor_modular\config\regime_params.yaml
2025-12-28 13:09:34,460 INFO: MarketRegimeDetector 초기화: MA=50/200일, 임계값=2.0/-2.0%
2025-12-28 13:09:34,464 INFO: RSI 프로파일 로드 완료: ['balanced', 'conservative', 'aggressive']
2025-12-28 13:09:34,464 INFO: [EVIDENCE] BacktestRunner.run called with params: ma_period=100, rsi_period=58, stop_loss=0.13
2025-12-28 13:09:34,464 INFO: BacktestEngine 초기화: instrument_type=etf, tax_rate=0.00%
2025-12-28 13:09:34,518 WARNING: 매수 불가 (233740): 자금 부족: 917,959 > 366,366
2025-12-28 13:09:34,519 WARNING: 매수 불가 (233740): 자금 부족: 10,851,714 > 10,135,480
2025-12-28 13:09:34,520 WARNING: 매수 불가 (233740): 자금 부족: 10,883,265 > 10,135,480
2025-12-28 13:09:34,521 WARNING: 매수 불가 (233740): 자금 부족: 10,971,942 > 10,135,480
2025-12-28 13:09:34,521 WARNING: 매수 불가 (233740): 자금 부족: 11,127,147 > 10,135,480
2025-12-28 13:09:34,537 WARNING: 매수 불가 (252670): 자금 부족: 1,051,691 > 696,812
2025-12-28 13:09:34,538 WARNING: 매수 불가 (252670): 자금 부족: 11,001,366 > 10,147,616
2025-12-28 13:09:34,539 WARNING: 매수 불가 (252670): 자금 부족: 11,261,770 > 10,147,616
2025-12-28 13:09:34,539 WARNING: 매수 불가 (252670): 자금 부족: 11,356,176 > 10,147,616
2025-12-28 13:09:34,540 WARNING: 매수 불가 (252670): 자금 부족: 11,345,122 > 10,147,616
2025-12-28 13:09:34,552 WARNING: 매수 불가 (252670): 자금 부족: 1,110,585 > 410,647
2025-12-28 13:09:34,553 WARNING: 매수 불가 (252670): 자금 부족: 11,334,727 > 10,205,784
2025-12-28 13:09:34,554 WARNING: 매수 불가 (252670): 자금 부족: 11,509,946 > 10,205,784
2025-12-28 13:09:34,555 WARNING: 매수 불가 (252670): 자금 부족: 11,436,419 > 10,205,784
2025-12-28 13:09:34,555 WARNING: 매수 불가 (252670): 자금 부족: 11,496,648 > 10,205,784
2025-12-28 13:09:34,581 INFO: Split 계산: Train=16M, Val=14M, Test=6M
2025-12-28 13:09:34,582 INFO: [캐시] lb=6M, key=b7489d5b
2025-12-28 13:09:34,582 INFO: UNIVERSE requested=14(hash=989dbc28) effective=14(hash=989dbc28)
2025-12-28 13:09:34,582 INFO: [Loader Debug] 005930 path: data\cache\005930.parquet exists: True
2025-12-28 13:09:34,584 INFO: [Loader Debug] 005930 raw shape: (1559, 5), index: <class 'pandas.core.indexes.datetimes.DatetimeIndex'>, cols: Index(['Open', 'High', 'Low', 'Close', 'Volume'], dtype='object')
2025-12-28 13:09:34,586 INFO: [Loader Debug] 005930 Date Range: 2019-01-01 00:00:00 ~ 2024-12-20 00:00:00 vs Target: 2020-10-06 ~ 2022-04-29
2025-12-28 13:09:34,587 INFO: [Loader Debug] 005930 Filtered rows: 409
2025-12-28 13:09:34,587 INFO: [Loader Debug] 035420 path: data\cache\035420.parquet exists: True
2025-12-28 13:09:34,589 INFO: [Loader Debug] 035420 raw shape: (1559, 5), index: <class 'pandas.core.indexes.datetimes.DatetimeIndex'>, cols: Index(['Open', 'High', 'Low', 'Close', 'Volume'], dtype='object')
2025-12-28 13:09:34,590 INFO: [Loader Debug] 035420 Date Range: 2019-01-01 00:00:00 ~ 2024-12-20 00:00:00 vs Target: 2020-10-06 ~ 2022-04-29
2025-12-28 13:09:34,591 INFO: [Loader Debug] 035420 Filtered rows: 409
2025-12-28 13:09:34,591 INFO: [Loader Debug] 035720 path: data\cache\035720.parquet exists: True
2025-12-28 13:09:34,593 INFO: [Loader Debug] 035720 raw shape: (1559, 5), index: <class 'pandas.core.indexes.datetimes.DatetimeIndex'>, cols: Index(['Open', 'High', 'Low', 'Close', 'Volume'], dtype='object')
2025-12-28 13:09:34,594 INFO: [Loader Debug] 035720 Date Range: 2019-01-01 00:00:00 ~ 2024-12-20 00:00:00 vs Target: 2020-10-06 ~ 2022-04-29
2025-12-28 13:09:34,595 INFO: [Loader Debug] 035720 Filtered rows: 409
2025-12-28 13:09:34,595 INFO: [Loader Debug] 051910 path: data\cache\051910.parquet exists: True
2025-12-28 13:09:34,597 INFO: [Loader Debug] 051910 raw shape: (1559, 5), index: <class 'pandas.core.indexes.datetimes.DatetimeIndex'>, cols: Index(['Open', 'High', 'Low', 'Close', 'Volume'], dtype='object')
2025-12-28 13:09:34,598 INFO: [Loader Debug] 051910 Date Range: 2019-01-01 00:00:00 ~ 2024-12-20 00:00:00 vs Target: 2020-10-06 ~ 2022-04-29
2025-12-28 13:09:34,599 INFO: [Loader Debug] 051910 Filtered rows: 409
2025-12-28 13:09:34,599 INFO: [Loader Debug] 069500 path: data\cache\069500.parquet exists: True
2025-12-28 13:09:34,600 INFO: [Loader Debug] 069500 raw shape: (1559, 5), index: <class 'pandas.core.indexes.datetimes.DatetimeIndex'>, cols: Index(['Open', 'High', 'Low', 'Close', 'Volume'], dtype='object')
2025-12-28 13:09:34,602 INFO: [Loader Debug] 069500 Date Range: 2019-01-01 00:00:00 ~ 2024-12-20 00:00:00 vs Target: 2020-10-06 ~ 2022-04-29
2025-12-28 13:09:34,602 INFO: [Loader Debug] 069500 Filtered rows: 409
2025-12-28 13:09:34,603 INFO: [Loader Debug] 091160 path: data\cache\091160.parquet exists: True
2025-12-28 13:09:34,604 INFO: [Loader Debug] 091160 raw shape: (1559, 5), index: <class 'pandas.core.indexes.datetimes.DatetimeIndex'>, cols: Index(['Open', 'High', 'Low', 'Close', 'Volume'], dtype='object')
2025-12-28 13:09:34,606 INFO: [Loader Debug] 091160 Date Range: 2019-01-01 00:00:00 ~ 2024-12-20 00:00:00 vs Target: 2020-10-06 ~ 2022-04-29
2025-12-28 13:09:34,607 INFO: [Loader Debug] 091160 Filtered rows: 409
2025-12-28 13:09:34,607 INFO: [Loader Debug] 102110 path: data\cache\102110.parquet exists: True
2025-12-28 13:09:34,609 INFO: [Loader Debug] 102110 raw shape: (1559, 5), index: <class 'pandas.core.indexes.datetimes.DatetimeIndex'>, cols: Index(['Open', 'High', 'Low', 'Close', 'Volume'], dtype='object')
2025-12-28 13:09:34,610 INFO: [Loader Debug] 102110 Date Range: 2019-01-01 00:00:00 ~ 2024-12-20 00:00:00 vs Target: 2020-10-06 ~ 2022-04-29
2025-12-28 13:09:34,611 INFO: [Loader Debug] 102110 Filtered rows: 409
2025-12-28 13:09:34,612 INFO: [Loader Debug] 114800 path: data\cache\114800.parquet exists: True
2025-12-28 13:09:34,613 INFO: [Loader Debug] 114800 raw shape: (1559, 5), index: <class 'pandas.core.indexes.datetimes.DatetimeIndex'>, cols: Index(['Open', 'High', 'Low', 'Close', 'Volume'], dtype='object')
2025-12-28 13:09:34,615 INFO: [Loader Debug] 114800 Date Range: 2019-01-01 00:00:00 ~ 2024-12-20 00:00:00 vs Target: 2020-10-06 ~ 2022-04-29
2025-12-28 13:09:34,616 INFO: [Loader Debug] 114800 Filtered rows: 409
2025-12-28 13:09:34,616 INFO: [Loader Debug] 122630 path: data\cache\122630.parquet exists: True
2025-12-28 13:09:34,618 INFO: [Loader Debug] 122630 raw shape: (1559, 5), index: <class 'pandas.core.indexes.datetimes.DatetimeIndex'>, cols: Index(['Open', 'High', 'Low', 'Close', 'Volume'], dtype='object')
2025-12-28 13:09:34,619 INFO: [Loader Debug] 122630 Date Range: 2019-01-01 00:00:00 ~ 2024-12-20 00:00:00 vs Target: 2020-10-06 ~ 2022-04-29
2025-12-28 13:09:34,620 INFO: [Loader Debug] 122630 Filtered rows: 409
2025-12-28 13:09:34,620 INFO: [Loader Debug] 229200 path: data\cache\229200.parquet exists: True
2025-12-28 13:09:34,622 INFO: [Loader Debug] 229200 raw shape: (1559, 5), index: <class 'pandas.core.indexes.datetimes.DatetimeIndex'>, cols: Index(['Open', 'High', 'Low', 'Close', 'Volume'], dtype='object')
2025-12-28 13:09:34,623 INFO: [Loader Debug] 229200 Date Range: 2019-01-01 00:00:00 ~ 2024-12-20 00:00:00 vs Target: 2020-10-06 ~ 2022-04-29
2025-12-28 13:09:34,624 INFO: [Loader Debug] 229200 Filtered rows: 409
2025-12-28 13:09:34,625 INFO: [Loader Debug] 233740 path: data\cache\233740.parquet exists: True
2025-12-28 13:09:34,626 INFO: [Loader Debug] 233740 raw shape: (1559, 5), index: <class 'pandas.core.indexes.datetimes.DatetimeIndex'>, cols: Index(['Open', 'High', 'Low', 'Close', 'Volume'], dtype='object')
2025-12-28 13:09:34,628 INFO: [Loader Debug] 233740 Date Range: 2019-01-01 00:00:00 ~ 2024-12-20 00:00:00 vs Target: 2020-10-06 ~ 2022-04-29
2025-12-28 13:09:34,629 INFO: [Loader Debug] 233740 Filtered rows: 409
2025-12-28 13:09:34,629 INFO: [Loader Debug] 252670 path: data\cache\252670.parquet exists: True
2025-12-28 13:09:34,630 INFO: [Loader Debug] 252670 raw shape: (1559, 5), index: <class 'pandas.core.indexes.datetimes.DatetimeIndex'>, cols: Index(['Open', 'High', 'Low', 'Close', 'Volume'], dtype='object')
2025-12-28 13:09:34,632 INFO: [Loader Debug] 252670 Date Range: 2019-01-01 00:00:00 ~ 2024-12-20 00:00:00 vs Target: 2020-10-06 ~ 2022-04-29
2025-12-28 13:09:34,633 INFO: [Loader Debug] 252670 Filtered rows: 409
2025-12-28 13:09:34,633 INFO: [Loader Debug] 261240 path: data\cache\261240.parquet exists: True
2025-12-28 13:09:34,635 INFO: [Loader Debug] 261240 raw shape: (1559, 5), index: <class 'pandas.core.indexes.datetimes.DatetimeIndex'>, cols: Index(['Open', 'High', 'Low', 'Close', 'Volume'], dtype='object')
2025-12-28 13:09:34,636 INFO: [Loader Debug] 261240 Date Range: 2019-01-01 00:00:00 ~ 2024-12-20 00:00:00 vs Target: 2020-10-06 ~ 2022-04-29
2025-12-28 13:09:34,637 INFO: [Loader Debug] 261240 Filtered rows: 409
2025-12-28 13:09:34,637 INFO: [Loader Debug] 305720 path: data\cache\305720.parquet exists: True
2025-12-28 13:09:34,639 INFO: [Loader Debug] 305720 raw shape: (1559, 5), index: <class 'pandas.core.indexes.datetimes.DatetimeIndex'>, cols: Index(['Open', 'High', 'Low', 'Close', 'Volume'], dtype='object')
2025-12-28 13:09:34,640 INFO: [Loader Debug] 305720 Date Range: 2019-01-01 00:00:00 ~ 2024-12-20 00:00:00 vs Target: 2020-10-06 ~ 2022-04-29
2025-12-28 13:09:34,641 INFO: [Loader Debug] 305720 Filtered rows: 409
2025-12-28 13:09:34,644 INFO: [Normalization] Initial Shape: (5726, 5), Index: <class 'pandas.core.indexes.multi.MultiIndex'>, Columns: ['open', 'high', 'low', 'close', 'volume']
2025-12-28 13:09:34,645 INFO: [EVIDENCE] Data Pipeline Trace:
1. Load Shape: (5726, 5)
   - Index Type: <class 'pandas.core.indexes.multi.MultiIndex'>
   - Levels: ['code', 'date']
   - Date Range: 2020-10-06 00:00:00 ~ 2022-04-29 00:00:00
   - Unique Symbols: 14 (Sample: ['005930', '035420', '035720'])
2. Universe Coverage: Requested=14, Loaded=14, Missing=0
6. Final Columns: ['open', 'high', 'low', 'close', 'volume']
2025-12-28 13:09:34,739 INFO: ✅ 설정 파일 로드: E:\AI Study\krx_alertor_modular\config\regime_params.yaml
2025-12-28 13:09:34,739 INFO: MarketRegimeDetector 초기화: MA=50/200일, 임계값=2.0/-2.0%
2025-12-28 13:09:34,743 INFO: RSI 프로파일 로드 완료: ['balanced', 'conservative', 'aggressive']
2025-12-28 13:09:34,743 INFO: [EVIDENCE] BacktestRunner.run called with params: ma_period=100, rsi_period=58, stop_loss=0.13
2025-12-28 13:09:34,743 INFO: BacktestEngine 초기화: instrument_type=etf, tax_rate=0.00%
2025-12-28 13:09:34,805 WARNING: 매수 불가 (035720): 자금 부족: 1,149,313 > 266,120
2025-12-28 13:09:34,805 WARNING: 매수 불가 (035720): 자금 부족: 11,446,046 > 9,949,290
2025-12-28 13:09:34,806 WARNING: 매수 불가 (035720): 자금 부족: 11,271,107 > 9,949,290
2025-12-28 13:09:34,807 WARNING: 매수 불가 (035720): 자금 부족: 11,117,170 > 9,949,290
2025-12-28 13:09:34,807 WARNING: 매수 불가 (035720): 자금 부족: 11,427,514 > 9,949,290
2025-12-28 13:09:34,819 WARNING: 매수 불가 (252670): 자금 부족: 1,132,509 > 968,927
2025-12-28 13:09:34,819 WARNING: 매수 불가 (229200): 자금 부족: 1,070,557 > 968,927
2025-12-28 13:09:34,820 WARNING: 매수 불가 (229200): 자금 부족: 5,700,540 > 4,325,534
2025-12-28 13:09:34,821 WARNING: 매수 불가 (229200): 자금 부족: 11,475,088 > 9,878,564
2025-12-28 13:09:34,821 WARNING: 매수 불가 (229200): 자금 부족: 11,345,826 > 9,878,564
2025-12-28 13:09:34,822 WARNING: 매수 불가 (229200): 자금 부족: 11,424,521 > 9,878,564
2025-12-28 13:09:34,833 WARNING: 매수 불가 (252670): 자금 부족: 1,093,487 > 372,376
2025-12-28 13:09:34,834 WARNING: 매수 불가 (252670): 자금 부족: 11,003,929 > 9,855,979
2025-12-28 13:09:34,835 WARNING: 매수 불가 (252670): 자금 부족: 10,786,830 > 9,855,979
2025-12-28 13:09:34,836 WARNING: 매수 불가 (252670): 자금 부족: 10,708,024 > 9,855,979
2025-12-28 13:09:34,836 WARNING: 매수 불가 (252670): 자금 부족: 10,674,966 > 9,855,979
2025-12-28 13:09:34,848 WARNING: 매수 불가 (091160): 자금 부족: 1,063,237 > 1,053,023
2025-12-28 13:09:34,848 WARNING: 매수 불가 (091160): 자금 부족: 10,927,078 > 9,960,647
2025-12-28 13:09:34,849 WARNING: 매수 불가 (091160): 자금 부족: 11,140,973 > 9,960,647
2025-12-28 13:09:34,850 WARNING: 매수 불가 (091160): 자금 부족: 11,060,316 > 9,960,647
2025-12-28 13:09:34,850 WARNING: 매수 불가 (091160): 자금 부족: 11,103,415 > 9,960,647
2025-12-28 13:09:34,862 WARNING: 매수 불가 (102110): 자금 부족: 1,020,830 > 886,456
2025-12-28 13:09:34,863 WARNING: 매수 불가 (102110): 자금 부족: 11,223,961 > 9,929,056
2025-12-28 13:09:34,863 WARNING: 매수 불가 (102110): 자금 부족: 11,157,171 > 9,929,056
2025-12-28 13:09:34,864 WARNING: 매수 불가 (102110): 자금 부족: 11,252,588 > 9,929,056
2025-12-28 13:09:34,865 WARNING: 매수 불가 (102110): 자금 부족: 11,157,254 > 9,929,056
2025-12-28 13:09:34,876 WARNING: 매수 불가 (252670): 자금 부족: 1,116,448 > 991,054
2025-12-28 13:09:34,877 WARNING: 매수 불가 (252670): 자금 부족: 11,007,285 > 9,931,208
2025-12-28 13:09:34,878 WARNING: 매수 불가 (252670): 자금 부족: 11,213,914 > 9,931,208
2025-12-28 13:09:34,878 WARNING: 매수 불가 (252670): 자금 부족: 11,360,111 > 9,931,208
2025-12-28 13:09:34,879 WARNING: 매수 불가 (252670): 자금 부족: 11,347,755 > 9,931,208
2025-12-28 13:09:34,979 WARNING: 매수 불가 (091160): 자금 부족: 1,003,874 > 913,807
2025-12-28 13:09:34,980 WARNING: 매수 불가 (091160): 자금 부족: 10,630,707 > 9,849,141
2025-12-28 13:09:34,980 WARNING: 매수 불가 (091160): 자금 부족: 10,662,941 > 9,849,141
2025-12-28 13:09:34,981 WARNING: 매수 불가 (091160): 자금 부족: 10,391,017 > 9,849,141
2025-12-28 13:09:34,982 WARNING: 매수 불가 (091160): 자금 부족: 10,433,428 > 9,849,141
2025-12-28 13:09:34,994 WARNING: 매수 불가 (252670): 자금 부족: 1,041,034 > 809,786
2025-12-28 13:09:34,995 WARNING: 매수 불가 (252670): 자금 부족: 10,510,669 > 9,717,511
2025-12-28 13:09:34,995 WARNING: 매수 불가 (252670): 자금 부족: 10,389,008 > 9,717,511
2025-12-28 13:09:34,996 WARNING: 매수 불가 (252670): 자금 부족: 10,490,639 > 9,717,511
2025-12-28 13:09:34,996 WARNING: 매수 불가 (252670): 자금 부족: 10,416,319 > 9,717,511
2025-12-28 13:09:35,009 WARNING: 매수 불가 (305720): 자금 부족: 1,027,504 > 678,557
2025-12-28 13:09:35,010 WARNING: 매수 불가 (305720): 자금 부족: 10,432,945 > 9,758,367
2025-12-28 13:09:35,010 WARNING: 매수 불가 (305720): 자금 부족: 10,578,367 > 9,758,367
2025-12-28 13:09:35,011 WARNING: 매수 불가 (305720): 자금 부족: 10,618,596 > 9,758,367
2025-12-28 13:09:35,011 WARNING: 매수 불가 (305720): 자금 부족: 10,690,621 > 9,758,367
2025-12-28 13:09:35,037 WARNING: 매수 불가 (114800): 자금 부족: 974,395 > 912,637
2025-12-28 13:09:35,038 WARNING: 매수 불가 (114800): 자금 부족: 10,489,619 > 9,678,570
2025-12-28 13:09:35,039 WARNING: 매수 불가 (114800): 자금 부족: 10,572,529 > 9,678,570
2025-12-28 13:09:35,039 WARNING: 매수 불가 (114800): 자금 부족: 10,433,385 > 9,678,570
2025-12-28 13:09:35,040 WARNING: 매수 불가 (114800): 자금 부족: 10,218,955 > 9,678,570
2025-12-28 13:09:35,615 INFO: UNIVERSE requested=14(hash=989dbc28) effective=14(hash=989dbc28)
2025-12-28 13:09:35,616 INFO: [Loader Debug] 005930 path: data\cache\005930.parquet exists: True
2025-12-28 13:09:35,618 INFO: [Loader Debug] 005930 raw shape: (1559, 5), index: <class 'pandas.core.indexes.datetimes.DatetimeIndex'>, cols: Index(['Open', 'High', 'Low', 'Close', 'Volume'], dtype='object')
2025-12-28 13:09:35,620 INFO: [Loader Debug] 005930 Date Range: 2019-01-01 00:00:00 ~ 2024-12-20 00:00:00 vs Target: 2022-09-24 ~ 2023-06-23
2025-12-28 13:09:35,620 INFO: [Loader Debug] 005930 Filtered rows: 195
2025-12-28 13:09:35,621 INFO: [Loader Debug] 035420 path: data\cache\035420.parquet exists: True
2025-12-28 13:09:35,622 INFO: [Loader Debug] 035420 raw shape: (1559, 5), index: <class 'pandas.core.indexes.datetimes.DatetimeIndex'>, cols: Index(['Open', 'High', 'Low', 'Close', 'Volume'], dtype='object')
2025-12-28 13:09:35,624 INFO: [Loader Debug] 035420 Date Range: 2019-01-01 00:00:00 ~ 2024-12-20 00:00:00 vs Target: 2022-09-24 ~ 2023-06-23
2025-12-28 13:09:35,624 INFO: [Loader Debug] 035420 Filtered rows: 195
2025-12-28 13:09:35,625 INFO: [Loader Debug] 035720 path: data\cache\035720.parquet exists: True
2025-12-28 13:09:35,626 INFO: [Loader Debug] 035720 raw shape: (1559, 5), index: <class 'pandas.core.indexes.datetimes.DatetimeIndex'>, cols: Index(['Open', 'High', 'Low', 'Close', 'Volume'], dtype='object')
2025-12-28 13:09:35,627 INFO: [Loader Debug] 035720 Date Range: 2019-01-01 00:00:00 ~ 2024-12-20 00:00:00 vs Target: 2022-09-24 ~ 2023-06-23
2025-12-28 13:09:35,628 INFO: [Loader Debug] 035720 Filtered rows: 195
2025-12-28 13:09:35,629 INFO: [Loader Debug] 051910 path: data\cache\051910.parquet exists: True
2025-12-28 13:09:35,630 INFO: [Loader Debug] 051910 raw shape: (1559, 5), index: <class 'pandas.core.indexes.datetimes.DatetimeIndex'>, cols: Index(['Open', 'High', 'Low', 'Close', 'Volume'], dtype='object')
2025-12-28 13:09:35,631 INFO: [Loader Debug] 051910 Date Range: 2019-01-01 00:00:00 ~ 2024-12-20 00:00:00 vs Target: 2022-09-24 ~ 2023-06-23
2025-12-28 13:09:35,632 INFO: [Loader Debug] 051910 Filtered rows: 195
2025-12-28 13:09:35,633 INFO: [Loader Debug] 069500 path: data\cache\069500.parquet exists: True
2025-12-28 13:09:35,634 INFO: [Loader Debug] 069500 raw shape: (1559, 5), index: <class 'pandas.core.indexes.datetimes.DatetimeIndex'>, cols: Index(['Open', 'High', 'Low', 'Close', 'Volume'], dtype='object')
2025-12-28 13:09:35,635 INFO: [Loader Debug] 069500 Date Range: 2019-01-01 00:00:00 ~ 2024-12-20 00:00:00 vs Target: 2022-09-24 ~ 2023-06-23
2025-12-28 13:09:35,636 INFO: [Loader Debug] 069500 Filtered rows: 195
2025-12-28 13:09:35,636 INFO: [Loader Debug] 091160 path: data\cache\091160.parquet exists: True
2025-12-28 13:09:35,638 INFO: [Loader Debug] 091160 raw shape: (1559, 5), index: <class 'pandas.core.indexes.datetimes.DatetimeIndex'>, cols: Index(['Open', 'High', 'Low', 'Close', 'Volume'], dtype='object')
2025-12-28 13:09:35,639 INFO: [Loader Debug] 091160 Date Range: 2019-01-01 00:00:00 ~ 2024-12-20 00:00:00 vs Target: 2022-09-24 ~ 2023-06-23
2025-12-28 13:09:35,640 INFO: [Loader Debug] 091160 Filtered rows: 195
2025-12-28 13:09:35,640 INFO: [Loader Debug] 102110 path: data\cache\102110.parquet exists: True
2025-12-28 13:09:35,641 INFO: [Loader Debug] 102110 raw shape: (1559, 5), index: <class 'pandas.core.indexes.datetimes.DatetimeIndex'>, cols: Index(['Open', 'High', 'Low', 'Close', 'Volume'], dtype='object')
2025-12-28 13:09:35,642 INFO: [Loader Debug] 102110 Date Range: 2019-01-01 00:00:00 ~ 2024-12-20 00:00:00 vs Target: 2022-09-24 ~ 2023-06-23
2025-12-28 13:09:35,643 INFO: [Loader Debug] 102110 Filtered rows: 195
2025-12-28 13:09:35,643 INFO: [Loader Debug] 114800 path: data\cache\114800.parquet exists: True
2025-12-28 13:09:35,645 INFO: [Loader Debug] 114800 raw shape: (1559, 5), index: <class 'pandas.core.indexes.datetimes.DatetimeIndex'>, cols: Index(['Open', 'High', 'Low', 'Close', 'Volume'], dtype='object')
2025-12-28 13:09:35,647 INFO: [Loader Debug] 114800 Date Range: 2019-01-01 00:00:00 ~ 2024-12-20 00:00:00 vs Target: 2022-09-24 ~ 2023-06-23
2025-12-28 13:09:35,648 INFO: [Loader Debug] 114800 Filtered rows: 195
2025-12-28 13:09:35,648 INFO: [Loader Debug] 122630 path: data\cache\122630.parquet exists: True
2025-12-28 13:09:35,649 INFO: [Loader Debug] 122630 raw shape: (1559, 5), index: <class 'pandas.core.indexes.datetimes.DatetimeIndex'>, cols: Index(['Open', 'High', 'Low', 'Close', 'Volume'], dtype='object')
2025-12-28 13:09:35,651 INFO: [Loader Debug] 122630 Date Range: 2019-01-01 00:00:00 ~ 2024-12-20 00:00:00 vs Target: 2022-09-24 ~ 2023-06-23
2025-12-28 13:09:35,651 INFO: [Loader Debug] 122630 Filtered rows: 195
2025-12-28 13:09:35,652 INFO: [Loader Debug] 229200 path: data\cache\229200.parquet exists: True
2025-12-28 13:09:35,653 INFO: [Loader Debug] 229200 raw shape: (1559, 5), index: <class 'pandas.core.indexes.datetimes.DatetimeIndex'>, cols: Index(['Open', 'High', 'Low', 'Close', 'Volume'], dtype='object')
2025-12-28 13:09:35,654 INFO: [Loader Debug] 229200 Date Range: 2019-01-01 00:00:00 ~ 2024-12-20 00:00:00 vs Target: 2022-09-24 ~ 2023-06-23
2025-12-28 13:09:35,655 INFO: [Loader Debug] 229200 Filtered rows: 195
2025-12-28 13:09:35,655 INFO: [Loader Debug] 233740 path: data\cache\233740.parquet exists: True
2025-12-28 13:09:35,657 INFO: [Loader Debug] 233740 raw shape: (1559, 5), index: <class 'pandas.core.indexes.datetimes.DatetimeIndex'>, cols: Index(['Open', 'High', 'Low', 'Close', 'Volume'], dtype='object')
2025-12-28 13:09:35,658 INFO: [Loader Debug] 233740 Date Range: 2019-01-01 00:00:00 ~ 2024-12-20 00:00:00 vs Target: 2022-09-24 ~ 2023-06-23
2025-12-28 13:09:35,659 INFO: [Loader Debug] 233740 Filtered rows: 195
2025-12-28 13:09:35,659 INFO: [Loader Debug] 252670 path: data\cache\252670.parquet exists: True
2025-12-28 13:09:35,660 INFO: [Loader Debug] 252670 raw shape: (1559, 5), index: <class 'pandas.core.indexes.datetimes.DatetimeIndex'>, cols: Index(['Open', 'High', 'Low', 'Close', 'Volume'], dtype='object')
2025-12-28 13:09:35,662 INFO: [Loader Debug] 252670 Date Range: 2019-01-01 00:00:00 ~ 2024-12-20 00:00:00 vs Target: 2022-09-24 ~ 2023-06-23
2025-12-28 13:09:35,663 INFO: [Loader Debug] 252670 Filtered rows: 195
2025-12-28 13:09:35,663 INFO: [Loader Debug] 261240 path: data\cache\261240.parquet exists: True
2025-12-28 13:09:35,664 INFO: [Loader Debug] 261240 raw shape: (1559, 5), index: <class 'pandas.core.indexes.datetimes.DatetimeIndex'>, cols: Index(['Open', 'High', 'Low', 'Close', 'Volume'], dtype='object')
2025-12-28 13:09:35,666 INFO: [Loader Debug] 261240 Date Range: 2019-01-01 00:00:00 ~ 2024-12-20 00:00:00 vs Target: 2022-09-24 ~ 2023-06-23
2025-12-28 13:09:35,667 INFO: [Loader Debug] 261240 Filtered rows: 195
2025-12-28 13:09:35,667 INFO: [Loader Debug] 305720 path: data\cache\305720.parquet exists: True
2025-12-28 13:09:35,669 INFO: [Loader Debug] 305720 raw shape: (1559, 5), index: <class 'pandas.core.indexes.datetimes.DatetimeIndex'>, cols: Index(['Open', 'High', 'Low', 'Close', 'Volume'], dtype='object')
2025-12-28 13:09:35,670 INFO: [Loader Debug] 305720 Date Range: 2019-01-01 00:00:00 ~ 2024-12-20 00:00:00 vs Target: 2022-09-24 ~ 2023-06-23
2025-12-28 13:09:35,671 INFO: [Loader Debug] 305720 Filtered rows: 195
2025-12-28 13:09:35,672 INFO: [Normalization] Initial Shape: (2730, 5), Index: <class 'pandas.core.indexes.multi.MultiIndex'>, Columns: ['open', 'high', 'low', 'close', 'volume']
2025-12-28 13:09:35,673 INFO: [EVIDENCE] Data Pipeline Trace:
1. Load Shape: (2730, 5)
   - Index Type: <class 'pandas.core.indexes.multi.MultiIndex'>
   - Levels: ['code', 'date']
   - Date Range: 2022-09-26 00:00:00 ~ 2023-06-23 00:00:00
   - Unique Symbols: 14 (Sample: ['005930', '035420', '035720'])
2. Universe Coverage: Requested=14, Loaded=14, Missing=0
6. Final Columns: ['open', 'high', 'low', 'close', 'volume']
2025-12-28 13:09:35,749 INFO: ✅ 설정 파일 로드: E:\AI Study\krx_alertor_modular\config\regime_params.yaml
2025-12-28 13:09:35,749 INFO: MarketRegimeDetector 초기화: MA=50/200일, 임계값=2.0/-2.0%
2025-12-28 13:09:35,753 INFO: RSI 프로파일 로드 완료: ['balanced', 'conservative', 'aggressive']
2025-12-28 13:09:35,753 INFO: [EVIDENCE] BacktestRunner.run called with params: ma_period=100, rsi_period=58, stop_loss=0.13
2025-12-28 13:09:35,753 INFO: BacktestEngine 초기화: instrument_type=etf, tax_rate=0.00%
2025-12-28 13:09:35,901 WARNING: 매수 불가 (233740): 자금 부족: 1,096,447 > 265,015
2025-12-28 13:09:35,902 WARNING: 매수 불가 (233740): 자금 부족: 11,163,764 > 9,885,945
2025-12-28 13:09:35,903 WARNING: 매수 불가 (233740): 자금 부족: 11,171,088 > 9,885,945
2025-12-28 13:09:35,903 WARNING: 매수 불가 (233740): 자금 부족: 11,129,356 > 9,885,945
2025-12-28 13:09:35,904 WARNING: 매수 불가 (233740): 자금 부족: 11,039,740 > 9,885,945
2025-12-28 13:09:35,916 WARNING: 매수 불가 (233740): 자금 부족: 1,105,643 > 669,818
2025-12-28 13:09:35,917 WARNING: 매수 불가 (233740): 자금 부족: 10,851,317 > 9,938,381
2025-12-28 13:09:35,917 WARNING: 매수 불가 (233740): 자금 부족: 10,718,907 > 9,938,381
2025-12-28 13:09:35,918 WARNING: 매수 불가 (233740): 자금 부족: 10,419,897 > 9,938,381
2025-12-28 13:09:35,918 WARNING: 매수 불가 (233740): 자금 부족: 10,454,813 > 9,938,381
2025-12-28 13:09:36,004 WARNING: 매수 불가 (252670): 자금 부족: 1,052,953 > 495,482
2025-12-28 13:09:36,005 WARNING: 매수 불가 (252670): 자금 부족: 11,323,298 > 9,990,263
2025-12-28 13:09:36,006 WARNING: 매수 불가 (252670): 자금 부족: 11,187,801 > 9,990,263
2025-12-28 13:09:36,006 WARNING: 매수 불가 (252670): 자금 부족: 11,194,105 > 9,990,263
2025-12-28 13:09:36,007 WARNING: 매수 불가 (252670): 자금 부족: 11,027,251 > 9,990,263
2025-12-28 13:09:36,031 WARNING: 매수 불가 (252670): 자금 부족: 1,064,077 > 806,996
2025-12-28 13:09:36,032 WARNING: 매수 불가 (252670): 자금 부족: 10,477,177 > 9,911,648
2025-12-28 13:09:36,033 INFO: Split 계산: Train=16M, Val=14M, Test=6M
2025-12-28 13:09:36,034 INFO: [캐시] lb=12M, key=7bacf271
2025-12-28 13:09:36,034 INFO: UNIVERSE requested=14(hash=989dbc28) effective=14(hash=989dbc28)
2025-12-28 13:09:36,034 INFO: [Loader Debug] 005930 path: data\cache\005930.parquet exists: True
2025-12-28 13:09:36,036 INFO: [Loader Debug] 005930 raw shape: (1559, 5), index: <class 'pandas.core.indexes.datetimes.DatetimeIndex'>, cols: Index(['Open', 'High', 'Low', 'Close', 'Volume'], dtype='object')
2025-12-28 13:09:36,038 INFO: [Loader Debug] 005930 Date Range: 2019-01-01 00:00:00 ~ 2024-12-20 00:00:00 vs Target: 2020-10-06 ~ 2022-04-29
2025-12-28 13:09:36,039 INFO: [Loader Debug] 005930 Filtered rows: 409
2025-12-28 13:09:36,039 INFO: [Loader Debug] 035420 path: data\cache\035420.parquet exists: True
2025-12-28 13:09:36,041 INFO: [Loader Debug] 035420 raw shape: (1559, 5), index: <class 'pandas.core.indexes.datetimes.DatetimeIndex'>, cols: Index(['Open', 'High', 'Low', 'Close', 'Volume'], dtype='object')
2025-12-28 13:09:36,042 INFO: [Loader Debug] 035420 Date Range: 2019-01-01 00:00:00 ~ 2024-12-20 00:00:00 vs Target: 2020-10-06 ~ 2022-04-29
2025-12-28 13:09:36,044 INFO: [Loader Debug] 035420 Filtered rows: 409
2025-12-28 13:09:36,044 INFO: [Loader Debug] 035720 path: data\cache\035720.parquet exists: True
2025-12-28 13:09:36,046 INFO: [Loader Debug] 035720 raw shape: (1559, 5), index: <class 'pandas.core.indexes.datetimes.DatetimeIndex'>, cols: Index(['Open', 'High', 'Low', 'Close', 'Volume'], dtype='object')
2025-12-28 13:09:36,047 INFO: [Loader Debug] 035720 Date Range: 2019-01-01 00:00:00 ~ 2024-12-20 00:00:00 vs Target: 2020-10-06 ~ 2022-04-29
2025-12-28 13:09:36,048 INFO: [Loader Debug] 035720 Filtered rows: 409
2025-12-28 13:09:36,049 INFO: [Loader Debug] 051910 path: data\cache\051910.parquet exists: True
2025-12-28 13:09:36,050 INFO: [Loader Debug] 051910 raw shape: (1559, 5), index: <class 'pandas.core.indexes.datetimes.DatetimeIndex'>, cols: Index(['Open', 'High', 'Low', 'Close', 'Volume'], dtype='object')
2025-12-28 13:09:36,051 INFO: [Loader Debug] 051910 Date Range: 2019-01-01 00:00:00 ~ 2024-12-20 00:00:00 vs Target: 2020-10-06 ~ 2022-04-29
2025-12-28 13:09:36,052 INFO: [Loader Debug] 051910 Filtered rows: 409
2025-12-28 13:09:36,052 INFO: [Loader Debug] 069500 path: data\cache\069500.parquet exists: True
2025-12-28 13:09:36,054 INFO: [Loader Debug] 069500 raw shape: (1559, 5), index: <class 'pandas.core.indexes.datetimes.DatetimeIndex'>, cols: Index(['Open', 'High', 'Low', 'Close', 'Volume'], dtype='object')
2025-12-28 13:09:36,055 INFO: [Loader Debug] 069500 Date Range: 2019-01-01 00:00:00 ~ 2024-12-20 00:00:00 vs Target: 2020-10-06 ~ 2022-04-29
2025-12-28 13:09:36,056 INFO: [Loader Debug] 069500 Filtered rows: 409
2025-12-28 13:09:36,056 INFO: [Loader Debug] 091160 path: data\cache\091160.parquet exists: True
2025-12-28 13:09:36,058 INFO: [Loader Debug] 091160 raw shape: (1559, 5), index: <class 'pandas.core.indexes.datetimes.DatetimeIndex'>, cols: Index(['Open', 'High', 'Low', 'Close', 'Volume'], dtype='object')
2025-12-28 13:09:36,059 INFO: [Loader Debug] 091160 Date Range: 2019-01-01 00:00:00 ~ 2024-12-20 00:00:00 vs Target: 2020-10-06 ~ 2022-04-29
2025-12-28 13:09:36,060 INFO: [Loader Debug] 091160 Filtered rows: 409
2025-12-28 13:09:36,060 INFO: [Loader Debug] 102110 path: data\cache\102110.parquet exists: True
2025-12-28 13:09:36,062 INFO: [Loader Debug] 102110 raw shape: (1559, 5), index: <class 'pandas.core.indexes.datetimes.DatetimeIndex'>, cols: Index(['Open', 'High', 'Low', 'Close', 'Volume'], dtype='object')
2025-12-28 13:09:36,063 INFO: [Loader Debug] 102110 Date Range: 2019-01-01 00:00:00 ~ 2024-12-20 00:00:00 vs Target: 2020-10-06 ~ 2022-04-29
2025-12-28 13:09:36,064 INFO: [Loader Debug] 102110 Filtered rows: 409
2025-12-28 13:09:36,064 INFO: [Loader Debug] 114800 path: data\cache\114800.parquet exists: True
2025-12-28 13:09:36,066 INFO: [Loader Debug] 114800 raw shape: (1559, 5), index: <class 'pandas.core.indexes.datetimes.DatetimeIndex'>, cols: Index(['Open', 'High', 'Low', 'Close', 'Volume'], dtype='object')
2025-12-28 13:09:36,067 INFO: [Loader Debug] 114800 Date Range: 2019-01-01 00:00:00 ~ 2024-12-20 00:00:00 vs Target: 2020-10-06 ~ 2022-04-29
2025-12-28 13:09:36,068 INFO: [Loader Debug] 114800 Filtered rows: 409
2025-12-28 13:09:36,068 INFO: [Loader Debug] 122630 path: data\cache\122630.parquet exists: True
2025-12-28 13:09:36,069 INFO: [Loader Debug] 122630 raw shape: (1559, 5), index: <class 'pandas.core.indexes.datetimes.DatetimeIndex'>, cols: Index(['Open', 'High', 'Low', 'Close', 'Volume'], dtype='object')
2025-12-28 13:09:36,070 INFO: [Loader Debug] 122630 Date Range: 2019-01-01 00:00:00 ~ 2024-12-20 00:00:00 vs Target: 2020-10-06 ~ 2022-04-29
2025-12-28 13:09:36,071 INFO: [Loader Debug] 122630 Filtered rows: 409
2025-12-28 13:09:36,071 INFO: [Loader Debug] 229200 path: data\cache\229200.parquet exists: True
2025-12-28 13:09:36,073 INFO: [Loader Debug] 229200 raw shape: (1559, 5), index: <class 'pandas.core.indexes.datetimes.DatetimeIndex'>, cols: Index(['Open', 'High', 'Low', 'Close', 'Volume'], dtype='object')
2025-12-28 13:09:36,074 INFO: [Loader Debug] 229200 Date Range: 2019-01-01 00:00:00 ~ 2024-12-20 00:00:00 vs Target: 2020-10-06 ~ 2022-04-29
2025-12-28 13:09:36,075 INFO: [Loader Debug] 229200 Filtered rows: 409
2025-12-28 13:09:36,075 INFO: [Loader Debug] 233740 path: data\cache\233740.parquet exists: True
2025-12-28 13:09:36,076 INFO: [Loader Debug] 233740 raw shape: (1559, 5), index: <class 'pandas.core.indexes.datetimes.DatetimeIndex'>, cols: Index(['Open', 'High', 'Low', 'Close', 'Volume'], dtype='object')
2025-12-28 13:09:36,078 INFO: [Loader Debug] 233740 Date Range: 2019-01-01 00:00:00 ~ 2024-12-20 00:00:00 vs Target: 2020-10-06 ~ 2022-04-29
2025-12-28 13:09:36,078 INFO: [Loader Debug] 233740 Filtered rows: 409
2025-12-28 13:09:36,079 INFO: [Loader Debug] 252670 path: data\cache\252670.parquet exists: True
2025-12-28 13:09:36,080 INFO: [Loader Debug] 252670 raw shape: (1559, 5), index: <class 'pandas.core.indexes.datetimes.DatetimeIndex'>, cols: Index(['Open', 'High', 'Low', 'Close', 'Volume'], dtype='object')
2025-12-28 13:09:36,082 INFO: [Loader Debug] 252670 Date Range: 2019-01-01 00:00:00 ~ 2024-12-20 00:00:00 vs Target: 2020-10-06 ~ 2022-04-29
2025-12-28 13:09:36,082 INFO: [Loader Debug] 252670 Filtered rows: 409
2025-12-28 13:09:36,083 INFO: [Loader Debug] 261240 path: data\cache\261240.parquet exists: True
2025-12-28 13:09:36,084 INFO: [Loader Debug] 261240 raw shape: (1559, 5), index: <class 'pandas.core.indexes.datetimes.DatetimeIndex'>, cols: Index(['Open', 'High', 'Low', 'Close', 'Volume'], dtype='object')
2025-12-28 13:09:36,085 INFO: [Loader Debug] 261240 Date Range: 2019-01-01 00:00:00 ~ 2024-12-20 00:00:00 vs Target: 2020-10-06 ~ 2022-04-29
2025-12-28 13:09:36,086 INFO: [Loader Debug] 261240 Filtered rows: 409
2025-12-28 13:09:36,086 INFO: [Loader Debug] 305720 path: data\cache\305720.parquet exists: True
2025-12-28 13:09:36,087 INFO: [Loader Debug] 305720 raw shape: (1559, 5), index: <class 'pandas.core.indexes.datetimes.DatetimeIndex'>, cols: Index(['Open', 'High', 'Low', 'Close', 'Volume'], dtype='object')
2025-12-28 13:09:36,089 INFO: [Loader Debug] 305720 Date Range: 2019-01-01 00:00:00 ~ 2024-12-20 00:00:00 vs Target: 2020-10-06 ~ 2022-04-29
2025-12-28 13:09:36,089 INFO: [Loader Debug] 305720 Filtered rows: 409
2025-12-28 13:09:36,091 INFO: [Normalization] Initial Shape: (5726, 5), Index: <class 'pandas.core.indexes.multi.MultiIndex'>, Columns: ['open', 'high', 'low', 'close', 'volume']
2025-12-28 13:09:36,092 INFO: [EVIDENCE] Data Pipeline Trace:
1. Load Shape: (5726, 5)
   - Index Type: <class 'pandas.core.indexes.multi.MultiIndex'>
   - Levels: ['code', 'date']
   - Date Range: 2020-10-06 00:00:00 ~ 2022-04-29 00:00:00
   - Unique Symbols: 14 (Sample: ['005930', '035420', '035720'])
2. Universe Coverage: Requested=14, Loaded=14, Missing=0
6. Final Columns: ['open', 'high', 'low', 'close', 'volume']
2025-12-28 13:09:36,178 INFO: ✅ 설정 파일 로드: E:\AI Study\krx_alertor_modular\config\regime_params.yaml
2025-12-28 13:09:36,178 INFO: MarketRegimeDetector 초기화: MA=50/200일, 임계값=2.0/-2.0%
2025-12-28 13:09:36,182 INFO: RSI 프로파일 로드 완료: ['balanced', 'conservative', 'aggressive']
2025-12-28 13:09:36,183 INFO: [EVIDENCE] BacktestRunner.run called with params: ma_period=100, rsi_period=58, stop_loss=0.13
2025-12-28 13:09:36,183 INFO: BacktestEngine 초기화: instrument_type=etf, tax_rate=0.00%
2025-12-28 13:09:36,243 WARNING: 매수 불가 (035720): 자금 부족: 1,149,313 > 266,120
2025-12-28 13:09:36,244 WARNING: 매수 불가 (035720): 자금 부족: 11,446,046 > 9,949,290
2025-12-28 13:09:36,244 WARNING: 매수 불가 (035720): 자금 부족: 11,271,107 > 9,949,290
2025-12-28 13:09:36,245 WARNING: 매수 불가 (035720): 자금 부족: 11,117,170 > 9,949,290
2025-12-28 13:09:36,246 WARNING: 매수 불가 (035720): 자금 부족: 11,427,514 > 9,949,290
2025-12-28 13:09:36,258 WARNING: 매수 불가 (252670): 자금 부족: 1,132,509 > 968,927
2025-12-28 13:09:36,258 WARNING: 매수 불가 (229200): 자금 부족: 1,070,557 > 968,927
2025-12-28 13:09:36,259 WARNING: 매수 불가 (229200): 자금 부족: 5,700,540 > 4,325,534
2025-12-28 13:09:36,260 WARNING: 매수 불가 (229200): 자금 부족: 11,475,088 > 9,878,564
2025-12-28 13:09:36,260 WARNING: 매수 불가 (229200): 자금 부족: 11,345,826 > 9,878,564
2025-12-28 13:09:36,261 WARNING: 매수 불가 (229200): 자금 부족: 11,424,521 > 9,878,564
2025-12-28 13:09:36,274 WARNING: 매수 불가 (252670): 자금 부족: 1,093,487 > 372,376
2025-12-28 13:09:36,275 WARNING: 매수 불가 (252670): 자금 부족: 11,003,929 > 9,855,979
2025-12-28 13:09:36,275 WARNING: 매수 불가 (252670): 자금 부족: 10,786,830 > 9,855,979
2025-12-28 13:09:36,276 WARNING: 매수 불가 (252670): 자금 부족: 10,708,024 > 9,855,979
2025-12-28 13:09:36,277 WARNING: 매수 불가 (252670): 자금 부족: 10,674,966 > 9,855,979
2025-12-28 13:09:36,289 WARNING: 매수 불가 (091160): 자금 부족: 1,063,237 > 1,053,023
2025-12-28 13:09:36,290 WARNING: 매수 불가 (091160): 자금 부족: 10,927,078 > 9,960,647
2025-12-28 13:09:36,290 WARNING: 매수 불가 (091160): 자금 부족: 11,140,973 > 9,960,647
2025-12-28 13:09:36,291 WARNING: 매수 불가 (091160): 자금 부족: 11,060,316 > 9,960,647
2025-12-28 13:09:36,291 WARNING: 매수 불가 (091160): 자금 부족: 11,103,415 > 9,960,647
2025-12-28 13:09:36,304 WARNING: 매수 불가 (102110): 자금 부족: 1,020,830 > 886,456
2025-12-28 13:09:36,305 WARNING: 매수 불가 (102110): 자금 부족: 11,223,961 > 9,929,056
2025-12-28 13:09:36,305 WARNING: 매수 불가 (102110): 자금 부족: 11,157,171 > 9,929,056
2025-12-28 13:09:36,306 WARNING: 매수 불가 (102110): 자금 부족: 11,252,588 > 9,929,056
2025-12-28 13:09:36,306 WARNING: 매수 불가 (102110): 자금 부족: 11,157,254 > 9,929,056
2025-12-28 13:09:36,319 WARNING: 매수 불가 (252670): 자금 부족: 1,116,448 > 991,054
2025-12-28 13:09:36,319 WARNING: 매수 불가 (252670): 자금 부족: 11,007,285 > 9,931,208
2025-12-28 13:09:36,320 WARNING: 매수 불가 (252670): 자금 부족: 11,213,914 > 9,931,208
2025-12-28 13:09:36,321 WARNING: 매수 불가 (252670): 자금 부족: 11,360,111 > 9,931,208
2025-12-28 13:09:36,321 WARNING: 매수 불가 (252670): 자금 부족: 11,347,755 > 9,931,208
2025-12-28 13:09:36,422 WARNING: 매수 불가 (091160): 자금 부족: 1,003,874 > 913,807
2025-12-28 13:09:36,423 WARNING: 매수 불가 (091160): 자금 부족: 10,630,707 > 9,849,141
2025-12-28 13:09:36,423 WARNING: 매수 불가 (091160): 자금 부족: 10,662,941 > 9,849,141
2025-12-28 13:09:36,424 WARNING: 매수 불가 (091160): 자금 부족: 10,391,017 > 9,849,141
2025-12-28 13:09:36,425 WARNING: 매수 불가 (091160): 자금 부족: 10,433,428 > 9,849,141
2025-12-28 13:09:36,438 WARNING: 매수 불가 (252670): 자금 부족: 1,041,034 > 809,786
2025-12-28 13:09:36,439 WARNING: 매수 불가 (252670): 자금 부족: 10,510,669 > 9,717,511
2025-12-28 13:09:36,439 WARNING: 매수 불가 (252670): 자금 부족: 10,389,008 > 9,717,511
2025-12-28 13:09:36,440 WARNING: 매수 불가 (252670): 자금 부족: 10,490,639 > 9,717,511
2025-12-28 13:09:36,441 WARNING: 매수 불가 (252670): 자금 부족: 10,416,319 > 9,717,511
2025-12-28 13:09:36,453 WARNING: 매수 불가 (305720): 자금 부족: 1,027,504 > 678,557
2025-12-28 13:09:36,454 WARNING: 매수 불가 (305720): 자금 부족: 10,432,945 > 9,758,367
2025-12-28 13:09:36,455 WARNING: 매수 불가 (305720): 자금 부족: 10,578,367 > 9,758,367
2025-12-28 13:09:36,456 WARNING: 매수 불가 (305720): 자금 부족: 10,618,596 > 9,758,367
2025-12-28 13:09:36,456 WARNING: 매수 불가 (305720): 자금 부족: 10,690,621 > 9,758,367
2025-12-28 13:09:36,482 WARNING: 매수 불가 (114800): 자금 부족: 974,395 > 912,637
2025-12-28 13:09:36,483 WARNING: 매수 불가 (114800): 자금 부족: 10,489,619 > 9,678,570
2025-12-28 13:09:36,484 WARNING: 매수 불가 (114800): 자금 부족: 10,572,529 > 9,678,570
2025-12-28 13:09:36,484 WARNING: 매수 불가 (114800): 자금 부족: 10,433,385 > 9,678,570
2025-12-28 13:09:36,485 WARNING: 매수 불가 (114800): 자금 부족: 10,218,955 > 9,678,570
2025-12-28 13:09:37,033 INFO: UNIVERSE requested=14(hash=989dbc28) effective=14(hash=989dbc28)
2025-12-28 13:09:37,034 INFO: [Loader Debug] 005930 path: data\cache\005930.parquet exists: True
2025-12-28 13:09:37,036 INFO: [Loader Debug] 005930 raw shape: (1559, 5), index: <class 'pandas.core.indexes.datetimes.DatetimeIndex'>, cols: Index(['Open', 'High', 'Low', 'Close', 'Volume'], dtype='object')
2025-12-28 13:09:37,037 INFO: [Loader Debug] 005930 Date Range: 2019-01-01 00:00:00 ~ 2024-12-20 00:00:00 vs Target: 2022-03-25 ~ 2023-06-23
2025-12-28 13:09:37,038 INFO: [Loader Debug] 005930 Filtered rows: 326
2025-12-28 13:09:37,039 INFO: [Loader Debug] 035420 path: data\cache\035420.parquet exists: True
2025-12-28 13:09:37,040 INFO: [Loader Debug] 035420 raw shape: (1559, 5), index: <class 'pandas.core.indexes.datetimes.DatetimeIndex'>, cols: Index(['Open', 'High', 'Low', 'Close', 'Volume'], dtype='object')
2025-12-28 13:09:37,042 INFO: [Loader Debug] 035420 Date Range: 2019-01-01 00:00:00 ~ 2024-12-20 00:00:00 vs Target: 2022-03-25 ~ 2023-06-23
2025-12-28 13:09:37,042 INFO: [Loader Debug] 035420 Filtered rows: 326
2025-12-28 13:09:37,043 INFO: [Loader Debug] 035720 path: data\cache\035720.parquet exists: True
2025-12-28 13:09:37,044 INFO: [Loader Debug] 035720 raw shape: (1559, 5), index: <class 'pandas.core.indexes.datetimes.DatetimeIndex'>, cols: Index(['Open', 'High', 'Low', 'Close', 'Volume'], dtype='object')
2025-12-28 13:09:37,045 INFO: [Loader Debug] 035720 Date Range: 2019-01-01 00:00:00 ~ 2024-12-20 00:00:00 vs Target: 2022-03-25 ~ 2023-06-23
2025-12-28 13:09:37,046 INFO: [Loader Debug] 035720 Filtered rows: 326
2025-12-28 13:09:37,046 INFO: [Loader Debug] 051910 path: data\cache\051910.parquet exists: True
2025-12-28 13:09:37,048 INFO: [Loader Debug] 051910 raw shape: (1559, 5), index: <class 'pandas.core.indexes.datetimes.DatetimeIndex'>, cols: Index(['Open', 'High', 'Low', 'Close', 'Volume'], dtype='object')
2025-12-28 13:09:37,049 INFO: [Loader Debug] 051910 Date Range: 2019-01-01 00:00:00 ~ 2024-12-20 00:00:00 vs Target: 2022-03-25 ~ 2023-06-23
2025-12-28 13:09:37,050 INFO: [Loader Debug] 051910 Filtered rows: 326
2025-12-28 13:09:37,050 INFO: [Loader Debug] 069500 path: data\cache\069500.parquet exists: True
2025-12-28 13:09:37,051 INFO: [Loader Debug] 069500 raw shape: (1559, 5), index: <class 'pandas.core.indexes.datetimes.DatetimeIndex'>, cols: Index(['Open', 'High', 'Low', 'Close', 'Volume'], dtype='object')
2025-12-28 13:09:37,052 INFO: [Loader Debug] 069500 Date Range: 2019-01-01 00:00:00 ~ 2024-12-20 00:00:00 vs Target: 2022-03-25 ~ 2023-06-23
2025-12-28 13:09:37,053 INFO: [Loader Debug] 069500 Filtered rows: 326
2025-12-28 13:09:37,053 INFO: [Loader Debug] 091160 path: data\cache\091160.parquet exists: True
2025-12-28 13:09:37,055 INFO: [Loader Debug] 091160 raw shape: (1559, 5), index: <class 'pandas.core.indexes.datetimes.DatetimeIndex'>, cols: Index(['Open', 'High', 'Low', 'Close', 'Volume'], dtype='object')
2025-12-28 13:09:37,056 INFO: [Loader Debug] 091160 Date Range: 2019-01-01 00:00:00 ~ 2024-12-20 00:00:00 vs Target: 2022-03-25 ~ 2023-06-23
2025-12-28 13:09:37,057 INFO: [Loader Debug] 091160 Filtered rows: 326
2025-12-28 13:09:37,057 INFO: [Loader Debug] 102110 path: data\cache\102110.parquet exists: True
2025-12-28 13:09:37,059 INFO: [Loader Debug] 102110 raw shape: (1559, 5), index: <class 'pandas.core.indexes.datetimes.DatetimeIndex'>, cols: Index(['Open', 'High', 'Low', 'Close', 'Volume'], dtype='object')
2025-12-28 13:09:37,060 INFO: [Loader Debug] 102110 Date Range: 2019-01-01 00:00:00 ~ 2024-12-20 00:00:00 vs Target: 2022-03-25 ~ 2023-06-23
2025-12-28 13:09:37,061 INFO: [Loader Debug] 102110 Filtered rows: 326
2025-12-28 13:09:37,061 INFO: [Loader Debug] 114800 path: data\cache\114800.parquet exists: True
2025-12-28 13:09:37,063 INFO: [Loader Debug] 114800 raw shape: (1559, 5), index: <class 'pandas.core.indexes.datetimes.DatetimeIndex'>, cols: Index(['Open', 'High', 'Low', 'Close', 'Volume'], dtype='object')
2025-12-28 13:09:37,064 INFO: [Loader Debug] 114800 Date Range: 2019-01-01 00:00:00 ~ 2024-12-20 00:00:00 vs Target: 2022-03-25 ~ 2023-06-23
2025-12-28 13:09:37,065 INFO: [Loader Debug] 114800 Filtered rows: 326
2025-12-28 13:09:37,065 INFO: [Loader Debug] 122630 path: data\cache\122630.parquet exists: True
2025-12-28 13:09:37,066 INFO: [Loader Debug] 122630 raw shape: (1559, 5), index: <class 'pandas.core.indexes.datetimes.DatetimeIndex'>, cols: Index(['Open', 'High', 'Low', 'Close', 'Volume'], dtype='object')
2025-12-28 13:09:37,067 INFO: [Loader Debug] 122630 Date Range: 2019-01-01 00:00:00 ~ 2024-12-20 00:00:00 vs Target: 2022-03-25 ~ 2023-06-23
2025-12-28 13:09:37,068 INFO: [Loader Debug] 122630 Filtered rows: 326
2025-12-28 13:09:37,068 INFO: [Loader Debug] 229200 path: data\cache\229200.parquet exists: True
2025-12-28 13:09:37,070 INFO: [Loader Debug] 229200 raw shape: (1559, 5), index: <class 'pandas.core.indexes.datetimes.DatetimeIndex'>, cols: Index(['Open', 'High', 'Low', 'Close', 'Volume'], dtype='object')
2025-12-28 13:09:37,071 INFO: [Loader Debug] 229200 Date Range: 2019-01-01 00:00:00 ~ 2024-12-20 00:00:00 vs Target: 2022-03-25 ~ 2023-06-23
2025-12-28 13:09:37,072 INFO: [Loader Debug] 229200 Filtered rows: 326
2025-12-28 13:09:37,072 INFO: [Loader Debug] 233740 path: data\cache\233740.parquet exists: True
2025-12-28 13:09:37,074 INFO: [Loader Debug] 233740 raw shape: (1559, 5), index: <class 'pandas.core.indexes.datetimes.DatetimeIndex'>, cols: Index(['Open', 'High', 'Low', 'Close', 'Volume'], dtype='object')
2025-12-28 13:09:37,075 INFO: [Loader Debug] 233740 Date Range: 2019-01-01 00:00:00 ~ 2024-12-20 00:00:00 vs Target: 2022-03-25 ~ 2023-06-23
2025-12-28 13:09:37,076 INFO: [Loader Debug] 233740 Filtered rows: 326
2025-12-28 13:09:37,076 INFO: [Loader Debug] 252670 path: data\cache\252670.parquet exists: True
2025-12-28 13:09:37,078 INFO: [Loader Debug] 252670 raw shape: (1559, 5), index: <class 'pandas.core.indexes.datetimes.DatetimeIndex'>, cols: Index(['Open', 'High', 'Low', 'Close', 'Volume'], dtype='object')
2025-12-28 13:09:37,079 INFO: [Loader Debug] 252670 Date Range: 2019-01-01 00:00:00 ~ 2024-12-20 00:00:00 vs Target: 2022-03-25 ~ 2023-06-23
2025-12-28 13:09:37,080 INFO: [Loader Debug] 252670 Filtered rows: 326
2025-12-28 13:09:37,080 INFO: [Loader Debug] 261240 path: data\cache\261240.parquet exists: True
2025-12-28 13:09:37,081 INFO: [Loader Debug] 261240 raw shape: (1559, 5), index: <class 'pandas.core.indexes.datetimes.DatetimeIndex'>, cols: Index(['Open', 'High', 'Low', 'Close', 'Volume'], dtype='object')
2025-12-28 13:09:37,082 INFO: [Loader Debug] 261240 Date Range: 2019-01-01 00:00:00 ~ 2024-12-20 00:00:00 vs Target: 2022-03-25 ~ 2023-06-23
2025-12-28 13:09:37,083 INFO: [Loader Debug] 261240 Filtered rows: 326
2025-12-28 13:09:37,083 INFO: [Loader Debug] 305720 path: data\cache\305720.parquet exists: True
2025-12-28 13:09:37,085 INFO: [Loader Debug] 305720 raw shape: (1559, 5), index: <class 'pandas.core.indexes.datetimes.DatetimeIndex'>, cols: Index(['Open', 'High', 'Low', 'Close', 'Volume'], dtype='object')
2025-12-28 13:09:37,086 INFO: [Loader Debug] 305720 Date Range: 2019-01-01 00:00:00 ~ 2024-12-20 00:00:00 vs Target: 2022-03-25 ~ 2023-06-23
2025-12-28 13:09:37,087 INFO: [Loader Debug] 305720 Filtered rows: 326
2025-12-28 13:09:37,089 INFO: [Normalization] Initial Shape: (4564, 5), Index: <class 'pandas.core.indexes.multi.MultiIndex'>, Columns: ['open', 'high', 'low', 'close', 'volume']
2025-12-28 13:09:37,089 INFO: [EVIDENCE] Data Pipeline Trace:
1. Load Shape: (4564, 5)
   - Index Type: <class 'pandas.core.indexes.multi.MultiIndex'>
   - Levels: ['code', 'date']
   - Date Range: 2022-03-25 00:00:00 ~ 2023-06-23 00:00:00
   - Unique Symbols: 14 (Sample: ['005930', '035420', '035720'])
2. Universe Coverage: Requested=14, Loaded=14, Missing=0
6. Final Columns: ['open', 'high', 'low', 'close', 'volume']
2025-12-28 13:09:37,169 INFO: ✅ 설정 파일 로드: E:\AI Study\krx_alertor_modular\config\regime_params.yaml
2025-12-28 13:09:37,170 INFO: MarketRegimeDetector 초기화: MA=50/200일, 임계값=2.0/-2.0%
2025-12-28 13:09:37,173 INFO: RSI 프로파일 로드 완료: ['balanced', 'conservative', 'aggressive']
2025-12-28 13:09:37,174 INFO: [EVIDENCE] BacktestRunner.run called with params: ma_period=100, rsi_period=58, stop_loss=0.13
2025-12-28 13:09:37,174 INFO: BacktestEngine 초기화: instrument_type=etf, tax_rate=0.00%
2025-12-28 13:09:37,541 WARNING: 매수 불가 (261240): 자금 부족: 1,052,715 > 810,166
2025-12-28 13:09:37,542 WARNING: 매수 불가 (261240): 자금 부족: 10,898,188 > 9,848,059
2025-12-28 13:09:37,543 WARNING: 매수 불가 (261240): 자금 부족: 10,978,653 > 9,848,059
2025-12-28 13:09:37,543 WARNING: 매수 불가 (261240): 자금 부족: 10,622,345 > 9,848,059
2025-12-28 13:09:37,544 WARNING: 매수 불가 (261240): 자금 부족: 10,682,438 > 9,848,059
2025-12-28 13:09:37,556 WARNING: 매수 불가 (005930): 자금 부족: 1,089,214 > 786,220
2025-12-28 13:09:37,557 WARNING: 매수 불가 (005930): 자금 부족: 10,921,045 > 9,808,595
2025-12-28 13:09:37,557 WARNING: 매수 불가 (005930): 자금 부족: 10,838,526 > 9,808,595
2025-12-28 13:09:37,558 WARNING: 매수 불가 (005930): 자금 부족: 10,690,182 > 9,808,595
2025-12-28 13:09:37,558 WARNING: 매수 불가 (005930): 자금 부족: 10,750,443 > 9,808,595
2025-12-28 13:09:37,659 WARNING: 매수 불가 (122630): 자금 부족: 984,817 > 906,217
2025-12-28 13:09:37,660 WARNING: 매수 불가 (122630): 자금 부족: 10,035,894 > 9,638,710
2025-12-28 13:09:37,661 WARNING: 매수 불가 (122630): 자금 부족: 10,295,663 > 9,638,710
2025-12-28 13:09:37,661 WARNING: 매수 불가 (122630): 자금 부족: 10,434,136 > 9,638,710
2025-12-28 13:09:37,662 WARNING: 매수 불가 (122630): 자금 부족: 10,759,377 > 9,638,710
2025-12-28 13:09:37,674 WARNING: 매수 불가 (233740): 자금 부족: 951,171 > 383,692
2025-12-28 13:09:37,675 WARNING: 매수 불가 (233740): 자금 부족: 10,781,726 > 9,578,770
2025-12-28 13:09:37,675 WARNING: 매수 불가 (233740): 자금 부족: 10,797,739 > 9,578,770
2025-12-28 13:09:37,676 WARNING: 매수 불가 (233740): 자금 부족: 10,792,407 > 9,578,770
2025-12-28 13:09:37,676 WARNING: 매수 불가 (233740): 자금 부족: 10,752,090 > 9,578,770
2025-12-28 13:09:37,689 WARNING: 매수 불가 (233740): 자금 부족: 919,978 > 428,413
2025-12-28 13:09:37,690 WARNING: 매수 불가 (233740): 자금 부족: 10,687,878 > 9,626,121
2025-12-28 13:09:37,690 WARNING: 매수 불가 (233740): 자금 부족: 10,489,606 > 9,626,121
2025-12-28 13:09:37,691 WARNING: 매수 불가 (233740): 자금 부족: 10,355,554 > 9,626,121
2025-12-28 13:09:37,691 WARNING: 매수 불가 (233740): 자금 부족: 10,040,991 > 9,626,121
2025-12-28 13:09:37,717 WARNING: 매수 불가 (035420): 자금 부족: 928,721 > 790,879
2025-12-28 13:09:37,718 WARNING: 매수 불가 (035420): 자금 부족: 10,066,351 > 9,577,521
2025-12-28 13:09:37,718 WARNING: 매수 불가 (035420): 자금 부족: 10,071,965 > 9,577,521
2025-12-28 13:09:37,719 WARNING: 매수 불가 (035420): 자금 부족: 10,220,295 > 9,577,521
2025-12-28 13:09:37,719 WARNING: 매수 불가 (035420): 자금 부족: 10,204,482 > 9,577,521
2025-12-28 13:09:37,770 WARNING: 매수 불가 (252670): 자금 부족: 1,051,691 > 995,399
2025-12-28 13:09:37,771 WARNING: 매수 불가 (252670): 자금 부족: 10,573,535 > 9,721,308
2025-12-28 13:09:37,771 WARNING: 매수 불가 (252670): 자금 부족: 10,772,128 > 9,721,308
2025-12-28 13:09:37,772 WARNING: 매수 불가 (252670): 자금 부족: 10,883,002 > 9,721,308
2025-12-28 13:09:37,773 WARNING: 매수 불가 (252670): 자금 부족: 10,849,160 > 9,721,308
2025-12-28 13:09:37,785 WARNING: 매수 불가 (252670): 자금 부족: 1,048,886 > 343,342
2025-12-28 13:09:37,785 WARNING: 매수 불가 (252670): 자금 부족: 10,839,220 > 9,777,867
2025-12-28 13:09:37,786 WARNING: 매수 불가 (252670): 자금 부족: 11,074,434 > 9,777,867
2025-12-28 13:09:37,787 WARNING: 매수 불가 (252670): 자금 부족: 10,939,183 > 9,777,867
2025-12-28 13:09:37,787 WARNING: 매수 불가 (252670): 자금 부족: 11,012,579 > 9,777,867
2025-12-28 13:09:37,825 ERROR: Orchestrator Crash: cannot access local variable 'final_score' where it is not associated with a value
Traceback (most recent call last):
  File "E:\AI Study\krx_alertor_modular\tools\run_phase15_realdata.py", line 525, in run_strict_phase15
    study.optimize(objective, n_trials=args.trials)
    ~~~~~~~~~~~~~~^^^^^^^^^^^^^^^^^^^^^^^^^^^^^^^^^
  File "C:\Users\minan\anaconda3\Lib\site-packages\optuna\study\study.py", line 490, in optimize
    _optimize(
    ~~~~~~~~~^
        study=self,
        ^^^^^^^^^^^
    ...<7 lines>...
        show_progress_bar=show_progress_bar,
        ^^^^^^^^^^^^^^^^^^^^^^^^^^^^^^^^^^^^
    )
    ^
  File "C:\Users\minan\anaconda3\Lib\site-packages\optuna\study\_optimize.py", line 63, in _optimize
    _optimize_sequential(
    ~~~~~~~~~~~~~~~~~~~~^
        study,
        ^^^^^^
    ...<8 lines>...
        progress_bar=progress_bar,
        ^^^^^^^^^^^^^^^^^^^^^^^^^^
    )
    ^
  File "C:\Users\minan\anaconda3\Lib\site-packages\optuna\study\_optimize.py", line 160, in _optimize_sequential
    frozen_trial_id = _run_trial(study, func, catch)
  File "C:\Users\minan\anaconda3\Lib\site-packages\optuna\study\_optimize.py", line 258, in _run_trial
    raise func_err
  File "C:\Users\minan\anaconda3\Lib\site-packages\optuna\study\_optimize.py", line 201, in _run_trial
    value_or_values = func(trial)
  File "E:\AI Study\krx_alertor_modular\tools\run_phase15_realdata.py", line 452, in objective
    trial.set_user_attr("valid", bool(final_score > -100))
                                      ^^^^^^^^^^^
UnboundLocalError: cannot access local variable 'final_score' where it is not associated with a value
2025-12-28 13:09:37,828 INFO: ResultPackager: Saving Artifacts...
