2025-12-28 11:55:01,696 INFO: === STRICT PHASE 1.5 START (RunID: real_20251228_115501_ee4c66) ===
2025-12-28 11:55:01,828 INFO: NumExpr defaulting to 12 threads.
2025-12-28 11:55:01,971 INFO: [Phase 0] Preflight Check
2025-12-28 11:55:02,444 INFO: 캐시 기반 유니버스: 14개 종목 (지수 코드 제외)
2025-12-28 11:55:02,445 INFO: [Loader Debug] 005930 path: data\cache\005930.parquet exists: True
2025-12-28 11:55:02,490 INFO: [Loader Debug] 005930 raw shape: (1559, 5), index: <class 'pandas.core.indexes.datetimes.DatetimeIndex'>, cols: Index(['Open', 'High', 'Low', 'Close', 'Volume'], dtype='object')
2025-12-28 11:55:02,496 INFO: [Loader Debug] 005930 Date Range: 2019-01-01 00:00:00 ~ 2024-12-20 00:00:00 vs Target: 2021-01-01 ~ 2021-01-31
2025-12-28 11:55:02,497 INFO: [Loader Debug] 005930 Filtered rows: 21
2025-12-28 11:55:02,547 INFO: [Phase 1] Tuning Loop
2025-12-28 11:55:02,547 INFO: [Phase 4] Persistence Enabled: sqlite:///data\tuning_runs\real_20251228_115501_ee4c66/optuna.db
2025-12-28 11:55:02,976 INFO: Split 계산: Train=16M, Val=14M, Test=6M
2025-12-28 11:55:02,977 INFO: [캐시] lb=3M, key=f61310f4
2025-12-28 11:55:02,997 INFO: UNIVERSE requested=14(hash=989dbc28) effective=14(hash=989dbc28)
2025-12-28 11:55:02,997 INFO: [Loader Debug] 005930 path: data\cache\005930.parquet exists: True
2025-12-28 11:55:02,999 INFO: [Loader Debug] 005930 raw shape: (1559, 5), index: <class 'pandas.core.indexes.datetimes.DatetimeIndex'>, cols: Index(['Open', 'High', 'Low', 'Close', 'Volume'], dtype='object')
2025-12-28 11:55:03,000 INFO: [Loader Debug] 005930 Date Range: 2019-01-01 00:00:00 ~ 2024-12-20 00:00:00 vs Target: 2020-10-06 ~ 2022-04-29
2025-12-28 11:55:03,001 INFO: [Loader Debug] 005930 Filtered rows: 409
2025-12-28 11:55:03,002 INFO: [Loader Debug] 035420 path: data\cache\035420.parquet exists: True
2025-12-28 11:55:03,003 INFO: [Loader Debug] 035420 raw shape: (1559, 5), index: <class 'pandas.core.indexes.datetimes.DatetimeIndex'>, cols: Index(['Open', 'High', 'Low', 'Close', 'Volume'], dtype='object')
2025-12-28 11:55:03,004 INFO: [Loader Debug] 035420 Date Range: 2019-01-01 00:00:00 ~ 2024-12-20 00:00:00 vs Target: 2020-10-06 ~ 2022-04-29
2025-12-28 11:55:03,005 INFO: [Loader Debug] 035420 Filtered rows: 409
2025-12-28 11:55:03,005 INFO: [Loader Debug] 035720 path: data\cache\035720.parquet exists: True
2025-12-28 11:55:03,006 INFO: [Loader Debug] 035720 raw shape: (1559, 5), index: <class 'pandas.core.indexes.datetimes.DatetimeIndex'>, cols: Index(['Open', 'High', 'Low', 'Close', 'Volume'], dtype='object')
2025-12-28 11:55:03,007 INFO: [Loader Debug] 035720 Date Range: 2019-01-01 00:00:00 ~ 2024-12-20 00:00:00 vs Target: 2020-10-06 ~ 2022-04-29
2025-12-28 11:55:03,008 INFO: [Loader Debug] 035720 Filtered rows: 409
2025-12-28 11:55:03,008 INFO: [Loader Debug] 051910 path: data\cache\051910.parquet exists: True
2025-12-28 11:55:03,009 INFO: [Loader Debug] 051910 raw shape: (1559, 5), index: <class 'pandas.core.indexes.datetimes.DatetimeIndex'>, cols: Index(['Open', 'High', 'Low', 'Close', 'Volume'], dtype='object')
2025-12-28 11:55:03,010 INFO: [Loader Debug] 051910 Date Range: 2019-01-01 00:00:00 ~ 2024-12-20 00:00:00 vs Target: 2020-10-06 ~ 2022-04-29
2025-12-28 11:55:03,011 INFO: [Loader Debug] 051910 Filtered rows: 409
2025-12-28 11:55:03,011 INFO: [Loader Debug] 069500 path: data\cache\069500.parquet exists: True
2025-12-28 11:55:03,013 INFO: [Loader Debug] 069500 raw shape: (1559, 5), index: <class 'pandas.core.indexes.datetimes.DatetimeIndex'>, cols: Index(['Open', 'High', 'Low', 'Close', 'Volume'], dtype='object')
2025-12-28 11:55:03,014 INFO: [Loader Debug] 069500 Date Range: 2019-01-01 00:00:00 ~ 2024-12-20 00:00:00 vs Target: 2020-10-06 ~ 2022-04-29
2025-12-28 11:55:03,015 INFO: [Loader Debug] 069500 Filtered rows: 409
2025-12-28 11:55:03,015 INFO: [Loader Debug] 091160 path: data\cache\091160.parquet exists: True
2025-12-28 11:55:03,016 INFO: [Loader Debug] 091160 raw shape: (1559, 5), index: <class 'pandas.core.indexes.datetimes.DatetimeIndex'>, cols: Index(['Open', 'High', 'Low', 'Close', 'Volume'], dtype='object')
2025-12-28 11:55:03,018 INFO: [Loader Debug] 091160 Date Range: 2019-01-01 00:00:00 ~ 2024-12-20 00:00:00 vs Target: 2020-10-06 ~ 2022-04-29
2025-12-28 11:55:03,019 INFO: [Loader Debug] 091160 Filtered rows: 409
2025-12-28 11:55:03,019 INFO: [Loader Debug] 102110 path: data\cache\102110.parquet exists: True
2025-12-28 11:55:03,020 INFO: [Loader Debug] 102110 raw shape: (1559, 5), index: <class 'pandas.core.indexes.datetimes.DatetimeIndex'>, cols: Index(['Open', 'High', 'Low', 'Close', 'Volume'], dtype='object')
2025-12-28 11:55:03,022 INFO: [Loader Debug] 102110 Date Range: 2019-01-01 00:00:00 ~ 2024-12-20 00:00:00 vs Target: 2020-10-06 ~ 2022-04-29
2025-12-28 11:55:03,023 INFO: [Loader Debug] 102110 Filtered rows: 409
2025-12-28 11:55:03,023 INFO: [Loader Debug] 114800 path: data\cache\114800.parquet exists: True
2025-12-28 11:55:03,024 INFO: [Loader Debug] 114800 raw shape: (1559, 5), index: <class 'pandas.core.indexes.datetimes.DatetimeIndex'>, cols: Index(['Open', 'High', 'Low', 'Close', 'Volume'], dtype='object')
2025-12-28 11:55:03,025 INFO: [Loader Debug] 114800 Date Range: 2019-01-01 00:00:00 ~ 2024-12-20 00:00:00 vs Target: 2020-10-06 ~ 2022-04-29
2025-12-28 11:55:03,026 INFO: [Loader Debug] 114800 Filtered rows: 409
2025-12-28 11:55:03,027 INFO: [Loader Debug] 122630 path: data\cache\122630.parquet exists: True
2025-12-28 11:55:03,028 INFO: [Loader Debug] 122630 raw shape: (1559, 5), index: <class 'pandas.core.indexes.datetimes.DatetimeIndex'>, cols: Index(['Open', 'High', 'Low', 'Close', 'Volume'], dtype='object')
2025-12-28 11:55:03,029 INFO: [Loader Debug] 122630 Date Range: 2019-01-01 00:00:00 ~ 2024-12-20 00:00:00 vs Target: 2020-10-06 ~ 2022-04-29
2025-12-28 11:55:03,030 INFO: [Loader Debug] 122630 Filtered rows: 409
2025-12-28 11:55:03,030 INFO: [Loader Debug] 229200 path: data\cache\229200.parquet exists: True
2025-12-28 11:55:03,031 INFO: [Loader Debug] 229200 raw shape: (1559, 5), index: <class 'pandas.core.indexes.datetimes.DatetimeIndex'>, cols: Index(['Open', 'High', 'Low', 'Close', 'Volume'], dtype='object')
2025-12-28 11:55:03,032 INFO: [Loader Debug] 229200 Date Range: 2019-01-01 00:00:00 ~ 2024-12-20 00:00:00 vs Target: 2020-10-06 ~ 2022-04-29
2025-12-28 11:55:03,033 INFO: [Loader Debug] 229200 Filtered rows: 409
2025-12-28 11:55:03,033 INFO: [Loader Debug] 233740 path: data\cache\233740.parquet exists: True
2025-12-28 11:55:03,035 INFO: [Loader Debug] 233740 raw shape: (1559, 5), index: <class 'pandas.core.indexes.datetimes.DatetimeIndex'>, cols: Index(['Open', 'High', 'Low', 'Close', 'Volume'], dtype='object')
2025-12-28 11:55:03,036 INFO: [Loader Debug] 233740 Date Range: 2019-01-01 00:00:00 ~ 2024-12-20 00:00:00 vs Target: 2020-10-06 ~ 2022-04-29
2025-12-28 11:55:03,037 INFO: [Loader Debug] 233740 Filtered rows: 409
2025-12-28 11:55:03,037 INFO: [Loader Debug] 252670 path: data\cache\252670.parquet exists: True
2025-12-28 11:55:03,038 INFO: [Loader Debug] 252670 raw shape: (1559, 5), index: <class 'pandas.core.indexes.datetimes.DatetimeIndex'>, cols: Index(['Open', 'High', 'Low', 'Close', 'Volume'], dtype='object')
2025-12-28 11:55:03,040 INFO: [Loader Debug] 252670 Date Range: 2019-01-01 00:00:00 ~ 2024-12-20 00:00:00 vs Target: 2020-10-06 ~ 2022-04-29
2025-12-28 11:55:03,041 INFO: [Loader Debug] 252670 Filtered rows: 409
2025-12-28 11:55:03,041 INFO: [Loader Debug] 261240 path: data\cache\261240.parquet exists: True
2025-12-28 11:55:03,042 INFO: [Loader Debug] 261240 raw shape: (1559, 5), index: <class 'pandas.core.indexes.datetimes.DatetimeIndex'>, cols: Index(['Open', 'High', 'Low', 'Close', 'Volume'], dtype='object')
2025-12-28 11:55:03,044 INFO: [Loader Debug] 261240 Date Range: 2019-01-01 00:00:00 ~ 2024-12-20 00:00:00 vs Target: 2020-10-06 ~ 2022-04-29
2025-12-28 11:55:03,045 INFO: [Loader Debug] 261240 Filtered rows: 409
2025-12-28 11:55:03,045 INFO: [Loader Debug] 305720 path: data\cache\305720.parquet exists: True
2025-12-28 11:55:03,046 INFO: [Loader Debug] 305720 raw shape: (1559, 5), index: <class 'pandas.core.indexes.datetimes.DatetimeIndex'>, cols: Index(['Open', 'High', 'Low', 'Close', 'Volume'], dtype='object')
2025-12-28 11:55:03,047 INFO: [Loader Debug] 305720 Date Range: 2019-01-01 00:00:00 ~ 2024-12-20 00:00:00 vs Target: 2020-10-06 ~ 2022-04-29
2025-12-28 11:55:03,048 INFO: [Loader Debug] 305720 Filtered rows: 409
2025-12-28 11:55:03,050 INFO: [Normalization] Initial Shape: (5726, 5), Index: <class 'pandas.core.indexes.multi.MultiIndex'>, Columns: ['open', 'high', 'low', 'close', 'volume']
2025-12-28 11:55:03,051 INFO: [EVIDENCE] Data Pipeline Trace:
1. Load Shape: (5726, 5)
   - Index Type: <class 'pandas.core.indexes.multi.MultiIndex'>
   - Levels: ['code', 'date']
   - Date Range: 2020-10-06 00:00:00 ~ 2022-04-29 00:00:00
   - Unique Symbols: 14 (Sample: ['005930', '035420', '035720'])
2. Universe Coverage: Requested=14, Loaded=14, Missing=0
6. Final Columns: ['open', 'high', 'low', 'close', 'volume']
2025-12-28 11:55:08,134 INFO: ✅ 설정 파일 로드: E:\AI Study\krx_alertor_modular\config\regime_params.yaml
2025-12-28 11:55:08,134 INFO: MarketRegimeDetector 초기화: MA=50/200일, 임계값=2.0/-2.0%
2025-12-28 11:55:08,137 INFO: RSI 프로파일 로드 완료: ['balanced', 'conservative', 'aggressive']
2025-12-28 11:55:08,138 INFO: [EVIDENCE] BacktestRunner.run called with params: ma_period=100, rsi_period=58, stop_loss=0.13
2025-12-28 11:55:08,138 INFO: BacktestEngine 초기화: instrument_type=etf, tax_rate=0.00%
2025-12-28 11:55:08,201 WARNING: 매수 불가 (035720): 자금 부족: 1,149,313 > 266,120
2025-12-28 11:55:08,201 WARNING: 매수 불가 (035720): 자금 부족: 11,446,046 > 9,949,290
2025-12-28 11:55:08,202 WARNING: 매수 불가 (035720): 자금 부족: 11,271,107 > 9,949,290
2025-12-28 11:55:08,202 WARNING: 매수 불가 (035720): 자금 부족: 11,117,170 > 9,949,290
2025-12-28 11:55:08,202 WARNING: 매수 불가 (035720): 자금 부족: 11,427,514 > 9,949,290
2025-12-28 11:55:08,215 WARNING: 매수 불가 (252670): 자금 부족: 1,132,509 > 968,927
2025-12-28 11:55:08,215 WARNING: 매수 불가 (229200): 자금 부족: 1,070,557 > 968,927
2025-12-28 11:55:08,215 WARNING: 매수 불가 (229200): 자금 부족: 5,700,540 > 4,325,534
2025-12-28 11:55:08,216 WARNING: 매수 불가 (229200): 자금 부족: 11,475,088 > 9,878,564
2025-12-28 11:55:08,216 WARNING: 매수 불가 (229200): 자금 부족: 11,345,826 > 9,878,564
2025-12-28 11:55:08,216 WARNING: 매수 불가 (229200): 자금 부족: 11,424,521 > 9,878,564
2025-12-28 11:55:08,229 WARNING: 매수 불가 (252670): 자금 부족: 1,093,487 > 372,376
2025-12-28 11:55:08,229 WARNING: 매수 불가 (252670): 자금 부족: 11,003,929 > 9,855,979
2025-12-28 11:55:08,230 WARNING: 매수 불가 (252670): 자금 부족: 10,786,830 > 9,855,979
2025-12-28 11:55:08,230 WARNING: 매수 불가 (252670): 자금 부족: 10,708,024 > 9,855,979
2025-12-28 11:55:08,230 WARNING: 매수 불가 (252670): 자금 부족: 10,674,966 > 9,855,979
2025-12-28 11:55:08,243 WARNING: 매수 불가 (091160): 자금 부족: 1,063,237 > 1,053,023
2025-12-28 11:55:08,243 WARNING: 매수 불가 (091160): 자금 부족: 10,927,078 > 9,960,647
2025-12-28 11:55:08,244 WARNING: 매수 불가 (091160): 자금 부족: 11,140,973 > 9,960,647
2025-12-28 11:55:08,244 WARNING: 매수 불가 (091160): 자금 부족: 11,060,316 > 9,960,647
2025-12-28 11:55:08,244 WARNING: 매수 불가 (091160): 자금 부족: 11,103,415 > 9,960,647
2025-12-28 11:55:08,257 WARNING: 매수 불가 (102110): 자금 부족: 1,020,830 > 886,456
2025-12-28 11:55:08,257 WARNING: 매수 불가 (102110): 자금 부족: 11,223,961 > 9,929,056
2025-12-28 11:55:08,258 WARNING: 매수 불가 (102110): 자금 부족: 11,157,171 > 9,929,056
2025-12-28 11:55:08,258 WARNING: 매수 불가 (102110): 자금 부족: 11,252,588 > 9,929,056
2025-12-28 11:55:08,258 WARNING: 매수 불가 (102110): 자금 부족: 11,157,254 > 9,929,056
2025-12-28 11:55:08,271 WARNING: 매수 불가 (252670): 자금 부족: 1,116,448 > 991,054
2025-12-28 11:55:08,271 WARNING: 매수 불가 (252670): 자금 부족: 11,007,285 > 9,931,208
2025-12-28 11:55:08,272 WARNING: 매수 불가 (252670): 자금 부족: 11,213,914 > 9,931,208
2025-12-28 11:55:08,272 WARNING: 매수 불가 (252670): 자금 부족: 11,360,111 > 9,931,208
2025-12-28 11:55:08,272 WARNING: 매수 불가 (252670): 자금 부족: 11,347,755 > 9,931,208
2025-12-28 11:55:08,379 WARNING: 매수 불가 (091160): 자금 부족: 1,003,874 > 913,807
2025-12-28 11:55:08,379 WARNING: 매수 불가 (091160): 자금 부족: 10,630,707 > 9,849,141
2025-12-28 11:55:08,380 WARNING: 매수 불가 (091160): 자금 부족: 10,662,941 > 9,849,141
2025-12-28 11:55:08,380 WARNING: 매수 불가 (091160): 자금 부족: 10,391,017 > 9,849,141
2025-12-28 11:55:08,381 WARNING: 매수 불가 (091160): 자금 부족: 10,433,428 > 9,849,141
2025-12-28 11:55:08,393 WARNING: 매수 불가 (252670): 자금 부족: 1,041,034 > 809,786
2025-12-28 11:55:08,393 WARNING: 매수 불가 (252670): 자금 부족: 10,510,669 > 9,717,511
2025-12-28 11:55:08,394 WARNING: 매수 불가 (252670): 자금 부족: 10,389,008 > 9,717,511
2025-12-28 11:55:08,394 WARNING: 매수 불가 (252670): 자금 부족: 10,490,639 > 9,717,511
2025-12-28 11:55:08,394 WARNING: 매수 불가 (252670): 자금 부족: 10,416,319 > 9,717,511
2025-12-28 11:55:08,406 WARNING: 매수 불가 (305720): 자금 부족: 1,027,504 > 678,557
2025-12-28 11:55:08,407 WARNING: 매수 불가 (305720): 자금 부족: 10,432,945 > 9,758,367
2025-12-28 11:55:08,407 WARNING: 매수 불가 (305720): 자금 부족: 10,578,367 > 9,758,367
2025-12-28 11:55:08,408 WARNING: 매수 불가 (305720): 자금 부족: 10,618,596 > 9,758,367
2025-12-28 11:55:08,408 WARNING: 매수 불가 (305720): 자금 부족: 10,690,621 > 9,758,367
2025-12-28 11:55:08,434 WARNING: 매수 불가 (114800): 자금 부족: 974,395 > 912,637
2025-12-28 11:55:08,434 WARNING: 매수 불가 (114800): 자금 부족: 10,489,619 > 9,678,570
2025-12-28 11:55:08,435 WARNING: 매수 불가 (114800): 자금 부족: 10,572,529 > 9,678,570
2025-12-28 11:55:08,435 WARNING: 매수 불가 (114800): 자금 부족: 10,433,385 > 9,678,570
2025-12-28 11:55:08,436 WARNING: 매수 불가 (114800): 자금 부족: 10,218,955 > 9,678,570
2025-12-28 11:55:08,990 INFO: UNIVERSE requested=14(hash=989dbc28) effective=14(hash=989dbc28)
2025-12-28 11:55:08,990 INFO: [Loader Debug] 005930 path: data\cache\005930.parquet exists: True
2025-12-28 11:55:08,992 INFO: [Loader Debug] 005930 raw shape: (1559, 5), index: <class 'pandas.core.indexes.datetimes.DatetimeIndex'>, cols: Index(['Open', 'High', 'Low', 'Close', 'Volume'], dtype='object')
2025-12-28 11:55:08,994 INFO: [Loader Debug] 005930 Date Range: 2019-01-01 00:00:00 ~ 2024-12-20 00:00:00 vs Target: 2022-12-23 ~ 2023-06-23
2025-12-28 11:55:08,994 INFO: [Loader Debug] 005930 Filtered rows: 131
2025-12-28 11:55:08,995 INFO: [Loader Debug] 035420 path: data\cache\035420.parquet exists: True
2025-12-28 11:55:08,996 INFO: [Loader Debug] 035420 raw shape: (1559, 5), index: <class 'pandas.core.indexes.datetimes.DatetimeIndex'>, cols: Index(['Open', 'High', 'Low', 'Close', 'Volume'], dtype='object')
2025-12-28 11:55:08,997 INFO: [Loader Debug] 035420 Date Range: 2019-01-01 00:00:00 ~ 2024-12-20 00:00:00 vs Target: 2022-12-23 ~ 2023-06-23
2025-12-28 11:55:08,998 INFO: [Loader Debug] 035420 Filtered rows: 131
2025-12-28 11:55:08,998 INFO: [Loader Debug] 035720 path: data\cache\035720.parquet exists: True
2025-12-28 11:55:08,999 INFO: [Loader Debug] 035720 raw shape: (1559, 5), index: <class 'pandas.core.indexes.datetimes.DatetimeIndex'>, cols: Index(['Open', 'High', 'Low', 'Close', 'Volume'], dtype='object')
2025-12-28 11:55:09,000 INFO: [Loader Debug] 035720 Date Range: 2019-01-01 00:00:00 ~ 2024-12-20 00:00:00 vs Target: 2022-12-23 ~ 2023-06-23
2025-12-28 11:55:09,001 INFO: [Loader Debug] 035720 Filtered rows: 131
2025-12-28 11:55:09,001 INFO: [Loader Debug] 051910 path: data\cache\051910.parquet exists: True
2025-12-28 11:55:09,003 INFO: [Loader Debug] 051910 raw shape: (1559, 5), index: <class 'pandas.core.indexes.datetimes.DatetimeIndex'>, cols: Index(['Open', 'High', 'Low', 'Close', 'Volume'], dtype='object')
2025-12-28 11:55:09,004 INFO: [Loader Debug] 051910 Date Range: 2019-01-01 00:00:00 ~ 2024-12-20 00:00:00 vs Target: 2022-12-23 ~ 2023-06-23
2025-12-28 11:55:09,004 INFO: [Loader Debug] 051910 Filtered rows: 131
2025-12-28 11:55:09,005 INFO: [Loader Debug] 069500 path: data\cache\069500.parquet exists: True
2025-12-28 11:55:09,006 INFO: [Loader Debug] 069500 raw shape: (1559, 5), index: <class 'pandas.core.indexes.datetimes.DatetimeIndex'>, cols: Index(['Open', 'High', 'Low', 'Close', 'Volume'], dtype='object')
2025-12-28 11:55:09,007 INFO: [Loader Debug] 069500 Date Range: 2019-01-01 00:00:00 ~ 2024-12-20 00:00:00 vs Target: 2022-12-23 ~ 2023-06-23
2025-12-28 11:55:09,008 INFO: [Loader Debug] 069500 Filtered rows: 131
2025-12-28 11:55:09,008 INFO: [Loader Debug] 091160 path: data\cache\091160.parquet exists: True
2025-12-28 11:55:09,009 INFO: [Loader Debug] 091160 raw shape: (1559, 5), index: <class 'pandas.core.indexes.datetimes.DatetimeIndex'>, cols: Index(['Open', 'High', 'Low', 'Close', 'Volume'], dtype='object')
2025-12-28 11:55:09,011 INFO: [Loader Debug] 091160 Date Range: 2019-01-01 00:00:00 ~ 2024-12-20 00:00:00 vs Target: 2022-12-23 ~ 2023-06-23
2025-12-28 11:55:09,011 INFO: [Loader Debug] 091160 Filtered rows: 131
2025-12-28 11:55:09,012 INFO: [Loader Debug] 102110 path: data\cache\102110.parquet exists: True
2025-12-28 11:55:09,013 INFO: [Loader Debug] 102110 raw shape: (1559, 5), index: <class 'pandas.core.indexes.datetimes.DatetimeIndex'>, cols: Index(['Open', 'High', 'Low', 'Close', 'Volume'], dtype='object')
2025-12-28 11:55:09,014 INFO: [Loader Debug] 102110 Date Range: 2019-01-01 00:00:00 ~ 2024-12-20 00:00:00 vs Target: 2022-12-23 ~ 2023-06-23
2025-12-28 11:55:09,015 INFO: [Loader Debug] 102110 Filtered rows: 131
2025-12-28 11:55:09,015 INFO: [Loader Debug] 114800 path: data\cache\114800.parquet exists: True
2025-12-28 11:55:09,016 INFO: [Loader Debug] 114800 raw shape: (1559, 5), index: <class 'pandas.core.indexes.datetimes.DatetimeIndex'>, cols: Index(['Open', 'High', 'Low', 'Close', 'Volume'], dtype='object')
2025-12-28 11:55:09,017 INFO: [Loader Debug] 114800 Date Range: 2019-01-01 00:00:00 ~ 2024-12-20 00:00:00 vs Target: 2022-12-23 ~ 2023-06-23
2025-12-28 11:55:09,018 INFO: [Loader Debug] 114800 Filtered rows: 131
2025-12-28 11:55:09,018 INFO: [Loader Debug] 122630 path: data\cache\122630.parquet exists: True
2025-12-28 11:55:09,019 INFO: [Loader Debug] 122630 raw shape: (1559, 5), index: <class 'pandas.core.indexes.datetimes.DatetimeIndex'>, cols: Index(['Open', 'High', 'Low', 'Close', 'Volume'], dtype='object')
2025-12-28 11:55:09,020 INFO: [Loader Debug] 122630 Date Range: 2019-01-01 00:00:00 ~ 2024-12-20 00:00:00 vs Target: 2022-12-23 ~ 2023-06-23
2025-12-28 11:55:09,021 INFO: [Loader Debug] 122630 Filtered rows: 131
2025-12-28 11:55:09,021 INFO: [Loader Debug] 229200 path: data\cache\229200.parquet exists: True
2025-12-28 11:55:09,022 INFO: [Loader Debug] 229200 raw shape: (1559, 5), index: <class 'pandas.core.indexes.datetimes.DatetimeIndex'>, cols: Index(['Open', 'High', 'Low', 'Close', 'Volume'], dtype='object')
2025-12-28 11:55:09,023 INFO: [Loader Debug] 229200 Date Range: 2019-01-01 00:00:00 ~ 2024-12-20 00:00:00 vs Target: 2022-12-23 ~ 2023-06-23
2025-12-28 11:55:09,024 INFO: [Loader Debug] 229200 Filtered rows: 131
2025-12-28 11:55:09,024 INFO: [Loader Debug] 233740 path: data\cache\233740.parquet exists: True
2025-12-28 11:55:09,025 INFO: [Loader Debug] 233740 raw shape: (1559, 5), index: <class 'pandas.core.indexes.datetimes.DatetimeIndex'>, cols: Index(['Open', 'High', 'Low', 'Close', 'Volume'], dtype='object')
2025-12-28 11:55:09,027 INFO: [Loader Debug] 233740 Date Range: 2019-01-01 00:00:00 ~ 2024-12-20 00:00:00 vs Target: 2022-12-23 ~ 2023-06-23
2025-12-28 11:55:09,028 INFO: [Loader Debug] 233740 Filtered rows: 131
2025-12-28 11:55:09,028 INFO: [Loader Debug] 252670 path: data\cache\252670.parquet exists: True
2025-12-28 11:55:09,029 INFO: [Loader Debug] 252670 raw shape: (1559, 5), index: <class 'pandas.core.indexes.datetimes.DatetimeIndex'>, cols: Index(['Open', 'High', 'Low', 'Close', 'Volume'], dtype='object')
2025-12-28 11:55:09,030 INFO: [Loader Debug] 252670 Date Range: 2019-01-01 00:00:00 ~ 2024-12-20 00:00:00 vs Target: 2022-12-23 ~ 2023-06-23
2025-12-28 11:55:09,031 INFO: [Loader Debug] 252670 Filtered rows: 131
2025-12-28 11:55:09,031 INFO: [Loader Debug] 261240 path: data\cache\261240.parquet exists: True
2025-12-28 11:55:09,033 INFO: [Loader Debug] 261240 raw shape: (1559, 5), index: <class 'pandas.core.indexes.datetimes.DatetimeIndex'>, cols: Index(['Open', 'High', 'Low', 'Close', 'Volume'], dtype='object')
2025-12-28 11:55:09,036 INFO: [Loader Debug] 261240 Date Range: 2019-01-01 00:00:00 ~ 2024-12-20 00:00:00 vs Target: 2022-12-23 ~ 2023-06-23
2025-12-28 11:55:09,036 INFO: [Loader Debug] 261240 Filtered rows: 131
2025-12-28 11:55:09,037 INFO: [Loader Debug] 305720 path: data\cache\305720.parquet exists: True
2025-12-28 11:55:09,038 INFO: [Loader Debug] 305720 raw shape: (1559, 5), index: <class 'pandas.core.indexes.datetimes.DatetimeIndex'>, cols: Index(['Open', 'High', 'Low', 'Close', 'Volume'], dtype='object')
2025-12-28 11:55:09,039 INFO: [Loader Debug] 305720 Date Range: 2019-01-01 00:00:00 ~ 2024-12-20 00:00:00 vs Target: 2022-12-23 ~ 2023-06-23
2025-12-28 11:55:09,040 INFO: [Loader Debug] 305720 Filtered rows: 131
2025-12-28 11:55:09,041 INFO: [Normalization] Initial Shape: (1834, 5), Index: <class 'pandas.core.indexes.multi.MultiIndex'>, Columns: ['open', 'high', 'low', 'close', 'volume']
2025-12-28 11:55:09,042 INFO: [EVIDENCE] Data Pipeline Trace:
1. Load Shape: (1834, 5)
   - Index Type: <class 'pandas.core.indexes.multi.MultiIndex'>
   - Levels: ['code', 'date']
   - Date Range: 2022-12-23 00:00:00 ~ 2023-06-23 00:00:00
   - Unique Symbols: 14 (Sample: ['005930', '035420', '035720'])
2. Universe Coverage: Requested=14, Loaded=14, Missing=0
6. Final Columns: ['open', 'high', 'low', 'close', 'volume']
2025-12-28 11:55:09,113 INFO: ✅ 설정 파일 로드: E:\AI Study\krx_alertor_modular\config\regime_params.yaml
2025-12-28 11:55:09,113 INFO: MarketRegimeDetector 초기화: MA=50/200일, 임계값=2.0/-2.0%
2025-12-28 11:55:09,117 INFO: RSI 프로파일 로드 완료: ['balanced', 'conservative', 'aggressive']
2025-12-28 11:55:09,117 INFO: [EVIDENCE] BacktestRunner.run called with params: ma_period=100, rsi_period=58, stop_loss=0.13
2025-12-28 11:55:09,117 INFO: BacktestEngine 초기화: instrument_type=etf, tax_rate=0.00%
2025-12-28 11:55:09,169 WARNING: 매수 불가 (233740): 자금 부족: 917,959 > 366,366
2025-12-28 11:55:09,170 WARNING: 매수 불가 (233740): 자금 부족: 10,851,714 > 10,135,480
2025-12-28 11:55:09,170 WARNING: 매수 불가 (233740): 자금 부족: 10,883,265 > 10,135,480
2025-12-28 11:55:09,171 WARNING: 매수 불가 (233740): 자금 부족: 10,971,942 > 10,135,480
2025-12-28 11:55:09,171 WARNING: 매수 불가 (233740): 자금 부족: 11,127,147 > 10,135,480
2025-12-28 11:55:09,182 WARNING: 매수 불가 (252670): 자금 부족: 1,051,691 > 696,812
2025-12-28 11:55:09,182 WARNING: 매수 불가 (252670): 자금 부족: 11,001,366 > 10,147,616
2025-12-28 11:55:09,183 WARNING: 매수 불가 (252670): 자금 부족: 11,261,770 > 10,147,616
2025-12-28 11:55:09,183 WARNING: 매수 불가 (252670): 자금 부족: 11,356,176 > 10,147,616
2025-12-28 11:55:09,184 WARNING: 매수 불가 (252670): 자금 부족: 11,345,122 > 10,147,616
2025-12-28 11:55:09,195 WARNING: 매수 불가 (252670): 자금 부족: 1,110,585 > 410,647
2025-12-28 11:55:09,195 WARNING: 매수 불가 (252670): 자금 부족: 11,334,727 > 10,205,784
2025-12-28 11:55:09,196 WARNING: 매수 불가 (252670): 자금 부족: 11,509,946 > 10,205,784
2025-12-28 11:55:09,196 WARNING: 매수 불가 (252670): 자금 부족: 11,436,419 > 10,205,784
2025-12-28 11:55:09,196 WARNING: 매수 불가 (252670): 자금 부족: 11,496,648 > 10,205,784
2025-12-28 11:55:09,221 INFO: Split 계산: Train=16M, Val=14M, Test=6M
2025-12-28 11:55:09,221 INFO: [캐시] lb=6M, key=b7489d5b
2025-12-28 11:55:09,221 INFO: UNIVERSE requested=14(hash=989dbc28) effective=14(hash=989dbc28)
2025-12-28 11:55:09,221 INFO: [Loader Debug] 005930 path: data\cache\005930.parquet exists: True
2025-12-28 11:55:09,223 INFO: [Loader Debug] 005930 raw shape: (1559, 5), index: <class 'pandas.core.indexes.datetimes.DatetimeIndex'>, cols: Index(['Open', 'High', 'Low', 'Close', 'Volume'], dtype='object')
2025-12-28 11:55:09,224 INFO: [Loader Debug] 005930 Date Range: 2019-01-01 00:00:00 ~ 2024-12-20 00:00:00 vs Target: 2020-10-06 ~ 2022-04-29
2025-12-28 11:55:09,225 INFO: [Loader Debug] 005930 Filtered rows: 409
2025-12-28 11:55:09,225 INFO: [Loader Debug] 035420 path: data\cache\035420.parquet exists: True
2025-12-28 11:55:09,227 INFO: [Loader Debug] 035420 raw shape: (1559, 5), index: <class 'pandas.core.indexes.datetimes.DatetimeIndex'>, cols: Index(['Open', 'High', 'Low', 'Close', 'Volume'], dtype='object')
2025-12-28 11:55:09,228 INFO: [Loader Debug] 035420 Date Range: 2019-01-01 00:00:00 ~ 2024-12-20 00:00:00 vs Target: 2020-10-06 ~ 2022-04-29
2025-12-28 11:55:09,229 INFO: [Loader Debug] 035420 Filtered rows: 409
2025-12-28 11:55:09,229 INFO: [Loader Debug] 035720 path: data\cache\035720.parquet exists: True
2025-12-28 11:55:09,230 INFO: [Loader Debug] 035720 raw shape: (1559, 5), index: <class 'pandas.core.indexes.datetimes.DatetimeIndex'>, cols: Index(['Open', 'High', 'Low', 'Close', 'Volume'], dtype='object')
2025-12-28 11:55:09,231 INFO: [Loader Debug] 035720 Date Range: 2019-01-01 00:00:00 ~ 2024-12-20 00:00:00 vs Target: 2020-10-06 ~ 2022-04-29
2025-12-28 11:55:09,232 INFO: [Loader Debug] 035720 Filtered rows: 409
2025-12-28 11:55:09,232 INFO: [Loader Debug] 051910 path: data\cache\051910.parquet exists: True
2025-12-28 11:55:09,233 INFO: [Loader Debug] 051910 raw shape: (1559, 5), index: <class 'pandas.core.indexes.datetimes.DatetimeIndex'>, cols: Index(['Open', 'High', 'Low', 'Close', 'Volume'], dtype='object')
2025-12-28 11:55:09,234 INFO: [Loader Debug] 051910 Date Range: 2019-01-01 00:00:00 ~ 2024-12-20 00:00:00 vs Target: 2020-10-06 ~ 2022-04-29
2025-12-28 11:55:09,235 INFO: [Loader Debug] 051910 Filtered rows: 409
2025-12-28 11:55:09,235 INFO: [Loader Debug] 069500 path: data\cache\069500.parquet exists: True
2025-12-28 11:55:09,236 INFO: [Loader Debug] 069500 raw shape: (1559, 5), index: <class 'pandas.core.indexes.datetimes.DatetimeIndex'>, cols: Index(['Open', 'High', 'Low', 'Close', 'Volume'], dtype='object')
2025-12-28 11:55:09,238 INFO: [Loader Debug] 069500 Date Range: 2019-01-01 00:00:00 ~ 2024-12-20 00:00:00 vs Target: 2020-10-06 ~ 2022-04-29
2025-12-28 11:55:09,239 INFO: [Loader Debug] 069500 Filtered rows: 409
2025-12-28 11:55:09,239 INFO: [Loader Debug] 091160 path: data\cache\091160.parquet exists: True
2025-12-28 11:55:09,240 INFO: [Loader Debug] 091160 raw shape: (1559, 5), index: <class 'pandas.core.indexes.datetimes.DatetimeIndex'>, cols: Index(['Open', 'High', 'Low', 'Close', 'Volume'], dtype='object')
2025-12-28 11:55:09,241 INFO: [Loader Debug] 091160 Date Range: 2019-01-01 00:00:00 ~ 2024-12-20 00:00:00 vs Target: 2020-10-06 ~ 2022-04-29
2025-12-28 11:55:09,242 INFO: [Loader Debug] 091160 Filtered rows: 409
2025-12-28 11:55:09,242 INFO: [Loader Debug] 102110 path: data\cache\102110.parquet exists: True
2025-12-28 11:55:09,244 INFO: [Loader Debug] 102110 raw shape: (1559, 5), index: <class 'pandas.core.indexes.datetimes.DatetimeIndex'>, cols: Index(['Open', 'High', 'Low', 'Close', 'Volume'], dtype='object')
2025-12-28 11:55:09,245 INFO: [Loader Debug] 102110 Date Range: 2019-01-01 00:00:00 ~ 2024-12-20 00:00:00 vs Target: 2020-10-06 ~ 2022-04-29
2025-12-28 11:55:09,245 INFO: [Loader Debug] 102110 Filtered rows: 409
2025-12-28 11:55:09,246 INFO: [Loader Debug] 114800 path: data\cache\114800.parquet exists: True
2025-12-28 11:55:09,247 INFO: [Loader Debug] 114800 raw shape: (1559, 5), index: <class 'pandas.core.indexes.datetimes.DatetimeIndex'>, cols: Index(['Open', 'High', 'Low', 'Close', 'Volume'], dtype='object')
2025-12-28 11:55:09,248 INFO: [Loader Debug] 114800 Date Range: 2019-01-01 00:00:00 ~ 2024-12-20 00:00:00 vs Target: 2020-10-06 ~ 2022-04-29
2025-12-28 11:55:09,248 INFO: [Loader Debug] 114800 Filtered rows: 409
2025-12-28 11:55:09,249 INFO: [Loader Debug] 122630 path: data\cache\122630.parquet exists: True
2025-12-28 11:55:09,250 INFO: [Loader Debug] 122630 raw shape: (1559, 5), index: <class 'pandas.core.indexes.datetimes.DatetimeIndex'>, cols: Index(['Open', 'High', 'Low', 'Close', 'Volume'], dtype='object')
2025-12-28 11:55:09,251 INFO: [Loader Debug] 122630 Date Range: 2019-01-01 00:00:00 ~ 2024-12-20 00:00:00 vs Target: 2020-10-06 ~ 2022-04-29
2025-12-28 11:55:09,252 INFO: [Loader Debug] 122630 Filtered rows: 409
2025-12-28 11:55:09,252 INFO: [Loader Debug] 229200 path: data\cache\229200.parquet exists: True
2025-12-28 11:55:09,253 INFO: [Loader Debug] 229200 raw shape: (1559, 5), index: <class 'pandas.core.indexes.datetimes.DatetimeIndex'>, cols: Index(['Open', 'High', 'Low', 'Close', 'Volume'], dtype='object')
2025-12-28 11:55:09,254 INFO: [Loader Debug] 229200 Date Range: 2019-01-01 00:00:00 ~ 2024-12-20 00:00:00 vs Target: 2020-10-06 ~ 2022-04-29
2025-12-28 11:55:09,255 INFO: [Loader Debug] 229200 Filtered rows: 409
2025-12-28 11:55:09,255 INFO: [Loader Debug] 233740 path: data\cache\233740.parquet exists: True
2025-12-28 11:55:09,257 INFO: [Loader Debug] 233740 raw shape: (1559, 5), index: <class 'pandas.core.indexes.datetimes.DatetimeIndex'>, cols: Index(['Open', 'High', 'Low', 'Close', 'Volume'], dtype='object')
2025-12-28 11:55:09,258 INFO: [Loader Debug] 233740 Date Range: 2019-01-01 00:00:00 ~ 2024-12-20 00:00:00 vs Target: 2020-10-06 ~ 2022-04-29
2025-12-28 11:55:09,258 INFO: [Loader Debug] 233740 Filtered rows: 409
2025-12-28 11:55:09,258 INFO: [Loader Debug] 252670 path: data\cache\252670.parquet exists: True
2025-12-28 11:55:09,260 INFO: [Loader Debug] 252670 raw shape: (1559, 5), index: <class 'pandas.core.indexes.datetimes.DatetimeIndex'>, cols: Index(['Open', 'High', 'Low', 'Close', 'Volume'], dtype='object')
2025-12-28 11:55:09,261 INFO: [Loader Debug] 252670 Date Range: 2019-01-01 00:00:00 ~ 2024-12-20 00:00:00 vs Target: 2020-10-06 ~ 2022-04-29
2025-12-28 11:55:09,262 INFO: [Loader Debug] 252670 Filtered rows: 409
2025-12-28 11:55:09,262 INFO: [Loader Debug] 261240 path: data\cache\261240.parquet exists: True
2025-12-28 11:55:09,263 INFO: [Loader Debug] 261240 raw shape: (1559, 5), index: <class 'pandas.core.indexes.datetimes.DatetimeIndex'>, cols: Index(['Open', 'High', 'Low', 'Close', 'Volume'], dtype='object')
2025-12-28 11:55:09,264 INFO: [Loader Debug] 261240 Date Range: 2019-01-01 00:00:00 ~ 2024-12-20 00:00:00 vs Target: 2020-10-06 ~ 2022-04-29
2025-12-28 11:55:09,265 INFO: [Loader Debug] 261240 Filtered rows: 409
2025-12-28 11:55:09,265 INFO: [Loader Debug] 305720 path: data\cache\305720.parquet exists: True
2025-12-28 11:55:09,267 INFO: [Loader Debug] 305720 raw shape: (1559, 5), index: <class 'pandas.core.indexes.datetimes.DatetimeIndex'>, cols: Index(['Open', 'High', 'Low', 'Close', 'Volume'], dtype='object')
2025-12-28 11:55:09,268 INFO: [Loader Debug] 305720 Date Range: 2019-01-01 00:00:00 ~ 2024-12-20 00:00:00 vs Target: 2020-10-06 ~ 2022-04-29
2025-12-28 11:55:09,269 INFO: [Loader Debug] 305720 Filtered rows: 409
2025-12-28 11:55:09,270 INFO: [Normalization] Initial Shape: (5726, 5), Index: <class 'pandas.core.indexes.multi.MultiIndex'>, Columns: ['open', 'high', 'low', 'close', 'volume']
2025-12-28 11:55:09,271 INFO: [EVIDENCE] Data Pipeline Trace:
1. Load Shape: (5726, 5)
   - Index Type: <class 'pandas.core.indexes.multi.MultiIndex'>
   - Levels: ['code', 'date']
   - Date Range: 2020-10-06 00:00:00 ~ 2022-04-29 00:00:00
   - Unique Symbols: 14 (Sample: ['005930', '035420', '035720'])
2. Universe Coverage: Requested=14, Loaded=14, Missing=0
6. Final Columns: ['open', 'high', 'low', 'close', 'volume']
2025-12-28 11:55:09,369 INFO: ✅ 설정 파일 로드: E:\AI Study\krx_alertor_modular\config\regime_params.yaml
2025-12-28 11:55:09,369 INFO: MarketRegimeDetector 초기화: MA=50/200일, 임계값=2.0/-2.0%
2025-12-28 11:55:09,373 INFO: RSI 프로파일 로드 완료: ['balanced', 'conservative', 'aggressive']
2025-12-28 11:55:09,373 INFO: [EVIDENCE] BacktestRunner.run called with params: ma_period=100, rsi_period=58, stop_loss=0.13
2025-12-28 11:55:09,373 INFO: BacktestEngine 초기화: instrument_type=etf, tax_rate=0.00%
2025-12-28 11:55:09,429 WARNING: 매수 불가 (035720): 자금 부족: 1,149,313 > 266,120
2025-12-28 11:55:09,429 WARNING: 매수 불가 (035720): 자금 부족: 11,446,046 > 9,949,290
2025-12-28 11:55:09,430 WARNING: 매수 불가 (035720): 자금 부족: 11,271,107 > 9,949,290
2025-12-28 11:55:09,430 WARNING: 매수 불가 (035720): 자금 부족: 11,117,170 > 9,949,290
2025-12-28 11:55:09,431 WARNING: 매수 불가 (035720): 자금 부족: 11,427,514 > 9,949,290
2025-12-28 11:55:09,442 WARNING: 매수 불가 (252670): 자금 부족: 1,132,509 > 968,927
2025-12-28 11:55:09,442 WARNING: 매수 불가 (229200): 자금 부족: 1,070,557 > 968,927
2025-12-28 11:55:09,442 WARNING: 매수 불가 (229200): 자금 부족: 5,700,540 > 4,325,534
2025-12-28 11:55:09,443 WARNING: 매수 불가 (229200): 자금 부족: 11,475,088 > 9,878,564
2025-12-28 11:55:09,443 WARNING: 매수 불가 (229200): 자금 부족: 11,345,826 > 9,878,564
2025-12-28 11:55:09,443 WARNING: 매수 불가 (229200): 자금 부족: 11,424,521 > 9,878,564
2025-12-28 11:55:09,454 WARNING: 매수 불가 (252670): 자금 부족: 1,093,487 > 372,376
2025-12-28 11:55:09,455 WARNING: 매수 불가 (252670): 자금 부족: 11,003,929 > 9,855,979
2025-12-28 11:55:09,455 WARNING: 매수 불가 (252670): 자금 부족: 10,786,830 > 9,855,979
2025-12-28 11:55:09,456 WARNING: 매수 불가 (252670): 자금 부족: 10,708,024 > 9,855,979
2025-12-28 11:55:09,456 WARNING: 매수 불가 (252670): 자금 부족: 10,674,966 > 9,855,979
2025-12-28 11:55:09,467 WARNING: 매수 불가 (091160): 자금 부족: 1,063,237 > 1,053,023
2025-12-28 11:55:09,468 WARNING: 매수 불가 (091160): 자금 부족: 10,927,078 > 9,960,647
2025-12-28 11:55:09,468 WARNING: 매수 불가 (091160): 자금 부족: 11,140,973 > 9,960,647
2025-12-28 11:55:09,469 WARNING: 매수 불가 (091160): 자금 부족: 11,060,316 > 9,960,647
2025-12-28 11:55:09,469 WARNING: 매수 불가 (091160): 자금 부족: 11,103,415 > 9,960,647
2025-12-28 11:55:09,480 WARNING: 매수 불가 (102110): 자금 부족: 1,020,830 > 886,456
2025-12-28 11:55:09,481 WARNING: 매수 불가 (102110): 자금 부족: 11,223,961 > 9,929,056
2025-12-28 11:55:09,481 WARNING: 매수 불가 (102110): 자금 부족: 11,157,171 > 9,929,056
2025-12-28 11:55:09,482 WARNING: 매수 불가 (102110): 자금 부족: 11,252,588 > 9,929,056
2025-12-28 11:55:09,482 WARNING: 매수 불가 (102110): 자금 부족: 11,157,254 > 9,929,056
2025-12-28 11:55:09,494 WARNING: 매수 불가 (252670): 자금 부족: 1,116,448 > 991,054
2025-12-28 11:55:09,494 WARNING: 매수 불가 (252670): 자금 부족: 11,007,285 > 9,931,208
2025-12-28 11:55:09,495 WARNING: 매수 불가 (252670): 자금 부족: 11,213,914 > 9,931,208
2025-12-28 11:55:09,495 WARNING: 매수 불가 (252670): 자금 부족: 11,360,111 > 9,931,208
2025-12-28 11:55:09,496 WARNING: 매수 불가 (252670): 자금 부족: 11,347,755 > 9,931,208
2025-12-28 11:55:09,592 WARNING: 매수 불가 (091160): 자금 부족: 1,003,874 > 913,807
2025-12-28 11:55:09,592 WARNING: 매수 불가 (091160): 자금 부족: 10,630,707 > 9,849,141
2025-12-28 11:55:09,593 WARNING: 매수 불가 (091160): 자금 부족: 10,662,941 > 9,849,141
2025-12-28 11:55:09,593 WARNING: 매수 불가 (091160): 자금 부족: 10,391,017 > 9,849,141
2025-12-28 11:55:09,594 WARNING: 매수 불가 (091160): 자금 부족: 10,433,428 > 9,849,141
2025-12-28 11:55:09,605 WARNING: 매수 불가 (252670): 자금 부족: 1,041,034 > 809,786
2025-12-28 11:55:09,605 WARNING: 매수 불가 (252670): 자금 부족: 10,510,669 > 9,717,511
2025-12-28 11:55:09,605 WARNING: 매수 불가 (252670): 자금 부족: 10,389,008 > 9,717,511
2025-12-28 11:55:09,606 WARNING: 매수 불가 (252670): 자금 부족: 10,490,639 > 9,717,511
2025-12-28 11:55:09,606 WARNING: 매수 불가 (252670): 자금 부족: 10,416,319 > 9,717,511
2025-12-28 11:55:09,617 WARNING: 매수 불가 (305720): 자금 부족: 1,027,504 > 678,557
2025-12-28 11:55:09,618 WARNING: 매수 불가 (305720): 자금 부족: 10,432,945 > 9,758,367
2025-12-28 11:55:09,618 WARNING: 매수 불가 (305720): 자금 부족: 10,578,367 > 9,758,367
2025-12-28 11:55:09,619 WARNING: 매수 불가 (305720): 자금 부족: 10,618,596 > 9,758,367
2025-12-28 11:55:09,619 WARNING: 매수 불가 (305720): 자금 부족: 10,690,621 > 9,758,367
2025-12-28 11:55:09,642 WARNING: 매수 불가 (114800): 자금 부족: 974,395 > 912,637
2025-12-28 11:55:09,642 WARNING: 매수 불가 (114800): 자금 부족: 10,489,619 > 9,678,570
2025-12-28 11:55:09,643 WARNING: 매수 불가 (114800): 자금 부족: 10,572,529 > 9,678,570
2025-12-28 11:55:09,643 WARNING: 매수 불가 (114800): 자금 부족: 10,433,385 > 9,678,570
2025-12-28 11:55:09,644 WARNING: 매수 불가 (114800): 자금 부족: 10,218,955 > 9,678,570
2025-12-28 11:55:10,210 INFO: UNIVERSE requested=14(hash=989dbc28) effective=14(hash=989dbc28)
2025-12-28 11:55:10,210 INFO: [Loader Debug] 005930 path: data\cache\005930.parquet exists: True
2025-12-28 11:55:10,212 INFO: [Loader Debug] 005930 raw shape: (1559, 5), index: <class 'pandas.core.indexes.datetimes.DatetimeIndex'>, cols: Index(['Open', 'High', 'Low', 'Close', 'Volume'], dtype='object')
2025-12-28 11:55:10,214 INFO: [Loader Debug] 005930 Date Range: 2019-01-01 00:00:00 ~ 2024-12-20 00:00:00 vs Target: 2022-09-24 ~ 2023-06-23
2025-12-28 11:55:10,215 INFO: [Loader Debug] 005930 Filtered rows: 195
2025-12-28 11:55:10,216 INFO: [Loader Debug] 035420 path: data\cache\035420.parquet exists: True
2025-12-28 11:55:10,218 INFO: [Loader Debug] 035420 raw shape: (1559, 5), index: <class 'pandas.core.indexes.datetimes.DatetimeIndex'>, cols: Index(['Open', 'High', 'Low', 'Close', 'Volume'], dtype='object')
2025-12-28 11:55:10,220 INFO: [Loader Debug] 035420 Date Range: 2019-01-01 00:00:00 ~ 2024-12-20 00:00:00 vs Target: 2022-09-24 ~ 2023-06-23
2025-12-28 11:55:10,222 INFO: [Loader Debug] 035420 Filtered rows: 195
2025-12-28 11:55:10,222 INFO: [Loader Debug] 035720 path: data\cache\035720.parquet exists: True
2025-12-28 11:55:10,224 INFO: [Loader Debug] 035720 raw shape: (1559, 5), index: <class 'pandas.core.indexes.datetimes.DatetimeIndex'>, cols: Index(['Open', 'High', 'Low', 'Close', 'Volume'], dtype='object')
2025-12-28 11:55:10,226 INFO: [Loader Debug] 035720 Date Range: 2019-01-01 00:00:00 ~ 2024-12-20 00:00:00 vs Target: 2022-09-24 ~ 2023-06-23
2025-12-28 11:55:10,226 INFO: [Loader Debug] 035720 Filtered rows: 195
2025-12-28 11:55:10,227 INFO: [Loader Debug] 051910 path: data\cache\051910.parquet exists: True
2025-12-28 11:55:10,228 INFO: [Loader Debug] 051910 raw shape: (1559, 5), index: <class 'pandas.core.indexes.datetimes.DatetimeIndex'>, cols: Index(['Open', 'High', 'Low', 'Close', 'Volume'], dtype='object')
2025-12-28 11:55:10,230 INFO: [Loader Debug] 051910 Date Range: 2019-01-01 00:00:00 ~ 2024-12-20 00:00:00 vs Target: 2022-09-24 ~ 2023-06-23
2025-12-28 11:55:10,231 INFO: [Loader Debug] 051910 Filtered rows: 195
2025-12-28 11:55:10,231 INFO: [Loader Debug] 069500 path: data\cache\069500.parquet exists: True
2025-12-28 11:55:10,232 INFO: [Loader Debug] 069500 raw shape: (1559, 5), index: <class 'pandas.core.indexes.datetimes.DatetimeIndex'>, cols: Index(['Open', 'High', 'Low', 'Close', 'Volume'], dtype='object')
2025-12-28 11:55:10,233 INFO: [Loader Debug] 069500 Date Range: 2019-01-01 00:00:00 ~ 2024-12-20 00:00:00 vs Target: 2022-09-24 ~ 2023-06-23
2025-12-28 11:55:10,234 INFO: [Loader Debug] 069500 Filtered rows: 195
2025-12-28 11:55:10,235 INFO: [Loader Debug] 091160 path: data\cache\091160.parquet exists: True
2025-12-28 11:55:10,236 INFO: [Loader Debug] 091160 raw shape: (1559, 5), index: <class 'pandas.core.indexes.datetimes.DatetimeIndex'>, cols: Index(['Open', 'High', 'Low', 'Close', 'Volume'], dtype='object')
2025-12-28 11:55:10,237 INFO: [Loader Debug] 091160 Date Range: 2019-01-01 00:00:00 ~ 2024-12-20 00:00:00 vs Target: 2022-09-24 ~ 2023-06-23
2025-12-28 11:55:10,238 INFO: [Loader Debug] 091160 Filtered rows: 195
2025-12-28 11:55:10,238 INFO: [Loader Debug] 102110 path: data\cache\102110.parquet exists: True
2025-12-28 11:55:10,239 INFO: [Loader Debug] 102110 raw shape: (1559, 5), index: <class 'pandas.core.indexes.datetimes.DatetimeIndex'>, cols: Index(['Open', 'High', 'Low', 'Close', 'Volume'], dtype='object')
2025-12-28 11:55:10,241 INFO: [Loader Debug] 102110 Date Range: 2019-01-01 00:00:00 ~ 2024-12-20 00:00:00 vs Target: 2022-09-24 ~ 2023-06-23
2025-12-28 11:55:10,241 INFO: [Loader Debug] 102110 Filtered rows: 195
2025-12-28 11:55:10,242 INFO: [Loader Debug] 114800 path: data\cache\114800.parquet exists: True
2025-12-28 11:55:10,243 INFO: [Loader Debug] 114800 raw shape: (1559, 5), index: <class 'pandas.core.indexes.datetimes.DatetimeIndex'>, cols: Index(['Open', 'High', 'Low', 'Close', 'Volume'], dtype='object')
2025-12-28 11:55:10,244 INFO: [Loader Debug] 114800 Date Range: 2019-01-01 00:00:00 ~ 2024-12-20 00:00:00 vs Target: 2022-09-24 ~ 2023-06-23
2025-12-28 11:55:10,245 INFO: [Loader Debug] 114800 Filtered rows: 195
2025-12-28 11:55:10,246 INFO: [Loader Debug] 122630 path: data\cache\122630.parquet exists: True
2025-12-28 11:55:10,247 INFO: [Loader Debug] 122630 raw shape: (1559, 5), index: <class 'pandas.core.indexes.datetimes.DatetimeIndex'>, cols: Index(['Open', 'High', 'Low', 'Close', 'Volume'], dtype='object')
2025-12-28 11:55:10,248 INFO: [Loader Debug] 122630 Date Range: 2019-01-01 00:00:00 ~ 2024-12-20 00:00:00 vs Target: 2022-09-24 ~ 2023-06-23
2025-12-28 11:55:10,249 INFO: [Loader Debug] 122630 Filtered rows: 195
2025-12-28 11:55:10,249 INFO: [Loader Debug] 229200 path: data\cache\229200.parquet exists: True
2025-12-28 11:55:10,251 INFO: [Loader Debug] 229200 raw shape: (1559, 5), index: <class 'pandas.core.indexes.datetimes.DatetimeIndex'>, cols: Index(['Open', 'High', 'Low', 'Close', 'Volume'], dtype='object')
2025-12-28 11:55:10,252 INFO: [Loader Debug] 229200 Date Range: 2019-01-01 00:00:00 ~ 2024-12-20 00:00:00 vs Target: 2022-09-24 ~ 2023-06-23
2025-12-28 11:55:10,252 INFO: [Loader Debug] 229200 Filtered rows: 195
2025-12-28 11:55:10,253 INFO: [Loader Debug] 233740 path: data\cache\233740.parquet exists: True
2025-12-28 11:55:10,254 INFO: [Loader Debug] 233740 raw shape: (1559, 5), index: <class 'pandas.core.indexes.datetimes.DatetimeIndex'>, cols: Index(['Open', 'High', 'Low', 'Close', 'Volume'], dtype='object')
2025-12-28 11:55:10,255 INFO: [Loader Debug] 233740 Date Range: 2019-01-01 00:00:00 ~ 2024-12-20 00:00:00 vs Target: 2022-09-24 ~ 2023-06-23
2025-12-28 11:55:10,256 INFO: [Loader Debug] 233740 Filtered rows: 195
2025-12-28 11:55:10,256 INFO: [Loader Debug] 252670 path: data\cache\252670.parquet exists: True
2025-12-28 11:55:10,258 INFO: [Loader Debug] 252670 raw shape: (1559, 5), index: <class 'pandas.core.indexes.datetimes.DatetimeIndex'>, cols: Index(['Open', 'High', 'Low', 'Close', 'Volume'], dtype='object')
2025-12-28 11:55:10,259 INFO: [Loader Debug] 252670 Date Range: 2019-01-01 00:00:00 ~ 2024-12-20 00:00:00 vs Target: 2022-09-24 ~ 2023-06-23
2025-12-28 11:55:10,260 INFO: [Loader Debug] 252670 Filtered rows: 195
2025-12-28 11:55:10,260 INFO: [Loader Debug] 261240 path: data\cache\261240.parquet exists: True
2025-12-28 11:55:10,262 INFO: [Loader Debug] 261240 raw shape: (1559, 5), index: <class 'pandas.core.indexes.datetimes.DatetimeIndex'>, cols: Index(['Open', 'High', 'Low', 'Close', 'Volume'], dtype='object')
2025-12-28 11:55:10,263 INFO: [Loader Debug] 261240 Date Range: 2019-01-01 00:00:00 ~ 2024-12-20 00:00:00 vs Target: 2022-09-24 ~ 2023-06-23
2025-12-28 11:55:10,264 INFO: [Loader Debug] 261240 Filtered rows: 195
2025-12-28 11:55:10,264 INFO: [Loader Debug] 305720 path: data\cache\305720.parquet exists: True
2025-12-28 11:55:10,265 INFO: [Loader Debug] 305720 raw shape: (1559, 5), index: <class 'pandas.core.indexes.datetimes.DatetimeIndex'>, cols: Index(['Open', 'High', 'Low', 'Close', 'Volume'], dtype='object')
2025-12-28 11:55:10,267 INFO: [Loader Debug] 305720 Date Range: 2019-01-01 00:00:00 ~ 2024-12-20 00:00:00 vs Target: 2022-09-24 ~ 2023-06-23
2025-12-28 11:55:10,267 INFO: [Loader Debug] 305720 Filtered rows: 195
2025-12-28 11:55:10,269 INFO: [Normalization] Initial Shape: (2730, 5), Index: <class 'pandas.core.indexes.multi.MultiIndex'>, Columns: ['open', 'high', 'low', 'close', 'volume']
2025-12-28 11:55:10,269 INFO: [EVIDENCE] Data Pipeline Trace:
1. Load Shape: (2730, 5)
   - Index Type: <class 'pandas.core.indexes.multi.MultiIndex'>
   - Levels: ['code', 'date']
   - Date Range: 2022-09-26 00:00:00 ~ 2023-06-23 00:00:00
   - Unique Symbols: 14 (Sample: ['005930', '035420', '035720'])
2. Universe Coverage: Requested=14, Loaded=14, Missing=0
6. Final Columns: ['open', 'high', 'low', 'close', 'volume']
2025-12-28 11:55:10,344 INFO: ✅ 설정 파일 로드: E:\AI Study\krx_alertor_modular\config\regime_params.yaml
2025-12-28 11:55:10,344 INFO: MarketRegimeDetector 초기화: MA=50/200일, 임계값=2.0/-2.0%
2025-12-28 11:55:10,347 INFO: RSI 프로파일 로드 완료: ['balanced', 'conservative', 'aggressive']
2025-12-28 11:55:10,347 INFO: [EVIDENCE] BacktestRunner.run called with params: ma_period=100, rsi_period=58, stop_loss=0.13
2025-12-28 11:55:10,347 INFO: BacktestEngine 초기화: instrument_type=etf, tax_rate=0.00%
2025-12-28 11:55:10,485 WARNING: 매수 불가 (233740): 자금 부족: 1,096,447 > 265,015
2025-12-28 11:55:10,486 WARNING: 매수 불가 (233740): 자금 부족: 11,163,764 > 9,885,945
2025-12-28 11:55:10,486 WARNING: 매수 불가 (233740): 자금 부족: 11,171,088 > 9,885,945
2025-12-28 11:55:10,486 WARNING: 매수 불가 (233740): 자금 부족: 11,129,356 > 9,885,945
2025-12-28 11:55:10,487 WARNING: 매수 불가 (233740): 자금 부족: 11,039,740 > 9,885,945
2025-12-28 11:55:10,498 WARNING: 매수 불가 (233740): 자금 부족: 1,105,643 > 669,818
2025-12-28 11:55:10,498 WARNING: 매수 불가 (233740): 자금 부족: 10,851,317 > 9,938,381
2025-12-28 11:55:10,498 WARNING: 매수 불가 (233740): 자금 부족: 10,718,907 > 9,938,381
2025-12-28 11:55:10,499 WARNING: 매수 불가 (233740): 자금 부족: 10,419,897 > 9,938,381
2025-12-28 11:55:10,499 WARNING: 매수 불가 (233740): 자금 부족: 10,454,813 > 9,938,381
2025-12-28 11:55:10,583 WARNING: 매수 불가 (252670): 자금 부족: 1,052,953 > 495,482
2025-12-28 11:55:10,583 WARNING: 매수 불가 (252670): 자금 부족: 11,323,298 > 9,990,263
2025-12-28 11:55:10,584 WARNING: 매수 불가 (252670): 자금 부족: 11,187,801 > 9,990,263
2025-12-28 11:55:10,584 WARNING: 매수 불가 (252670): 자금 부족: 11,194,105 > 9,990,263
2025-12-28 11:55:10,585 WARNING: 매수 불가 (252670): 자금 부족: 11,027,251 > 9,990,263
2025-12-28 11:55:10,608 WARNING: 매수 불가 (252670): 자금 부족: 1,064,077 > 806,996
2025-12-28 11:55:10,609 WARNING: 매수 불가 (252670): 자금 부족: 10,477,177 > 9,911,648
2025-12-28 11:55:10,610 INFO: Split 계산: Train=16M, Val=14M, Test=6M
2025-12-28 11:55:10,610 INFO: [캐시] lb=12M, key=7bacf271
2025-12-28 11:55:10,610 INFO: UNIVERSE requested=14(hash=989dbc28) effective=14(hash=989dbc28)
2025-12-28 11:55:10,611 INFO: [Loader Debug] 005930 path: data\cache\005930.parquet exists: True
2025-12-28 11:55:10,613 INFO: [Loader Debug] 005930 raw shape: (1559, 5), index: <class 'pandas.core.indexes.datetimes.DatetimeIndex'>, cols: Index(['Open', 'High', 'Low', 'Close', 'Volume'], dtype='object')
2025-12-28 11:55:10,614 INFO: [Loader Debug] 005930 Date Range: 2019-01-01 00:00:00 ~ 2024-12-20 00:00:00 vs Target: 2020-10-06 ~ 2022-04-29
2025-12-28 11:55:10,615 INFO: [Loader Debug] 005930 Filtered rows: 409
2025-12-28 11:55:10,615 INFO: [Loader Debug] 035420 path: data\cache\035420.parquet exists: True
2025-12-28 11:55:10,616 INFO: [Loader Debug] 035420 raw shape: (1559, 5), index: <class 'pandas.core.indexes.datetimes.DatetimeIndex'>, cols: Index(['Open', 'High', 'Low', 'Close', 'Volume'], dtype='object')
2025-12-28 11:55:10,617 INFO: [Loader Debug] 035420 Date Range: 2019-01-01 00:00:00 ~ 2024-12-20 00:00:00 vs Target: 2020-10-06 ~ 2022-04-29
2025-12-28 11:55:10,618 INFO: [Loader Debug] 035420 Filtered rows: 409
2025-12-28 11:55:10,618 INFO: [Loader Debug] 035720 path: data\cache\035720.parquet exists: True
2025-12-28 11:55:10,620 INFO: [Loader Debug] 035720 raw shape: (1559, 5), index: <class 'pandas.core.indexes.datetimes.DatetimeIndex'>, cols: Index(['Open', 'High', 'Low', 'Close', 'Volume'], dtype='object')
2025-12-28 11:55:10,621 INFO: [Loader Debug] 035720 Date Range: 2019-01-01 00:00:00 ~ 2024-12-20 00:00:00 vs Target: 2020-10-06 ~ 2022-04-29
2025-12-28 11:55:10,622 INFO: [Loader Debug] 035720 Filtered rows: 409
2025-12-28 11:55:10,622 INFO: [Loader Debug] 051910 path: data\cache\051910.parquet exists: True
2025-12-28 11:55:10,623 INFO: [Loader Debug] 051910 raw shape: (1559, 5), index: <class 'pandas.core.indexes.datetimes.DatetimeIndex'>, cols: Index(['Open', 'High', 'Low', 'Close', 'Volume'], dtype='object')
2025-12-28 11:55:10,625 INFO: [Loader Debug] 051910 Date Range: 2019-01-01 00:00:00 ~ 2024-12-20 00:00:00 vs Target: 2020-10-06 ~ 2022-04-29
2025-12-28 11:55:10,626 INFO: [Loader Debug] 051910 Filtered rows: 409
2025-12-28 11:55:10,626 INFO: [Loader Debug] 069500 path: data\cache\069500.parquet exists: True
2025-12-28 11:55:10,627 INFO: [Loader Debug] 069500 raw shape: (1559, 5), index: <class 'pandas.core.indexes.datetimes.DatetimeIndex'>, cols: Index(['Open', 'High', 'Low', 'Close', 'Volume'], dtype='object')
2025-12-28 11:55:10,628 INFO: [Loader Debug] 069500 Date Range: 2019-01-01 00:00:00 ~ 2024-12-20 00:00:00 vs Target: 2020-10-06 ~ 2022-04-29
2025-12-28 11:55:10,629 INFO: [Loader Debug] 069500 Filtered rows: 409
2025-12-28 11:55:10,629 INFO: [Loader Debug] 091160 path: data\cache\091160.parquet exists: True
2025-12-28 11:55:10,631 INFO: [Loader Debug] 091160 raw shape: (1559, 5), index: <class 'pandas.core.indexes.datetimes.DatetimeIndex'>, cols: Index(['Open', 'High', 'Low', 'Close', 'Volume'], dtype='object')
2025-12-28 11:55:10,632 INFO: [Loader Debug] 091160 Date Range: 2019-01-01 00:00:00 ~ 2024-12-20 00:00:00 vs Target: 2020-10-06 ~ 2022-04-29
2025-12-28 11:55:10,633 INFO: [Loader Debug] 091160 Filtered rows: 409
2025-12-28 11:55:10,633 INFO: [Loader Debug] 102110 path: data\cache\102110.parquet exists: True
2025-12-28 11:55:10,634 INFO: [Loader Debug] 102110 raw shape: (1559, 5), index: <class 'pandas.core.indexes.datetimes.DatetimeIndex'>, cols: Index(['Open', 'High', 'Low', 'Close', 'Volume'], dtype='object')
2025-12-28 11:55:10,635 INFO: [Loader Debug] 102110 Date Range: 2019-01-01 00:00:00 ~ 2024-12-20 00:00:00 vs Target: 2020-10-06 ~ 2022-04-29
2025-12-28 11:55:10,636 INFO: [Loader Debug] 102110 Filtered rows: 409
2025-12-28 11:55:10,636 INFO: [Loader Debug] 114800 path: data\cache\114800.parquet exists: True
2025-12-28 11:55:10,637 INFO: [Loader Debug] 114800 raw shape: (1559, 5), index: <class 'pandas.core.indexes.datetimes.DatetimeIndex'>, cols: Index(['Open', 'High', 'Low', 'Close', 'Volume'], dtype='object')
2025-12-28 11:55:10,639 INFO: [Loader Debug] 114800 Date Range: 2019-01-01 00:00:00 ~ 2024-12-20 00:00:00 vs Target: 2020-10-06 ~ 2022-04-29
2025-12-28 11:55:10,640 INFO: [Loader Debug] 114800 Filtered rows: 409
2025-12-28 11:55:10,640 INFO: [Loader Debug] 122630 path: data\cache\122630.parquet exists: True
2025-12-28 11:55:10,641 INFO: [Loader Debug] 122630 raw shape: (1559, 5), index: <class 'pandas.core.indexes.datetimes.DatetimeIndex'>, cols: Index(['Open', 'High', 'Low', 'Close', 'Volume'], dtype='object')
2025-12-28 11:55:10,642 INFO: [Loader Debug] 122630 Date Range: 2019-01-01 00:00:00 ~ 2024-12-20 00:00:00 vs Target: 2020-10-06 ~ 2022-04-29
2025-12-28 11:55:10,643 INFO: [Loader Debug] 122630 Filtered rows: 409
2025-12-28 11:55:10,643 INFO: [Loader Debug] 229200 path: data\cache\229200.parquet exists: True
2025-12-28 11:55:10,645 INFO: [Loader Debug] 229200 raw shape: (1559, 5), index: <class 'pandas.core.indexes.datetimes.DatetimeIndex'>, cols: Index(['Open', 'High', 'Low', 'Close', 'Volume'], dtype='object')
2025-12-28 11:55:10,646 INFO: [Loader Debug] 229200 Date Range: 2019-01-01 00:00:00 ~ 2024-12-20 00:00:00 vs Target: 2020-10-06 ~ 2022-04-29
2025-12-28 11:55:10,646 INFO: [Loader Debug] 229200 Filtered rows: 409
2025-12-28 11:55:10,646 INFO: [Loader Debug] 233740 path: data\cache\233740.parquet exists: True
2025-12-28 11:55:10,648 INFO: [Loader Debug] 233740 raw shape: (1559, 5), index: <class 'pandas.core.indexes.datetimes.DatetimeIndex'>, cols: Index(['Open', 'High', 'Low', 'Close', 'Volume'], dtype='object')
2025-12-28 11:55:10,649 INFO: [Loader Debug] 233740 Date Range: 2019-01-01 00:00:00 ~ 2024-12-20 00:00:00 vs Target: 2020-10-06 ~ 2022-04-29
2025-12-28 11:55:10,650 INFO: [Loader Debug] 233740 Filtered rows: 409
2025-12-28 11:55:10,650 INFO: [Loader Debug] 252670 path: data\cache\252670.parquet exists: True
2025-12-28 11:55:10,651 INFO: [Loader Debug] 252670 raw shape: (1559, 5), index: <class 'pandas.core.indexes.datetimes.DatetimeIndex'>, cols: Index(['Open', 'High', 'Low', 'Close', 'Volume'], dtype='object')
2025-12-28 11:55:10,653 INFO: [Loader Debug] 252670 Date Range: 2019-01-01 00:00:00 ~ 2024-12-20 00:00:00 vs Target: 2020-10-06 ~ 2022-04-29
2025-12-28 11:55:10,654 INFO: [Loader Debug] 252670 Filtered rows: 409
2025-12-28 11:55:10,654 INFO: [Loader Debug] 261240 path: data\cache\261240.parquet exists: True
2025-12-28 11:55:10,655 INFO: [Loader Debug] 261240 raw shape: (1559, 5), index: <class 'pandas.core.indexes.datetimes.DatetimeIndex'>, cols: Index(['Open', 'High', 'Low', 'Close', 'Volume'], dtype='object')
2025-12-28 11:55:10,656 INFO: [Loader Debug] 261240 Date Range: 2019-01-01 00:00:00 ~ 2024-12-20 00:00:00 vs Target: 2020-10-06 ~ 2022-04-29
2025-12-28 11:55:10,657 INFO: [Loader Debug] 261240 Filtered rows: 409
2025-12-28 11:55:10,657 INFO: [Loader Debug] 305720 path: data\cache\305720.parquet exists: True
2025-12-28 11:55:10,659 INFO: [Loader Debug] 305720 raw shape: (1559, 5), index: <class 'pandas.core.indexes.datetimes.DatetimeIndex'>, cols: Index(['Open', 'High', 'Low', 'Close', 'Volume'], dtype='object')
2025-12-28 11:55:10,660 INFO: [Loader Debug] 305720 Date Range: 2019-01-01 00:00:00 ~ 2024-12-20 00:00:00 vs Target: 2020-10-06 ~ 2022-04-29
2025-12-28 11:55:10,661 INFO: [Loader Debug] 305720 Filtered rows: 409
2025-12-28 11:55:10,663 INFO: [Normalization] Initial Shape: (5726, 5), Index: <class 'pandas.core.indexes.multi.MultiIndex'>, Columns: ['open', 'high', 'low', 'close', 'volume']
2025-12-28 11:55:10,663 INFO: [EVIDENCE] Data Pipeline Trace:
1. Load Shape: (5726, 5)
   - Index Type: <class 'pandas.core.indexes.multi.MultiIndex'>
   - Levels: ['code', 'date']
   - Date Range: 2020-10-06 00:00:00 ~ 2022-04-29 00:00:00
   - Unique Symbols: 14 (Sample: ['005930', '035420', '035720'])
2. Universe Coverage: Requested=14, Loaded=14, Missing=0
6. Final Columns: ['open', 'high', 'low', 'close', 'volume']
2025-12-28 11:55:10,772 INFO: ✅ 설정 파일 로드: E:\AI Study\krx_alertor_modular\config\regime_params.yaml
2025-12-28 11:55:10,772 INFO: MarketRegimeDetector 초기화: MA=50/200일, 임계값=2.0/-2.0%
2025-12-28 11:55:10,775 INFO: RSI 프로파일 로드 완료: ['balanced', 'conservative', 'aggressive']
2025-12-28 11:55:10,775 INFO: [EVIDENCE] BacktestRunner.run called with params: ma_period=100, rsi_period=58, stop_loss=0.13
2025-12-28 11:55:10,775 INFO: BacktestEngine 초기화: instrument_type=etf, tax_rate=0.00%
2025-12-28 11:55:10,831 WARNING: 매수 불가 (035720): 자금 부족: 1,149,313 > 266,120
2025-12-28 11:55:10,832 WARNING: 매수 불가 (035720): 자금 부족: 11,446,046 > 9,949,290
2025-12-28 11:55:10,832 WARNING: 매수 불가 (035720): 자금 부족: 11,271,107 > 9,949,290
2025-12-28 11:55:10,833 WARNING: 매수 불가 (035720): 자금 부족: 11,117,170 > 9,949,290
2025-12-28 11:55:10,833 WARNING: 매수 불가 (035720): 자금 부족: 11,427,514 > 9,949,290
2025-12-28 11:55:10,844 WARNING: 매수 불가 (252670): 자금 부족: 1,132,509 > 968,927
2025-12-28 11:55:10,844 WARNING: 매수 불가 (229200): 자금 부족: 1,070,557 > 968,927
2025-12-28 11:55:10,845 WARNING: 매수 불가 (229200): 자금 부족: 5,700,540 > 4,325,534
2025-12-28 11:55:10,845 WARNING: 매수 불가 (229200): 자금 부족: 11,475,088 > 9,878,564
2025-12-28 11:55:10,846 WARNING: 매수 불가 (229200): 자금 부족: 11,345,826 > 9,878,564
2025-12-28 11:55:10,846 WARNING: 매수 불가 (229200): 자금 부족: 11,424,521 > 9,878,564
2025-12-28 11:55:10,857 WARNING: 매수 불가 (252670): 자금 부족: 1,093,487 > 372,376
2025-12-28 11:55:10,858 WARNING: 매수 불가 (252670): 자금 부족: 11,003,929 > 9,855,979
2025-12-28 11:55:10,858 WARNING: 매수 불가 (252670): 자금 부족: 10,786,830 > 9,855,979
2025-12-28 11:55:10,859 WARNING: 매수 불가 (252670): 자금 부족: 10,708,024 > 9,855,979
2025-12-28 11:55:10,859 WARNING: 매수 불가 (252670): 자금 부족: 10,674,966 > 9,855,979
2025-12-28 11:55:10,871 WARNING: 매수 불가 (091160): 자금 부족: 1,063,237 > 1,053,023
2025-12-28 11:55:10,871 WARNING: 매수 불가 (091160): 자금 부족: 10,927,078 > 9,960,647
2025-12-28 11:55:10,871 WARNING: 매수 불가 (091160): 자금 부족: 11,140,973 > 9,960,647
2025-12-28 11:55:10,872 WARNING: 매수 불가 (091160): 자금 부족: 11,060,316 > 9,960,647
2025-12-28 11:55:10,872 WARNING: 매수 불가 (091160): 자금 부족: 11,103,415 > 9,960,647
2025-12-28 11:55:10,883 WARNING: 매수 불가 (102110): 자금 부족: 1,020,830 > 886,456
2025-12-28 11:55:10,884 WARNING: 매수 불가 (102110): 자금 부족: 11,223,961 > 9,929,056
2025-12-28 11:55:10,884 WARNING: 매수 불가 (102110): 자금 부족: 11,157,171 > 9,929,056
2025-12-28 11:55:10,885 WARNING: 매수 불가 (102110): 자금 부족: 11,252,588 > 9,929,056
2025-12-28 11:55:10,885 WARNING: 매수 불가 (102110): 자금 부족: 11,157,254 > 9,929,056
2025-12-28 11:55:10,896 WARNING: 매수 불가 (252670): 자금 부족: 1,116,448 > 991,054
2025-12-28 11:55:10,896 WARNING: 매수 불가 (252670): 자금 부족: 11,007,285 > 9,931,208
2025-12-28 11:55:10,897 WARNING: 매수 불가 (252670): 자금 부족: 11,213,914 > 9,931,208
2025-12-28 11:55:10,897 WARNING: 매수 불가 (252670): 자금 부족: 11,360,111 > 9,931,208
2025-12-28 11:55:10,898 WARNING: 매수 불가 (252670): 자금 부족: 11,347,755 > 9,931,208
2025-12-28 11:55:10,995 WARNING: 매수 불가 (091160): 자금 부족: 1,003,874 > 913,807
2025-12-28 11:55:10,996 WARNING: 매수 불가 (091160): 자금 부족: 10,630,707 > 9,849,141
2025-12-28 11:55:10,997 WARNING: 매수 불가 (091160): 자금 부족: 10,662,941 > 9,849,141
2025-12-28 11:55:10,997 WARNING: 매수 불가 (091160): 자금 부족: 10,391,017 > 9,849,141
2025-12-28 11:55:10,997 WARNING: 매수 불가 (091160): 자금 부족: 10,433,428 > 9,849,141
2025-12-28 11:55:11,009 WARNING: 매수 불가 (252670): 자금 부족: 1,041,034 > 809,786
2025-12-28 11:55:11,009 WARNING: 매수 불가 (252670): 자금 부족: 10,510,669 > 9,717,511
2025-12-28 11:55:11,010 WARNING: 매수 불가 (252670): 자금 부족: 10,389,008 > 9,717,511
2025-12-28 11:55:11,010 WARNING: 매수 불가 (252670): 자금 부족: 10,490,639 > 9,717,511
2025-12-28 11:55:11,011 WARNING: 매수 불가 (252670): 자금 부족: 10,416,319 > 9,717,511
2025-12-28 11:55:11,022 WARNING: 매수 불가 (305720): 자금 부족: 1,027,504 > 678,557
2025-12-28 11:55:11,022 WARNING: 매수 불가 (305720): 자금 부족: 10,432,945 > 9,758,367
2025-12-28 11:55:11,023 WARNING: 매수 불가 (305720): 자금 부족: 10,578,367 > 9,758,367
2025-12-28 11:55:11,023 WARNING: 매수 불가 (305720): 자금 부족: 10,618,596 > 9,758,367
2025-12-28 11:55:11,024 WARNING: 매수 불가 (305720): 자금 부족: 10,690,621 > 9,758,367
2025-12-28 11:55:11,048 WARNING: 매수 불가 (114800): 자금 부족: 974,395 > 912,637
2025-12-28 11:55:11,048 WARNING: 매수 불가 (114800): 자금 부족: 10,489,619 > 9,678,570
2025-12-28 11:55:11,049 WARNING: 매수 불가 (114800): 자금 부족: 10,572,529 > 9,678,570
2025-12-28 11:55:11,049 WARNING: 매수 불가 (114800): 자금 부족: 10,433,385 > 9,678,570
2025-12-28 11:55:11,050 WARNING: 매수 불가 (114800): 자금 부족: 10,218,955 > 9,678,570
2025-12-28 11:55:11,586 INFO: UNIVERSE requested=14(hash=989dbc28) effective=14(hash=989dbc28)
2025-12-28 11:55:11,587 INFO: [Loader Debug] 005930 path: data\cache\005930.parquet exists: True
2025-12-28 11:55:11,589 INFO: [Loader Debug] 005930 raw shape: (1559, 5), index: <class 'pandas.core.indexes.datetimes.DatetimeIndex'>, cols: Index(['Open', 'High', 'Low', 'Close', 'Volume'], dtype='object')
2025-12-28 11:55:11,590 INFO: [Loader Debug] 005930 Date Range: 2019-01-01 00:00:00 ~ 2024-12-20 00:00:00 vs Target: 2022-03-25 ~ 2023-06-23
2025-12-28 11:55:11,591 INFO: [Loader Debug] 005930 Filtered rows: 326
2025-12-28 11:55:11,591 INFO: [Loader Debug] 035420 path: data\cache\035420.parquet exists: True
2025-12-28 11:55:11,592 INFO: [Loader Debug] 035420 raw shape: (1559, 5), index: <class 'pandas.core.indexes.datetimes.DatetimeIndex'>, cols: Index(['Open', 'High', 'Low', 'Close', 'Volume'], dtype='object')
2025-12-28 11:55:11,593 INFO: [Loader Debug] 035420 Date Range: 2019-01-01 00:00:00 ~ 2024-12-20 00:00:00 vs Target: 2022-03-25 ~ 2023-06-23
2025-12-28 11:55:11,594 INFO: [Loader Debug] 035420 Filtered rows: 326
2025-12-28 11:55:11,594 INFO: [Loader Debug] 035720 path: data\cache\035720.parquet exists: True
2025-12-28 11:55:11,595 INFO: [Loader Debug] 035720 raw shape: (1559, 5), index: <class 'pandas.core.indexes.datetimes.DatetimeIndex'>, cols: Index(['Open', 'High', 'Low', 'Close', 'Volume'], dtype='object')
2025-12-28 11:55:11,597 INFO: [Loader Debug] 035720 Date Range: 2019-01-01 00:00:00 ~ 2024-12-20 00:00:00 vs Target: 2022-03-25 ~ 2023-06-23
2025-12-28 11:55:11,597 INFO: [Loader Debug] 035720 Filtered rows: 326
2025-12-28 11:55:11,597 INFO: [Loader Debug] 051910 path: data\cache\051910.parquet exists: True
2025-12-28 11:55:11,599 INFO: [Loader Debug] 051910 raw shape: (1559, 5), index: <class 'pandas.core.indexes.datetimes.DatetimeIndex'>, cols: Index(['Open', 'High', 'Low', 'Close', 'Volume'], dtype='object')
2025-12-28 11:55:11,600 INFO: [Loader Debug] 051910 Date Range: 2019-01-01 00:00:00 ~ 2024-12-20 00:00:00 vs Target: 2022-03-25 ~ 2023-06-23
2025-12-28 11:55:11,600 INFO: [Loader Debug] 051910 Filtered rows: 326
2025-12-28 11:55:11,601 INFO: [Loader Debug] 069500 path: data\cache\069500.parquet exists: True
2025-12-28 11:55:11,602 INFO: [Loader Debug] 069500 raw shape: (1559, 5), index: <class 'pandas.core.indexes.datetimes.DatetimeIndex'>, cols: Index(['Open', 'High', 'Low', 'Close', 'Volume'], dtype='object')
2025-12-28 11:55:11,603 INFO: [Loader Debug] 069500 Date Range: 2019-01-01 00:00:00 ~ 2024-12-20 00:00:00 vs Target: 2022-03-25 ~ 2023-06-23
2025-12-28 11:55:11,604 INFO: [Loader Debug] 069500 Filtered rows: 326
2025-12-28 11:55:11,604 INFO: [Loader Debug] 091160 path: data\cache\091160.parquet exists: True
2025-12-28 11:55:11,605 INFO: [Loader Debug] 091160 raw shape: (1559, 5), index: <class 'pandas.core.indexes.datetimes.DatetimeIndex'>, cols: Index(['Open', 'High', 'Low', 'Close', 'Volume'], dtype='object')
2025-12-28 11:55:11,606 INFO: [Loader Debug] 091160 Date Range: 2019-01-01 00:00:00 ~ 2024-12-20 00:00:00 vs Target: 2022-03-25 ~ 2023-06-23
2025-12-28 11:55:11,607 INFO: [Loader Debug] 091160 Filtered rows: 326
2025-12-28 11:55:11,607 INFO: [Loader Debug] 102110 path: data\cache\102110.parquet exists: True
2025-12-28 11:55:11,609 INFO: [Loader Debug] 102110 raw shape: (1559, 5), index: <class 'pandas.core.indexes.datetimes.DatetimeIndex'>, cols: Index(['Open', 'High', 'Low', 'Close', 'Volume'], dtype='object')
2025-12-28 11:55:11,610 INFO: [Loader Debug] 102110 Date Range: 2019-01-01 00:00:00 ~ 2024-12-20 00:00:00 vs Target: 2022-03-25 ~ 2023-06-23
2025-12-28 11:55:11,611 INFO: [Loader Debug] 102110 Filtered rows: 326
2025-12-28 11:55:11,611 INFO: [Loader Debug] 114800 path: data\cache\114800.parquet exists: True
2025-12-28 11:55:11,613 INFO: [Loader Debug] 114800 raw shape: (1559, 5), index: <class 'pandas.core.indexes.datetimes.DatetimeIndex'>, cols: Index(['Open', 'High', 'Low', 'Close', 'Volume'], dtype='object')
2025-12-28 11:55:11,614 INFO: [Loader Debug] 114800 Date Range: 2019-01-01 00:00:00 ~ 2024-12-20 00:00:00 vs Target: 2022-03-25 ~ 2023-06-23
2025-12-28 11:55:11,615 INFO: [Loader Debug] 114800 Filtered rows: 326
2025-12-28 11:55:11,615 INFO: [Loader Debug] 122630 path: data\cache\122630.parquet exists: True
2025-12-28 11:55:11,617 INFO: [Loader Debug] 122630 raw shape: (1559, 5), index: <class 'pandas.core.indexes.datetimes.DatetimeIndex'>, cols: Index(['Open', 'High', 'Low', 'Close', 'Volume'], dtype='object')
2025-12-28 11:55:11,618 INFO: [Loader Debug] 122630 Date Range: 2019-01-01 00:00:00 ~ 2024-12-20 00:00:00 vs Target: 2022-03-25 ~ 2023-06-23
2025-12-28 11:55:11,619 INFO: [Loader Debug] 122630 Filtered rows: 326
2025-12-28 11:55:11,619 INFO: [Loader Debug] 229200 path: data\cache\229200.parquet exists: True
2025-12-28 11:55:11,620 INFO: [Loader Debug] 229200 raw shape: (1559, 5), index: <class 'pandas.core.indexes.datetimes.DatetimeIndex'>, cols: Index(['Open', 'High', 'Low', 'Close', 'Volume'], dtype='object')
2025-12-28 11:55:11,621 INFO: [Loader Debug] 229200 Date Range: 2019-01-01 00:00:00 ~ 2024-12-20 00:00:00 vs Target: 2022-03-25 ~ 2023-06-23
2025-12-28 11:55:11,622 INFO: [Loader Debug] 229200 Filtered rows: 326
2025-12-28 11:55:11,622 INFO: [Loader Debug] 233740 path: data\cache\233740.parquet exists: True
2025-12-28 11:55:11,623 INFO: [Loader Debug] 233740 raw shape: (1559, 5), index: <class 'pandas.core.indexes.datetimes.DatetimeIndex'>, cols: Index(['Open', 'High', 'Low', 'Close', 'Volume'], dtype='object')
2025-12-28 11:55:11,624 INFO: [Loader Debug] 233740 Date Range: 2019-01-01 00:00:00 ~ 2024-12-20 00:00:00 vs Target: 2022-03-25 ~ 2023-06-23
2025-12-28 11:55:11,625 INFO: [Loader Debug] 233740 Filtered rows: 326
2025-12-28 11:55:11,625 INFO: [Loader Debug] 252670 path: data\cache\252670.parquet exists: True
2025-12-28 11:55:11,627 INFO: [Loader Debug] 252670 raw shape: (1559, 5), index: <class 'pandas.core.indexes.datetimes.DatetimeIndex'>, cols: Index(['Open', 'High', 'Low', 'Close', 'Volume'], dtype='object')
2025-12-28 11:55:11,628 INFO: [Loader Debug] 252670 Date Range: 2019-01-01 00:00:00 ~ 2024-12-20 00:00:00 vs Target: 2022-03-25 ~ 2023-06-23
2025-12-28 11:55:11,629 INFO: [Loader Debug] 252670 Filtered rows: 326
2025-12-28 11:55:11,629 INFO: [Loader Debug] 261240 path: data\cache\261240.parquet exists: True
2025-12-28 11:55:11,630 INFO: [Loader Debug] 261240 raw shape: (1559, 5), index: <class 'pandas.core.indexes.datetimes.DatetimeIndex'>, cols: Index(['Open', 'High', 'Low', 'Close', 'Volume'], dtype='object')
2025-12-28 11:55:11,631 INFO: [Loader Debug] 261240 Date Range: 2019-01-01 00:00:00 ~ 2024-12-20 00:00:00 vs Target: 2022-03-25 ~ 2023-06-23
2025-12-28 11:55:11,632 INFO: [Loader Debug] 261240 Filtered rows: 326
2025-12-28 11:55:11,632 INFO: [Loader Debug] 305720 path: data\cache\305720.parquet exists: True
2025-12-28 11:55:11,634 INFO: [Loader Debug] 305720 raw shape: (1559, 5), index: <class 'pandas.core.indexes.datetimes.DatetimeIndex'>, cols: Index(['Open', 'High', 'Low', 'Close', 'Volume'], dtype='object')
2025-12-28 11:55:11,635 INFO: [Loader Debug] 305720 Date Range: 2019-01-01 00:00:00 ~ 2024-12-20 00:00:00 vs Target: 2022-03-25 ~ 2023-06-23
2025-12-28 11:55:11,636 INFO: [Loader Debug] 305720 Filtered rows: 326
2025-12-28 11:55:11,638 INFO: [Normalization] Initial Shape: (4564, 5), Index: <class 'pandas.core.indexes.multi.MultiIndex'>, Columns: ['open', 'high', 'low', 'close', 'volume']
2025-12-28 11:55:11,638 INFO: [EVIDENCE] Data Pipeline Trace:
1. Load Shape: (4564, 5)
   - Index Type: <class 'pandas.core.indexes.multi.MultiIndex'>
   - Levels: ['code', 'date']
   - Date Range: 2022-03-25 00:00:00 ~ 2023-06-23 00:00:00
   - Unique Symbols: 14 (Sample: ['005930', '035420', '035720'])
2. Universe Coverage: Requested=14, Loaded=14, Missing=0
6. Final Columns: ['open', 'high', 'low', 'close', 'volume']
2025-12-28 11:55:11,728 INFO: ✅ 설정 파일 로드: E:\AI Study\krx_alertor_modular\config\regime_params.yaml
2025-12-28 11:55:11,729 INFO: MarketRegimeDetector 초기화: MA=50/200일, 임계값=2.0/-2.0%
2025-12-28 11:55:11,732 INFO: RSI 프로파일 로드 완료: ['balanced', 'conservative', 'aggressive']
2025-12-28 11:55:11,732 INFO: [EVIDENCE] BacktestRunner.run called with params: ma_period=100, rsi_period=58, stop_loss=0.13
2025-12-28 11:55:11,732 INFO: BacktestEngine 초기화: instrument_type=etf, tax_rate=0.00%
2025-12-28 11:55:12,077 WARNING: 매수 불가 (261240): 자금 부족: 1,052,715 > 810,166
2025-12-28 11:55:12,078 WARNING: 매수 불가 (261240): 자금 부족: 10,898,188 > 9,848,059
2025-12-28 11:55:12,078 WARNING: 매수 불가 (261240): 자금 부족: 10,978,653 > 9,848,059
2025-12-28 11:55:12,079 WARNING: 매수 불가 (261240): 자금 부족: 10,622,345 > 9,848,059
2025-12-28 11:55:12,079 WARNING: 매수 불가 (261240): 자금 부족: 10,682,438 > 9,848,059
2025-12-28 11:55:12,091 WARNING: 매수 불가 (005930): 자금 부족: 1,089,214 > 786,220
2025-12-28 11:55:12,092 WARNING: 매수 불가 (005930): 자금 부족: 10,921,045 > 9,808,595
2025-12-28 11:55:12,092 WARNING: 매수 불가 (005930): 자금 부족: 10,838,526 > 9,808,595
2025-12-28 11:55:12,092 WARNING: 매수 불가 (005930): 자금 부족: 10,690,182 > 9,808,595
2025-12-28 11:55:12,093 WARNING: 매수 불가 (005930): 자금 부족: 10,750,443 > 9,808,595
2025-12-28 11:55:12,192 WARNING: 매수 불가 (122630): 자금 부족: 984,817 > 906,217
2025-12-28 11:55:12,193 WARNING: 매수 불가 (122630): 자금 부족: 10,035,894 > 9,638,710
2025-12-28 11:55:12,193 WARNING: 매수 불가 (122630): 자금 부족: 10,295,663 > 9,638,710
2025-12-28 11:55:12,194 WARNING: 매수 불가 (122630): 자금 부족: 10,434,136 > 9,638,710
2025-12-28 11:55:12,194 WARNING: 매수 불가 (122630): 자금 부족: 10,759,377 > 9,638,710
2025-12-28 11:55:12,205 WARNING: 매수 불가 (233740): 자금 부족: 951,171 > 383,692
2025-12-28 11:55:12,206 WARNING: 매수 불가 (233740): 자금 부족: 10,781,726 > 9,578,770
2025-12-28 11:55:12,206 WARNING: 매수 불가 (233740): 자금 부족: 10,797,739 > 9,578,770
2025-12-28 11:55:12,207 WARNING: 매수 불가 (233740): 자금 부족: 10,792,407 > 9,578,770
2025-12-28 11:55:12,207 WARNING: 매수 불가 (233740): 자금 부족: 10,752,090 > 9,578,770
2025-12-28 11:55:12,219 WARNING: 매수 불가 (233740): 자금 부족: 919,978 > 428,413
2025-12-28 11:55:12,220 WARNING: 매수 불가 (233740): 자금 부족: 10,687,878 > 9,626,121
2025-12-28 11:55:12,220 WARNING: 매수 불가 (233740): 자금 부족: 10,489,606 > 9,626,121
2025-12-28 11:55:12,221 WARNING: 매수 불가 (233740): 자금 부족: 10,355,554 > 9,626,121
2025-12-28 11:55:12,221 WARNING: 매수 불가 (233740): 자금 부족: 10,040,991 > 9,626,121
2025-12-28 11:55:12,246 WARNING: 매수 불가 (035420): 자금 부족: 928,721 > 790,879
2025-12-28 11:55:12,247 WARNING: 매수 불가 (035420): 자금 부족: 10,066,351 > 9,577,521
2025-12-28 11:55:12,247 WARNING: 매수 불가 (035420): 자금 부족: 10,071,965 > 9,577,521
2025-12-28 11:55:12,248 WARNING: 매수 불가 (035420): 자금 부족: 10,220,295 > 9,577,521
2025-12-28 11:55:12,248 WARNING: 매수 불가 (035420): 자금 부족: 10,204,482 > 9,577,521
2025-12-28 11:55:12,298 WARNING: 매수 불가 (252670): 자금 부족: 1,051,691 > 995,399
2025-12-28 11:55:12,299 WARNING: 매수 불가 (252670): 자금 부족: 10,573,535 > 9,721,308
2025-12-28 11:55:12,299 WARNING: 매수 불가 (252670): 자금 부족: 10,772,128 > 9,721,308
2025-12-28 11:55:12,299 WARNING: 매수 불가 (252670): 자금 부족: 10,883,002 > 9,721,308
2025-12-28 11:55:12,300 WARNING: 매수 불가 (252670): 자금 부족: 10,849,160 > 9,721,308
2025-12-28 11:55:12,311 WARNING: 매수 불가 (252670): 자금 부족: 1,048,886 > 343,342
2025-12-28 11:55:12,312 WARNING: 매수 불가 (252670): 자금 부족: 10,839,220 > 9,777,867
2025-12-28 11:55:12,312 WARNING: 매수 불가 (252670): 자금 부족: 11,074,434 > 9,777,867
2025-12-28 11:55:12,312 WARNING: 매수 불가 (252670): 자금 부족: 10,939,183 > 9,777,867
2025-12-28 11:55:12,313 WARNING: 매수 불가 (252670): 자금 부족: 11,012,579 > 9,777,867
2025-12-28 11:55:12,348 ERROR: Orchestrator Crash: cannot access local variable 'final_score' where it is not associated with a value
Traceback (most recent call last):
  File "E:\AI Study\krx_alertor_modular\tools\run_phase15_realdata.py", line 494, in run_strict_phase15
    study.optimize(objective, n_trials=args.trials)
    ~~~~~~~~~~~~~~^^^^^^^^^^^^^^^^^^^^^^^^^^^^^^^^^
  File "C:\Users\minan\anaconda3\Lib\site-packages\optuna\study\study.py", line 490, in optimize
    _optimize(
    ~~~~~~~~~^
        study=self,
        ^^^^^^^^^^^
    ...<7 lines>...
        show_progress_bar=show_progress_bar,
        ^^^^^^^^^^^^^^^^^^^^^^^^^^^^^^^^^^^^
    )
    ^
  File "C:\Users\minan\anaconda3\Lib\site-packages\optuna\study\_optimize.py", line 63, in _optimize
    _optimize_sequential(
    ~~~~~~~~~~~~~~~~~~~~^
        study,
        ^^^^^^
    ...<8 lines>...
        progress_bar=progress_bar,
        ^^^^^^^^^^^^^^^^^^^^^^^^^^
    )
    ^
  File "C:\Users\minan\anaconda3\Lib\site-packages\optuna\study\_optimize.py", line 160, in _optimize_sequential
    frozen_trial_id = _run_trial(study, func, catch)
  File "C:\Users\minan\anaconda3\Lib\site-packages\optuna\study\_optimize.py", line 258, in _run_trial
    raise func_err
  File "C:\Users\minan\anaconda3\Lib\site-packages\optuna\study\_optimize.py", line 201, in _run_trial
    value_or_values = func(trial)
  File "E:\AI Study\krx_alertor_modular\tools\run_phase15_realdata.py", line 447, in objective
    trial.set_user_attr("valid", bool(final_score > -100))
                                      ^^^^^^^^^^^
UnboundLocalError: cannot access local variable 'final_score' where it is not associated with a value
2025-12-28 11:55:12,350 CRITICAL: Uncaught Exception:
Traceback (most recent call last):
  File "<frozen runpy>", line 198, in _run_module_as_main
  File "<frozen runpy>", line 88, in _run_code
  File "E:\AI Study\krx_alertor_modular\tools\run_phase15_realdata.py", line 662, in <module>
    run_strict_phase15("A", args)
    ~~~~~~~~~~~~~~~~~~^^^^^^^^^^^
  File "E:\AI Study\krx_alertor_modular\tools\run_phase15_realdata.py", line 494, in run_strict_phase15
    study.optimize(objective, n_trials=args.trials)
    ~~~~~~~~~~~~~~^^^^^^^^^^^^^^^^^^^^^^^^^^^^^^^^^
  File "C:\Users\minan\anaconda3\Lib\site-packages\optuna\study\study.py", line 490, in optimize
    _optimize(
    ~~~~~~~~~^
        study=self,
        ^^^^^^^^^^^
    ...<7 lines>...
        show_progress_bar=show_progress_bar,
        ^^^^^^^^^^^^^^^^^^^^^^^^^^^^^^^^^^^^
    )
    ^
  File "C:\Users\minan\anaconda3\Lib\site-packages\optuna\study\_optimize.py", line 63, in _optimize
    _optimize_sequential(
    ~~~~~~~~~~~~~~~~~~~~^
        study,
        ^^^^^^
    ...<8 lines>...
        progress_bar=progress_bar,
        ^^^^^^^^^^^^^^^^^^^^^^^^^^
    )
    ^
  File "C:\Users\minan\anaconda3\Lib\site-packages\optuna\study\_optimize.py", line 160, in _optimize_sequential
    frozen_trial_id = _run_trial(study, func, catch)
  File "C:\Users\minan\anaconda3\Lib\site-packages\optuna\study\_optimize.py", line 258, in _run_trial
    raise func_err
  File "C:\Users\minan\anaconda3\Lib\site-packages\optuna\study\_optimize.py", line 201, in _run_trial
    value_or_values = func(trial)
  File "E:\AI Study\krx_alertor_modular\tools\run_phase15_realdata.py", line 447, in objective
    trial.set_user_attr("valid", bool(final_score > -100))
                                      ^^^^^^^^^^^
UnboundLocalError: cannot access local variable 'final_score' where it is not associated with a value
2025-12-28 11:55:12,352 INFO: ResultPackager: Saving Artifacts...
