Traceback (most recent call last):
  File "E:\AI Study\krx_alertor_modular\tools\run_phase15_clean.py", line 205, in <module>
    run_clean_phase15("A", args)
    ~~~~~~~~~~~~~~~~~^^^^^^^^^^^
  File "E:\AI Study\krx_alertor_modular\tools\run_phase15_clean.py", line 178, in run_clean_phase15
    study.optimize(objective, n_trials=args.trials)
    ~~~~~~~~~~~~~~^^^^^^^^^^^^^^^^^^^^^^^^^^^^^^^^^
  File "C:\Users\minan\anaconda3\Lib\site-packages\optuna\study\study.py", line 490, in optimize
    _optimize(
    ~~~~~~~~~^
        study=self,
        ^^^^^^^^^^^
    ...<7 lines>...
        show_progress_bar=show_progress_bar,
        ^^^^^^^^^^^^^^^^^^^^^^^^^^^^^^^^^^^^
    )
    ^
  File "C:\Users\minan\anaconda3\Lib\site-packages\optuna\study\_optimize.py", line 63, in _optimize
    _optimize_sequential(
    ~~~~~~~~~~~~~~~~~~~~^
        study,
        ^^^^^^
    ...<8 lines>...
        progress_bar=progress_bar,
        ^^^^^^^^^^^^^^^^^^^^^^^^^^
    )
    ^
  File "C:\Users\minan\anaconda3\Lib\site-packages\optuna\study\_optimize.py", line 160, in _optimize_sequential
    frozen_trial_id = _run_trial(study, func, catch)
  File "C:\Users\minan\anaconda3\Lib\site-packages\optuna\study\_optimize.py", line 258, in _run_trial
    raise func_err
  File "C:\Users\minan\anaconda3\Lib\site-packages\optuna\study\_optimize.py", line 201, in _run_trial
    value_or_values = func(trial)
  File "E:\AI Study\krx_alertor_modular\tools\run_phase15_clean.py", line 171, in objective
    raise RuntimeError(msg)
RuntimeError: [CRITICAL UNKNOWN ERROR] Context: {'is_valid': True, 'guardrail': [], 'logic': []}

[CRITICAL UNKNOWN ERROR] Context: {'is_valid': True, 'guardrail': [], 'logic': []}