2025-12-28 13:10:32,608 INFO: === STRICT PHASE 1.5 START (RunID: real_20251228_131032_259bb4) ===
2025-12-28 13:10:32,751 INFO: NumExpr defaulting to 12 threads.
2025-12-28 13:10:32,898 INFO: [Phase 0] Preflight Check
2025-12-28 13:10:33,387 INFO: 캐시 기반 유니버스: 14개 종목 (지수 코드 제외)
2025-12-28 13:10:33,387 INFO: [Loader Debug] 005930 path: data\cache\005930.parquet exists: True
2025-12-28 13:10:33,431 INFO: [Loader Debug] 005930 raw shape: (1559, 5), index: <class 'pandas.core.indexes.datetimes.DatetimeIndex'>, cols: Index(['Open', 'High', 'Low', 'Close', 'Volume'], dtype='object')
2025-12-28 13:10:33,437 INFO: [Loader Debug] 005930 Date Range: 2019-01-01 00:00:00 ~ 2024-12-20 00:00:00 vs Target: 2021-01-01 ~ 2021-01-31
2025-12-28 13:10:33,438 INFO: [Loader Debug] 005930 Filtered rows: 21
2025-12-28 13:10:33,490 INFO: [Phase 1] Tuning Loop
2025-12-28 13:10:33,490 INFO: [Phase 4] Persistence Enabled: sqlite:///data\tuning_runs\real_20251228_131032_259bb4/optuna.db
2025-12-28 13:10:33,911 INFO: Split 계산: Train=16M, Val=14M, Test=6M
2025-12-28 13:10:33,912 INFO: [캐시] lb=3M, key=f61310f4
2025-12-28 13:10:33,933 INFO: UNIVERSE requested=14(hash=989dbc28) effective=14(hash=989dbc28)
2025-12-28 13:10:33,933 INFO: [Loader Debug] 005930 path: data\cache\005930.parquet exists: True
2025-12-28 13:10:33,936 INFO: [Loader Debug] 005930 raw shape: (1559, 5), index: <class 'pandas.core.indexes.datetimes.DatetimeIndex'>, cols: Index(['Open', 'High', 'Low', 'Close', 'Volume'], dtype='object')
2025-12-28 13:10:33,937 INFO: [Loader Debug] 005930 Date Range: 2019-01-01 00:00:00 ~ 2024-12-20 00:00:00 vs Target: 2020-10-06 ~ 2022-04-29
2025-12-28 13:10:33,938 INFO: [Loader Debug] 005930 Filtered rows: 409
2025-12-28 13:10:33,938 INFO: [Loader Debug] 035420 path: data\cache\035420.parquet exists: True
2025-12-28 13:10:33,940 INFO: [Loader Debug] 035420 raw shape: (1559, 5), index: <class 'pandas.core.indexes.datetimes.DatetimeIndex'>, cols: Index(['Open', 'High', 'Low', 'Close', 'Volume'], dtype='object')
2025-12-28 13:10:33,941 INFO: [Loader Debug] 035420 Date Range: 2019-01-01 00:00:00 ~ 2024-12-20 00:00:00 vs Target: 2020-10-06 ~ 2022-04-29
2025-12-28 13:10:33,942 INFO: [Loader Debug] 035420 Filtered rows: 409
2025-12-28 13:10:33,942 INFO: [Loader Debug] 035720 path: data\cache\035720.parquet exists: True
2025-12-28 13:10:33,944 INFO: [Loader Debug] 035720 raw shape: (1559, 5), index: <class 'pandas.core.indexes.datetimes.DatetimeIndex'>, cols: Index(['Open', 'High', 'Low', 'Close', 'Volume'], dtype='object')
2025-12-28 13:10:33,945 INFO: [Loader Debug] 035720 Date Range: 2019-01-01 00:00:00 ~ 2024-12-20 00:00:00 vs Target: 2020-10-06 ~ 2022-04-29
2025-12-28 13:10:33,946 INFO: [Loader Debug] 035720 Filtered rows: 409
2025-12-28 13:10:33,946 INFO: [Loader Debug] 051910 path: data\cache\051910.parquet exists: True
2025-12-28 13:10:33,948 INFO: [Loader Debug] 051910 raw shape: (1559, 5), index: <class 'pandas.core.indexes.datetimes.DatetimeIndex'>, cols: Index(['Open', 'High', 'Low', 'Close', 'Volume'], dtype='object')
2025-12-28 13:10:33,949 INFO: [Loader Debug] 051910 Date Range: 2019-01-01 00:00:00 ~ 2024-12-20 00:00:00 vs Target: 2020-10-06 ~ 2022-04-29
2025-12-28 13:10:33,950 INFO: [Loader Debug] 051910 Filtered rows: 409
2025-12-28 13:10:33,950 INFO: [Loader Debug] 069500 path: data\cache\069500.parquet exists: True
2025-12-28 13:10:33,952 INFO: [Loader Debug] 069500 raw shape: (1559, 5), index: <class 'pandas.core.indexes.datetimes.DatetimeIndex'>, cols: Index(['Open', 'High', 'Low', 'Close', 'Volume'], dtype='object')
2025-12-28 13:10:33,953 INFO: [Loader Debug] 069500 Date Range: 2019-01-01 00:00:00 ~ 2024-12-20 00:00:00 vs Target: 2020-10-06 ~ 2022-04-29
2025-12-28 13:10:33,954 INFO: [Loader Debug] 069500 Filtered rows: 409
2025-12-28 13:10:33,954 INFO: [Loader Debug] 091160 path: data\cache\091160.parquet exists: True
2025-12-28 13:10:33,955 INFO: [Loader Debug] 091160 raw shape: (1559, 5), index: <class 'pandas.core.indexes.datetimes.DatetimeIndex'>, cols: Index(['Open', 'High', 'Low', 'Close', 'Volume'], dtype='object')
2025-12-28 13:10:33,956 INFO: [Loader Debug] 091160 Date Range: 2019-01-01 00:00:00 ~ 2024-12-20 00:00:00 vs Target: 2020-10-06 ~ 2022-04-29
2025-12-28 13:10:33,957 INFO: [Loader Debug] 091160 Filtered rows: 409
2025-12-28 13:10:33,957 INFO: [Loader Debug] 102110 path: data\cache\102110.parquet exists: True
2025-12-28 13:10:33,959 INFO: [Loader Debug] 102110 raw shape: (1559, 5), index: <class 'pandas.core.indexes.datetimes.DatetimeIndex'>, cols: Index(['Open', 'High', 'Low', 'Close', 'Volume'], dtype='object')
2025-12-28 13:10:33,960 INFO: [Loader Debug] 102110 Date Range: 2019-01-01 00:00:00 ~ 2024-12-20 00:00:00 vs Target: 2020-10-06 ~ 2022-04-29
2025-12-28 13:10:33,961 INFO: [Loader Debug] 102110 Filtered rows: 409
2025-12-28 13:10:33,961 INFO: [Loader Debug] 114800 path: data\cache\114800.parquet exists: True
2025-12-28 13:10:33,963 INFO: [Loader Debug] 114800 raw shape: (1559, 5), index: <class 'pandas.core.indexes.datetimes.DatetimeIndex'>, cols: Index(['Open', 'High', 'Low', 'Close', 'Volume'], dtype='object')
2025-12-28 13:10:33,964 INFO: [Loader Debug] 114800 Date Range: 2019-01-01 00:00:00 ~ 2024-12-20 00:00:00 vs Target: 2020-10-06 ~ 2022-04-29
2025-12-28 13:10:33,964 INFO: [Loader Debug] 114800 Filtered rows: 409
2025-12-28 13:10:33,965 INFO: [Loader Debug] 122630 path: data\cache\122630.parquet exists: True
2025-12-28 13:10:33,966 INFO: [Loader Debug] 122630 raw shape: (1559, 5), index: <class 'pandas.core.indexes.datetimes.DatetimeIndex'>, cols: Index(['Open', 'High', 'Low', 'Close', 'Volume'], dtype='object')
2025-12-28 13:10:33,968 INFO: [Loader Debug] 122630 Date Range: 2019-01-01 00:00:00 ~ 2024-12-20 00:00:00 vs Target: 2020-10-06 ~ 2022-04-29
2025-12-28 13:10:33,968 INFO: [Loader Debug] 122630 Filtered rows: 409
2025-12-28 13:10:33,969 INFO: [Loader Debug] 229200 path: data\cache\229200.parquet exists: True
2025-12-28 13:10:33,970 INFO: [Loader Debug] 229200 raw shape: (1559, 5), index: <class 'pandas.core.indexes.datetimes.DatetimeIndex'>, cols: Index(['Open', 'High', 'Low', 'Close', 'Volume'], dtype='object')
2025-12-28 13:10:33,971 INFO: [Loader Debug] 229200 Date Range: 2019-01-01 00:00:00 ~ 2024-12-20 00:00:00 vs Target: 2020-10-06 ~ 2022-04-29
2025-12-28 13:10:33,972 INFO: [Loader Debug] 229200 Filtered rows: 409
2025-12-28 13:10:33,972 INFO: [Loader Debug] 233740 path: data\cache\233740.parquet exists: True
2025-12-28 13:10:33,973 INFO: [Loader Debug] 233740 raw shape: (1559, 5), index: <class 'pandas.core.indexes.datetimes.DatetimeIndex'>, cols: Index(['Open', 'High', 'Low', 'Close', 'Volume'], dtype='object')
2025-12-28 13:10:33,975 INFO: [Loader Debug] 233740 Date Range: 2019-01-01 00:00:00 ~ 2024-12-20 00:00:00 vs Target: 2020-10-06 ~ 2022-04-29
2025-12-28 13:10:33,976 INFO: [Loader Debug] 233740 Filtered rows: 409
2025-12-28 13:10:33,976 INFO: [Loader Debug] 252670 path: data\cache\252670.parquet exists: True
2025-12-28 13:10:33,977 INFO: [Loader Debug] 252670 raw shape: (1559, 5), index: <class 'pandas.core.indexes.datetimes.DatetimeIndex'>, cols: Index(['Open', 'High', 'Low', 'Close', 'Volume'], dtype='object')
2025-12-28 13:10:33,979 INFO: [Loader Debug] 252670 Date Range: 2019-01-01 00:00:00 ~ 2024-12-20 00:00:00 vs Target: 2020-10-06 ~ 2022-04-29
2025-12-28 13:10:33,980 INFO: [Loader Debug] 252670 Filtered rows: 409
2025-12-28 13:10:33,980 INFO: [Loader Debug] 261240 path: data\cache\261240.parquet exists: True
2025-12-28 13:10:33,981 INFO: [Loader Debug] 261240 raw shape: (1559, 5), index: <class 'pandas.core.indexes.datetimes.DatetimeIndex'>, cols: Index(['Open', 'High', 'Low', 'Close', 'Volume'], dtype='object')
2025-12-28 13:10:33,983 INFO: [Loader Debug] 261240 Date Range: 2019-01-01 00:00:00 ~ 2024-12-20 00:00:00 vs Target: 2020-10-06 ~ 2022-04-29
2025-12-28 13:10:33,983 INFO: [Loader Debug] 261240 Filtered rows: 409
2025-12-28 13:10:33,984 INFO: [Loader Debug] 305720 path: data\cache\305720.parquet exists: True
2025-12-28 13:10:33,985 INFO: [Loader Debug] 305720 raw shape: (1559, 5), index: <class 'pandas.core.indexes.datetimes.DatetimeIndex'>, cols: Index(['Open', 'High', 'Low', 'Close', 'Volume'], dtype='object')
2025-12-28 13:10:33,986 INFO: [Loader Debug] 305720 Date Range: 2019-01-01 00:00:00 ~ 2024-12-20 00:00:00 vs Target: 2020-10-06 ~ 2022-04-29
2025-12-28 13:10:33,987 INFO: [Loader Debug] 305720 Filtered rows: 409
2025-12-28 13:10:33,989 INFO: [Normalization] Initial Shape: (5726, 5), Index: <class 'pandas.core.indexes.multi.MultiIndex'>, Columns: ['open', 'high', 'low', 'close', 'volume']
2025-12-28 13:10:33,990 INFO: [EVIDENCE] Data Pipeline Trace:
1. Load Shape: (5726, 5)
   - Index Type: <class 'pandas.core.indexes.multi.MultiIndex'>
   - Levels: ['code', 'date']
   - Date Range: 2020-10-06 00:00:00 ~ 2022-04-29 00:00:00
   - Unique Symbols: 14 (Sample: ['005930', '035420', '035720'])
2. Universe Coverage: Requested=14, Loaded=14, Missing=0
6. Final Columns: ['open', 'high', 'low', 'close', 'volume']
2025-12-28 13:10:39,059 INFO: ✅ 설정 파일 로드: E:\AI Study\krx_alertor_modular\config\regime_params.yaml
2025-12-28 13:10:39,059 INFO: MarketRegimeDetector 초기화: MA=50/200일, 임계값=2.0/-2.0%
2025-12-28 13:10:39,064 INFO: RSI 프로파일 로드 완료: ['balanced', 'conservative', 'aggressive']
2025-12-28 13:10:39,064 INFO: [EVIDENCE] BacktestRunner.run called with params: ma_period=100, rsi_period=58, stop_loss=0.13
2025-12-28 13:10:39,064 INFO: BacktestEngine 초기화: instrument_type=etf, tax_rate=0.00%
2025-12-28 13:10:39,127 WARNING: 매수 불가 (035720): 자금 부족: 1,149,313 > 266,120
2025-12-28 13:10:39,128 WARNING: 매수 불가 (035720): 자금 부족: 11,446,046 > 9,949,290
2025-12-28 13:10:39,128 WARNING: 매수 불가 (035720): 자금 부족: 11,271,107 > 9,949,290
2025-12-28 13:10:39,129 WARNING: 매수 불가 (035720): 자금 부족: 11,117,170 > 9,949,290
2025-12-28 13:10:39,129 WARNING: 매수 불가 (035720): 자금 부족: 11,427,514 > 9,949,290
2025-12-28 13:10:39,142 WARNING: 매수 불가 (252670): 자금 부족: 1,132,509 > 968,927
2025-12-28 13:10:39,142 WARNING: 매수 불가 (229200): 자금 부족: 1,070,557 > 968,927
2025-12-28 13:10:39,143 WARNING: 매수 불가 (229200): 자금 부족: 5,700,540 > 4,325,534
2025-12-28 13:10:39,144 WARNING: 매수 불가 (229200): 자금 부족: 11,475,088 > 9,878,564
2025-12-28 13:10:39,144 WARNING: 매수 불가 (229200): 자금 부족: 11,345,826 > 9,878,564
2025-12-28 13:10:39,145 WARNING: 매수 불가 (229200): 자금 부족: 11,424,521 > 9,878,564
2025-12-28 13:10:39,157 WARNING: 매수 불가 (252670): 자금 부족: 1,093,487 > 372,376
2025-12-28 13:10:39,158 WARNING: 매수 불가 (252670): 자금 부족: 11,003,929 > 9,855,979
2025-12-28 13:10:39,158 WARNING: 매수 불가 (252670): 자금 부족: 10,786,830 > 9,855,979
2025-12-28 13:10:39,159 WARNING: 매수 불가 (252670): 자금 부족: 10,708,024 > 9,855,979
2025-12-28 13:10:39,159 WARNING: 매수 불가 (252670): 자금 부족: 10,674,966 > 9,855,979
2025-12-28 13:10:39,172 WARNING: 매수 불가 (091160): 자금 부족: 1,063,237 > 1,053,023
2025-12-28 13:10:39,173 WARNING: 매수 불가 (091160): 자금 부족: 10,927,078 > 9,960,647
2025-12-28 13:10:39,173 WARNING: 매수 불가 (091160): 자금 부족: 11,140,973 > 9,960,647
2025-12-28 13:10:39,174 WARNING: 매수 불가 (091160): 자금 부족: 11,060,316 > 9,960,647
2025-12-28 13:10:39,174 WARNING: 매수 불가 (091160): 자금 부족: 11,103,415 > 9,960,647
2025-12-28 13:10:39,187 WARNING: 매수 불가 (102110): 자금 부족: 1,020,830 > 886,456
2025-12-28 13:10:39,187 WARNING: 매수 불가 (102110): 자금 부족: 11,223,961 > 9,929,056
2025-12-28 13:10:39,188 WARNING: 매수 불가 (102110): 자금 부족: 11,157,171 > 9,929,056
2025-12-28 13:10:39,188 WARNING: 매수 불가 (102110): 자금 부족: 11,252,588 > 9,929,056
2025-12-28 13:10:39,189 WARNING: 매수 불가 (102110): 자금 부족: 11,157,254 > 9,929,056
2025-12-28 13:10:39,202 WARNING: 매수 불가 (252670): 자금 부족: 1,116,448 > 991,054
2025-12-28 13:10:39,202 WARNING: 매수 불가 (252670): 자금 부족: 11,007,285 > 9,931,208
2025-12-28 13:10:39,203 WARNING: 매수 불가 (252670): 자금 부족: 11,213,914 > 9,931,208
2025-12-28 13:10:39,203 WARNING: 매수 불가 (252670): 자금 부족: 11,360,111 > 9,931,208
2025-12-28 13:10:39,204 WARNING: 매수 불가 (252670): 자금 부족: 11,347,755 > 9,931,208
2025-12-28 13:10:39,311 WARNING: 매수 불가 (091160): 자금 부족: 1,003,874 > 913,807
2025-12-28 13:10:39,312 WARNING: 매수 불가 (091160): 자금 부족: 10,630,707 > 9,849,141
2025-12-28 13:10:39,312 WARNING: 매수 불가 (091160): 자금 부족: 10,662,941 > 9,849,141
2025-12-28 13:10:39,313 WARNING: 매수 불가 (091160): 자금 부족: 10,391,017 > 9,849,141
2025-12-28 13:10:39,313 WARNING: 매수 불가 (091160): 자금 부족: 10,433,428 > 9,849,141
2025-12-28 13:10:39,331 WARNING: 매수 불가 (252670): 자금 부족: 1,041,034 > 809,786
2025-12-28 13:10:39,332 WARNING: 매수 불가 (252670): 자금 부족: 10,510,669 > 9,717,511
2025-12-28 13:10:39,333 WARNING: 매수 불가 (252670): 자금 부족: 10,389,008 > 9,717,511
2025-12-28 13:10:39,333 WARNING: 매수 불가 (252670): 자금 부족: 10,490,639 > 9,717,511
2025-12-28 13:10:39,334 WARNING: 매수 불가 (252670): 자금 부족: 10,416,319 > 9,717,511
2025-12-28 13:10:39,346 WARNING: 매수 불가 (305720): 자금 부족: 1,027,504 > 678,557
2025-12-28 13:10:39,347 WARNING: 매수 불가 (305720): 자금 부족: 10,432,945 > 9,758,367
2025-12-28 13:10:39,347 WARNING: 매수 불가 (305720): 자금 부족: 10,578,367 > 9,758,367
2025-12-28 13:10:39,348 WARNING: 매수 불가 (305720): 자금 부족: 10,618,596 > 9,758,367
2025-12-28 13:10:39,349 WARNING: 매수 불가 (305720): 자금 부족: 10,690,621 > 9,758,367
2025-12-28 13:10:39,375 WARNING: 매수 불가 (114800): 자금 부족: 974,395 > 912,637
2025-12-28 13:10:39,376 WARNING: 매수 불가 (114800): 자금 부족: 10,489,619 > 9,678,570
2025-12-28 13:10:39,376 WARNING: 매수 불가 (114800): 자금 부족: 10,572,529 > 9,678,570
2025-12-28 13:10:39,377 WARNING: 매수 불가 (114800): 자금 부족: 10,433,385 > 9,678,570
2025-12-28 13:10:39,377 WARNING: 매수 불가 (114800): 자금 부족: 10,218,955 > 9,678,570
2025-12-28 13:10:39,927 INFO: UNIVERSE requested=14(hash=989dbc28) effective=14(hash=989dbc28)
2025-12-28 13:10:39,928 INFO: [Loader Debug] 005930 path: data\cache\005930.parquet exists: True
2025-12-28 13:10:39,930 INFO: [Loader Debug] 005930 raw shape: (1559, 5), index: <class 'pandas.core.indexes.datetimes.DatetimeIndex'>, cols: Index(['Open', 'High', 'Low', 'Close', 'Volume'], dtype='object')
2025-12-28 13:10:39,931 INFO: [Loader Debug] 005930 Date Range: 2019-01-01 00:00:00 ~ 2024-12-20 00:00:00 vs Target: 2022-12-23 ~ 2023-06-23
2025-12-28 13:10:39,932 INFO: [Loader Debug] 005930 Filtered rows: 131
2025-12-28 13:10:39,932 INFO: [Loader Debug] 035420 path: data\cache\035420.parquet exists: True
2025-12-28 13:10:39,933 INFO: [Loader Debug] 035420 raw shape: (1559, 5), index: <class 'pandas.core.indexes.datetimes.DatetimeIndex'>, cols: Index(['Open', 'High', 'Low', 'Close', 'Volume'], dtype='object')
2025-12-28 13:10:39,935 INFO: [Loader Debug] 035420 Date Range: 2019-01-01 00:00:00 ~ 2024-12-20 00:00:00 vs Target: 2022-12-23 ~ 2023-06-23
2025-12-28 13:10:39,935 INFO: [Loader Debug] 035420 Filtered rows: 131
2025-12-28 13:10:39,936 INFO: [Loader Debug] 035720 path: data\cache\035720.parquet exists: True
2025-12-28 13:10:39,937 INFO: [Loader Debug] 035720 raw shape: (1559, 5), index: <class 'pandas.core.indexes.datetimes.DatetimeIndex'>, cols: Index(['Open', 'High', 'Low', 'Close', 'Volume'], dtype='object')
2025-12-28 13:10:39,938 INFO: [Loader Debug] 035720 Date Range: 2019-01-01 00:00:00 ~ 2024-12-20 00:00:00 vs Target: 2022-12-23 ~ 2023-06-23
2025-12-28 13:10:39,939 INFO: [Loader Debug] 035720 Filtered rows: 131
2025-12-28 13:10:39,939 INFO: [Loader Debug] 051910 path: data\cache\051910.parquet exists: True
2025-12-28 13:10:39,941 INFO: [Loader Debug] 051910 raw shape: (1559, 5), index: <class 'pandas.core.indexes.datetimes.DatetimeIndex'>, cols: Index(['Open', 'High', 'Low', 'Close', 'Volume'], dtype='object')
2025-12-28 13:10:39,942 INFO: [Loader Debug] 051910 Date Range: 2019-01-01 00:00:00 ~ 2024-12-20 00:00:00 vs Target: 2022-12-23 ~ 2023-06-23
2025-12-28 13:10:39,943 INFO: [Loader Debug] 051910 Filtered rows: 131
2025-12-28 13:10:39,943 INFO: [Loader Debug] 069500 path: data\cache\069500.parquet exists: True
2025-12-28 13:10:39,944 INFO: [Loader Debug] 069500 raw shape: (1559, 5), index: <class 'pandas.core.indexes.datetimes.DatetimeIndex'>, cols: Index(['Open', 'High', 'Low', 'Close', 'Volume'], dtype='object')
2025-12-28 13:10:39,946 INFO: [Loader Debug] 069500 Date Range: 2019-01-01 00:00:00 ~ 2024-12-20 00:00:00 vs Target: 2022-12-23 ~ 2023-06-23
2025-12-28 13:10:39,947 INFO: [Loader Debug] 069500 Filtered rows: 131
2025-12-28 13:10:39,947 INFO: [Loader Debug] 091160 path: data\cache\091160.parquet exists: True
2025-12-28 13:10:39,949 INFO: [Loader Debug] 091160 raw shape: (1559, 5), index: <class 'pandas.core.indexes.datetimes.DatetimeIndex'>, cols: Index(['Open', 'High', 'Low', 'Close', 'Volume'], dtype='object')
2025-12-28 13:10:39,950 INFO: [Loader Debug] 091160 Date Range: 2019-01-01 00:00:00 ~ 2024-12-20 00:00:00 vs Target: 2022-12-23 ~ 2023-06-23
2025-12-28 13:10:39,951 INFO: [Loader Debug] 091160 Filtered rows: 131
2025-12-28 13:10:39,951 INFO: [Loader Debug] 102110 path: data\cache\102110.parquet exists: True
2025-12-28 13:10:39,952 INFO: [Loader Debug] 102110 raw shape: (1559, 5), index: <class 'pandas.core.indexes.datetimes.DatetimeIndex'>, cols: Index(['Open', 'High', 'Low', 'Close', 'Volume'], dtype='object')
2025-12-28 13:10:39,953 INFO: [Loader Debug] 102110 Date Range: 2019-01-01 00:00:00 ~ 2024-12-20 00:00:00 vs Target: 2022-12-23 ~ 2023-06-23
2025-12-28 13:10:39,954 INFO: [Loader Debug] 102110 Filtered rows: 131
2025-12-28 13:10:39,955 INFO: [Loader Debug] 114800 path: data\cache\114800.parquet exists: True
2025-12-28 13:10:39,956 INFO: [Loader Debug] 114800 raw shape: (1559, 5), index: <class 'pandas.core.indexes.datetimes.DatetimeIndex'>, cols: Index(['Open', 'High', 'Low', 'Close', 'Volume'], dtype='object')
2025-12-28 13:10:39,957 INFO: [Loader Debug] 114800 Date Range: 2019-01-01 00:00:00 ~ 2024-12-20 00:00:00 vs Target: 2022-12-23 ~ 2023-06-23
2025-12-28 13:10:39,958 INFO: [Loader Debug] 114800 Filtered rows: 131
2025-12-28 13:10:39,958 INFO: [Loader Debug] 122630 path: data\cache\122630.parquet exists: True
2025-12-28 13:10:39,960 INFO: [Loader Debug] 122630 raw shape: (1559, 5), index: <class 'pandas.core.indexes.datetimes.DatetimeIndex'>, cols: Index(['Open', 'High', 'Low', 'Close', 'Volume'], dtype='object')
2025-12-28 13:10:39,961 INFO: [Loader Debug] 122630 Date Range: 2019-01-01 00:00:00 ~ 2024-12-20 00:00:00 vs Target: 2022-12-23 ~ 2023-06-23
2025-12-28 13:10:39,962 INFO: [Loader Debug] 122630 Filtered rows: 131
2025-12-28 13:10:39,962 INFO: [Loader Debug] 229200 path: data\cache\229200.parquet exists: True
2025-12-28 13:10:39,963 INFO: [Loader Debug] 229200 raw shape: (1559, 5), index: <class 'pandas.core.indexes.datetimes.DatetimeIndex'>, cols: Index(['Open', 'High', 'Low', 'Close', 'Volume'], dtype='object')
2025-12-28 13:10:39,965 INFO: [Loader Debug] 229200 Date Range: 2019-01-01 00:00:00 ~ 2024-12-20 00:00:00 vs Target: 2022-12-23 ~ 2023-06-23
2025-12-28 13:10:39,966 INFO: [Loader Debug] 229200 Filtered rows: 131
2025-12-28 13:10:39,966 INFO: [Loader Debug] 233740 path: data\cache\233740.parquet exists: True
2025-12-28 13:10:39,967 INFO: [Loader Debug] 233740 raw shape: (1559, 5), index: <class 'pandas.core.indexes.datetimes.DatetimeIndex'>, cols: Index(['Open', 'High', 'Low', 'Close', 'Volume'], dtype='object')
2025-12-28 13:10:39,968 INFO: [Loader Debug] 233740 Date Range: 2019-01-01 00:00:00 ~ 2024-12-20 00:00:00 vs Target: 2022-12-23 ~ 2023-06-23
2025-12-28 13:10:39,969 INFO: [Loader Debug] 233740 Filtered rows: 131
2025-12-28 13:10:39,969 INFO: [Loader Debug] 252670 path: data\cache\252670.parquet exists: True
2025-12-28 13:10:39,971 INFO: [Loader Debug] 252670 raw shape: (1559, 5), index: <class 'pandas.core.indexes.datetimes.DatetimeIndex'>, cols: Index(['Open', 'High', 'Low', 'Close', 'Volume'], dtype='object')
2025-12-28 13:10:39,972 INFO: [Loader Debug] 252670 Date Range: 2019-01-01 00:00:00 ~ 2024-12-20 00:00:00 vs Target: 2022-12-23 ~ 2023-06-23
2025-12-28 13:10:39,973 INFO: [Loader Debug] 252670 Filtered rows: 131
2025-12-28 13:10:39,973 INFO: [Loader Debug] 261240 path: data\cache\261240.parquet exists: True
2025-12-28 13:10:39,974 INFO: [Loader Debug] 261240 raw shape: (1559, 5), index: <class 'pandas.core.indexes.datetimes.DatetimeIndex'>, cols: Index(['Open', 'High', 'Low', 'Close', 'Volume'], dtype='object')
2025-12-28 13:10:39,977 INFO: [Loader Debug] 261240 Date Range: 2019-01-01 00:00:00 ~ 2024-12-20 00:00:00 vs Target: 2022-12-23 ~ 2023-06-23
2025-12-28 13:10:39,978 INFO: [Loader Debug] 261240 Filtered rows: 131
2025-12-28 13:10:39,979 INFO: [Loader Debug] 305720 path: data\cache\305720.parquet exists: True
2025-12-28 13:10:39,981 INFO: [Loader Debug] 305720 raw shape: (1559, 5), index: <class 'pandas.core.indexes.datetimes.DatetimeIndex'>, cols: Index(['Open', 'High', 'Low', 'Close', 'Volume'], dtype='object')
2025-12-28 13:10:39,982 INFO: [Loader Debug] 305720 Date Range: 2019-01-01 00:00:00 ~ 2024-12-20 00:00:00 vs Target: 2022-12-23 ~ 2023-06-23
2025-12-28 13:10:39,983 INFO: [Loader Debug] 305720 Filtered rows: 131
2025-12-28 13:10:39,984 INFO: [Normalization] Initial Shape: (1834, 5), Index: <class 'pandas.core.indexes.multi.MultiIndex'>, Columns: ['open', 'high', 'low', 'close', 'volume']
2025-12-28 13:10:39,985 INFO: [EVIDENCE] Data Pipeline Trace:
1. Load Shape: (1834, 5)
   - Index Type: <class 'pandas.core.indexes.multi.MultiIndex'>
   - Levels: ['code', 'date']
   - Date Range: 2022-12-23 00:00:00 ~ 2023-06-23 00:00:00
   - Unique Symbols: 14 (Sample: ['005930', '035420', '035720'])
2. Universe Coverage: Requested=14, Loaded=14, Missing=0
6. Final Columns: ['open', 'high', 'low', 'close', 'volume']
2025-12-28 13:10:40,046 INFO: ✅ 설정 파일 로드: E:\AI Study\krx_alertor_modular\config\regime_params.yaml
2025-12-28 13:10:40,047 INFO: MarketRegimeDetector 초기화: MA=50/200일, 임계값=2.0/-2.0%
2025-12-28 13:10:40,050 INFO: RSI 프로파일 로드 완료: ['balanced', 'conservative', 'aggressive']
2025-12-28 13:10:40,050 INFO: [EVIDENCE] BacktestRunner.run called with params: ma_period=100, rsi_period=58, stop_loss=0.13
2025-12-28 13:10:40,051 INFO: BacktestEngine 초기화: instrument_type=etf, tax_rate=0.00%
2025-12-28 13:10:40,104 WARNING: 매수 불가 (233740): 자금 부족: 917,959 > 366,366
2025-12-28 13:10:40,105 WARNING: 매수 불가 (233740): 자금 부족: 10,851,714 > 10,135,480
2025-12-28 13:10:40,105 WARNING: 매수 불가 (233740): 자금 부족: 10,883,265 > 10,135,480
2025-12-28 13:10:40,106 WARNING: 매수 불가 (233740): 자금 부족: 10,971,942 > 10,135,480
2025-12-28 13:10:40,106 WARNING: 매수 불가 (233740): 자금 부족: 11,127,147 > 10,135,480
2025-12-28 13:10:40,119 WARNING: 매수 불가 (252670): 자금 부족: 1,051,691 > 696,812
2025-12-28 13:10:40,119 WARNING: 매수 불가 (252670): 자금 부족: 11,001,366 > 10,147,616
2025-12-28 13:10:40,120 WARNING: 매수 불가 (252670): 자금 부족: 11,261,770 > 10,147,616
2025-12-28 13:10:40,121 WARNING: 매수 불가 (252670): 자금 부족: 11,356,176 > 10,147,616
2025-12-28 13:10:40,121 WARNING: 매수 불가 (252670): 자금 부족: 11,345,122 > 10,147,616
2025-12-28 13:10:40,132 WARNING: 매수 불가 (252670): 자금 부족: 1,110,585 > 410,647
2025-12-28 13:10:40,133 WARNING: 매수 불가 (252670): 자금 부족: 11,334,727 > 10,205,784
2025-12-28 13:10:40,134 WARNING: 매수 불가 (252670): 자금 부족: 11,509,946 > 10,205,784
2025-12-28 13:10:40,134 WARNING: 매수 불가 (252670): 자금 부족: 11,436,419 > 10,205,784
2025-12-28 13:10:40,135 WARNING: 매수 불가 (252670): 자금 부족: 11,496,648 > 10,205,784
2025-12-28 13:10:40,160 INFO: Split 계산: Train=16M, Val=14M, Test=6M
2025-12-28 13:10:40,160 INFO: [캐시] lb=6M, key=b7489d5b
2025-12-28 13:10:40,161 INFO: UNIVERSE requested=14(hash=989dbc28) effective=14(hash=989dbc28)
2025-12-28 13:10:40,161 INFO: [Loader Debug] 005930 path: data\cache\005930.parquet exists: True
2025-12-28 13:10:40,163 INFO: [Loader Debug] 005930 raw shape: (1559, 5), index: <class 'pandas.core.indexes.datetimes.DatetimeIndex'>, cols: Index(['Open', 'High', 'Low', 'Close', 'Volume'], dtype='object')
2025-12-28 13:10:40,164 INFO: [Loader Debug] 005930 Date Range: 2019-01-01 00:00:00 ~ 2024-12-20 00:00:00 vs Target: 2020-10-06 ~ 2022-04-29
2025-12-28 13:10:40,165 INFO: [Loader Debug] 005930 Filtered rows: 409
2025-12-28 13:10:40,165 INFO: [Loader Debug] 035420 path: data\cache\035420.parquet exists: True
2025-12-28 13:10:40,167 INFO: [Loader Debug] 035420 raw shape: (1559, 5), index: <class 'pandas.core.indexes.datetimes.DatetimeIndex'>, cols: Index(['Open', 'High', 'Low', 'Close', 'Volume'], dtype='object')
2025-12-28 13:10:40,168 INFO: [Loader Debug] 035420 Date Range: 2019-01-01 00:00:00 ~ 2024-12-20 00:00:00 vs Target: 2020-10-06 ~ 2022-04-29
2025-12-28 13:10:40,169 INFO: [Loader Debug] 035420 Filtered rows: 409
2025-12-28 13:10:40,169 INFO: [Loader Debug] 035720 path: data\cache\035720.parquet exists: True
2025-12-28 13:10:40,170 INFO: [Loader Debug] 035720 raw shape: (1559, 5), index: <class 'pandas.core.indexes.datetimes.DatetimeIndex'>, cols: Index(['Open', 'High', 'Low', 'Close', 'Volume'], dtype='object')
2025-12-28 13:10:40,172 INFO: [Loader Debug] 035720 Date Range: 2019-01-01 00:00:00 ~ 2024-12-20 00:00:00 vs Target: 2020-10-06 ~ 2022-04-29
2025-12-28 13:10:40,172 INFO: [Loader Debug] 035720 Filtered rows: 409
2025-12-28 13:10:40,173 INFO: [Loader Debug] 051910 path: data\cache\051910.parquet exists: True
2025-12-28 13:10:40,174 INFO: [Loader Debug] 051910 raw shape: (1559, 5), index: <class 'pandas.core.indexes.datetimes.DatetimeIndex'>, cols: Index(['Open', 'High', 'Low', 'Close', 'Volume'], dtype='object')
2025-12-28 13:10:40,175 INFO: [Loader Debug] 051910 Date Range: 2019-01-01 00:00:00 ~ 2024-12-20 00:00:00 vs Target: 2020-10-06 ~ 2022-04-29
2025-12-28 13:10:40,176 INFO: [Loader Debug] 051910 Filtered rows: 409
2025-12-28 13:10:40,176 INFO: [Loader Debug] 069500 path: data\cache\069500.parquet exists: True
2025-12-28 13:10:40,178 INFO: [Loader Debug] 069500 raw shape: (1559, 5), index: <class 'pandas.core.indexes.datetimes.DatetimeIndex'>, cols: Index(['Open', 'High', 'Low', 'Close', 'Volume'], dtype='object')
2025-12-28 13:10:40,179 INFO: [Loader Debug] 069500 Date Range: 2019-01-01 00:00:00 ~ 2024-12-20 00:00:00 vs Target: 2020-10-06 ~ 2022-04-29
2025-12-28 13:10:40,180 INFO: [Loader Debug] 069500 Filtered rows: 409
2025-12-28 13:10:40,180 INFO: [Loader Debug] 091160 path: data\cache\091160.parquet exists: True
2025-12-28 13:10:40,182 INFO: [Loader Debug] 091160 raw shape: (1559, 5), index: <class 'pandas.core.indexes.datetimes.DatetimeIndex'>, cols: Index(['Open', 'High', 'Low', 'Close', 'Volume'], dtype='object')
2025-12-28 13:10:40,183 INFO: [Loader Debug] 091160 Date Range: 2019-01-01 00:00:00 ~ 2024-12-20 00:00:00 vs Target: 2020-10-06 ~ 2022-04-29
2025-12-28 13:10:40,184 INFO: [Loader Debug] 091160 Filtered rows: 409
2025-12-28 13:10:40,184 INFO: [Loader Debug] 102110 path: data\cache\102110.parquet exists: True
2025-12-28 13:10:40,185 INFO: [Loader Debug] 102110 raw shape: (1559, 5), index: <class 'pandas.core.indexes.datetimes.DatetimeIndex'>, cols: Index(['Open', 'High', 'Low', 'Close', 'Volume'], dtype='object')
2025-12-28 13:10:40,187 INFO: [Loader Debug] 102110 Date Range: 2019-01-01 00:00:00 ~ 2024-12-20 00:00:00 vs Target: 2020-10-06 ~ 2022-04-29
2025-12-28 13:10:40,187 INFO: [Loader Debug] 102110 Filtered rows: 409
2025-12-28 13:10:40,188 INFO: [Loader Debug] 114800 path: data\cache\114800.parquet exists: True
2025-12-28 13:10:40,189 INFO: [Loader Debug] 114800 raw shape: (1559, 5), index: <class 'pandas.core.indexes.datetimes.DatetimeIndex'>, cols: Index(['Open', 'High', 'Low', 'Close', 'Volume'], dtype='object')
2025-12-28 13:10:40,190 INFO: [Loader Debug] 114800 Date Range: 2019-01-01 00:00:00 ~ 2024-12-20 00:00:00 vs Target: 2020-10-06 ~ 2022-04-29
2025-12-28 13:10:40,191 INFO: [Loader Debug] 114800 Filtered rows: 409
2025-12-28 13:10:40,191 INFO: [Loader Debug] 122630 path: data\cache\122630.parquet exists: True
2025-12-28 13:10:40,193 INFO: [Loader Debug] 122630 raw shape: (1559, 5), index: <class 'pandas.core.indexes.datetimes.DatetimeIndex'>, cols: Index(['Open', 'High', 'Low', 'Close', 'Volume'], dtype='object')
2025-12-28 13:10:40,194 INFO: [Loader Debug] 122630 Date Range: 2019-01-01 00:00:00 ~ 2024-12-20 00:00:00 vs Target: 2020-10-06 ~ 2022-04-29
2025-12-28 13:10:40,195 INFO: [Loader Debug] 122630 Filtered rows: 409
2025-12-28 13:10:40,195 INFO: [Loader Debug] 229200 path: data\cache\229200.parquet exists: True
2025-12-28 13:10:40,197 INFO: [Loader Debug] 229200 raw shape: (1559, 5), index: <class 'pandas.core.indexes.datetimes.DatetimeIndex'>, cols: Index(['Open', 'High', 'Low', 'Close', 'Volume'], dtype='object')
2025-12-28 13:10:40,198 INFO: [Loader Debug] 229200 Date Range: 2019-01-01 00:00:00 ~ 2024-12-20 00:00:00 vs Target: 2020-10-06 ~ 2022-04-29
2025-12-28 13:10:40,199 INFO: [Loader Debug] 229200 Filtered rows: 409
2025-12-28 13:10:40,199 INFO: [Loader Debug] 233740 path: data\cache\233740.parquet exists: True
2025-12-28 13:10:40,201 INFO: [Loader Debug] 233740 raw shape: (1559, 5), index: <class 'pandas.core.indexes.datetimes.DatetimeIndex'>, cols: Index(['Open', 'High', 'Low', 'Close', 'Volume'], dtype='object')
2025-12-28 13:10:40,202 INFO: [Loader Debug] 233740 Date Range: 2019-01-01 00:00:00 ~ 2024-12-20 00:00:00 vs Target: 2020-10-06 ~ 2022-04-29
2025-12-28 13:10:40,202 INFO: [Loader Debug] 233740 Filtered rows: 409
2025-12-28 13:10:40,203 INFO: [Loader Debug] 252670 path: data\cache\252670.parquet exists: True
2025-12-28 13:10:40,204 INFO: [Loader Debug] 252670 raw shape: (1559, 5), index: <class 'pandas.core.indexes.datetimes.DatetimeIndex'>, cols: Index(['Open', 'High', 'Low', 'Close', 'Volume'], dtype='object')
2025-12-28 13:10:40,205 INFO: [Loader Debug] 252670 Date Range: 2019-01-01 00:00:00 ~ 2024-12-20 00:00:00 vs Target: 2020-10-06 ~ 2022-04-29
2025-12-28 13:10:40,206 INFO: [Loader Debug] 252670 Filtered rows: 409
2025-12-28 13:10:40,206 INFO: [Loader Debug] 261240 path: data\cache\261240.parquet exists: True
2025-12-28 13:10:40,208 INFO: [Loader Debug] 261240 raw shape: (1559, 5), index: <class 'pandas.core.indexes.datetimes.DatetimeIndex'>, cols: Index(['Open', 'High', 'Low', 'Close', 'Volume'], dtype='object')
2025-12-28 13:10:40,209 INFO: [Loader Debug] 261240 Date Range: 2019-01-01 00:00:00 ~ 2024-12-20 00:00:00 vs Target: 2020-10-06 ~ 2022-04-29
2025-12-28 13:10:40,210 INFO: [Loader Debug] 261240 Filtered rows: 409
2025-12-28 13:10:40,210 INFO: [Loader Debug] 305720 path: data\cache\305720.parquet exists: True
2025-12-28 13:10:40,212 INFO: [Loader Debug] 305720 raw shape: (1559, 5), index: <class 'pandas.core.indexes.datetimes.DatetimeIndex'>, cols: Index(['Open', 'High', 'Low', 'Close', 'Volume'], dtype='object')
2025-12-28 13:10:40,213 INFO: [Loader Debug] 305720 Date Range: 2019-01-01 00:00:00 ~ 2024-12-20 00:00:00 vs Target: 2020-10-06 ~ 2022-04-29
2025-12-28 13:10:40,214 INFO: [Loader Debug] 305720 Filtered rows: 409
2025-12-28 13:10:40,216 INFO: [Normalization] Initial Shape: (5726, 5), Index: <class 'pandas.core.indexes.multi.MultiIndex'>, Columns: ['open', 'high', 'low', 'close', 'volume']
2025-12-28 13:10:40,217 INFO: [EVIDENCE] Data Pipeline Trace:
1. Load Shape: (5726, 5)
   - Index Type: <class 'pandas.core.indexes.multi.MultiIndex'>
   - Levels: ['code', 'date']
   - Date Range: 2020-10-06 00:00:00 ~ 2022-04-29 00:00:00
   - Unique Symbols: 14 (Sample: ['005930', '035420', '035720'])
2. Universe Coverage: Requested=14, Loaded=14, Missing=0
6. Final Columns: ['open', 'high', 'low', 'close', 'volume']
2025-12-28 13:10:40,304 INFO: ✅ 설정 파일 로드: E:\AI Study\krx_alertor_modular\config\regime_params.yaml
2025-12-28 13:10:40,305 INFO: MarketRegimeDetector 초기화: MA=50/200일, 임계값=2.0/-2.0%
2025-12-28 13:10:40,308 INFO: RSI 프로파일 로드 완료: ['balanced', 'conservative', 'aggressive']
2025-12-28 13:10:40,309 INFO: [EVIDENCE] BacktestRunner.run called with params: ma_period=100, rsi_period=58, stop_loss=0.13
2025-12-28 13:10:40,309 INFO: BacktestEngine 초기화: instrument_type=etf, tax_rate=0.00%
2025-12-28 13:10:40,366 WARNING: 매수 불가 (035720): 자금 부족: 1,149,313 > 266,120
2025-12-28 13:10:40,367 WARNING: 매수 불가 (035720): 자금 부족: 11,446,046 > 9,949,290
2025-12-28 13:10:40,368 WARNING: 매수 불가 (035720): 자금 부족: 11,271,107 > 9,949,290
2025-12-28 13:10:40,368 WARNING: 매수 불가 (035720): 자금 부족: 11,117,170 > 9,949,290
2025-12-28 13:10:40,369 WARNING: 매수 불가 (035720): 자금 부족: 11,427,514 > 9,949,290
2025-12-28 13:10:40,381 WARNING: 매수 불가 (252670): 자금 부족: 1,132,509 > 968,927
2025-12-28 13:10:40,381 WARNING: 매수 불가 (229200): 자금 부족: 1,070,557 > 968,927
2025-12-28 13:10:40,381 WARNING: 매수 불가 (229200): 자금 부족: 5,700,540 > 4,325,534
2025-12-28 13:10:40,382 WARNING: 매수 불가 (229200): 자금 부족: 11,475,088 > 9,878,564
2025-12-28 13:10:40,383 WARNING: 매수 불가 (229200): 자금 부족: 11,345,826 > 9,878,564
2025-12-28 13:10:40,383 WARNING: 매수 불가 (229200): 자금 부족: 11,424,521 > 9,878,564
2025-12-28 13:10:40,395 WARNING: 매수 불가 (252670): 자금 부족: 1,093,487 > 372,376
2025-12-28 13:10:40,396 WARNING: 매수 불가 (252670): 자금 부족: 11,003,929 > 9,855,979
2025-12-28 13:10:40,396 WARNING: 매수 불가 (252670): 자금 부족: 10,786,830 > 9,855,979
2025-12-28 13:10:40,397 WARNING: 매수 불가 (252670): 자금 부족: 10,708,024 > 9,855,979
2025-12-28 13:10:40,398 WARNING: 매수 불가 (252670): 자금 부족: 10,674,966 > 9,855,979
2025-12-28 13:10:40,409 WARNING: 매수 불가 (091160): 자금 부족: 1,063,237 > 1,053,023
2025-12-28 13:10:40,410 WARNING: 매수 불가 (091160): 자금 부족: 10,927,078 > 9,960,647
2025-12-28 13:10:40,410 WARNING: 매수 불가 (091160): 자금 부족: 11,140,973 > 9,960,647
2025-12-28 13:10:40,411 WARNING: 매수 불가 (091160): 자금 부족: 11,060,316 > 9,960,647
2025-12-28 13:10:40,411 WARNING: 매수 불가 (091160): 자금 부족: 11,103,415 > 9,960,647
2025-12-28 13:10:40,423 WARNING: 매수 불가 (102110): 자금 부족: 1,020,830 > 886,456
2025-12-28 13:10:40,424 WARNING: 매수 불가 (102110): 자금 부족: 11,223,961 > 9,929,056
2025-12-28 13:10:40,424 WARNING: 매수 불가 (102110): 자금 부족: 11,157,171 > 9,929,056
2025-12-28 13:10:40,425 WARNING: 매수 불가 (102110): 자금 부족: 11,252,588 > 9,929,056
2025-12-28 13:10:40,426 WARNING: 매수 불가 (102110): 자금 부족: 11,157,254 > 9,929,056
2025-12-28 13:10:40,437 WARNING: 매수 불가 (252670): 자금 부족: 1,116,448 > 991,054
2025-12-28 13:10:40,438 WARNING: 매수 불가 (252670): 자금 부족: 11,007,285 > 9,931,208
2025-12-28 13:10:40,439 WARNING: 매수 불가 (252670): 자금 부족: 11,213,914 > 9,931,208
2025-12-28 13:10:40,439 WARNING: 매수 불가 (252670): 자금 부족: 11,360,111 > 9,931,208
2025-12-28 13:10:40,440 WARNING: 매수 불가 (252670): 자금 부족: 11,347,755 > 9,931,208
2025-12-28 13:10:40,542 WARNING: 매수 불가 (091160): 자금 부족: 1,003,874 > 913,807
2025-12-28 13:10:40,543 WARNING: 매수 불가 (091160): 자금 부족: 10,630,707 > 9,849,141
2025-12-28 13:10:40,543 WARNING: 매수 불가 (091160): 자금 부족: 10,662,941 > 9,849,141
2025-12-28 13:10:40,544 WARNING: 매수 불가 (091160): 자금 부족: 10,391,017 > 9,849,141
2025-12-28 13:10:40,545 WARNING: 매수 불가 (091160): 자금 부족: 10,433,428 > 9,849,141
2025-12-28 13:10:40,557 WARNING: 매수 불가 (252670): 자금 부족: 1,041,034 > 809,786
2025-12-28 13:10:40,557 WARNING: 매수 불가 (252670): 자금 부족: 10,510,669 > 9,717,511
2025-12-28 13:10:40,558 WARNING: 매수 불가 (252670): 자금 부족: 10,389,008 > 9,717,511
2025-12-28 13:10:40,559 WARNING: 매수 불가 (252670): 자금 부족: 10,490,639 > 9,717,511
2025-12-28 13:10:40,559 WARNING: 매수 불가 (252670): 자금 부족: 10,416,319 > 9,717,511
2025-12-28 13:10:40,572 WARNING: 매수 불가 (305720): 자금 부족: 1,027,504 > 678,557
2025-12-28 13:10:40,573 WARNING: 매수 불가 (305720): 자금 부족: 10,432,945 > 9,758,367
2025-12-28 13:10:40,573 WARNING: 매수 불가 (305720): 자금 부족: 10,578,367 > 9,758,367
2025-12-28 13:10:40,574 WARNING: 매수 불가 (305720): 자금 부족: 10,618,596 > 9,758,367
2025-12-28 13:10:40,574 WARNING: 매수 불가 (305720): 자금 부족: 10,690,621 > 9,758,367
2025-12-28 13:10:40,603 WARNING: 매수 불가 (114800): 자금 부족: 974,395 > 912,637
2025-12-28 13:10:40,604 WARNING: 매수 불가 (114800): 자금 부족: 10,489,619 > 9,678,570
2025-12-28 13:10:40,605 WARNING: 매수 불가 (114800): 자금 부족: 10,572,529 > 9,678,570
2025-12-28 13:10:40,606 WARNING: 매수 불가 (114800): 자금 부족: 10,433,385 > 9,678,570
2025-12-28 13:10:40,606 WARNING: 매수 불가 (114800): 자금 부족: 10,218,955 > 9,678,570
2025-12-28 13:10:41,191 INFO: UNIVERSE requested=14(hash=989dbc28) effective=14(hash=989dbc28)
2025-12-28 13:10:41,192 INFO: [Loader Debug] 005930 path: data\cache\005930.parquet exists: True
2025-12-28 13:10:41,193 INFO: [Loader Debug] 005930 raw shape: (1559, 5), index: <class 'pandas.core.indexes.datetimes.DatetimeIndex'>, cols: Index(['Open', 'High', 'Low', 'Close', 'Volume'], dtype='object')
2025-12-28 13:10:41,195 INFO: [Loader Debug] 005930 Date Range: 2019-01-01 00:00:00 ~ 2024-12-20 00:00:00 vs Target: 2022-09-24 ~ 2023-06-23
2025-12-28 13:10:41,196 INFO: [Loader Debug] 005930 Filtered rows: 195
2025-12-28 13:10:41,196 INFO: [Loader Debug] 035420 path: data\cache\035420.parquet exists: True
2025-12-28 13:10:41,198 INFO: [Loader Debug] 035420 raw shape: (1559, 5), index: <class 'pandas.core.indexes.datetimes.DatetimeIndex'>, cols: Index(['Open', 'High', 'Low', 'Close', 'Volume'], dtype='object')
2025-12-28 13:10:41,199 INFO: [Loader Debug] 035420 Date Range: 2019-01-01 00:00:00 ~ 2024-12-20 00:00:00 vs Target: 2022-09-24 ~ 2023-06-23
2025-12-28 13:10:41,200 INFO: [Loader Debug] 035420 Filtered rows: 195
2025-12-28 13:10:41,200 INFO: [Loader Debug] 035720 path: data\cache\035720.parquet exists: True
2025-12-28 13:10:41,201 INFO: [Loader Debug] 035720 raw shape: (1559, 5), index: <class 'pandas.core.indexes.datetimes.DatetimeIndex'>, cols: Index(['Open', 'High', 'Low', 'Close', 'Volume'], dtype='object')
2025-12-28 13:10:41,202 INFO: [Loader Debug] 035720 Date Range: 2019-01-01 00:00:00 ~ 2024-12-20 00:00:00 vs Target: 2022-09-24 ~ 2023-06-23
2025-12-28 13:10:41,203 INFO: [Loader Debug] 035720 Filtered rows: 195
2025-12-28 13:10:41,204 INFO: [Loader Debug] 051910 path: data\cache\051910.parquet exists: True
2025-12-28 13:10:41,205 INFO: [Loader Debug] 051910 raw shape: (1559, 5), index: <class 'pandas.core.indexes.datetimes.DatetimeIndex'>, cols: Index(['Open', 'High', 'Low', 'Close', 'Volume'], dtype='object')
2025-12-28 13:10:41,206 INFO: [Loader Debug] 051910 Date Range: 2019-01-01 00:00:00 ~ 2024-12-20 00:00:00 vs Target: 2022-09-24 ~ 2023-06-23
2025-12-28 13:10:41,207 INFO: [Loader Debug] 051910 Filtered rows: 195
2025-12-28 13:10:41,207 INFO: [Loader Debug] 069500 path: data\cache\069500.parquet exists: True
2025-12-28 13:10:41,209 INFO: [Loader Debug] 069500 raw shape: (1559, 5), index: <class 'pandas.core.indexes.datetimes.DatetimeIndex'>, cols: Index(['Open', 'High', 'Low', 'Close', 'Volume'], dtype='object')
2025-12-28 13:10:41,210 INFO: [Loader Debug] 069500 Date Range: 2019-01-01 00:00:00 ~ 2024-12-20 00:00:00 vs Target: 2022-09-24 ~ 2023-06-23
2025-12-28 13:10:41,211 INFO: [Loader Debug] 069500 Filtered rows: 195
2025-12-28 13:10:41,211 INFO: [Loader Debug] 091160 path: data\cache\091160.parquet exists: True
2025-12-28 13:10:41,212 INFO: [Loader Debug] 091160 raw shape: (1559, 5), index: <class 'pandas.core.indexes.datetimes.DatetimeIndex'>, cols: Index(['Open', 'High', 'Low', 'Close', 'Volume'], dtype='object')
2025-12-28 13:10:41,213 INFO: [Loader Debug] 091160 Date Range: 2019-01-01 00:00:00 ~ 2024-12-20 00:00:00 vs Target: 2022-09-24 ~ 2023-06-23
2025-12-28 13:10:41,215 INFO: [Loader Debug] 091160 Filtered rows: 195
2025-12-28 13:10:41,215 INFO: [Loader Debug] 102110 path: data\cache\102110.parquet exists: True
2025-12-28 13:10:41,216 INFO: [Loader Debug] 102110 raw shape: (1559, 5), index: <class 'pandas.core.indexes.datetimes.DatetimeIndex'>, cols: Index(['Open', 'High', 'Low', 'Close', 'Volume'], dtype='object')
2025-12-28 13:10:41,218 INFO: [Loader Debug] 102110 Date Range: 2019-01-01 00:00:00 ~ 2024-12-20 00:00:00 vs Target: 2022-09-24 ~ 2023-06-23
2025-12-28 13:10:41,218 INFO: [Loader Debug] 102110 Filtered rows: 195
2025-12-28 13:10:41,219 INFO: [Loader Debug] 114800 path: data\cache\114800.parquet exists: True
2025-12-28 13:10:41,220 INFO: [Loader Debug] 114800 raw shape: (1559, 5), index: <class 'pandas.core.indexes.datetimes.DatetimeIndex'>, cols: Index(['Open', 'High', 'Low', 'Close', 'Volume'], dtype='object')
2025-12-28 13:10:41,221 INFO: [Loader Debug] 114800 Date Range: 2019-01-01 00:00:00 ~ 2024-12-20 00:00:00 vs Target: 2022-09-24 ~ 2023-06-23
2025-12-28 13:10:41,222 INFO: [Loader Debug] 114800 Filtered rows: 195
2025-12-28 13:10:41,222 INFO: [Loader Debug] 122630 path: data\cache\122630.parquet exists: True
2025-12-28 13:10:41,224 INFO: [Loader Debug] 122630 raw shape: (1559, 5), index: <class 'pandas.core.indexes.datetimes.DatetimeIndex'>, cols: Index(['Open', 'High', 'Low', 'Close', 'Volume'], dtype='object')
2025-12-28 13:10:41,225 INFO: [Loader Debug] 122630 Date Range: 2019-01-01 00:00:00 ~ 2024-12-20 00:00:00 vs Target: 2022-09-24 ~ 2023-06-23
2025-12-28 13:10:41,226 INFO: [Loader Debug] 122630 Filtered rows: 195
2025-12-28 13:10:41,226 INFO: [Loader Debug] 229200 path: data\cache\229200.parquet exists: True
2025-12-28 13:10:41,227 INFO: [Loader Debug] 229200 raw shape: (1559, 5), index: <class 'pandas.core.indexes.datetimes.DatetimeIndex'>, cols: Index(['Open', 'High', 'Low', 'Close', 'Volume'], dtype='object')
2025-12-28 13:10:41,228 INFO: [Loader Debug] 229200 Date Range: 2019-01-01 00:00:00 ~ 2024-12-20 00:00:00 vs Target: 2022-09-24 ~ 2023-06-23
2025-12-28 13:10:41,229 INFO: [Loader Debug] 229200 Filtered rows: 195
2025-12-28 13:10:41,230 INFO: [Loader Debug] 233740 path: data\cache\233740.parquet exists: True
2025-12-28 13:10:41,231 INFO: [Loader Debug] 233740 raw shape: (1559, 5), index: <class 'pandas.core.indexes.datetimes.DatetimeIndex'>, cols: Index(['Open', 'High', 'Low', 'Close', 'Volume'], dtype='object')
2025-12-28 13:10:41,233 INFO: [Loader Debug] 233740 Date Range: 2019-01-01 00:00:00 ~ 2024-12-20 00:00:00 vs Target: 2022-09-24 ~ 2023-06-23
2025-12-28 13:10:41,233 INFO: [Loader Debug] 233740 Filtered rows: 195
2025-12-28 13:10:41,234 INFO: [Loader Debug] 252670 path: data\cache\252670.parquet exists: True
2025-12-28 13:10:41,235 INFO: [Loader Debug] 252670 raw shape: (1559, 5), index: <class 'pandas.core.indexes.datetimes.DatetimeIndex'>, cols: Index(['Open', 'High', 'Low', 'Close', 'Volume'], dtype='object')
2025-12-28 13:10:41,236 INFO: [Loader Debug] 252670 Date Range: 2019-01-01 00:00:00 ~ 2024-12-20 00:00:00 vs Target: 2022-09-24 ~ 2023-06-23
2025-12-28 13:10:41,237 INFO: [Loader Debug] 252670 Filtered rows: 195
2025-12-28 13:10:41,237 INFO: [Loader Debug] 261240 path: data\cache\261240.parquet exists: True
2025-12-28 13:10:41,239 INFO: [Loader Debug] 261240 raw shape: (1559, 5), index: <class 'pandas.core.indexes.datetimes.DatetimeIndex'>, cols: Index(['Open', 'High', 'Low', 'Close', 'Volume'], dtype='object')
2025-12-28 13:10:41,240 INFO: [Loader Debug] 261240 Date Range: 2019-01-01 00:00:00 ~ 2024-12-20 00:00:00 vs Target: 2022-09-24 ~ 2023-06-23
2025-12-28 13:10:41,241 INFO: [Loader Debug] 261240 Filtered rows: 195
2025-12-28 13:10:41,241 INFO: [Loader Debug] 305720 path: data\cache\305720.parquet exists: True
2025-12-28 13:10:41,242 INFO: [Loader Debug] 305720 raw shape: (1559, 5), index: <class 'pandas.core.indexes.datetimes.DatetimeIndex'>, cols: Index(['Open', 'High', 'Low', 'Close', 'Volume'], dtype='object')
2025-12-28 13:10:41,244 INFO: [Loader Debug] 305720 Date Range: 2019-01-01 00:00:00 ~ 2024-12-20 00:00:00 vs Target: 2022-09-24 ~ 2023-06-23
2025-12-28 13:10:41,245 INFO: [Loader Debug] 305720 Filtered rows: 195
2025-12-28 13:10:41,246 INFO: [Normalization] Initial Shape: (2730, 5), Index: <class 'pandas.core.indexes.multi.MultiIndex'>, Columns: ['open', 'high', 'low', 'close', 'volume']
2025-12-28 13:10:41,247 INFO: [EVIDENCE] Data Pipeline Trace:
1. Load Shape: (2730, 5)
   - Index Type: <class 'pandas.core.indexes.multi.MultiIndex'>
   - Levels: ['code', 'date']
   - Date Range: 2022-09-26 00:00:00 ~ 2023-06-23 00:00:00
   - Unique Symbols: 14 (Sample: ['005930', '035420', '035720'])
2. Universe Coverage: Requested=14, Loaded=14, Missing=0
6. Final Columns: ['open', 'high', 'low', 'close', 'volume']
2025-12-28 13:10:41,384 INFO: ✅ 설정 파일 로드: E:\AI Study\krx_alertor_modular\config\regime_params.yaml
2025-12-28 13:10:41,384 INFO: MarketRegimeDetector 초기화: MA=50/200일, 임계값=2.0/-2.0%
2025-12-28 13:10:41,389 INFO: RSI 프로파일 로드 완료: ['balanced', 'conservative', 'aggressive']
2025-12-28 13:10:41,389 INFO: [EVIDENCE] BacktestRunner.run called with params: ma_period=100, rsi_period=58, stop_loss=0.13
2025-12-28 13:10:41,389 INFO: BacktestEngine 초기화: instrument_type=etf, tax_rate=0.00%
2025-12-28 13:10:41,530 WARNING: 매수 불가 (233740): 자금 부족: 1,096,447 > 265,015
2025-12-28 13:10:41,531 WARNING: 매수 불가 (233740): 자금 부족: 11,163,764 > 9,885,945
2025-12-28 13:10:41,532 WARNING: 매수 불가 (233740): 자금 부족: 11,171,088 > 9,885,945
2025-12-28 13:10:41,533 WARNING: 매수 불가 (233740): 자금 부족: 11,129,356 > 9,885,945
2025-12-28 13:10:41,533 WARNING: 매수 불가 (233740): 자금 부족: 11,039,740 > 9,885,945
2025-12-28 13:10:41,545 WARNING: 매수 불가 (233740): 자금 부족: 1,105,643 > 669,818
2025-12-28 13:10:41,546 WARNING: 매수 불가 (233740): 자금 부족: 10,851,317 > 9,938,381
2025-12-28 13:10:41,547 WARNING: 매수 불가 (233740): 자금 부족: 10,718,907 > 9,938,381
2025-12-28 13:10:41,548 WARNING: 매수 불가 (233740): 자금 부족: 10,419,897 > 9,938,381
2025-12-28 13:10:41,548 WARNING: 매수 불가 (233740): 자금 부족: 10,454,813 > 9,938,381
2025-12-28 13:10:41,633 WARNING: 매수 불가 (252670): 자금 부족: 1,052,953 > 495,482
2025-12-28 13:10:41,634 WARNING: 매수 불가 (252670): 자금 부족: 11,323,298 > 9,990,263
2025-12-28 13:10:41,634 WARNING: 매수 불가 (252670): 자금 부족: 11,187,801 > 9,990,263
2025-12-28 13:10:41,635 WARNING: 매수 불가 (252670): 자금 부족: 11,194,105 > 9,990,263
2025-12-28 13:10:41,635 WARNING: 매수 불가 (252670): 자금 부족: 11,027,251 > 9,990,263
2025-12-28 13:10:41,661 WARNING: 매수 불가 (252670): 자금 부족: 1,064,077 > 806,996
2025-12-28 13:10:41,662 WARNING: 매수 불가 (252670): 자금 부족: 10,477,177 > 9,911,648
2025-12-28 13:10:41,663 INFO: Split 계산: Train=16M, Val=14M, Test=6M
2025-12-28 13:10:41,664 INFO: [캐시] lb=12M, key=7bacf271
2025-12-28 13:10:41,664 INFO: UNIVERSE requested=14(hash=989dbc28) effective=14(hash=989dbc28)
2025-12-28 13:10:41,665 INFO: [Loader Debug] 005930 path: data\cache\005930.parquet exists: True
2025-12-28 13:10:41,667 INFO: [Loader Debug] 005930 raw shape: (1559, 5), index: <class 'pandas.core.indexes.datetimes.DatetimeIndex'>, cols: Index(['Open', 'High', 'Low', 'Close', 'Volume'], dtype='object')
2025-12-28 13:10:41,668 INFO: [Loader Debug] 005930 Date Range: 2019-01-01 00:00:00 ~ 2024-12-20 00:00:00 vs Target: 2020-10-06 ~ 2022-04-29
2025-12-28 13:10:41,669 INFO: [Loader Debug] 005930 Filtered rows: 409
2025-12-28 13:10:41,670 INFO: [Loader Debug] 035420 path: data\cache\035420.parquet exists: True
2025-12-28 13:10:41,671 INFO: [Loader Debug] 035420 raw shape: (1559, 5), index: <class 'pandas.core.indexes.datetimes.DatetimeIndex'>, cols: Index(['Open', 'High', 'Low', 'Close', 'Volume'], dtype='object')
2025-12-28 13:10:41,673 INFO: [Loader Debug] 035420 Date Range: 2019-01-01 00:00:00 ~ 2024-12-20 00:00:00 vs Target: 2020-10-06 ~ 2022-04-29
2025-12-28 13:10:41,674 INFO: [Loader Debug] 035420 Filtered rows: 409
2025-12-28 13:10:41,674 INFO: [Loader Debug] 035720 path: data\cache\035720.parquet exists: True
2025-12-28 13:10:41,676 INFO: [Loader Debug] 035720 raw shape: (1559, 5), index: <class 'pandas.core.indexes.datetimes.DatetimeIndex'>, cols: Index(['Open', 'High', 'Low', 'Close', 'Volume'], dtype='object')
2025-12-28 13:10:41,677 INFO: [Loader Debug] 035720 Date Range: 2019-01-01 00:00:00 ~ 2024-12-20 00:00:00 vs Target: 2020-10-06 ~ 2022-04-29
2025-12-28 13:10:41,679 INFO: [Loader Debug] 035720 Filtered rows: 409
2025-12-28 13:10:41,679 INFO: [Loader Debug] 051910 path: data\cache\051910.parquet exists: True
2025-12-28 13:10:41,681 INFO: [Loader Debug] 051910 raw shape: (1559, 5), index: <class 'pandas.core.indexes.datetimes.DatetimeIndex'>, cols: Index(['Open', 'High', 'Low', 'Close', 'Volume'], dtype='object')
2025-12-28 13:10:41,683 INFO: [Loader Debug] 051910 Date Range: 2019-01-01 00:00:00 ~ 2024-12-20 00:00:00 vs Target: 2020-10-06 ~ 2022-04-29
2025-12-28 13:10:41,684 INFO: [Loader Debug] 051910 Filtered rows: 409
2025-12-28 13:10:41,684 INFO: [Loader Debug] 069500 path: data\cache\069500.parquet exists: True
2025-12-28 13:10:41,686 INFO: [Loader Debug] 069500 raw shape: (1559, 5), index: <class 'pandas.core.indexes.datetimes.DatetimeIndex'>, cols: Index(['Open', 'High', 'Low', 'Close', 'Volume'], dtype='object')
2025-12-28 13:10:41,687 INFO: [Loader Debug] 069500 Date Range: 2019-01-01 00:00:00 ~ 2024-12-20 00:00:00 vs Target: 2020-10-06 ~ 2022-04-29
2025-12-28 13:10:41,688 INFO: [Loader Debug] 069500 Filtered rows: 409
2025-12-28 13:10:41,689 INFO: [Loader Debug] 091160 path: data\cache\091160.parquet exists: True
2025-12-28 13:10:41,690 INFO: [Loader Debug] 091160 raw shape: (1559, 5), index: <class 'pandas.core.indexes.datetimes.DatetimeIndex'>, cols: Index(['Open', 'High', 'Low', 'Close', 'Volume'], dtype='object')
2025-12-28 13:10:41,692 INFO: [Loader Debug] 091160 Date Range: 2019-01-01 00:00:00 ~ 2024-12-20 00:00:00 vs Target: 2020-10-06 ~ 2022-04-29
2025-12-28 13:10:41,694 INFO: [Loader Debug] 091160 Filtered rows: 409
2025-12-28 13:10:41,694 INFO: [Loader Debug] 102110 path: data\cache\102110.parquet exists: True
2025-12-28 13:10:41,696 INFO: [Loader Debug] 102110 raw shape: (1559, 5), index: <class 'pandas.core.indexes.datetimes.DatetimeIndex'>, cols: Index(['Open', 'High', 'Low', 'Close', 'Volume'], dtype='object')
2025-12-28 13:10:41,698 INFO: [Loader Debug] 102110 Date Range: 2019-01-01 00:00:00 ~ 2024-12-20 00:00:00 vs Target: 2020-10-06 ~ 2022-04-29
2025-12-28 13:10:41,699 INFO: [Loader Debug] 102110 Filtered rows: 409
2025-12-28 13:10:41,699 INFO: [Loader Debug] 114800 path: data\cache\114800.parquet exists: True
2025-12-28 13:10:41,701 INFO: [Loader Debug] 114800 raw shape: (1559, 5), index: <class 'pandas.core.indexes.datetimes.DatetimeIndex'>, cols: Index(['Open', 'High', 'Low', 'Close', 'Volume'], dtype='object')
2025-12-28 13:10:41,702 INFO: [Loader Debug] 114800 Date Range: 2019-01-01 00:00:00 ~ 2024-12-20 00:00:00 vs Target: 2020-10-06 ~ 2022-04-29
2025-12-28 13:10:41,704 INFO: [Loader Debug] 114800 Filtered rows: 409
2025-12-28 13:10:41,704 INFO: [Loader Debug] 122630 path: data\cache\122630.parquet exists: True
2025-12-28 13:10:41,706 INFO: [Loader Debug] 122630 raw shape: (1559, 5), index: <class 'pandas.core.indexes.datetimes.DatetimeIndex'>, cols: Index(['Open', 'High', 'Low', 'Close', 'Volume'], dtype='object')
2025-12-28 13:10:41,707 INFO: [Loader Debug] 122630 Date Range: 2019-01-01 00:00:00 ~ 2024-12-20 00:00:00 vs Target: 2020-10-06 ~ 2022-04-29
2025-12-28 13:10:41,708 INFO: [Loader Debug] 122630 Filtered rows: 409
2025-12-28 13:10:41,708 INFO: [Loader Debug] 229200 path: data\cache\229200.parquet exists: True
2025-12-28 13:10:41,710 INFO: [Loader Debug] 229200 raw shape: (1559, 5), index: <class 'pandas.core.indexes.datetimes.DatetimeIndex'>, cols: Index(['Open', 'High', 'Low', 'Close', 'Volume'], dtype='object')
2025-12-28 13:10:41,711 INFO: [Loader Debug] 229200 Date Range: 2019-01-01 00:00:00 ~ 2024-12-20 00:00:00 vs Target: 2020-10-06 ~ 2022-04-29
2025-12-28 13:10:41,712 INFO: [Loader Debug] 229200 Filtered rows: 409
2025-12-28 13:10:41,713 INFO: [Loader Debug] 233740 path: data\cache\233740.parquet exists: True
2025-12-28 13:10:41,714 INFO: [Loader Debug] 233740 raw shape: (1559, 5), index: <class 'pandas.core.indexes.datetimes.DatetimeIndex'>, cols: Index(['Open', 'High', 'Low', 'Close', 'Volume'], dtype='object')
2025-12-28 13:10:41,715 INFO: [Loader Debug] 233740 Date Range: 2019-01-01 00:00:00 ~ 2024-12-20 00:00:00 vs Target: 2020-10-06 ~ 2022-04-29
2025-12-28 13:10:41,716 INFO: [Loader Debug] 233740 Filtered rows: 409
2025-12-28 13:10:41,717 INFO: [Loader Debug] 252670 path: data\cache\252670.parquet exists: True
2025-12-28 13:10:41,718 INFO: [Loader Debug] 252670 raw shape: (1559, 5), index: <class 'pandas.core.indexes.datetimes.DatetimeIndex'>, cols: Index(['Open', 'High', 'Low', 'Close', 'Volume'], dtype='object')
2025-12-28 13:10:41,719 INFO: [Loader Debug] 252670 Date Range: 2019-01-01 00:00:00 ~ 2024-12-20 00:00:00 vs Target: 2020-10-06 ~ 2022-04-29
2025-12-28 13:10:41,720 INFO: [Loader Debug] 252670 Filtered rows: 409
2025-12-28 13:10:41,720 INFO: [Loader Debug] 261240 path: data\cache\261240.parquet exists: True
2025-12-28 13:10:41,722 INFO: [Loader Debug] 261240 raw shape: (1559, 5), index: <class 'pandas.core.indexes.datetimes.DatetimeIndex'>, cols: Index(['Open', 'High', 'Low', 'Close', 'Volume'], dtype='object')
2025-12-28 13:10:41,723 INFO: [Loader Debug] 261240 Date Range: 2019-01-01 00:00:00 ~ 2024-12-20 00:00:00 vs Target: 2020-10-06 ~ 2022-04-29
2025-12-28 13:10:41,723 INFO: [Loader Debug] 261240 Filtered rows: 409
2025-12-28 13:10:41,724 INFO: [Loader Debug] 305720 path: data\cache\305720.parquet exists: True
2025-12-28 13:10:41,725 INFO: [Loader Debug] 305720 raw shape: (1559, 5), index: <class 'pandas.core.indexes.datetimes.DatetimeIndex'>, cols: Index(['Open', 'High', 'Low', 'Close', 'Volume'], dtype='object')
2025-12-28 13:10:41,726 INFO: [Loader Debug] 305720 Date Range: 2019-01-01 00:00:00 ~ 2024-12-20 00:00:00 vs Target: 2020-10-06 ~ 2022-04-29
2025-12-28 13:10:41,727 INFO: [Loader Debug] 305720 Filtered rows: 409
2025-12-28 13:10:41,729 INFO: [Normalization] Initial Shape: (5726, 5), Index: <class 'pandas.core.indexes.multi.MultiIndex'>, Columns: ['open', 'high', 'low', 'close', 'volume']
2025-12-28 13:10:41,730 INFO: [EVIDENCE] Data Pipeline Trace:
1. Load Shape: (5726, 5)
   - Index Type: <class 'pandas.core.indexes.multi.MultiIndex'>
   - Levels: ['code', 'date']
   - Date Range: 2020-10-06 00:00:00 ~ 2022-04-29 00:00:00
   - Unique Symbols: 14 (Sample: ['005930', '035420', '035720'])
2. Universe Coverage: Requested=14, Loaded=14, Missing=0
6. Final Columns: ['open', 'high', 'low', 'close', 'volume']
2025-12-28 13:10:41,824 INFO: ✅ 설정 파일 로드: E:\AI Study\krx_alertor_modular\config\regime_params.yaml
2025-12-28 13:10:41,824 INFO: MarketRegimeDetector 초기화: MA=50/200일, 임계값=2.0/-2.0%
2025-12-28 13:10:41,829 INFO: RSI 프로파일 로드 완료: ['balanced', 'conservative', 'aggressive']
2025-12-28 13:10:41,829 INFO: [EVIDENCE] BacktestRunner.run called with params: ma_period=100, rsi_period=58, stop_loss=0.13
2025-12-28 13:10:41,829 INFO: BacktestEngine 초기화: instrument_type=etf, tax_rate=0.00%
2025-12-28 13:10:41,887 WARNING: 매수 불가 (035720): 자금 부족: 1,149,313 > 266,120
2025-12-28 13:10:41,888 WARNING: 매수 불가 (035720): 자금 부족: 11,446,046 > 9,949,290
2025-12-28 13:10:41,889 WARNING: 매수 불가 (035720): 자금 부족: 11,271,107 > 9,949,290
2025-12-28 13:10:41,889 WARNING: 매수 불가 (035720): 자금 부족: 11,117,170 > 9,949,290
2025-12-28 13:10:41,890 WARNING: 매수 불가 (035720): 자금 부족: 11,427,514 > 9,949,290
2025-12-28 13:10:41,903 WARNING: 매수 불가 (252670): 자금 부족: 1,132,509 > 968,927
2025-12-28 13:10:41,903 WARNING: 매수 불가 (229200): 자금 부족: 1,070,557 > 968,927
2025-12-28 13:10:41,904 WARNING: 매수 불가 (229200): 자금 부족: 5,700,540 > 4,325,534
2025-12-28 13:10:41,904 WARNING: 매수 불가 (229200): 자금 부족: 11,475,088 > 9,878,564
2025-12-28 13:10:41,905 WARNING: 매수 불가 (229200): 자금 부족: 11,345,826 > 9,878,564
2025-12-28 13:10:41,905 WARNING: 매수 불가 (229200): 자금 부족: 11,424,521 > 9,878,564
2025-12-28 13:10:41,917 WARNING: 매수 불가 (252670): 자금 부족: 1,093,487 > 372,376
2025-12-28 13:10:41,918 WARNING: 매수 불가 (252670): 자금 부족: 11,003,929 > 9,855,979
2025-12-28 13:10:41,919 WARNING: 매수 불가 (252670): 자금 부족: 10,786,830 > 9,855,979
2025-12-28 13:10:41,919 WARNING: 매수 불가 (252670): 자금 부족: 10,708,024 > 9,855,979
2025-12-28 13:10:41,920 WARNING: 매수 불가 (252670): 자금 부족: 10,674,966 > 9,855,979
2025-12-28 13:10:41,932 WARNING: 매수 불가 (091160): 자금 부족: 1,063,237 > 1,053,023
2025-12-28 13:10:41,933 WARNING: 매수 불가 (091160): 자금 부족: 10,927,078 > 9,960,647
2025-12-28 13:10:41,933 WARNING: 매수 불가 (091160): 자금 부족: 11,140,973 > 9,960,647
2025-12-28 13:10:41,934 WARNING: 매수 불가 (091160): 자금 부족: 11,060,316 > 9,960,647
2025-12-28 13:10:41,934 WARNING: 매수 불가 (091160): 자금 부족: 11,103,415 > 9,960,647
2025-12-28 13:10:41,947 WARNING: 매수 불가 (102110): 자금 부족: 1,020,830 > 886,456
2025-12-28 13:10:41,948 WARNING: 매수 불가 (102110): 자금 부족: 11,223,961 > 9,929,056
2025-12-28 13:10:41,948 WARNING: 매수 불가 (102110): 자금 부족: 11,157,171 > 9,929,056
2025-12-28 13:10:41,949 WARNING: 매수 불가 (102110): 자금 부족: 11,252,588 > 9,929,056
2025-12-28 13:10:41,949 WARNING: 매수 불가 (102110): 자금 부족: 11,157,254 > 9,929,056
2025-12-28 13:10:41,962 WARNING: 매수 불가 (252670): 자금 부족: 1,116,448 > 991,054
2025-12-28 13:10:41,962 WARNING: 매수 불가 (252670): 자금 부족: 11,007,285 > 9,931,208
2025-12-28 13:10:41,963 WARNING: 매수 불가 (252670): 자금 부족: 11,213,914 > 9,931,208
2025-12-28 13:10:41,964 WARNING: 매수 불가 (252670): 자금 부족: 11,360,111 > 9,931,208
2025-12-28 13:10:41,964 WARNING: 매수 불가 (252670): 자금 부족: 11,347,755 > 9,931,208
2025-12-28 13:10:42,066 WARNING: 매수 불가 (091160): 자금 부족: 1,003,874 > 913,807
2025-12-28 13:10:42,067 WARNING: 매수 불가 (091160): 자금 부족: 10,630,707 > 9,849,141
2025-12-28 13:10:42,068 WARNING: 매수 불가 (091160): 자금 부족: 10,662,941 > 9,849,141
2025-12-28 13:10:42,068 WARNING: 매수 불가 (091160): 자금 부족: 10,391,017 > 9,849,141
2025-12-28 13:10:42,069 WARNING: 매수 불가 (091160): 자금 부족: 10,433,428 > 9,849,141
2025-12-28 13:10:42,084 WARNING: 매수 불가 (252670): 자금 부족: 1,041,034 > 809,786
2025-12-28 13:10:42,085 WARNING: 매수 불가 (252670): 자금 부족: 10,510,669 > 9,717,511
2025-12-28 13:10:42,086 WARNING: 매수 불가 (252670): 자금 부족: 10,389,008 > 9,717,511
2025-12-28 13:10:42,087 WARNING: 매수 불가 (252670): 자금 부족: 10,490,639 > 9,717,511
2025-12-28 13:10:42,087 WARNING: 매수 불가 (252670): 자금 부족: 10,416,319 > 9,717,511
2025-12-28 13:10:42,099 WARNING: 매수 불가 (305720): 자금 부족: 1,027,504 > 678,557
2025-12-28 13:10:42,100 WARNING: 매수 불가 (305720): 자금 부족: 10,432,945 > 9,758,367
2025-12-28 13:10:42,101 WARNING: 매수 불가 (305720): 자금 부족: 10,578,367 > 9,758,367
2025-12-28 13:10:42,101 WARNING: 매수 불가 (305720): 자금 부족: 10,618,596 > 9,758,367
2025-12-28 13:10:42,102 WARNING: 매수 불가 (305720): 자금 부족: 10,690,621 > 9,758,367
2025-12-28 13:10:42,127 WARNING: 매수 불가 (114800): 자금 부족: 974,395 > 912,637
2025-12-28 13:10:42,128 WARNING: 매수 불가 (114800): 자금 부족: 10,489,619 > 9,678,570
2025-12-28 13:10:42,129 WARNING: 매수 불가 (114800): 자금 부족: 10,572,529 > 9,678,570
2025-12-28 13:10:42,129 WARNING: 매수 불가 (114800): 자금 부족: 10,433,385 > 9,678,570
2025-12-28 13:10:42,130 WARNING: 매수 불가 (114800): 자금 부족: 10,218,955 > 9,678,570
2025-12-28 13:10:42,681 INFO: UNIVERSE requested=14(hash=989dbc28) effective=14(hash=989dbc28)
2025-12-28 13:10:42,681 INFO: [Loader Debug] 005930 path: data\cache\005930.parquet exists: True
2025-12-28 13:10:42,683 INFO: [Loader Debug] 005930 raw shape: (1559, 5), index: <class 'pandas.core.indexes.datetimes.DatetimeIndex'>, cols: Index(['Open', 'High', 'Low', 'Close', 'Volume'], dtype='object')
2025-12-28 13:10:42,685 INFO: [Loader Debug] 005930 Date Range: 2019-01-01 00:00:00 ~ 2024-12-20 00:00:00 vs Target: 2022-03-25 ~ 2023-06-23
2025-12-28 13:10:42,686 INFO: [Loader Debug] 005930 Filtered rows: 326
2025-12-28 13:10:42,686 INFO: [Loader Debug] 035420 path: data\cache\035420.parquet exists: True
2025-12-28 13:10:42,687 INFO: [Loader Debug] 035420 raw shape: (1559, 5), index: <class 'pandas.core.indexes.datetimes.DatetimeIndex'>, cols: Index(['Open', 'High', 'Low', 'Close', 'Volume'], dtype='object')
2025-12-28 13:10:42,688 INFO: [Loader Debug] 035420 Date Range: 2019-01-01 00:00:00 ~ 2024-12-20 00:00:00 vs Target: 2022-03-25 ~ 2023-06-23
2025-12-28 13:10:42,689 INFO: [Loader Debug] 035420 Filtered rows: 326
2025-12-28 13:10:42,689 INFO: [Loader Debug] 035720 path: data\cache\035720.parquet exists: True
2025-12-28 13:10:42,691 INFO: [Loader Debug] 035720 raw shape: (1559, 5), index: <class 'pandas.core.indexes.datetimes.DatetimeIndex'>, cols: Index(['Open', 'High', 'Low', 'Close', 'Volume'], dtype='object')
2025-12-28 13:10:42,692 INFO: [Loader Debug] 035720 Date Range: 2019-01-01 00:00:00 ~ 2024-12-20 00:00:00 vs Target: 2022-03-25 ~ 2023-06-23
2025-12-28 13:10:42,693 INFO: [Loader Debug] 035720 Filtered rows: 326
2025-12-28 13:10:42,693 INFO: [Loader Debug] 051910 path: data\cache\051910.parquet exists: True
2025-12-28 13:10:42,695 INFO: [Loader Debug] 051910 raw shape: (1559, 5), index: <class 'pandas.core.indexes.datetimes.DatetimeIndex'>, cols: Index(['Open', 'High', 'Low', 'Close', 'Volume'], dtype='object')
2025-12-28 13:10:42,696 INFO: [Loader Debug] 051910 Date Range: 2019-01-01 00:00:00 ~ 2024-12-20 00:00:00 vs Target: 2022-03-25 ~ 2023-06-23
2025-12-28 13:10:42,697 INFO: [Loader Debug] 051910 Filtered rows: 326
2025-12-28 13:10:42,697 INFO: [Loader Debug] 069500 path: data\cache\069500.parquet exists: True
2025-12-28 13:10:42,699 INFO: [Loader Debug] 069500 raw shape: (1559, 5), index: <class 'pandas.core.indexes.datetimes.DatetimeIndex'>, cols: Index(['Open', 'High', 'Low', 'Close', 'Volume'], dtype='object')
2025-12-28 13:10:42,700 INFO: [Loader Debug] 069500 Date Range: 2019-01-01 00:00:00 ~ 2024-12-20 00:00:00 vs Target: 2022-03-25 ~ 2023-06-23
2025-12-28 13:10:42,701 INFO: [Loader Debug] 069500 Filtered rows: 326
2025-12-28 13:10:42,701 INFO: [Loader Debug] 091160 path: data\cache\091160.parquet exists: True
2025-12-28 13:10:42,702 INFO: [Loader Debug] 091160 raw shape: (1559, 5), index: <class 'pandas.core.indexes.datetimes.DatetimeIndex'>, cols: Index(['Open', 'High', 'Low', 'Close', 'Volume'], dtype='object')
2025-12-28 13:10:42,703 INFO: [Loader Debug] 091160 Date Range: 2019-01-01 00:00:00 ~ 2024-12-20 00:00:00 vs Target: 2022-03-25 ~ 2023-06-23
2025-12-28 13:10:42,704 INFO: [Loader Debug] 091160 Filtered rows: 326
2025-12-28 13:10:42,705 INFO: [Loader Debug] 102110 path: data\cache\102110.parquet exists: True
2025-12-28 13:10:42,706 INFO: [Loader Debug] 102110 raw shape: (1559, 5), index: <class 'pandas.core.indexes.datetimes.DatetimeIndex'>, cols: Index(['Open', 'High', 'Low', 'Close', 'Volume'], dtype='object')
2025-12-28 13:10:42,707 INFO: [Loader Debug] 102110 Date Range: 2019-01-01 00:00:00 ~ 2024-12-20 00:00:00 vs Target: 2022-03-25 ~ 2023-06-23
2025-12-28 13:10:42,708 INFO: [Loader Debug] 102110 Filtered rows: 326
2025-12-28 13:10:42,708 INFO: [Loader Debug] 114800 path: data\cache\114800.parquet exists: True
2025-12-28 13:10:42,710 INFO: [Loader Debug] 114800 raw shape: (1559, 5), index: <class 'pandas.core.indexes.datetimes.DatetimeIndex'>, cols: Index(['Open', 'High', 'Low', 'Close', 'Volume'], dtype='object')
2025-12-28 13:10:42,711 INFO: [Loader Debug] 114800 Date Range: 2019-01-01 00:00:00 ~ 2024-12-20 00:00:00 vs Target: 2022-03-25 ~ 2023-06-23
2025-12-28 13:10:42,712 INFO: [Loader Debug] 114800 Filtered rows: 326
2025-12-28 13:10:42,712 INFO: [Loader Debug] 122630 path: data\cache\122630.parquet exists: True
2025-12-28 13:10:42,714 INFO: [Loader Debug] 122630 raw shape: (1559, 5), index: <class 'pandas.core.indexes.datetimes.DatetimeIndex'>, cols: Index(['Open', 'High', 'Low', 'Close', 'Volume'], dtype='object')
2025-12-28 13:10:42,715 INFO: [Loader Debug] 122630 Date Range: 2019-01-01 00:00:00 ~ 2024-12-20 00:00:00 vs Target: 2022-03-25 ~ 2023-06-23
2025-12-28 13:10:42,716 INFO: [Loader Debug] 122630 Filtered rows: 326
2025-12-28 13:10:42,716 INFO: [Loader Debug] 229200 path: data\cache\229200.parquet exists: True
2025-12-28 13:10:42,718 INFO: [Loader Debug] 229200 raw shape: (1559, 5), index: <class 'pandas.core.indexes.datetimes.DatetimeIndex'>, cols: Index(['Open', 'High', 'Low', 'Close', 'Volume'], dtype='object')
2025-12-28 13:10:42,719 INFO: [Loader Debug] 229200 Date Range: 2019-01-01 00:00:00 ~ 2024-12-20 00:00:00 vs Target: 2022-03-25 ~ 2023-06-23
2025-12-28 13:10:42,719 INFO: [Loader Debug] 229200 Filtered rows: 326
2025-12-28 13:10:42,720 INFO: [Loader Debug] 233740 path: data\cache\233740.parquet exists: True
2025-12-28 13:10:42,721 INFO: [Loader Debug] 233740 raw shape: (1559, 5), index: <class 'pandas.core.indexes.datetimes.DatetimeIndex'>, cols: Index(['Open', 'High', 'Low', 'Close', 'Volume'], dtype='object')
2025-12-28 13:10:42,722 INFO: [Loader Debug] 233740 Date Range: 2019-01-01 00:00:00 ~ 2024-12-20 00:00:00 vs Target: 2022-03-25 ~ 2023-06-23
2025-12-28 13:10:42,723 INFO: [Loader Debug] 233740 Filtered rows: 326
2025-12-28 13:10:42,723 INFO: [Loader Debug] 252670 path: data\cache\252670.parquet exists: True
2025-12-28 13:10:42,724 INFO: [Loader Debug] 252670 raw shape: (1559, 5), index: <class 'pandas.core.indexes.datetimes.DatetimeIndex'>, cols: Index(['Open', 'High', 'Low', 'Close', 'Volume'], dtype='object')
2025-12-28 13:10:42,726 INFO: [Loader Debug] 252670 Date Range: 2019-01-01 00:00:00 ~ 2024-12-20 00:00:00 vs Target: 2022-03-25 ~ 2023-06-23
2025-12-28 13:10:42,727 INFO: [Loader Debug] 252670 Filtered rows: 326
2025-12-28 13:10:42,727 INFO: [Loader Debug] 261240 path: data\cache\261240.parquet exists: True
2025-12-28 13:10:42,728 INFO: [Loader Debug] 261240 raw shape: (1559, 5), index: <class 'pandas.core.indexes.datetimes.DatetimeIndex'>, cols: Index(['Open', 'High', 'Low', 'Close', 'Volume'], dtype='object')
2025-12-28 13:10:42,730 INFO: [Loader Debug] 261240 Date Range: 2019-01-01 00:00:00 ~ 2024-12-20 00:00:00 vs Target: 2022-03-25 ~ 2023-06-23
2025-12-28 13:10:42,731 INFO: [Loader Debug] 261240 Filtered rows: 326
2025-12-28 13:10:42,731 INFO: [Loader Debug] 305720 path: data\cache\305720.parquet exists: True
2025-12-28 13:10:42,732 INFO: [Loader Debug] 305720 raw shape: (1559, 5), index: <class 'pandas.core.indexes.datetimes.DatetimeIndex'>, cols: Index(['Open', 'High', 'Low', 'Close', 'Volume'], dtype='object')
2025-12-28 13:10:42,734 INFO: [Loader Debug] 305720 Date Range: 2019-01-01 00:00:00 ~ 2024-12-20 00:00:00 vs Target: 2022-03-25 ~ 2023-06-23
2025-12-28 13:10:42,734 INFO: [Loader Debug] 305720 Filtered rows: 326
2025-12-28 13:10:42,736 INFO: [Normalization] Initial Shape: (4564, 5), Index: <class 'pandas.core.indexes.multi.MultiIndex'>, Columns: ['open', 'high', 'low', 'close', 'volume']
2025-12-28 13:10:42,737 INFO: [EVIDENCE] Data Pipeline Trace:
1. Load Shape: (4564, 5)
   - Index Type: <class 'pandas.core.indexes.multi.MultiIndex'>
   - Levels: ['code', 'date']
   - Date Range: 2022-03-25 00:00:00 ~ 2023-06-23 00:00:00
   - Unique Symbols: 14 (Sample: ['005930', '035420', '035720'])
2. Universe Coverage: Requested=14, Loaded=14, Missing=0
6. Final Columns: ['open', 'high', 'low', 'close', 'volume']
2025-12-28 13:10:42,828 INFO: ✅ 설정 파일 로드: E:\AI Study\krx_alertor_modular\config\regime_params.yaml
2025-12-28 13:10:42,828 INFO: MarketRegimeDetector 초기화: MA=50/200일, 임계값=2.0/-2.0%
2025-12-28 13:10:42,832 INFO: RSI 프로파일 로드 완료: ['balanced', 'conservative', 'aggressive']
2025-12-28 13:10:42,832 INFO: [EVIDENCE] BacktestRunner.run called with params: ma_period=100, rsi_period=58, stop_loss=0.13
2025-12-28 13:10:42,833 INFO: BacktestEngine 초기화: instrument_type=etf, tax_rate=0.00%
2025-12-28 13:10:43,176 WARNING: 매수 불가 (261240): 자금 부족: 1,052,715 > 810,166
2025-12-28 13:10:43,177 WARNING: 매수 불가 (261240): 자금 부족: 10,898,188 > 9,848,059
2025-12-28 13:10:43,177 WARNING: 매수 불가 (261240): 자금 부족: 10,978,653 > 9,848,059
2025-12-28 13:10:43,178 WARNING: 매수 불가 (261240): 자금 부족: 10,622,345 > 9,848,059
2025-12-28 13:10:43,179 WARNING: 매수 불가 (261240): 자금 부족: 10,682,438 > 9,848,059
2025-12-28 13:10:43,191 WARNING: 매수 불가 (005930): 자금 부족: 1,089,214 > 786,220
2025-12-28 13:10:43,192 WARNING: 매수 불가 (005930): 자금 부족: 10,921,045 > 9,808,595
2025-12-28 13:10:43,192 WARNING: 매수 불가 (005930): 자금 부족: 10,838,526 > 9,808,595
2025-12-28 13:10:43,193 WARNING: 매수 불가 (005930): 자금 부족: 10,690,182 > 9,808,595
2025-12-28 13:10:43,194 WARNING: 매수 불가 (005930): 자금 부족: 10,750,443 > 9,808,595
2025-12-28 13:10:43,293 WARNING: 매수 불가 (122630): 자금 부족: 984,817 > 906,217
2025-12-28 13:10:43,294 WARNING: 매수 불가 (122630): 자금 부족: 10,035,894 > 9,638,710
2025-12-28 13:10:43,295 WARNING: 매수 불가 (122630): 자금 부족: 10,295,663 > 9,638,710
2025-12-28 13:10:43,295 WARNING: 매수 불가 (122630): 자금 부족: 10,434,136 > 9,638,710
2025-12-28 13:10:43,296 WARNING: 매수 불가 (122630): 자금 부족: 10,759,377 > 9,638,710
2025-12-28 13:10:43,308 WARNING: 매수 불가 (233740): 자금 부족: 951,171 > 383,692
2025-12-28 13:10:43,309 WARNING: 매수 불가 (233740): 자금 부족: 10,781,726 > 9,578,770
2025-12-28 13:10:43,310 WARNING: 매수 불가 (233740): 자금 부족: 10,797,739 > 9,578,770
2025-12-28 13:10:43,310 WARNING: 매수 불가 (233740): 자금 부족: 10,792,407 > 9,578,770
2025-12-28 13:10:43,311 WARNING: 매수 불가 (233740): 자금 부족: 10,752,090 > 9,578,770
2025-12-28 13:10:43,323 WARNING: 매수 불가 (233740): 자금 부족: 919,978 > 428,413
2025-12-28 13:10:43,324 WARNING: 매수 불가 (233740): 자금 부족: 10,687,878 > 9,626,121
2025-12-28 13:10:43,324 WARNING: 매수 불가 (233740): 자금 부족: 10,489,606 > 9,626,121
2025-12-28 13:10:43,325 WARNING: 매수 불가 (233740): 자금 부족: 10,355,554 > 9,626,121
2025-12-28 13:10:43,325 WARNING: 매수 불가 (233740): 자금 부족: 10,040,991 > 9,626,121
2025-12-28 13:10:43,352 WARNING: 매수 불가 (035420): 자금 부족: 928,721 > 790,879
2025-12-28 13:10:43,353 WARNING: 매수 불가 (035420): 자금 부족: 10,066,351 > 9,577,521
2025-12-28 13:10:43,353 WARNING: 매수 불가 (035420): 자금 부족: 10,071,965 > 9,577,521
2025-12-28 13:10:43,354 WARNING: 매수 불가 (035420): 자금 부족: 10,220,295 > 9,577,521
2025-12-28 13:10:43,354 WARNING: 매수 불가 (035420): 자금 부족: 10,204,482 > 9,577,521
2025-12-28 13:10:43,405 WARNING: 매수 불가 (252670): 자금 부족: 1,051,691 > 995,399
2025-12-28 13:10:43,406 WARNING: 매수 불가 (252670): 자금 부족: 10,573,535 > 9,721,308
2025-12-28 13:10:43,407 WARNING: 매수 불가 (252670): 자금 부족: 10,772,128 > 9,721,308
2025-12-28 13:10:43,407 WARNING: 매수 불가 (252670): 자금 부족: 10,883,002 > 9,721,308
2025-12-28 13:10:43,408 WARNING: 매수 불가 (252670): 자금 부족: 10,849,160 > 9,721,308
2025-12-28 13:10:43,419 WARNING: 매수 불가 (252670): 자금 부족: 1,048,886 > 343,342
2025-12-28 13:10:43,420 WARNING: 매수 불가 (252670): 자금 부족: 10,839,220 > 9,777,867
2025-12-28 13:10:43,421 WARNING: 매수 불가 (252670): 자금 부족: 11,074,434 > 9,777,867
2025-12-28 13:10:43,421 WARNING: 매수 불가 (252670): 자금 부족: 10,939,183 > 9,777,867
2025-12-28 13:10:43,422 WARNING: 매수 불가 (252670): 자금 부족: 11,012,579 > 9,777,867
2025-12-28 13:10:43,459 ERROR: Orchestrator Crash: cannot access local variable 'final_score' where it is not associated with a value
Traceback (most recent call last):
  File "E:\AI Study\krx_alertor_modular\tools\run_phase15_realdata.py", line 526, in run_strict_phase15
    study.optimize(objective, n_trials=args.trials)
    ~~~~~~~~~~~~~~^^^^^^^^^^^^^^^^^^^^^^^^^^^^^^^^^
  File "C:\Users\minan\anaconda3\Lib\site-packages\optuna\study\study.py", line 490, in optimize
    _optimize(
    ~~~~~~~~~^
        study=self,
        ^^^^^^^^^^^
    ...<7 lines>...
        show_progress_bar=show_progress_bar,
        ^^^^^^^^^^^^^^^^^^^^^^^^^^^^^^^^^^^^
    )
    ^
  File "C:\Users\minan\anaconda3\Lib\site-packages\optuna\study\_optimize.py", line 63, in _optimize
    _optimize_sequential(
    ~~~~~~~~~~~~~~~~~~~~^
        study,
        ^^^^^^
    ...<8 lines>...
        progress_bar=progress_bar,
        ^^^^^^^^^^^^^^^^^^^^^^^^^^
    )
    ^
  File "C:\Users\minan\anaconda3\Lib\site-packages\optuna\study\_optimize.py", line 160, in _optimize_sequential
    frozen_trial_id = _run_trial(study, func, catch)
  File "C:\Users\minan\anaconda3\Lib\site-packages\optuna\study\_optimize.py", line 258, in _run_trial
    raise func_err
  File "C:\Users\minan\anaconda3\Lib\site-packages\optuna\study\_optimize.py", line 201, in _run_trial
    value_or_values = func(trial)
  File "E:\AI Study\krx_alertor_modular\tools\run_phase15_realdata.py", line 453, in objective
    trial.set_user_attr("valid", bool(final_score > -100))
                                      ^^^^^^^^^^^
UnboundLocalError: cannot access local variable 'final_score' where it is not associated with a value
2025-12-28 13:10:43,462 INFO: ResultPackager: Saving Artifacts...
