2025-12-23 22:35:27,084 WARNING: 백테스트 결과가 비어있음 - 거래 없음 또는 데이터 부족 (기간: 2021-01-04 00:00:00 ~ 2022-12-23 00:00:00), signal_days=0, order_count=0
2025-12-23 22:35:27,222 WARNING: 백테스트 결과가 비어있음 - 거래 없음 또는 데이터 부족 (기간: 2023-03-23 00:00:00 ~ 2023-06-23 00:00:00), signal_days=0, order_count=0
2025-12-23 22:35:28,638 WARNING: 백테스트 결과가 비어있음 - 거래 없음 또는 데이터 부족 (기간: 2021-01-04 00:00:00 ~ 2022-12-23 00:00:00), signal_days=0, order_count=0
2025-12-23 22:35:28,638 WARNING: Evaluation Window Clamped: lookback=6M, target_start=2022-12-23 00:00:00, clamped_start=2022-12-26 00:00:00
2025-12-23 22:35:28,740 WARNING: 백테스트 결과가 비어있음 - 거래 없음 또는 데이터 부족 (기간: 2022-12-26 00:00:00 ~ 2023-06-23 00:00:00), signal_days=0, order_count=0
2025-12-23 22:35:30,173 WARNING: 백테스트 결과가 비어있음 - 거래 없음 또는 데이터 부족 (기간: 2021-01-04 00:00:00 ~ 2022-12-23 00:00:00), signal_days=0, order_count=0
2025-12-23 22:35:30,173 WARNING: Evaluation Window Clamped: lookback=12M, target_start=2022-06-23 00:00:00, clamped_start=2022-12-26 00:00:00
2025-12-23 22:35:30,351 WARNING: 백테스트 결과가 비어있음 - 거래 없음 또는 데이터 부족 (기간: 2022-12-26 00:00:00 ~ 2023-06-23 00:00:00), signal_days=0, order_count=0
2025-12-23 22:35:31,802 WARNING: 백테스트 결과가 비어있음 - 거래 없음 또는 데이터 부족 (기간: 2021-01-04 00:00:00 ~ 2022-12-23 00:00:00), signal_days=0, order_count=0
2025-12-23 22:35:31,977 WARNING: 백테스트 결과가 비어있음 - 거래 없음 또는 데이터 부족 (기간: 2023-03-23 00:00:00 ~ 2023-06-23 00:00:00), signal_days=0, order_count=0
2025-12-23 22:35:33,478 WARNING: 백테스트 결과가 비어있음 - 거래 없음 또는 데이터 부족 (기간: 2021-01-04 00:00:00 ~ 2022-12-23 00:00:00), signal_days=0, order_count=0
2025-12-23 22:35:33,479 WARNING: Evaluation Window Clamped: lookback=6M, target_start=2022-12-23 00:00:00, clamped_start=2022-12-26 00:00:00
2025-12-23 22:35:33,649 WARNING: 백테스트 결과가 비어있음 - 거래 없음 또는 데이터 부족 (기간: 2022-12-26 00:00:00 ~ 2023-06-23 00:00:00), signal_days=0, order_count=0
2025-12-23 22:35:35,198 WARNING: 백테스트 결과가 비어있음 - 거래 없음 또는 데이터 부족 (기간: 2021-01-04 00:00:00 ~ 2022-12-23 00:00:00), signal_days=0, order_count=0
2025-12-23 22:35:35,198 WARNING: Evaluation Window Clamped: lookback=12M, target_start=2022-06-23 00:00:00, clamped_start=2022-12-26 00:00:00
2025-12-23 22:35:35,362 WARNING: 백테스트 결과가 비어있음 - 거래 없음 또는 데이터 부족 (기간: 2022-12-26 00:00:00 ~ 2023-06-23 00:00:00), signal_days=0, order_count=0
2025-12-23 22:35:36,761 WARNING: 백테스트 결과가 비어있음 - 거래 없음 또는 데이터 부족 (기간: 2021-01-04 00:00:00 ~ 2022-12-23 00:00:00), signal_days=0, order_count=0
2025-12-23 22:35:36,863 WARNING: 백테스트 결과가 비어있음 - 거래 없음 또는 데이터 부족 (기간: 2023-03-23 00:00:00 ~ 2023-06-23 00:00:00), signal_days=0, order_count=0
2025-12-23 22:35:38,263 WARNING: 백테스트 결과가 비어있음 - 거래 없음 또는 데이터 부족 (기간: 2021-01-04 00:00:00 ~ 2022-12-23 00:00:00), signal_days=0, order_count=0
2025-12-23 22:35:38,263 WARNING: Evaluation Window Clamped: lookback=6M, target_start=2022-12-23 00:00:00, clamped_start=2022-12-26 00:00:00
2025-12-23 22:35:38,362 WARNING: 백테스트 결과가 비어있음 - 거래 없음 또는 데이터 부족 (기간: 2022-12-26 00:00:00 ~ 2023-06-23 00:00:00), signal_days=0, order_count=0
2025-12-23 22:35:39,816 WARNING: 백테스트 결과가 비어있음 - 거래 없음 또는 데이터 부족 (기간: 2021-01-04 00:00:00 ~ 2022-12-23 00:00:00), signal_days=0, order_count=0
2025-12-23 22:35:39,816 WARNING: Evaluation Window Clamped: lookback=12M, target_start=2022-06-23 00:00:00, clamped_start=2022-12-26 00:00:00
2025-12-23 22:35:39,943 WARNING: 백테스트 결과가 비어있음 - 거래 없음 또는 데이터 부족 (기간: 2022-12-26 00:00:00 ~ 2023-06-23 00:00:00), signal_days=0, order_count=0
2025-12-23 22:35:41,354 WARNING: 백테스트 결과가 비어있음 - 거래 없음 또는 데이터 부족 (기간: 2021-01-04 00:00:00 ~ 2022-12-23 00:00:00), signal_days=0, order_count=0
2025-12-23 22:35:41,460 WARNING: 백테스트 결과가 비어있음 - 거래 없음 또는 데이터 부족 (기간: 2023-03-23 00:00:00 ~ 2023-06-23 00:00:00), signal_days=0, order_count=0
2025-12-23 22:35:42,920 WARNING: 백테스트 결과가 비어있음 - 거래 없음 또는 데이터 부족 (기간: 2021-01-04 00:00:00 ~ 2022-12-23 00:00:00), signal_days=0, order_count=0
2025-12-23 22:35:42,921 WARNING: Evaluation Window Clamped: lookback=6M, target_start=2022-12-23 00:00:00, clamped_start=2022-12-26 00:00:00
2025-12-23 22:35:43,037 WARNING: 백테스트 결과가 비어있음 - 거래 없음 또는 데이터 부족 (기간: 2022-12-26 00:00:00 ~ 2023-06-23 00:00:00), signal_days=0, order_count=0
2025-12-23 22:35:44,421 WARNING: 백테스트 결과가 비어있음 - 거래 없음 또는 데이터 부족 (기간: 2021-01-04 00:00:00 ~ 2022-12-23 00:00:00), signal_days=0, order_count=0
2025-12-23 22:35:44,421 WARNING: Evaluation Window Clamped: lookback=12M, target_start=2022-06-23 00:00:00, clamped_start=2022-12-26 00:00:00
2025-12-23 22:35:44,528 WARNING: 백테스트 결과가 비어있음 - 거래 없음 또는 데이터 부족 (기간: 2022-12-26 00:00:00 ~ 2023-06-23 00:00:00), signal_days=0, order_count=0
2025-12-23 22:35:45,985 WARNING: 백테스트 결과가 비어있음 - 거래 없음 또는 데이터 부족 (기간: 2021-01-04 00:00:00 ~ 2022-12-23 00:00:00), signal_days=0, order_count=0
2025-12-23 22:35:46,106 WARNING: 백테스트 결과가 비어있음 - 거래 없음 또는 데이터 부족 (기간: 2023-03-23 00:00:00 ~ 2023-06-23 00:00:00), signal_days=0, order_count=0
2025-12-23 22:35:47,516 WARNING: 백테스트 결과가 비어있음 - 거래 없음 또는 데이터 부족 (기간: 2021-01-04 00:00:00 ~ 2022-12-23 00:00:00), signal_days=0, order_count=0
2025-12-23 22:35:47,516 WARNING: Evaluation Window Clamped: lookback=6M, target_start=2022-12-23 00:00:00, clamped_start=2022-12-26 00:00:00
2025-12-23 22:35:47,677 WARNING: 백테스트 결과가 비어있음 - 거래 없음 또는 데이터 부족 (기간: 2022-12-26 00:00:00 ~ 2023-06-23 00:00:00), signal_days=0, order_count=0
2025-12-23 22:35:49,106 WARNING: 백테스트 결과가 비어있음 - 거래 없음 또는 데이터 부족 (기간: 2021-01-04 00:00:00 ~ 2022-12-23 00:00:00), signal_days=0, order_count=0
2025-12-23 22:35:49,106 WARNING: Evaluation Window Clamped: lookback=12M, target_start=2022-06-23 00:00:00, clamped_start=2022-12-26 00:00:00
2025-12-23 22:35:49,210 WARNING: 백테스트 결과가 비어있음 - 거래 없음 또는 데이터 부족 (기간: 2022-12-26 00:00:00 ~ 2023-06-23 00:00:00), signal_days=0, order_count=0
2025-12-23 22:35:49,210 WARNING: No valid trials found. Saving BEST ATTEMPT for evidence.
2025-12-23 22:35:49,211 WARNING: Chosen Best Attempt Evidence Keys: [3, 6, 12]
2025-12-23 22:35:49,211 WARNING: Best Attempt Params: {'ma_period': 80, 'rsi_period': 29, 'stop_loss_pct': 0.12}
2025-12-23 22:35:49,317 WARNING: 백테스트 결과가 비어있음 - 거래 없음 또는 데이터 부족 (기간: 2022-04-01 00:00:00 ~ 2022-07-01 00:00:00), signal_days=0, order_count=0
2025-12-23 22:35:49,409 WARNING: 백테스트 결과가 비어있음 - 거래 없음 또는 데이터 부족 (기간: 2022-10-01 00:00:00 ~ 2023-01-01 00:00:00), signal_days=0, order_count=0
2025-12-23 22:35:49,537 WARNING: 백테스트 결과가 비어있음 - 거래 없음 또는 데이터 부족 (기간: 2023-04-01 00:00:00 ~ 2023-07-01 00:00:00), signal_days=0, order_count=0
