2025-11-23 20:00:11,858 - INFO:__main__:============================================================
2025-11-23 20:00:11,858 - INFO:__main__:일일 레짐 감지 시작
2025-11-23 20:00:11,858 - INFO:__main__:============================================================
2025-11-23 20:00:11,860 - INFO:__main__:✅ DB 초기화 완료
2025-11-23 20:00:11,864 - INFO:__main__:KOSPI 데이터 조회 중... (2024-11-23 ~ 2025-11-23)
2025-11-23 20:00:12,698 - INFO:__main__:✅ KOSPI 데이터 조회 성공: 241행
2025-11-23 20:00:12,698 - INFO:__main__:   컬럼: [('AdjClose', '^KS11'), ('Close', '^KS11'), ('High', '^KS11'), ('Low', '^KS11'), ('Open', '^KS11'), ('Volume', '^KS11')]
2025-11-23 20:00:12,698 - INFO:__main__:   기간: 2024-11-25 00:00:00 ~ 2025-11-21 00:00:00
2025-11-23 20:00:12,699 - INFO:__main__:레짐 감지 시작...
2025-11-23 20:00:12,701 - INFO:__main__:✅ 레짐 감지 완료: 상승장 (신뢰도: 100.0%)
2025-11-23 20:00:13,574 - INFO:__main__:미국 시장 레짐: bearish
2025-11-23 20:00:13,575 - INFO:__main__:✅ 레짐 저장: 상승장 (신뢰도: 100.0%)
2025-11-23 20:00:13,575 - INFO:__main__:✅ 레짐 유지: 상승장 (신뢰도: 100.0%)
2025-11-23 20:00:13,575 - INFO:__main__:============================================================
2025-11-23 20:00:13,575 - INFO:__main__:일일 레짐 감지 완료
2025-11-23 20:00:13,575 - INFO:__main__:============================================================
2025-11-23 20:03:47,666 - INFO:__main__:============================================================
2025-11-23 20:03:47,666 - INFO:__main__:일일 레짐 감지 시작
2025-11-23 20:03:47,666 - INFO:__main__:============================================================
2025-11-23 20:03:47,668 - INFO:__main__:✅ DB 초기화 완료
2025-11-23 20:03:47,673 - INFO:__main__:KOSPI 데이터 조회 중... (2024-11-23 ~ 2025-11-23)
2025-11-23 20:03:48,549 - INFO:__main__:✅ KOSPI 데이터 조회 성공: 241행
2025-11-23 20:03:48,549 - INFO:__main__:   컬럼: [('AdjClose', '^KS11'), ('Close', '^KS11'), ('High', '^KS11'), ('Low', '^KS11'), ('Open', '^KS11'), ('Volume', '^KS11')]
2025-11-23 20:03:48,549 - INFO:__main__:   기간: 2024-11-25 00:00:00 ~ 2025-11-21 00:00:00
2025-11-23 20:03:48,549 - INFO:__main__:레짐 감지 시작...
2025-11-23 20:03:48,552 - INFO:__main__:✅ 레짐 감지 완료: 상승장 (신뢰도: 100.0%)
2025-11-23 20:03:49,394 - INFO:__main__:미국 시장 레짐: bearish
2025-11-23 20:03:49,394 - INFO:__main__:✅ 레짐 저장: 상승장 (신뢰도: 100.0%)
2025-11-23 20:03:49,394 - INFO:__main__:✅ 레짐 유지: 상승장 (신뢰도: 100.0%)
2025-11-23 20:03:49,395 - INFO:__main__:============================================================
2025-11-23 20:03:49,395 - INFO:__main__:일일 레짐 감지 완료
2025-11-23 20:03:49,395 - INFO:__main__:============================================================
2025-11-23 20:04:18,830 - INFO:__main__:============================================================
2025-11-23 20:04:18,830 - INFO:__main__:일일 레짐 감지 시작
2025-11-23 20:04:18,830 - INFO:__main__:============================================================
2025-11-23 20:04:18,832 - INFO:__main__:✅ DB 초기화 완료
2025-11-23 20:04:18,835 - INFO:__main__:KOSPI 데이터 조회 중... (2024-11-23 ~ 2025-11-23)
2025-11-23 20:04:19,677 - INFO:__main__:✅ KOSPI 데이터 조회 성공: 241행
2025-11-23 20:04:19,677 - INFO:__main__:   컬럼: [('AdjClose', '^KS11'), ('Close', '^KS11'), ('High', '^KS11'), ('Low', '^KS11'), ('Open', '^KS11'), ('Volume', '^KS11')]
2025-11-23 20:04:19,677 - INFO:__main__:   기간: 2024-11-25 00:00:00 ~ 2025-11-21 00:00:00
2025-11-23 20:04:19,677 - INFO:__main__:레짐 감지 시작...
2025-11-23 20:04:19,688 - INFO:__main__:✅ 레짐 감지 완료: 상승장 (신뢰도: 100.0%)
2025-11-23 20:04:20,571 - INFO:__main__:미국 시장 레짐: bearish
2025-11-23 20:04:20,571 - INFO:__main__:✅ 레짐 저장: 상승장 (신뢰도: 100.0%)
2025-11-23 20:04:20,571 - INFO:__main__:✅ 레짐 유지: 상승장 (신뢰도: 100.0%)
2025-11-23 20:04:20,571 - INFO:__main__:보유 종목 매도 신호 확인 중...
2025-11-23 20:04:20,572 - INFO:__main__:보유 종목 29개 확인 중...
2025-11-23 20:04:22,109 - INFO:__main__:  매도 신호: 현대로템(064350) - 손실 -7.0% (손절 권장)
2025-11-23 20:04:22,269 - INFO:__main__:  매도 신호: 맥쿼리인프라(088980) - 손실 -6.9% (손절 권장)
2025-11-23 20:04:22,626 - INFO:__main__:  매도 신호: 하이즈항공(221840) - 손실 -60.4% (손절 권장)
2025-11-23 20:04:23,027 - INFO:__main__:  매도 신호: 카카오뱅크(323410) - 손실 -67.3% (손절 권장)
2025-11-23 20:04:24,077 - INFO:__main__:  매도 신호: PLUS 글로벌희토류&전략자원생산기업(415920) - 손실 -14.1% (손절 권장)
2025-11-23 20:04:24,685 - INFO:__main__:  매도 신호: TIMEFOLIO 글로벌AI인공지능액티브(456600) - 손실 -14.4% (손절 권장)
2025-11-23 20:04:25,019 - INFO:__main__:  매도 신호: SOL 미국AI전력인프라(486450) - 손실 -9.0% (손절 권장)
2025-11-23 20:04:25,221 - INFO:__main__:  매도 신호: TIGER 글로벌AI전력인프라액티브(491010) - 손실 -11.5% (손절 권장)
2025-11-23 20:04:25,573 - INFO:__main__:  매도 신호: SK증권(001510) - 손실 -44.1% (손절 권장)
2025-11-23 20:04:26,071 - INFO:__main__:  매도 신호: SK하이닉스(000660) - 손실 -5.3% (손절 권장)
2025-11-23 20:04:26,185 - INFO:__main__:⚠️ 매도 신호 10건 발견
2025-11-23 20:04:26,206 - INFO:__main__:============================================================
2025-11-23 20:04:26,206 - INFO:__main__:텔레그램 알림:
2025-11-23 20:04:26,206 - INFO:__main__:⚠️ 보유 종목 매도 신호 (10건)


📌 현대로템 (064350)
   수량: 1주
   평균가: 196,500원
   현재가: 182,800원
   📉 수익률: -6.97%
   사유: 손실 -7.0% (손절 권장)


📌 맥쿼리인프라 (088980)
   수량: 13주
   평균가: 12,373원
   현재가: 11,520원
   📉 수익률: -6.89%
   사유: 손실 -6.9% (손절 권장)


📌 하이즈항공 (221840)
   수량: 50주
   평균가: 5,460원
   현재가: 2,160원
   📉 수익률: -60.44%
   사유: 손실 -60.4% (손절 권장)


📌 카카오뱅크 (323410)
   수량: 5주
   평균가: 64,930원
   현재가: 21,250원
   📉 수익률: -67.27%
   사유: 손실 -67.3% (손절 권장)


📌 PLUS 글로벌희토류&전략자원생산기업 (415920)
   수량: 10주
   평균가: 8,030원
   현재가: 6,895원
   📉 수익률: -14.13%
   사유: 손실 -14.1% (손절 권장)


📌 TIMEFOLIO 글로벌AI인공지능액티브 (456600)
   수량: 6주
   평균가: 38,392원
   현재가: 32,860원
   📉 수익률: -14.41%
   사유: 손실 -14.4% (손절 권장)


📌 SOL 미국AI전력인프라 (486450)
   수량: 13주
   평균가: 21,190원
   현재가: 19,280원
   📉 수익률: -9.02%
   사유: 손실 -9.0% (손절 권장)


📌 TIGER 글로벌AI전력인프라액티브 (491010)
   수량: 13주
   평균가: 20,607원
   현재가: 18,235원
   📉 수익률: -11.51%
   사유: 손실 -11.5% (손절 권장)


📌 SK증권 (001510)
   수량: 3,000주
   평균가: 1,180원
   현재가: 660원
   📉 수익률: -44.07%
   사유: 손실 -44.1% (손절 권장)


📌 SK하이닉스 (000660)
   수량: 1주
   평균가: 550,000원
   현재가: 521,000원
   📉 수익률: -5.27%
   사유: 손실 -5.3% (손절 권장)
2025-11-23 20:04:26,206 - INFO:__main__:============================================================
2025-11-23 20:04:26,206 - INFO:__main__:============================================================
2025-11-23 20:04:26,206 - INFO:__main__:일일 레짐 감지 완료
2025-11-23 20:04:26,206 - INFO:__main__:============================================================
2025-11-23 23:24:12,558 - INFO:__main__:============================================================
2025-11-23 23:24:12,558 - INFO:__main__:일일 레짐 감지 시작
2025-11-23 23:24:12,558 - INFO:__main__:============================================================
2025-11-23 23:24:12,560 - INFO:__main__:✅ DB 초기화 완료
2025-11-23 23:24:12,566 - INFO:__main__:KOSPI 데이터 조회 중... (2024-11-23 ~ 2025-11-23)
2025-11-23 23:24:13,495 - INFO:__main__:✅ KOSPI 데이터 조회 성공: 241행
2025-11-23 23:24:13,495 - INFO:__main__:   컬럼: [('AdjClose', '^KS11'), ('Close', '^KS11'), ('High', '^KS11'), ('Low', '^KS11'), ('Open', '^KS11'), ('Volume', '^KS11')]
2025-11-23 23:24:13,495 - INFO:__main__:   기간: 2024-11-25 00:00:00 ~ 2025-11-21 00:00:00
2025-11-23 23:24:13,496 - INFO:__main__:레짐 감지 시작...
2025-11-23 23:24:13,498 - INFO:__main__:✅ 레짐 감지 완료: 상승장 (신뢰도: 100.0%)
2025-11-23 23:24:14,281 - INFO:__main__:미국 시장 레짐: bearish
2025-11-23 23:24:14,281 - INFO:__main__:✅ 레짐 저장: 상승장 (신뢰도: 100.0%)
2025-11-23 23:24:14,281 - INFO:__main__:✅ 레짐 유지: 상승장 (신뢰도: 100.0%)
2025-11-23 23:24:16,678 - INFO:__main__:============================================================
2025-11-23 23:24:16,678 - INFO:__main__:텔레그램 알림:
2025-11-23 23:24:16,678 - INFO:__main__:📅 2025년 11월 23일

✅ 레짐 유지

📍 한국 시장:
📈 현재 레짐: 상승장
📊 신뢰도: 100.0%

🇺🇸 미국 시장:
📉 레짐: bearish


📊 미국 시장 지표 분석

📉 미국 시장 레짐: 하락

📌 나스닥 50일선 - AI/반도체 섹터 모멘텀
   현재가: 22,273
   이동평균: 22,881
   괴리율: -2.66%
   신호: bearish
   해석: 50일선 하향 이탈 → 하락 모멘텀

📌 S&P 500 200일선 - 장기 추세
   현재가: 6,603
   이동평균: 6,163
   괴리율: +7.14%
   신호: bullish
   해석: 200일선 상향 유지 → 장기 상승 추세

📌 VIX - 시장 공포 지수
   현재값: 23.43
   신호: bearish
   해석: VIX > 20 → 시장 불안, 하락 위험



💰 현재 전략:
- 현금 보유율: 0~10%
- 포지션 크기: 100~120%
- 전략: 공격적 투자 유지
2025-11-23 23:24:16,678 - INFO:__main__:============================================================
2025-11-23 23:24:16,678 - INFO:__main__:보유 종목 매도 신호 확인 중...
2025-11-23 23:24:16,679 - INFO:__main__:보유 종목 29개 확인 중...
2025-11-23 23:24:18,386 - INFO:__main__:  매도 신호: 현대로템(064350) - 손실 -7.0% (손절 권장)
2025-11-23 23:24:18,578 - INFO:__main__:  매도 신호: 맥쿼리인프라(088980) - 손실 -6.9% (손절 권장)
2025-11-23 23:24:18,957 - INFO:__main__:  매도 신호: 하이즈항공(221840) - 손실 -60.4% (손절 권장)
2025-11-23 23:24:19,338 - INFO:__main__:  매도 신호: 카카오뱅크(323410) - 손실 -67.3% (손절 권장)
2025-11-23 23:24:20,441 - INFO:__main__:  매도 신호: PLUS 글로벌희토류&전략자원생산기업(415920) - 손실 -14.1% (손절 권장)
2025-11-23 23:24:21,078 - INFO:__main__:  매도 신호: TIMEFOLIO 글로벌AI인공지능액티브(456600) - 손실 -14.4% (손절 권장)
2025-11-23 23:24:21,447 - INFO:__main__:  매도 신호: SOL 미국AI전력인프라(486450) - 손실 -9.0% (손절 권장)
2025-11-23 23:24:21,663 - INFO:__main__:  매도 신호: TIGER 글로벌AI전력인프라액티브(491010) - 손실 -11.5% (손절 권장)
2025-11-23 23:24:22,043 - INFO:__main__:  매도 신호: SK증권(001510) - 손실 -44.1% (손절 권장)
2025-11-23 23:24:22,170 - INFO:__main__:  매도 신호: SK하이닉스(000660) - 손실 -5.3% (손절 권장)
2025-11-23 23:24:22,295 - INFO:__main__:⚠️ 매도 신호 10건 발견
2025-11-23 23:24:22,296 - INFO:__main__:============================================================
2025-11-23 23:24:22,296 - INFO:__main__:텔레그램 알림:
2025-11-23 23:24:22,296 - INFO:__main__:⚠️ 보유 종목 매도 신호 (10건)


📌 현대로템 (064350)
   수량: 1주
   평균가: 196,500원
   현재가: 182,800원
   📉 수익률: -6.97%
   사유: 손실 -7.0% (손절 권장)


📌 맥쿼리인프라 (088980)
   수량: 13주
   평균가: 12,373원
   현재가: 11,520원
   📉 수익률: -6.89%
   사유: 손실 -6.9% (손절 권장)


📌 하이즈항공 (221840)
   수량: 50주
   평균가: 5,460원
   현재가: 2,160원
   📉 수익률: -60.44%
   사유: 손실 -60.4% (손절 권장)


📌 카카오뱅크 (323410)
   수량: 5주
   평균가: 64,930원
   현재가: 21,250원
   📉 수익률: -67.27%
   사유: 손실 -67.3% (손절 권장)


📌 PLUS 글로벌희토류&전략자원생산기업 (415920)
   수량: 10주
   평균가: 8,030원
   현재가: 6,895원
   📉 수익률: -14.13%
   사유: 손실 -14.1% (손절 권장)


📌 TIMEFOLIO 글로벌AI인공지능액티브 (456600)
   수량: 6주
   평균가: 38,392원
   현재가: 32,860원
   📉 수익률: -14.41%
   사유: 손실 -14.4% (손절 권장)


📌 SOL 미국AI전력인프라 (486450)
   수량: 13주
   평균가: 21,190원
   현재가: 19,280원
   📉 수익률: -9.02%
   사유: 손실 -9.0% (손절 권장)


📌 TIGER 글로벌AI전력인프라액티브 (491010)
   수량: 13주
   평균가: 20,607원
   현재가: 18,235원
   📉 수익률: -11.51%
   사유: 손실 -11.5% (손절 권장)


📌 SK증권 (001510)
   수량: 3,000주
   평균가: 1,180원
   현재가: 660원
   📉 수익률: -44.07%
   사유: 손실 -44.1% (손절 권장)


📌 SK하이닉스 (000660)
   수량: 1주
   평균가: 550,000원
   현재가: 521,000원
   📉 수익률: -5.27%
   사유: 손실 -5.3% (손절 권장)
2025-11-23 23:24:22,296 - INFO:__main__:============================================================
2025-11-23 23:24:22,296 - INFO:__main__:============================================================
2025-11-23 23:24:22,296 - INFO:__main__:일일 레짐 감지 완료
2025-11-23 23:24:22,296 - INFO:__main__:============================================================
2025-11-27 00:36:54,519 - INFO:__main__:================================================================================
2025-11-27 00:36:54,520 - INFO:__main__:일일 레짐 감지 시작 - 2025-11-27 00:36:54
2025-11-27 00:36:54,520 - INFO:__main__:================================================================================
2025-11-27 00:36:54,522 - INFO:__main__:✅ DB 초기화 완료
2025-11-27 00:36:54,528 - INFO:__main__:[00:36:54] 레짐 변화 확인 시작
2025-11-27 00:36:54,529 - INFO:__main__:KOSPI 데이터 조회 중... (2024-11-27 ~ 2025-11-27)
2025-11-27 00:36:55,435 - INFO:__main__:✅ KOSPI 데이터 조회 성공: 242행
2025-11-27 00:36:55,436 - INFO:__main__:   컬럼: [('AdjClose', '^KS11'), ('Close', '^KS11'), ('High', '^KS11'), ('Low', '^KS11'), ('Open', '^KS11'), ('Volume', '^KS11')]
2025-11-27 00:36:55,436 - INFO:__main__:   기간: 2024-11-27 00:00:00 ~ 2025-11-26 00:00:00
2025-11-27 00:36:55,436 - INFO:__main__:레짐 감지 시작...
2025-11-27 00:36:55,438 - INFO:__main__:✅ 레짐 감지 완료: 상승장 (신뢰도: 100.0%)
2025-11-27 00:36:56,217 - INFO:__main__:미국 시장 레짐: neutral
2025-11-27 00:36:56,217 - INFO:__main__:✅ 레짐 저장: 상승장 (신뢰도: 100.0%)
2025-11-27 00:36:56,217 - INFO:__main__:✅ 레짐 유지: 상승장 (신뢰도: 100.0%)
2025-11-27 00:36:56,218 - INFO:__main__:🇺🇸 미국 시장 리포트 생성 중... (레짐 유지)
2025-11-27 00:36:58,771 - INFO:__main__:✅ 미국 시장 리포트 생성 성공
2025-11-27 00:36:58,786 - INFO:__main__:텔레그램 설정 확인:
2025-11-27 00:36:58,786 - INFO:__main__:  - TELEGRAM_ENABLED: False
2025-11-27 00:36:58,786 - INFO:__main__:  - BOT_TOKEN 존재: False
2025-11-27 00:36:58,786 - INFO:__main__:  - CHAT_ID 존재: False
2025-11-27 00:36:58,787 - INFO:__main__:============================================================
2025-11-27 00:36:58,787 - INFO:__main__:텔레그램 알림 내용:
2025-11-27 00:36:58,787 - INFO:__main__:📅 2025년 11월 27일

✅ 레짐 유지

📍 한국 시장:
📈 현재 레짐: 상승장
📊 신뢰도: 100.0%

🇺🇸 미국 시장:
➡️ 레짐: neutral


📊 미국 시장 지표 분석

➡️ 미국 시장 레짐: 중립

📌 나스닥 50일선 - AI/반도체 섹터 모멘텀
   현재가: 23,164
   이동평균: 22,924
   괴리율: +1.05%
   신호: neutral
   해석: 50일선 근처 횡보 → 방향성 불확실

📌 S&P 500 200일선 - 장기 추세
   현재가: 6,804
   이동평균: 6,173
   괴리율: +10.22%
   신호: bullish
   해석: 200일선 상향 유지 → 장기 상승 추세

📌 VIX - 시장 공포 지수
   현재값: 17.92
   신호: neutral
   해석: VIX 12~20 → 정상 범위



💰 현재 전략:
- 현금 보유율: 0~10%
- 포지션 크기: 100~120%
- 전략: 공격적 투자 유지
2025-11-27 00:36:58,787 - INFO:__main__:============================================================
2025-11-27 00:36:58,788 - ERROR:__main__:❌ 텔레그램 알림 전송 실패 (result=False)
2025-11-27 00:36:58,788 - ERROR:__main__:   가능한 원인:
2025-11-27 00:36:58,788 - ERROR:__main__:   1. TELEGRAM_ENABLED=false
2025-11-27 00:36:58,788 - ERROR:__main__:   2. BOT_TOKEN 또는 CHAT_ID 없음
2025-11-27 00:36:58,788 - ERROR:__main__:   3. 네트워크 오류
2025-11-27 00:36:58,788 - INFO:__main__:[00:36:58] 보유 종목 매도 신호 확인 중...
2025-11-27 00:36:58,799 - INFO:__main__:보유 종목 29개 확인 중...
2025-11-27 00:37:00,516 - INFO:__main__:  매도 신호: 현대로템(064350) - 손실 -8.7% (손절 권장)
2025-11-27 00:37:00,719 - INFO:__main__:  매도 신호: 맥쿼리인프라(088980) - 손실 -6.7% (손절 권장)
2025-11-27 00:37:01,116 - INFO:__main__:  매도 신호: 하이즈항공(221840) - 손실 -60.3% (손절 권장)
2025-11-27 00:37:01,497 - INFO:__main__:  매도 신호: 카카오뱅크(323410) - 손실 -66.1% (손절 권장)
2025-11-27 00:37:02,617 - INFO:__main__:  매도 신호: PLUS 글로벌희토류&전략자원생산기업(415920) - 손실 -10.6% (손절 권장)
2025-11-27 00:37:03,417 - INFO:__main__:  매도 신호: TIMEFOLIO 글로벌AI인공지능액티브(456600) - 손실 -9.8% (손절 권장)
2025-11-27 00:37:03,802 - INFO:__main__:  매도 신호: SOL 미국AI전력인프라(486450) - 손실 -6.5% (손절 권장)
2025-11-27 00:37:03,993 - INFO:__main__:  매도 신호: TIGER 글로벌AI전력인프라액티브(491010) - 손실 -8.2% (손절 권장)
2025-11-27 00:37:04,346 - INFO:__main__:  매도 신호: SK증권(001510) - 손실 -43.6% (손절 권장)
2025-11-27 00:37:04,575 - INFO:__main__:⚠️ 매도 신호 9건 발견
2025-11-27 00:37:04,575 - INFO:__main__:텔레그램 설정 확인:
2025-11-27 00:37:04,575 - INFO:__main__:  - TELEGRAM_ENABLED: False
2025-11-27 00:37:04,575 - INFO:__main__:  - BOT_TOKEN 존재: False
2025-11-27 00:37:04,575 - INFO:__main__:  - CHAT_ID 존재: False
2025-11-27 00:37:04,576 - INFO:__main__:============================================================
2025-11-27 00:37:04,576 - INFO:__main__:텔레그램 알림 내용:
2025-11-27 00:37:04,576 - INFO:__main__:⚠️ 보유 종목 매도 신호 (9건)


📌 현대로템 (064350)
   수량: 1주
   평균가: 196,500원
   현재가: 179,400원
   📉 수익률: -8.70%
   사유: 손실 -8.7% (손절 권장)


📌 맥쿼리인프라 (088980)
   수량: 13주
   평균가: 12,373원
   현재가: 11,550원
   📉 수익률: -6.65%
   사유: 손실 -6.7% (손절 권장)


📌 하이즈항공 (221840)
   수량: 50주
   평균가: 5,460원
   현재가: 2,170원
   📉 수익률: -60.26%
   사유: 손실 -60.3% (손절 권장)


📌 카카오뱅크 (323410)
   수량: 5주
   평균가: 64,930원
   현재가: 22,000원
   📉 수익률: -66.12%
   사유: 손실 -66.1% (손절 권장)


📌 PLUS 글로벌희토류&전략자원생산기업 (415920)
   수량: 10주
   평균가: 8,030원
   현재가: 7,175원
   📉 수익률: -10.65%
   사유: 손실 -10.6% (손절 권장)


📌 TIMEFOLIO 글로벌AI인공지능액티브 (456600)
   수량: 6주
   평균가: 38,392원
   현재가: 34,640원
   📉 수익률: -9.77%
   사유: 손실 -9.8% (손절 권장)


📌 SOL 미국AI전력인프라 (486450)
   수량: 13주
   평균가: 21,190원
   현재가: 19,820원
   📉 수익률: -6.47%
   사유: 손실 -6.5% (손절 권장)


📌 TIGER 글로벌AI전력인프라액티브 (491010)
   수량: 13주
   평균가: 20,607원
   현재가: 18,915원
   📉 수익률: -8.21%
   사유: 손실 -8.2% (손절 권장)


📌 SK증권 (001510)
   수량: 3,000주
   평균가: 1,180원
   현재가: 665원
   📉 수익률: -43.64%
   사유: 손실 -43.6% (손절 권장)
2025-11-27 00:37:04,577 - INFO:__main__:============================================================
2025-11-27 00:37:04,577 - ERROR:__main__:❌ 텔레그램 알림 전송 실패 (result=False)
2025-11-27 00:37:04,577 - ERROR:__main__:   가능한 원인:
2025-11-27 00:37:04,577 - ERROR:__main__:   1. TELEGRAM_ENABLED=false
2025-11-27 00:37:04,578 - ERROR:__main__:   2. BOT_TOKEN 또는 CHAT_ID 없음
2025-11-27 00:37:04,578 - ERROR:__main__:   3. 네트워크 오류
2025-11-27 00:37:04,578 - INFO:__main__:================================================================================
2025-11-27 00:37:04,578 - INFO:__main__:일일 레짐 감지 완료 - 2025-11-27 00:37:04
2025-11-27 00:37:04,578 - INFO:__main__:실행 시간: 10.06초
2025-11-27 00:37:04,578 - INFO:__main__:
2025-11-27 00:37:04,578 - INFO:__main__:텔레그램 알림 전송 결과:
2025-11-27 00:37:04,579 - INFO:__main__:  - 레짐 유지 알림: ❌ 실패
2025-11-27 00:37:04,579 - INFO:__main__:  - 매도 신호 알림: ❌ 실패
2025-11-27 00:37:04,579 - INFO:__main__:================================================================================
