2025-12-22 22:02:49,696 ERROR: Orchestrator Crash: Cannot compare Timestamp with datetime.date. Use ts == pd.Timestamp(date) or ts.date() == date instead.
Traceback (most recent call last):
  File "E:\AI Study\krx_alertor_modular\tools\run_phase15_realdata.py", line 342, in run_strict_phase15
    study.optimize(objective, n_trials=args.trials)
    ~~~~~~~~~~~~~~^^^^^^^^^^^^^^^^^^^^^^^^^^^^^^^^^
  File "C:\Users\minan\anaconda3\Lib\site-packages\optuna\study\study.py", line 490, in optimize
    _optimize(
    ~~~~~~~~~^
        study=self,
        ^^^^^^^^^^^
    ...<7 lines>...
        show_progress_bar=show_progress_bar,
        ^^^^^^^^^^^^^^^^^^^^^^^^^^^^^^^^^^^^
    )
    ^
  File "C:\Users\minan\anaconda3\Lib\site-packages\optuna\study\_optimize.py", line 63, in _optimize
    _optimize_sequential(
    ~~~~~~~~~~~~~~~~~~~~^
        study,
        ^^^^^^
    ...<8 lines>...
        progress_bar=progress_bar,
        ^^^^^^^^^^^^^^^^^^^^^^^^^^
    )
    ^
  File "C:\Users\minan\anaconda3\Lib\site-packages\optuna\study\_optimize.py", line 160, in _optimize_sequential
    frozen_trial_id = _run_trial(study, func, catch)
  File "C:\Users\minan\anaconda3\Lib\site-packages\optuna\study\_optimize.py", line 258, in _run_trial
    raise func_err
  File "C:\Users\minan\anaconda3\Lib\site-packages\optuna\study\_optimize.py", line 201, in _run_trial
    value_or_values = func(trial)
  File "E:\AI Study\krx_alertor_modular\tools\run_phase15_realdata.py", line 308, in objective
    result = run_backtest_for_tuning(
        params=params,
    ...<6 lines>...
        guardrail_config=guardrail_config
    )
  File "E:\AI Study\krx_alertor_modular\extensions\tuning\runner.py", line 140, in run_backtest_for_tuning
    period = create_period(
        start_date=start_date,
    ...<3 lines>...
        include_test=False,  # ⚠️ Test 봉인
    )
  File "E:\AI Study\krx_alertor_modular\extensions\tuning\split.py", line 185, in create_period
    snapped_start = snap_start(start_date, trading_calendar)
  File "E:\AI Study\krx_alertor_modular\extensions\tuning\split.py", line 39, in snap_start
    if dt > max_date:
       ^^^^^^^^^^^^^
  File "timestamps.pyx", line 377, in pandas._libs.tslibs.timestamps._Timestamp.__richcmp__
TypeError: Cannot compare Timestamp with datetime.date. Use ts == pd.Timestamp(date) or ts.date() == date instead.
2025-12-22 22:02:49,699 CRITICAL: Uncaught Exception:
Traceback (most recent call last):
  File "<frozen runpy>", line 198, in _run_module_as_main
  File "<frozen runpy>", line 88, in _run_code
  File "E:\AI Study\krx_alertor_modular\tools\run_phase15_realdata.py", line 439, in <module>
    run_strict_phase15("A", args)
    ~~~~~~~~~~~~~~~~~~^^^^^^^^^^^
  File "E:\AI Study\krx_alertor_modular\tools\run_phase15_realdata.py", line 342, in run_strict_phase15
    study.optimize(objective, n_trials=args.trials)
    ~~~~~~~~~~~~~~^^^^^^^^^^^^^^^^^^^^^^^^^^^^^^^^^
  File "C:\Users\minan\anaconda3\Lib\site-packages\optuna\study\study.py", line 490, in optimize
    _optimize(
    ~~~~~~~~~^
        study=self,
        ^^^^^^^^^^^
    ...<7 lines>...
        show_progress_bar=show_progress_bar,
        ^^^^^^^^^^^^^^^^^^^^^^^^^^^^^^^^^^^^
    )
    ^
  File "C:\Users\minan\anaconda3\Lib\site-packages\optuna\study\_optimize.py", line 63, in _optimize
    _optimize_sequential(
    ~~~~~~~~~~~~~~~~~~~~^
        study,
        ^^^^^^
    ...<8 lines>...
        progress_bar=progress_bar,
        ^^^^^^^^^^^^^^^^^^^^^^^^^^
    )
    ^
  File "C:\Users\minan\anaconda3\Lib\site-packages\optuna\study\_optimize.py", line 160, in _optimize_sequential
    frozen_trial_id = _run_trial(study, func, catch)
  File "C:\Users\minan\anaconda3\Lib\site-packages\optuna\study\_optimize.py", line 258, in _run_trial
    raise func_err
  File "C:\Users\minan\anaconda3\Lib\site-packages\optuna\study\_optimize.py", line 201, in _run_trial
    value_or_values = func(trial)
  File "E:\AI Study\krx_alertor_modular\tools\run_phase15_realdata.py", line 308, in objective
    result = run_backtest_for_tuning(
        params=params,
    ...<6 lines>...
        guardrail_config=guardrail_config
    )
  File "E:\AI Study\krx_alertor_modular\extensions\tuning\runner.py", line 140, in run_backtest_for_tuning
    period = create_period(
        start_date=start_date,
    ...<3 lines>...
        include_test=False,  # ⚠️ Test 봉인
    )
  File "E:\AI Study\krx_alertor_modular\extensions\tuning\split.py", line 185, in create_period
    snapped_start = snap_start(start_date, trading_calendar)
  File "E:\AI Study\krx_alertor_modular\extensions\tuning\split.py", line 39, in snap_start
    if dt > max_date:
       ^^^^^^^^^^^^^
  File "timestamps.pyx", line 377, in pandas._libs.tslibs.timestamps._Timestamp.__richcmp__
TypeError: Cannot compare Timestamp with datetime.date. Use ts == pd.Timestamp(date) or ts.date() == date instead.
