2025-12-28 13:26:32,545 INFO: === CLEAN PHASE 1.5 START (RunID: real_20251228_132632_c35ce5) ===
2025-12-28 13:26:33,354 INFO: 캐시 기반 유니버스: 14개 종목 (지수 코드 제외)
2025-12-28 13:26:34,477 INFO: Split 계산: Train=16M, Val=14M, Test=6M
2025-12-28 13:26:34,478 INFO: [캐시] lb=3M, key=f61310f4
2025-12-28 13:26:34,508 INFO: UNIVERSE requested=14(hash=989dbc28) effective=14(hash=989dbc28)
2025-12-28 13:26:34,508 INFO: [Loader Debug] 005930 path: data\cache\005930.parquet exists: True
2025-12-28 13:26:34,568 INFO: [Loader Debug] 005930 raw shape: (1559, 5), index: <class 'pandas.core.indexes.datetimes.DatetimeIndex'>, cols: Index(['Open', 'High', 'Low', 'Close', 'Volume'], dtype='object')
2025-12-28 13:26:34,572 INFO: [Loader Debug] 005930 Date Range: 2019-01-01 00:00:00 ~ 2024-12-20 00:00:00 vs Target: 2020-10-06 ~ 2022-04-29
2025-12-28 13:26:34,574 INFO: [Loader Debug] 005930 Filtered rows: 409
2025-12-28 13:26:34,574 INFO: [Loader Debug] 035420 path: data\cache\035420.parquet exists: True
2025-12-28 13:26:34,577 INFO: [Loader Debug] 035420 raw shape: (1559, 5), index: <class 'pandas.core.indexes.datetimes.DatetimeIndex'>, cols: Index(['Open', 'High', 'Low', 'Close', 'Volume'], dtype='object')
2025-12-28 13:26:34,579 INFO: [Loader Debug] 035420 Date Range: 2019-01-01 00:00:00 ~ 2024-12-20 00:00:00 vs Target: 2020-10-06 ~ 2022-04-29
2025-12-28 13:26:34,580 INFO: [Loader Debug] 035420 Filtered rows: 409
2025-12-28 13:26:34,580 INFO: [Loader Debug] 035720 path: data\cache\035720.parquet exists: True
2025-12-28 13:26:34,582 INFO: [Loader Debug] 035720 raw shape: (1559, 5), index: <class 'pandas.core.indexes.datetimes.DatetimeIndex'>, cols: Index(['Open', 'High', 'Low', 'Close', 'Volume'], dtype='object')
2025-12-28 13:26:34,584 INFO: [Loader Debug] 035720 Date Range: 2019-01-01 00:00:00 ~ 2024-12-20 00:00:00 vs Target: 2020-10-06 ~ 2022-04-29
2025-12-28 13:26:34,585 INFO: [Loader Debug] 035720 Filtered rows: 409
2025-12-28 13:26:34,585 INFO: [Loader Debug] 051910 path: data\cache\051910.parquet exists: True
2025-12-28 13:26:34,587 INFO: [Loader Debug] 051910 raw shape: (1559, 5), index: <class 'pandas.core.indexes.datetimes.DatetimeIndex'>, cols: Index(['Open', 'High', 'Low', 'Close', 'Volume'], dtype='object')
2025-12-28 13:26:34,589 INFO: [Loader Debug] 051910 Date Range: 2019-01-01 00:00:00 ~ 2024-12-20 00:00:00 vs Target: 2020-10-06 ~ 2022-04-29
2025-12-28 13:26:34,591 INFO: [Loader Debug] 051910 Filtered rows: 409
2025-12-28 13:26:34,591 INFO: [Loader Debug] 069500 path: data\cache\069500.parquet exists: True
2025-12-28 13:26:34,594 INFO: [Loader Debug] 069500 raw shape: (1559, 5), index: <class 'pandas.core.indexes.datetimes.DatetimeIndex'>, cols: Index(['Open', 'High', 'Low', 'Close', 'Volume'], dtype='object')
2025-12-28 13:26:34,596 INFO: [Loader Debug] 069500 Date Range: 2019-01-01 00:00:00 ~ 2024-12-20 00:00:00 vs Target: 2020-10-06 ~ 2022-04-29
2025-12-28 13:26:34,598 INFO: [Loader Debug] 069500 Filtered rows: 409
2025-12-28 13:26:34,598 INFO: [Loader Debug] 091160 path: data\cache\091160.parquet exists: True
2025-12-28 13:26:34,601 INFO: [Loader Debug] 091160 raw shape: (1559, 5), index: <class 'pandas.core.indexes.datetimes.DatetimeIndex'>, cols: Index(['Open', 'High', 'Low', 'Close', 'Volume'], dtype='object')
2025-12-28 13:26:34,603 INFO: [Loader Debug] 091160 Date Range: 2019-01-01 00:00:00 ~ 2024-12-20 00:00:00 vs Target: 2020-10-06 ~ 2022-04-29
2025-12-28 13:26:34,604 INFO: [Loader Debug] 091160 Filtered rows: 409
2025-12-28 13:26:34,605 INFO: [Loader Debug] 102110 path: data\cache\102110.parquet exists: True
2025-12-28 13:26:34,607 INFO: [Loader Debug] 102110 raw shape: (1559, 5), index: <class 'pandas.core.indexes.datetimes.DatetimeIndex'>, cols: Index(['Open', 'High', 'Low', 'Close', 'Volume'], dtype='object')
2025-12-28 13:26:34,610 INFO: [Loader Debug] 102110 Date Range: 2019-01-01 00:00:00 ~ 2024-12-20 00:00:00 vs Target: 2020-10-06 ~ 2022-04-29
2025-12-28 13:26:34,611 INFO: [Loader Debug] 102110 Filtered rows: 409
2025-12-28 13:26:34,612 INFO: [Loader Debug] 114800 path: data\cache\114800.parquet exists: True
2025-12-28 13:26:34,615 INFO: [Loader Debug] 114800 raw shape: (1559, 5), index: <class 'pandas.core.indexes.datetimes.DatetimeIndex'>, cols: Index(['Open', 'High', 'Low', 'Close', 'Volume'], dtype='object')
2025-12-28 13:26:34,617 INFO: [Loader Debug] 114800 Date Range: 2019-01-01 00:00:00 ~ 2024-12-20 00:00:00 vs Target: 2020-10-06 ~ 2022-04-29
2025-12-28 13:26:34,618 INFO: [Loader Debug] 114800 Filtered rows: 409
2025-12-28 13:26:34,619 INFO: [Loader Debug] 122630 path: data\cache\122630.parquet exists: True
2025-12-28 13:26:34,621 INFO: [Loader Debug] 122630 raw shape: (1559, 5), index: <class 'pandas.core.indexes.datetimes.DatetimeIndex'>, cols: Index(['Open', 'High', 'Low', 'Close', 'Volume'], dtype='object')
2025-12-28 13:26:34,622 INFO: [Loader Debug] 122630 Date Range: 2019-01-01 00:00:00 ~ 2024-12-20 00:00:00 vs Target: 2020-10-06 ~ 2022-04-29
2025-12-28 13:26:34,624 INFO: [Loader Debug] 122630 Filtered rows: 409
2025-12-28 13:26:34,624 INFO: [Loader Debug] 229200 path: data\cache\229200.parquet exists: True
2025-12-28 13:26:34,627 INFO: [Loader Debug] 229200 raw shape: (1559, 5), index: <class 'pandas.core.indexes.datetimes.DatetimeIndex'>, cols: Index(['Open', 'High', 'Low', 'Close', 'Volume'], dtype='object')
2025-12-28 13:26:34,628 INFO: [Loader Debug] 229200 Date Range: 2019-01-01 00:00:00 ~ 2024-12-20 00:00:00 vs Target: 2020-10-06 ~ 2022-04-29
2025-12-28 13:26:34,629 INFO: [Loader Debug] 229200 Filtered rows: 409
2025-12-28 13:26:34,630 INFO: [Loader Debug] 233740 path: data\cache\233740.parquet exists: True
2025-12-28 13:26:34,632 INFO: [Loader Debug] 233740 raw shape: (1559, 5), index: <class 'pandas.core.indexes.datetimes.DatetimeIndex'>, cols: Index(['Open', 'High', 'Low', 'Close', 'Volume'], dtype='object')
2025-12-28 13:26:34,634 INFO: [Loader Debug] 233740 Date Range: 2019-01-01 00:00:00 ~ 2024-12-20 00:00:00 vs Target: 2020-10-06 ~ 2022-04-29
2025-12-28 13:26:34,635 INFO: [Loader Debug] 233740 Filtered rows: 409
2025-12-28 13:26:34,636 INFO: [Loader Debug] 252670 path: data\cache\252670.parquet exists: True
2025-12-28 13:26:34,637 INFO: [Loader Debug] 252670 raw shape: (1559, 5), index: <class 'pandas.core.indexes.datetimes.DatetimeIndex'>, cols: Index(['Open', 'High', 'Low', 'Close', 'Volume'], dtype='object')
2025-12-28 13:26:34,639 INFO: [Loader Debug] 252670 Date Range: 2019-01-01 00:00:00 ~ 2024-12-20 00:00:00 vs Target: 2020-10-06 ~ 2022-04-29
2025-12-28 13:26:34,641 INFO: [Loader Debug] 252670 Filtered rows: 409
2025-12-28 13:26:34,641 INFO: [Loader Debug] 261240 path: data\cache\261240.parquet exists: True
2025-12-28 13:26:34,643 INFO: [Loader Debug] 261240 raw shape: (1559, 5), index: <class 'pandas.core.indexes.datetimes.DatetimeIndex'>, cols: Index(['Open', 'High', 'Low', 'Close', 'Volume'], dtype='object')
2025-12-28 13:26:34,645 INFO: [Loader Debug] 261240 Date Range: 2019-01-01 00:00:00 ~ 2024-12-20 00:00:00 vs Target: 2020-10-06 ~ 2022-04-29
2025-12-28 13:26:34,647 INFO: [Loader Debug] 261240 Filtered rows: 409
2025-12-28 13:26:34,647 INFO: [Loader Debug] 305720 path: data\cache\305720.parquet exists: True
2025-12-28 13:26:34,649 INFO: [Loader Debug] 305720 raw shape: (1559, 5), index: <class 'pandas.core.indexes.datetimes.DatetimeIndex'>, cols: Index(['Open', 'High', 'Low', 'Close', 'Volume'], dtype='object')
2025-12-28 13:26:34,651 INFO: [Loader Debug] 305720 Date Range: 2019-01-01 00:00:00 ~ 2024-12-20 00:00:00 vs Target: 2020-10-06 ~ 2022-04-29
2025-12-28 13:26:34,653 INFO: [Loader Debug] 305720 Filtered rows: 409
2025-12-28 13:26:34,656 INFO: [Normalization] Initial Shape: (5726, 5), Index: <class 'pandas.core.indexes.multi.MultiIndex'>, Columns: ['open', 'high', 'low', 'close', 'volume']
2025-12-28 13:26:34,658 INFO: [EVIDENCE] Data Pipeline Trace:
1. Load Shape: (5726, 5)
   - Index Type: <class 'pandas.core.indexes.multi.MultiIndex'>
   - Levels: ['code', 'date']
   - Date Range: 2020-10-06 00:00:00 ~ 2022-04-29 00:00:00
   - Unique Symbols: 14 (Sample: ['005930', '035420', '035720'])
2. Universe Coverage: Requested=14, Loaded=14, Missing=0
6. Final Columns: ['open', 'high', 'low', 'close', 'volume']
2025-12-28 13:26:39,728 INFO: ✅ 설정 파일 로드: E:\AI Study\krx_alertor_modular\config\regime_params.yaml
2025-12-28 13:26:39,729 INFO: MarketRegimeDetector 초기화: MA=50/200일, 임계값=2.0/-2.0%
2025-12-28 13:26:39,734 INFO: RSI 프로파일 로드 완료: ['balanced', 'conservative', 'aggressive']
2025-12-28 13:26:39,734 INFO: [EVIDENCE] BacktestRunner.run called with params: ma_period=100, rsi_period=58, stop_loss=0.13
2025-12-28 13:26:39,734 INFO: BacktestEngine 초기화: instrument_type=etf, tax_rate=0.00%
2025-12-28 13:26:39,874 WARNING: 매수 불가 (035720): 자금 부족: 1,149,313 > 266,120
2025-12-28 13:26:39,876 WARNING: 매수 불가 (035720): 자금 부족: 11,446,046 > 9,949,290
2025-12-28 13:26:39,877 WARNING: 매수 불가 (035720): 자금 부족: 11,271,107 > 9,949,290
2025-12-28 13:26:39,878 WARNING: 매수 불가 (035720): 자금 부족: 11,117,170 > 9,949,290
2025-12-28 13:26:39,879 WARNING: 매수 불가 (035720): 자금 부족: 11,427,514 > 9,949,290
2025-12-28 13:26:39,906 WARNING: 매수 불가 (252670): 자금 부족: 1,132,509 > 968,927
2025-12-28 13:26:39,906 WARNING: 매수 불가 (229200): 자금 부족: 1,070,557 > 968,927
2025-12-28 13:26:39,907 WARNING: 매수 불가 (229200): 자금 부족: 5,700,540 > 4,325,534
2025-12-28 13:26:39,908 WARNING: 매수 불가 (229200): 자금 부족: 11,475,088 > 9,878,564
2025-12-28 13:26:39,909 WARNING: 매수 불가 (229200): 자금 부족: 11,345,826 > 9,878,564
2025-12-28 13:26:39,910 WARNING: 매수 불가 (229200): 자금 부족: 11,424,521 > 9,878,564
2025-12-28 13:26:39,944 WARNING: 매수 불가 (252670): 자금 부족: 1,093,487 > 372,376
2025-12-28 13:26:39,947 WARNING: 매수 불가 (252670): 자금 부족: 11,003,929 > 9,855,979
2025-12-28 13:26:39,948 WARNING: 매수 불가 (252670): 자금 부족: 10,786,830 > 9,855,979
2025-12-28 13:26:39,949 WARNING: 매수 불가 (252670): 자금 부족: 10,708,024 > 9,855,979
2025-12-28 13:26:39,951 WARNING: 매수 불가 (252670): 자금 부족: 10,674,966 > 9,855,979
2025-12-28 13:26:39,987 WARNING: 매수 불가 (091160): 자금 부족: 1,063,237 > 1,053,023
2025-12-28 13:26:39,989 WARNING: 매수 불가 (091160): 자금 부족: 10,927,078 > 9,960,647
2025-12-28 13:26:39,992 WARNING: 매수 불가 (091160): 자금 부족: 11,140,973 > 9,960,647
2025-12-28 13:26:39,993 WARNING: 매수 불가 (091160): 자금 부족: 11,060,316 > 9,960,647
2025-12-28 13:26:39,994 WARNING: 매수 불가 (091160): 자금 부족: 11,103,415 > 9,960,647
2025-12-28 13:26:40,025 WARNING: 매수 불가 (102110): 자금 부족: 1,020,830 > 886,456
2025-12-28 13:26:40,026 WARNING: 매수 불가 (102110): 자금 부족: 11,223,961 > 9,929,056
2025-12-28 13:26:40,027 WARNING: 매수 불가 (102110): 자금 부족: 11,157,171 > 9,929,056
2025-12-28 13:26:40,028 WARNING: 매수 불가 (102110): 자금 부족: 11,252,588 > 9,929,056
2025-12-28 13:26:40,029 WARNING: 매수 불가 (102110): 자금 부족: 11,157,254 > 9,929,056
2025-12-28 13:26:40,069 WARNING: 매수 불가 (252670): 자금 부족: 1,116,448 > 991,054
2025-12-28 13:26:40,070 WARNING: 매수 불가 (252670): 자금 부족: 11,007,285 > 9,931,208
2025-12-28 13:26:40,070 WARNING: 매수 불가 (252670): 자금 부족: 11,213,914 > 9,931,208
2025-12-28 13:26:40,071 WARNING: 매수 불가 (252670): 자금 부족: 11,360,111 > 9,931,208
2025-12-28 13:26:40,073 WARNING: 매수 불가 (252670): 자금 부족: 11,347,755 > 9,931,208
2025-12-28 13:26:40,469 WARNING: 매수 불가 (091160): 자금 부족: 1,003,874 > 913,807
2025-12-28 13:26:40,470 WARNING: 매수 불가 (091160): 자금 부족: 10,630,707 > 9,849,141
2025-12-28 13:26:40,471 WARNING: 매수 불가 (091160): 자금 부족: 10,662,941 > 9,849,141
2025-12-28 13:26:40,472 WARNING: 매수 불가 (091160): 자금 부족: 10,391,017 > 9,849,141
2025-12-28 13:26:40,474 WARNING: 매수 불가 (091160): 자금 부족: 10,433,428 > 9,849,141
2025-12-28 13:26:40,506 WARNING: 매수 불가 (252670): 자금 부족: 1,041,034 > 809,786
2025-12-28 13:26:40,509 WARNING: 매수 불가 (252670): 자금 부족: 10,510,669 > 9,717,511
2025-12-28 13:26:40,511 WARNING: 매수 불가 (252670): 자금 부족: 10,389,008 > 9,717,511
2025-12-28 13:26:40,512 WARNING: 매수 불가 (252670): 자금 부족: 10,490,639 > 9,717,511
2025-12-28 13:26:40,514 WARNING: 매수 불가 (252670): 자금 부족: 10,416,319 > 9,717,511
2025-12-28 13:26:40,547 WARNING: 매수 불가 (305720): 자금 부족: 1,027,504 > 678,557
2025-12-28 13:26:40,549 WARNING: 매수 불가 (305720): 자금 부족: 10,432,945 > 9,758,367
2025-12-28 13:26:40,550 WARNING: 매수 불가 (305720): 자금 부족: 10,578,367 > 9,758,367
2025-12-28 13:26:40,551 WARNING: 매수 불가 (305720): 자금 부족: 10,618,596 > 9,758,367
2025-12-28 13:26:40,552 WARNING: 매수 불가 (305720): 자금 부족: 10,690,621 > 9,758,367
2025-12-28 13:26:40,604 WARNING: 매수 불가 (114800): 자금 부족: 974,395 > 912,637
2025-12-28 13:26:40,605 WARNING: 매수 불가 (114800): 자금 부족: 10,489,619 > 9,678,570
2025-12-28 13:26:40,606 WARNING: 매수 불가 (114800): 자금 부족: 10,572,529 > 9,678,570
2025-12-28 13:26:40,607 WARNING: 매수 불가 (114800): 자금 부족: 10,433,385 > 9,678,570
2025-12-28 13:26:40,608 WARNING: 매수 불가 (114800): 자금 부족: 10,218,955 > 9,678,570
2025-12-28 13:26:43,232 INFO: UNIVERSE requested=14(hash=989dbc28) effective=14(hash=989dbc28)
2025-12-28 13:26:43,233 INFO: [Loader Debug] 005930 path: data\cache\005930.parquet exists: True
2025-12-28 13:26:43,235 INFO: [Loader Debug] 005930 raw shape: (1559, 5), index: <class 'pandas.core.indexes.datetimes.DatetimeIndex'>, cols: Index(['Open', 'High', 'Low', 'Close', 'Volume'], dtype='object')
2025-12-28 13:26:43,237 INFO: [Loader Debug] 005930 Date Range: 2019-01-01 00:00:00 ~ 2024-12-20 00:00:00 vs Target: 2022-12-23 ~ 2023-06-23
2025-12-28 13:26:43,239 INFO: [Loader Debug] 005930 Filtered rows: 131
2025-12-28 13:26:43,239 INFO: [Loader Debug] 035420 path: data\cache\035420.parquet exists: True
2025-12-28 13:26:43,242 INFO: [Loader Debug] 035420 raw shape: (1559, 5), index: <class 'pandas.core.indexes.datetimes.DatetimeIndex'>, cols: Index(['Open', 'High', 'Low', 'Close', 'Volume'], dtype='object')
2025-12-28 13:26:43,248 INFO: [Loader Debug] 035420 Date Range: 2019-01-01 00:00:00 ~ 2024-12-20 00:00:00 vs Target: 2022-12-23 ~ 2023-06-23
2025-12-28 13:26:43,250 INFO: [Loader Debug] 035420 Filtered rows: 131
2025-12-28 13:26:43,251 INFO: [Loader Debug] 035720 path: data\cache\035720.parquet exists: True
2025-12-28 13:26:43,254 INFO: [Loader Debug] 035720 raw shape: (1559, 5), index: <class 'pandas.core.indexes.datetimes.DatetimeIndex'>, cols: Index(['Open', 'High', 'Low', 'Close', 'Volume'], dtype='object')
2025-12-28 13:26:43,256 INFO: [Loader Debug] 035720 Date Range: 2019-01-01 00:00:00 ~ 2024-12-20 00:00:00 vs Target: 2022-12-23 ~ 2023-06-23
2025-12-28 13:26:43,257 INFO: [Loader Debug] 035720 Filtered rows: 131
2025-12-28 13:26:43,258 INFO: [Loader Debug] 051910 path: data\cache\051910.parquet exists: True
2025-12-28 13:26:43,262 INFO: [Loader Debug] 051910 raw shape: (1559, 5), index: <class 'pandas.core.indexes.datetimes.DatetimeIndex'>, cols: Index(['Open', 'High', 'Low', 'Close', 'Volume'], dtype='object')
2025-12-28 13:26:43,264 INFO: [Loader Debug] 051910 Date Range: 2019-01-01 00:00:00 ~ 2024-12-20 00:00:00 vs Target: 2022-12-23 ~ 2023-06-23
2025-12-28 13:26:43,265 INFO: [Loader Debug] 051910 Filtered rows: 131
2025-12-28 13:26:43,266 INFO: [Loader Debug] 069500 path: data\cache\069500.parquet exists: True
2025-12-28 13:26:43,268 INFO: [Loader Debug] 069500 raw shape: (1559, 5), index: <class 'pandas.core.indexes.datetimes.DatetimeIndex'>, cols: Index(['Open', 'High', 'Low', 'Close', 'Volume'], dtype='object')
2025-12-28 13:26:43,271 INFO: [Loader Debug] 069500 Date Range: 2019-01-01 00:00:00 ~ 2024-12-20 00:00:00 vs Target: 2022-12-23 ~ 2023-06-23
2025-12-28 13:26:43,272 INFO: [Loader Debug] 069500 Filtered rows: 131
2025-12-28 13:26:43,273 INFO: [Loader Debug] 091160 path: data\cache\091160.parquet exists: True
2025-12-28 13:26:43,278 INFO: [Loader Debug] 091160 raw shape: (1559, 5), index: <class 'pandas.core.indexes.datetimes.DatetimeIndex'>, cols: Index(['Open', 'High', 'Low', 'Close', 'Volume'], dtype='object')
2025-12-28 13:26:43,280 INFO: [Loader Debug] 091160 Date Range: 2019-01-01 00:00:00 ~ 2024-12-20 00:00:00 vs Target: 2022-12-23 ~ 2023-06-23
2025-12-28 13:26:43,283 INFO: [Loader Debug] 091160 Filtered rows: 131
2025-12-28 13:26:43,284 INFO: [Loader Debug] 102110 path: data\cache\102110.parquet exists: True
2025-12-28 13:26:43,286 INFO: [Loader Debug] 102110 raw shape: (1559, 5), index: <class 'pandas.core.indexes.datetimes.DatetimeIndex'>, cols: Index(['Open', 'High', 'Low', 'Close', 'Volume'], dtype='object')
2025-12-28 13:26:43,288 INFO: [Loader Debug] 102110 Date Range: 2019-01-01 00:00:00 ~ 2024-12-20 00:00:00 vs Target: 2022-12-23 ~ 2023-06-23
2025-12-28 13:26:43,290 INFO: [Loader Debug] 102110 Filtered rows: 131
2025-12-28 13:26:43,291 INFO: [Loader Debug] 114800 path: data\cache\114800.parquet exists: True
2025-12-28 13:26:43,295 INFO: [Loader Debug] 114800 raw shape: (1559, 5), index: <class 'pandas.core.indexes.datetimes.DatetimeIndex'>, cols: Index(['Open', 'High', 'Low', 'Close', 'Volume'], dtype='object')
2025-12-28 13:26:43,297 INFO: [Loader Debug] 114800 Date Range: 2019-01-01 00:00:00 ~ 2024-12-20 00:00:00 vs Target: 2022-12-23 ~ 2023-06-23
2025-12-28 13:26:43,299 INFO: [Loader Debug] 114800 Filtered rows: 131
2025-12-28 13:26:43,299 INFO: [Loader Debug] 122630 path: data\cache\122630.parquet exists: True
2025-12-28 13:26:43,301 INFO: [Loader Debug] 122630 raw shape: (1559, 5), index: <class 'pandas.core.indexes.datetimes.DatetimeIndex'>, cols: Index(['Open', 'High', 'Low', 'Close', 'Volume'], dtype='object')
2025-12-28 13:26:43,303 INFO: [Loader Debug] 122630 Date Range: 2019-01-01 00:00:00 ~ 2024-12-20 00:00:00 vs Target: 2022-12-23 ~ 2023-06-23
2025-12-28 13:26:43,305 INFO: [Loader Debug] 122630 Filtered rows: 131
2025-12-28 13:26:43,305 INFO: [Loader Debug] 229200 path: data\cache\229200.parquet exists: True
2025-12-28 13:26:43,308 INFO: [Loader Debug] 229200 raw shape: (1559, 5), index: <class 'pandas.core.indexes.datetimes.DatetimeIndex'>, cols: Index(['Open', 'High', 'Low', 'Close', 'Volume'], dtype='object')
2025-12-28 13:26:43,311 INFO: [Loader Debug] 229200 Date Range: 2019-01-01 00:00:00 ~ 2024-12-20 00:00:00 vs Target: 2022-12-23 ~ 2023-06-23
2025-12-28 13:26:43,312 INFO: [Loader Debug] 229200 Filtered rows: 131
2025-12-28 13:26:43,313 INFO: [Loader Debug] 233740 path: data\cache\233740.parquet exists: True
2025-12-28 13:26:43,315 INFO: [Loader Debug] 233740 raw shape: (1559, 5), index: <class 'pandas.core.indexes.datetimes.DatetimeIndex'>, cols: Index(['Open', 'High', 'Low', 'Close', 'Volume'], dtype='object')
2025-12-28 13:26:43,317 INFO: [Loader Debug] 233740 Date Range: 2019-01-01 00:00:00 ~ 2024-12-20 00:00:00 vs Target: 2022-12-23 ~ 2023-06-23
2025-12-28 13:26:43,319 INFO: [Loader Debug] 233740 Filtered rows: 131
2025-12-28 13:26:43,319 INFO: [Loader Debug] 252670 path: data\cache\252670.parquet exists: True
2025-12-28 13:26:43,321 INFO: [Loader Debug] 252670 raw shape: (1559, 5), index: <class 'pandas.core.indexes.datetimes.DatetimeIndex'>, cols: Index(['Open', 'High', 'Low', 'Close', 'Volume'], dtype='object')
2025-12-28 13:26:43,324 INFO: [Loader Debug] 252670 Date Range: 2019-01-01 00:00:00 ~ 2024-12-20 00:00:00 vs Target: 2022-12-23 ~ 2023-06-23
2025-12-28 13:26:43,325 INFO: [Loader Debug] 252670 Filtered rows: 131
2025-12-28 13:26:43,326 INFO: [Loader Debug] 261240 path: data\cache\261240.parquet exists: True
2025-12-28 13:26:43,328 INFO: [Loader Debug] 261240 raw shape: (1559, 5), index: <class 'pandas.core.indexes.datetimes.DatetimeIndex'>, cols: Index(['Open', 'High', 'Low', 'Close', 'Volume'], dtype='object')
2025-12-28 13:26:43,331 INFO: [Loader Debug] 261240 Date Range: 2019-01-01 00:00:00 ~ 2024-12-20 00:00:00 vs Target: 2022-12-23 ~ 2023-06-23
2025-12-28 13:26:43,333 INFO: [Loader Debug] 261240 Filtered rows: 131
2025-12-28 13:26:43,333 INFO: [Loader Debug] 305720 path: data\cache\305720.parquet exists: True
2025-12-28 13:26:43,335 INFO: [Loader Debug] 305720 raw shape: (1559, 5), index: <class 'pandas.core.indexes.datetimes.DatetimeIndex'>, cols: Index(['Open', 'High', 'Low', 'Close', 'Volume'], dtype='object')
2025-12-28 13:26:43,338 INFO: [Loader Debug] 305720 Date Range: 2019-01-01 00:00:00 ~ 2024-12-20 00:00:00 vs Target: 2022-12-23 ~ 2023-06-23
2025-12-28 13:26:43,339 INFO: [Loader Debug] 305720 Filtered rows: 131
2025-12-28 13:26:43,344 INFO: [Normalization] Initial Shape: (1834, 5), Index: <class 'pandas.core.indexes.multi.MultiIndex'>, Columns: ['open', 'high', 'low', 'close', 'volume']
2025-12-28 13:26:43,345 INFO: [EVIDENCE] Data Pipeline Trace:
1. Load Shape: (1834, 5)
   - Index Type: <class 'pandas.core.indexes.multi.MultiIndex'>
   - Levels: ['code', 'date']
   - Date Range: 2022-12-23 00:00:00 ~ 2023-06-23 00:00:00
   - Unique Symbols: 14 (Sample: ['005930', '035420', '035720'])
2. Universe Coverage: Requested=14, Loaded=14, Missing=0
6. Final Columns: ['open', 'high', 'low', 'close', 'volume']
2025-12-28 13:26:43,431 INFO: ✅ 설정 파일 로드: E:\AI Study\krx_alertor_modular\config\regime_params.yaml
2025-12-28 13:26:43,431 INFO: MarketRegimeDetector 초기화: MA=50/200일, 임계값=2.0/-2.0%
2025-12-28 13:26:43,436 INFO: RSI 프로파일 로드 완료: ['balanced', 'conservative', 'aggressive']
2025-12-28 13:26:43,436 INFO: [EVIDENCE] BacktestRunner.run called with params: ma_period=100, rsi_period=58, stop_loss=0.13
2025-12-28 13:26:43,437 INFO: BacktestEngine 초기화: instrument_type=etf, tax_rate=0.00%
2025-12-28 13:26:43,567 WARNING: 매수 불가 (233740): 자금 부족: 917,959 > 366,366
2025-12-28 13:26:43,569 WARNING: 매수 불가 (233740): 자금 부족: 10,851,714 > 10,135,480
2025-12-28 13:26:43,570 WARNING: 매수 불가 (233740): 자금 부족: 10,883,265 > 10,135,480
2025-12-28 13:26:43,570 WARNING: 매수 불가 (233740): 자금 부족: 10,971,942 > 10,135,480
2025-12-28 13:26:43,571 WARNING: 매수 불가 (233740): 자금 부족: 11,127,147 > 10,135,480
2025-12-28 13:26:43,612 WARNING: 매수 불가 (252670): 자금 부족: 1,051,691 > 696,812
2025-12-28 13:26:43,613 WARNING: 매수 불가 (252670): 자금 부족: 11,001,366 > 10,147,616
2025-12-28 13:26:43,615 WARNING: 매수 불가 (252670): 자금 부족: 11,261,770 > 10,147,616
2025-12-28 13:26:43,616 WARNING: 매수 불가 (252670): 자금 부족: 11,356,176 > 10,147,616
2025-12-28 13:26:43,619 WARNING: 매수 불가 (252670): 자금 부족: 11,345,122 > 10,147,616
2025-12-28 13:26:43,666 WARNING: 매수 불가 (252670): 자금 부족: 1,110,585 > 410,647
2025-12-28 13:26:43,667 WARNING: 매수 불가 (252670): 자금 부족: 11,334,727 > 10,205,784
2025-12-28 13:26:43,668 WARNING: 매수 불가 (252670): 자금 부족: 11,509,946 > 10,205,784
2025-12-28 13:26:43,669 WARNING: 매수 불가 (252670): 자금 부족: 11,436,419 > 10,205,784
2025-12-28 13:26:43,671 WARNING: 매수 불가 (252670): 자금 부족: 11,496,648 > 10,205,784
2025-12-28 13:26:43,741 INFO: Split 계산: Train=16M, Val=14M, Test=6M
2025-12-28 13:26:43,743 INFO: [캐시] lb=6M, key=b7489d5b
2025-12-28 13:26:43,744 INFO: UNIVERSE requested=14(hash=989dbc28) effective=14(hash=989dbc28)
2025-12-28 13:26:43,744 INFO: [Loader Debug] 005930 path: data\cache\005930.parquet exists: True
2025-12-28 13:26:43,747 INFO: [Loader Debug] 005930 raw shape: (1559, 5), index: <class 'pandas.core.indexes.datetimes.DatetimeIndex'>, cols: Index(['Open', 'High', 'Low', 'Close', 'Volume'], dtype='object')
2025-12-28 13:26:43,749 INFO: [Loader Debug] 005930 Date Range: 2019-01-01 00:00:00 ~ 2024-12-20 00:00:00 vs Target: 2020-10-06 ~ 2022-04-29
2025-12-28 13:26:43,750 INFO: [Loader Debug] 005930 Filtered rows: 409
2025-12-28 13:26:43,751 INFO: [Loader Debug] 035420 path: data\cache\035420.parquet exists: True
2025-12-28 13:26:43,752 INFO: [Loader Debug] 035420 raw shape: (1559, 5), index: <class 'pandas.core.indexes.datetimes.DatetimeIndex'>, cols: Index(['Open', 'High', 'Low', 'Close', 'Volume'], dtype='object')
2025-12-28 13:26:43,755 INFO: [Loader Debug] 035420 Date Range: 2019-01-01 00:00:00 ~ 2024-12-20 00:00:00 vs Target: 2020-10-06 ~ 2022-04-29
2025-12-28 13:26:43,756 INFO: [Loader Debug] 035420 Filtered rows: 409
2025-12-28 13:26:43,757 INFO: [Loader Debug] 035720 path: data\cache\035720.parquet exists: True
2025-12-28 13:26:43,760 INFO: [Loader Debug] 035720 raw shape: (1559, 5), index: <class 'pandas.core.indexes.datetimes.DatetimeIndex'>, cols: Index(['Open', 'High', 'Low', 'Close', 'Volume'], dtype='object')
2025-12-28 13:26:43,762 INFO: [Loader Debug] 035720 Date Range: 2019-01-01 00:00:00 ~ 2024-12-20 00:00:00 vs Target: 2020-10-06 ~ 2022-04-29
2025-12-28 13:26:43,765 INFO: [Loader Debug] 035720 Filtered rows: 409
2025-12-28 13:26:43,767 INFO: [Loader Debug] 051910 path: data\cache\051910.parquet exists: True
2025-12-28 13:26:43,769 INFO: [Loader Debug] 051910 raw shape: (1559, 5), index: <class 'pandas.core.indexes.datetimes.DatetimeIndex'>, cols: Index(['Open', 'High', 'Low', 'Close', 'Volume'], dtype='object')
2025-12-28 13:26:43,771 INFO: [Loader Debug] 051910 Date Range: 2019-01-01 00:00:00 ~ 2024-12-20 00:00:00 vs Target: 2020-10-06 ~ 2022-04-29
2025-12-28 13:26:43,773 INFO: [Loader Debug] 051910 Filtered rows: 409
2025-12-28 13:26:43,775 INFO: [Loader Debug] 069500 path: data\cache\069500.parquet exists: True
2025-12-28 13:26:43,779 INFO: [Loader Debug] 069500 raw shape: (1559, 5), index: <class 'pandas.core.indexes.datetimes.DatetimeIndex'>, cols: Index(['Open', 'High', 'Low', 'Close', 'Volume'], dtype='object')
2025-12-28 13:26:43,781 INFO: [Loader Debug] 069500 Date Range: 2019-01-01 00:00:00 ~ 2024-12-20 00:00:00 vs Target: 2020-10-06 ~ 2022-04-29
2025-12-28 13:26:43,785 INFO: [Loader Debug] 069500 Filtered rows: 409
2025-12-28 13:26:43,786 INFO: [Loader Debug] 091160 path: data\cache\091160.parquet exists: True
2025-12-28 13:26:43,789 INFO: [Loader Debug] 091160 raw shape: (1559, 5), index: <class 'pandas.core.indexes.datetimes.DatetimeIndex'>, cols: Index(['Open', 'High', 'Low', 'Close', 'Volume'], dtype='object')
2025-12-28 13:26:43,790 INFO: [Loader Debug] 091160 Date Range: 2019-01-01 00:00:00 ~ 2024-12-20 00:00:00 vs Target: 2020-10-06 ~ 2022-04-29
2025-12-28 13:26:43,794 INFO: [Loader Debug] 091160 Filtered rows: 409
2025-12-28 13:26:43,795 INFO: [Loader Debug] 102110 path: data\cache\102110.parquet exists: True
2025-12-28 13:26:43,798 INFO: [Loader Debug] 102110 raw shape: (1559, 5), index: <class 'pandas.core.indexes.datetimes.DatetimeIndex'>, cols: Index(['Open', 'High', 'Low', 'Close', 'Volume'], dtype='object')
2025-12-28 13:26:43,802 INFO: [Loader Debug] 102110 Date Range: 2019-01-01 00:00:00 ~ 2024-12-20 00:00:00 vs Target: 2020-10-06 ~ 2022-04-29
2025-12-28 13:26:43,804 INFO: [Loader Debug] 102110 Filtered rows: 409
2025-12-28 13:26:43,805 INFO: [Loader Debug] 114800 path: data\cache\114800.parquet exists: True
2025-12-28 13:26:43,813 INFO: [Loader Debug] 114800 raw shape: (1559, 5), index: <class 'pandas.core.indexes.datetimes.DatetimeIndex'>, cols: Index(['Open', 'High', 'Low', 'Close', 'Volume'], dtype='object')
2025-12-28 13:26:43,845 INFO: [Loader Debug] 114800 Date Range: 2019-01-01 00:00:00 ~ 2024-12-20 00:00:00 vs Target: 2020-10-06 ~ 2022-04-29
2025-12-28 13:26:43,857 INFO: [Loader Debug] 114800 Filtered rows: 409
2025-12-28 13:26:43,866 INFO: [Loader Debug] 122630 path: data\cache\122630.parquet exists: True
2025-12-28 13:26:43,885 INFO: [Loader Debug] 122630 raw shape: (1559, 5), index: <class 'pandas.core.indexes.datetimes.DatetimeIndex'>, cols: Index(['Open', 'High', 'Low', 'Close', 'Volume'], dtype='object')
2025-12-28 13:26:43,908 INFO: [Loader Debug] 122630 Date Range: 2019-01-01 00:00:00 ~ 2024-12-20 00:00:00 vs Target: 2020-10-06 ~ 2022-04-29
2025-12-28 13:26:43,927 INFO: [Loader Debug] 122630 Filtered rows: 409
2025-12-28 13:26:43,936 INFO: [Loader Debug] 229200 path: data\cache\229200.parquet exists: True
2025-12-28 13:26:43,948 INFO: [Loader Debug] 229200 raw shape: (1559, 5), index: <class 'pandas.core.indexes.datetimes.DatetimeIndex'>, cols: Index(['Open', 'High', 'Low', 'Close', 'Volume'], dtype='object')
2025-12-28 13:26:43,958 INFO: [Loader Debug] 229200 Date Range: 2019-01-01 00:00:00 ~ 2024-12-20 00:00:00 vs Target: 2020-10-06 ~ 2022-04-29
2025-12-28 13:26:43,968 INFO: [Loader Debug] 229200 Filtered rows: 409
2025-12-28 13:26:43,969 INFO: [Loader Debug] 233740 path: data\cache\233740.parquet exists: True
2025-12-28 13:26:43,973 INFO: [Loader Debug] 233740 raw shape: (1559, 5), index: <class 'pandas.core.indexes.datetimes.DatetimeIndex'>, cols: Index(['Open', 'High', 'Low', 'Close', 'Volume'], dtype='object')
2025-12-28 13:26:43,980 INFO: [Loader Debug] 233740 Date Range: 2019-01-01 00:00:00 ~ 2024-12-20 00:00:00 vs Target: 2020-10-06 ~ 2022-04-29
2025-12-28 13:26:43,990 INFO: [Loader Debug] 233740 Filtered rows: 409
2025-12-28 13:26:43,992 INFO: [Loader Debug] 252670 path: data\cache\252670.parquet exists: True
2025-12-28 13:26:44,001 INFO: [Loader Debug] 252670 raw shape: (1559, 5), index: <class 'pandas.core.indexes.datetimes.DatetimeIndex'>, cols: Index(['Open', 'High', 'Low', 'Close', 'Volume'], dtype='object')
2025-12-28 13:26:44,014 INFO: [Loader Debug] 252670 Date Range: 2019-01-01 00:00:00 ~ 2024-12-20 00:00:00 vs Target: 2020-10-06 ~ 2022-04-29
2025-12-28 13:26:44,018 INFO: [Loader Debug] 252670 Filtered rows: 409
2025-12-28 13:26:44,021 INFO: [Loader Debug] 261240 path: data\cache\261240.parquet exists: True
2025-12-28 13:26:44,026 INFO: [Loader Debug] 261240 raw shape: (1559, 5), index: <class 'pandas.core.indexes.datetimes.DatetimeIndex'>, cols: Index(['Open', 'High', 'Low', 'Close', 'Volume'], dtype='object')
2025-12-28 13:26:44,030 INFO: [Loader Debug] 261240 Date Range: 2019-01-01 00:00:00 ~ 2024-12-20 00:00:00 vs Target: 2020-10-06 ~ 2022-04-29
2025-12-28 13:26:44,039 INFO: [Loader Debug] 261240 Filtered rows: 409
2025-12-28 13:26:44,047 INFO: [Loader Debug] 305720 path: data\cache\305720.parquet exists: True
2025-12-28 13:26:44,056 INFO: [Loader Debug] 305720 raw shape: (1559, 5), index: <class 'pandas.core.indexes.datetimes.DatetimeIndex'>, cols: Index(['Open', 'High', 'Low', 'Close', 'Volume'], dtype='object')
2025-12-28 13:26:44,065 INFO: [Loader Debug] 305720 Date Range: 2019-01-01 00:00:00 ~ 2024-12-20 00:00:00 vs Target: 2020-10-06 ~ 2022-04-29
2025-12-28 13:26:44,070 INFO: [Loader Debug] 305720 Filtered rows: 409
2025-12-28 13:26:44,083 INFO: [Normalization] Initial Shape: (5726, 5), Index: <class 'pandas.core.indexes.multi.MultiIndex'>, Columns: ['open', 'high', 'low', 'close', 'volume']
2025-12-28 13:26:44,086 INFO: [EVIDENCE] Data Pipeline Trace:
1. Load Shape: (5726, 5)
   - Index Type: <class 'pandas.core.indexes.multi.MultiIndex'>
   - Levels: ['code', 'date']
   - Date Range: 2020-10-06 00:00:00 ~ 2022-04-29 00:00:00
   - Unique Symbols: 14 (Sample: ['005930', '035420', '035720'])
2. Universe Coverage: Requested=14, Loaded=14, Missing=0
6. Final Columns: ['open', 'high', 'low', 'close', 'volume']
2025-12-28 13:26:44,204 INFO: ✅ 설정 파일 로드: E:\AI Study\krx_alertor_modular\config\regime_params.yaml
2025-12-28 13:26:44,204 INFO: MarketRegimeDetector 초기화: MA=50/200일, 임계값=2.0/-2.0%
2025-12-28 13:26:44,213 INFO: RSI 프로파일 로드 완료: ['balanced', 'conservative', 'aggressive']
2025-12-28 13:26:44,213 INFO: [EVIDENCE] BacktestRunner.run called with params: ma_period=100, rsi_period=58, stop_loss=0.13
2025-12-28 13:26:44,214 INFO: BacktestEngine 초기화: instrument_type=etf, tax_rate=0.00%
2025-12-28 13:26:44,428 WARNING: 매수 불가 (035720): 자금 부족: 1,149,313 > 266,120
2025-12-28 13:26:44,429 WARNING: 매수 불가 (035720): 자금 부족: 11,446,046 > 9,949,290
2025-12-28 13:26:44,430 WARNING: 매수 불가 (035720): 자금 부족: 11,271,107 > 9,949,290
2025-12-28 13:26:44,431 WARNING: 매수 불가 (035720): 자금 부족: 11,117,170 > 9,949,290
2025-12-28 13:26:44,432 WARNING: 매수 불가 (035720): 자금 부족: 11,427,514 > 9,949,290
2025-12-28 13:26:44,466 WARNING: 매수 불가 (252670): 자금 부족: 1,132,509 > 968,927
2025-12-28 13:26:44,466 WARNING: 매수 불가 (229200): 자금 부족: 1,070,557 > 968,927
2025-12-28 13:26:44,467 WARNING: 매수 불가 (229200): 자금 부족: 5,700,540 > 4,325,534
2025-12-28 13:26:44,468 WARNING: 매수 불가 (229200): 자금 부족: 11,475,088 > 9,878,564
2025-12-28 13:26:44,468 WARNING: 매수 불가 (229200): 자금 부족: 11,345,826 > 9,878,564
2025-12-28 13:26:44,469 WARNING: 매수 불가 (229200): 자금 부족: 11,424,521 > 9,878,564
2025-12-28 13:26:44,499 WARNING: 매수 불가 (252670): 자금 부족: 1,093,487 > 372,376
2025-12-28 13:26:44,500 WARNING: 매수 불가 (252670): 자금 부족: 11,003,929 > 9,855,979
2025-12-28 13:26:44,501 WARNING: 매수 불가 (252670): 자금 부족: 10,786,830 > 9,855,979
2025-12-28 13:26:44,502 WARNING: 매수 불가 (252670): 자금 부족: 10,708,024 > 9,855,979
2025-12-28 13:26:44,503 WARNING: 매수 불가 (252670): 자금 부족: 10,674,966 > 9,855,979
2025-12-28 13:26:44,534 WARNING: 매수 불가 (091160): 자금 부족: 1,063,237 > 1,053,023
2025-12-28 13:26:44,535 WARNING: 매수 불가 (091160): 자금 부족: 10,927,078 > 9,960,647
2025-12-28 13:26:44,535 WARNING: 매수 불가 (091160): 자금 부족: 11,140,973 > 9,960,647
2025-12-28 13:26:44,536 WARNING: 매수 불가 (091160): 자금 부족: 11,060,316 > 9,960,647
2025-12-28 13:26:44,537 WARNING: 매수 불가 (091160): 자금 부족: 11,103,415 > 9,960,647
2025-12-28 13:26:44,569 WARNING: 매수 불가 (102110): 자금 부족: 1,020,830 > 886,456
2025-12-28 13:26:44,570 WARNING: 매수 불가 (102110): 자금 부족: 11,223,961 > 9,929,056
2025-12-28 13:26:44,570 WARNING: 매수 불가 (102110): 자금 부족: 11,157,171 > 9,929,056
2025-12-28 13:26:44,571 WARNING: 매수 불가 (102110): 자금 부족: 11,252,588 > 9,929,056
2025-12-28 13:26:44,572 WARNING: 매수 불가 (102110): 자금 부족: 11,157,254 > 9,929,056
2025-12-28 13:26:44,599 WARNING: 매수 불가 (252670): 자금 부족: 1,116,448 > 991,054
2025-12-28 13:26:44,600 WARNING: 매수 불가 (252670): 자금 부족: 11,007,285 > 9,931,208
2025-12-28 13:26:44,601 WARNING: 매수 불가 (252670): 자금 부족: 11,213,914 > 9,931,208
2025-12-28 13:26:44,602 WARNING: 매수 불가 (252670): 자금 부족: 11,360,111 > 9,931,208
2025-12-28 13:26:44,602 WARNING: 매수 불가 (252670): 자금 부족: 11,347,755 > 9,931,208
2025-12-28 13:26:44,897 WARNING: 매수 불가 (091160): 자금 부족: 1,003,874 > 913,807
2025-12-28 13:26:44,898 WARNING: 매수 불가 (091160): 자금 부족: 10,630,707 > 9,849,141
2025-12-28 13:26:44,899 WARNING: 매수 불가 (091160): 자금 부족: 10,662,941 > 9,849,141
2025-12-28 13:26:44,900 WARNING: 매수 불가 (091160): 자금 부족: 10,391,017 > 9,849,141
2025-12-28 13:26:44,901 WARNING: 매수 불가 (091160): 자금 부족: 10,433,428 > 9,849,141
2025-12-28 13:26:44,933 WARNING: 매수 불가 (252670): 자금 부족: 1,041,034 > 809,786
2025-12-28 13:26:44,935 WARNING: 매수 불가 (252670): 자금 부족: 10,510,669 > 9,717,511
2025-12-28 13:26:44,937 WARNING: 매수 불가 (252670): 자금 부족: 10,389,008 > 9,717,511
2025-12-28 13:26:44,938 WARNING: 매수 불가 (252670): 자금 부족: 10,490,639 > 9,717,511
2025-12-28 13:26:44,940 WARNING: 매수 불가 (252670): 자금 부족: 10,416,319 > 9,717,511
2025-12-28 13:26:44,975 WARNING: 매수 불가 (305720): 자금 부족: 1,027,504 > 678,557
2025-12-28 13:26:44,977 WARNING: 매수 불가 (305720): 자금 부족: 10,432,945 > 9,758,367
2025-12-28 13:26:44,978 WARNING: 매수 불가 (305720): 자금 부족: 10,578,367 > 9,758,367
2025-12-28 13:26:44,979 WARNING: 매수 불가 (305720): 자금 부족: 10,618,596 > 9,758,367
2025-12-28 13:26:44,981 WARNING: 매수 불가 (305720): 자금 부족: 10,690,621 > 9,758,367
2025-12-28 13:26:45,042 WARNING: 매수 불가 (114800): 자금 부족: 974,395 > 912,637
2025-12-28 13:26:45,044 WARNING: 매수 불가 (114800): 자금 부족: 10,489,619 > 9,678,570
2025-12-28 13:26:45,045 WARNING: 매수 불가 (114800): 자금 부족: 10,572,529 > 9,678,570
2025-12-28 13:26:45,046 WARNING: 매수 불가 (114800): 자금 부족: 10,433,385 > 9,678,570
2025-12-28 13:26:45,047 WARNING: 매수 불가 (114800): 자금 부족: 10,218,955 > 9,678,570
2025-12-28 13:26:46,832 INFO: UNIVERSE requested=14(hash=989dbc28) effective=14(hash=989dbc28)
2025-12-28 13:26:46,833 INFO: [Loader Debug] 005930 path: data\cache\005930.parquet exists: True
2025-12-28 13:26:46,836 INFO: [Loader Debug] 005930 raw shape: (1559, 5), index: <class 'pandas.core.indexes.datetimes.DatetimeIndex'>, cols: Index(['Open', 'High', 'Low', 'Close', 'Volume'], dtype='object')
2025-12-28 13:26:46,838 INFO: [Loader Debug] 005930 Date Range: 2019-01-01 00:00:00 ~ 2024-12-20 00:00:00 vs Target: 2022-09-24 ~ 2023-06-23
2025-12-28 13:26:46,840 INFO: [Loader Debug] 005930 Filtered rows: 195
2025-12-28 13:26:46,840 INFO: [Loader Debug] 035420 path: data\cache\035420.parquet exists: True
2025-12-28 13:26:46,843 INFO: [Loader Debug] 035420 raw shape: (1559, 5), index: <class 'pandas.core.indexes.datetimes.DatetimeIndex'>, cols: Index(['Open', 'High', 'Low', 'Close', 'Volume'], dtype='object')
2025-12-28 13:26:46,846 INFO: [Loader Debug] 035420 Date Range: 2019-01-01 00:00:00 ~ 2024-12-20 00:00:00 vs Target: 2022-09-24 ~ 2023-06-23
2025-12-28 13:26:46,849 INFO: [Loader Debug] 035420 Filtered rows: 195
2025-12-28 13:26:46,849 INFO: [Loader Debug] 035720 path: data\cache\035720.parquet exists: True
2025-12-28 13:26:46,852 INFO: [Loader Debug] 035720 raw shape: (1559, 5), index: <class 'pandas.core.indexes.datetimes.DatetimeIndex'>, cols: Index(['Open', 'High', 'Low', 'Close', 'Volume'], dtype='object')
2025-12-28 13:26:46,854 INFO: [Loader Debug] 035720 Date Range: 2019-01-01 00:00:00 ~ 2024-12-20 00:00:00 vs Target: 2022-09-24 ~ 2023-06-23
2025-12-28 13:26:46,857 INFO: [Loader Debug] 035720 Filtered rows: 195
2025-12-28 13:26:46,857 INFO: [Loader Debug] 051910 path: data\cache\051910.parquet exists: True
2025-12-28 13:26:46,862 INFO: [Loader Debug] 051910 raw shape: (1559, 5), index: <class 'pandas.core.indexes.datetimes.DatetimeIndex'>, cols: Index(['Open', 'High', 'Low', 'Close', 'Volume'], dtype='object')
2025-12-28 13:26:46,866 INFO: [Loader Debug] 051910 Date Range: 2019-01-01 00:00:00 ~ 2024-12-20 00:00:00 vs Target: 2022-09-24 ~ 2023-06-23
2025-12-28 13:26:46,868 INFO: [Loader Debug] 051910 Filtered rows: 195
2025-12-28 13:26:46,868 INFO: [Loader Debug] 069500 path: data\cache\069500.parquet exists: True
2025-12-28 13:26:46,871 INFO: [Loader Debug] 069500 raw shape: (1559, 5), index: <class 'pandas.core.indexes.datetimes.DatetimeIndex'>, cols: Index(['Open', 'High', 'Low', 'Close', 'Volume'], dtype='object')
2025-12-28 13:26:46,873 INFO: [Loader Debug] 069500 Date Range: 2019-01-01 00:00:00 ~ 2024-12-20 00:00:00 vs Target: 2022-09-24 ~ 2023-06-23
2025-12-28 13:26:46,879 INFO: [Loader Debug] 069500 Filtered rows: 195
2025-12-28 13:26:46,880 INFO: [Loader Debug] 091160 path: data\cache\091160.parquet exists: True
2025-12-28 13:26:46,884 INFO: [Loader Debug] 091160 raw shape: (1559, 5), index: <class 'pandas.core.indexes.datetimes.DatetimeIndex'>, cols: Index(['Open', 'High', 'Low', 'Close', 'Volume'], dtype='object')
2025-12-28 13:26:46,888 INFO: [Loader Debug] 091160 Date Range: 2019-01-01 00:00:00 ~ 2024-12-20 00:00:00 vs Target: 2022-09-24 ~ 2023-06-23
2025-12-28 13:26:46,892 INFO: [Loader Debug] 091160 Filtered rows: 195
2025-12-28 13:26:46,894 INFO: [Loader Debug] 102110 path: data\cache\102110.parquet exists: True
2025-12-28 13:26:46,898 INFO: [Loader Debug] 102110 raw shape: (1559, 5), index: <class 'pandas.core.indexes.datetimes.DatetimeIndex'>, cols: Index(['Open', 'High', 'Low', 'Close', 'Volume'], dtype='object')
2025-12-28 13:26:46,901 INFO: [Loader Debug] 102110 Date Range: 2019-01-01 00:00:00 ~ 2024-12-20 00:00:00 vs Target: 2022-09-24 ~ 2023-06-23
2025-12-28 13:26:46,903 INFO: [Loader Debug] 102110 Filtered rows: 195
2025-12-28 13:26:46,904 INFO: [Loader Debug] 114800 path: data\cache\114800.parquet exists: True
2025-12-28 13:26:46,907 INFO: [Loader Debug] 114800 raw shape: (1559, 5), index: <class 'pandas.core.indexes.datetimes.DatetimeIndex'>, cols: Index(['Open', 'High', 'Low', 'Close', 'Volume'], dtype='object')
2025-12-28 13:26:46,912 INFO: [Loader Debug] 114800 Date Range: 2019-01-01 00:00:00 ~ 2024-12-20 00:00:00 vs Target: 2022-09-24 ~ 2023-06-23
2025-12-28 13:26:46,916 INFO: [Loader Debug] 114800 Filtered rows: 195
2025-12-28 13:26:46,917 INFO: [Loader Debug] 122630 path: data\cache\122630.parquet exists: True
2025-12-28 13:26:46,920 INFO: [Loader Debug] 122630 raw shape: (1559, 5), index: <class 'pandas.core.indexes.datetimes.DatetimeIndex'>, cols: Index(['Open', 'High', 'Low', 'Close', 'Volume'], dtype='object')
2025-12-28 13:26:46,922 INFO: [Loader Debug] 122630 Date Range: 2019-01-01 00:00:00 ~ 2024-12-20 00:00:00 vs Target: 2022-09-24 ~ 2023-06-23
2025-12-28 13:26:46,925 INFO: [Loader Debug] 122630 Filtered rows: 195
2025-12-28 13:26:46,927 INFO: [Loader Debug] 229200 path: data\cache\229200.parquet exists: True
2025-12-28 13:26:46,929 INFO: [Loader Debug] 229200 raw shape: (1559, 5), index: <class 'pandas.core.indexes.datetimes.DatetimeIndex'>, cols: Index(['Open', 'High', 'Low', 'Close', 'Volume'], dtype='object')
2025-12-28 13:26:46,932 INFO: [Loader Debug] 229200 Date Range: 2019-01-01 00:00:00 ~ 2024-12-20 00:00:00 vs Target: 2022-09-24 ~ 2023-06-23
2025-12-28 13:26:46,934 INFO: [Loader Debug] 229200 Filtered rows: 195
2025-12-28 13:26:46,934 INFO: [Loader Debug] 233740 path: data\cache\233740.parquet exists: True
2025-12-28 13:26:46,937 INFO: [Loader Debug] 233740 raw shape: (1559, 5), index: <class 'pandas.core.indexes.datetimes.DatetimeIndex'>, cols: Index(['Open', 'High', 'Low', 'Close', 'Volume'], dtype='object')
2025-12-28 13:26:46,939 INFO: [Loader Debug] 233740 Date Range: 2019-01-01 00:00:00 ~ 2024-12-20 00:00:00 vs Target: 2022-09-24 ~ 2023-06-23
2025-12-28 13:26:46,940 INFO: [Loader Debug] 233740 Filtered rows: 195
2025-12-28 13:26:46,940 INFO: [Loader Debug] 252670 path: data\cache\252670.parquet exists: True
2025-12-28 13:26:46,943 INFO: [Loader Debug] 252670 raw shape: (1559, 5), index: <class 'pandas.core.indexes.datetimes.DatetimeIndex'>, cols: Index(['Open', 'High', 'Low', 'Close', 'Volume'], dtype='object')
2025-12-28 13:26:46,945 INFO: [Loader Debug] 252670 Date Range: 2019-01-01 00:00:00 ~ 2024-12-20 00:00:00 vs Target: 2022-09-24 ~ 2023-06-23
2025-12-28 13:26:46,947 INFO: [Loader Debug] 252670 Filtered rows: 195
2025-12-28 13:26:46,947 INFO: [Loader Debug] 261240 path: data\cache\261240.parquet exists: True
2025-12-28 13:26:46,949 INFO: [Loader Debug] 261240 raw shape: (1559, 5), index: <class 'pandas.core.indexes.datetimes.DatetimeIndex'>, cols: Index(['Open', 'High', 'Low', 'Close', 'Volume'], dtype='object')
2025-12-28 13:26:46,950 INFO: [Loader Debug] 261240 Date Range: 2019-01-01 00:00:00 ~ 2024-12-20 00:00:00 vs Target: 2022-09-24 ~ 2023-06-23
2025-12-28 13:26:46,952 INFO: [Loader Debug] 261240 Filtered rows: 195
2025-12-28 13:26:46,952 INFO: [Loader Debug] 305720 path: data\cache\305720.parquet exists: True
2025-12-28 13:26:46,954 INFO: [Loader Debug] 305720 raw shape: (1559, 5), index: <class 'pandas.core.indexes.datetimes.DatetimeIndex'>, cols: Index(['Open', 'High', 'Low', 'Close', 'Volume'], dtype='object')
2025-12-28 13:26:46,956 INFO: [Loader Debug] 305720 Date Range: 2019-01-01 00:00:00 ~ 2024-12-20 00:00:00 vs Target: 2022-09-24 ~ 2023-06-23
2025-12-28 13:26:46,957 INFO: [Loader Debug] 305720 Filtered rows: 195
2025-12-28 13:26:46,960 INFO: [Normalization] Initial Shape: (2730, 5), Index: <class 'pandas.core.indexes.multi.MultiIndex'>, Columns: ['open', 'high', 'low', 'close', 'volume']
2025-12-28 13:26:46,961 INFO: [EVIDENCE] Data Pipeline Trace:
1. Load Shape: (2730, 5)
   - Index Type: <class 'pandas.core.indexes.multi.MultiIndex'>
   - Levels: ['code', 'date']
   - Date Range: 2022-09-26 00:00:00 ~ 2023-06-23 00:00:00
   - Unique Symbols: 14 (Sample: ['005930', '035420', '035720'])
2. Universe Coverage: Requested=14, Loaded=14, Missing=0
6. Final Columns: ['open', 'high', 'low', 'close', 'volume']
2025-12-28 13:26:47,045 INFO: ✅ 설정 파일 로드: E:\AI Study\krx_alertor_modular\config\regime_params.yaml
2025-12-28 13:26:47,046 INFO: MarketRegimeDetector 초기화: MA=50/200일, 임계값=2.0/-2.0%
2025-12-28 13:26:47,051 INFO: RSI 프로파일 로드 완료: ['balanced', 'conservative', 'aggressive']
2025-12-28 13:26:47,051 INFO: [EVIDENCE] BacktestRunner.run called with params: ma_period=100, rsi_period=58, stop_loss=0.13
2025-12-28 13:26:47,051 INFO: BacktestEngine 초기화: instrument_type=etf, tax_rate=0.00%
2025-12-28 13:26:47,278 WARNING: 매수 불가 (233740): 자금 부족: 1,096,447 > 265,015
2025-12-28 13:26:47,279 WARNING: 매수 불가 (233740): 자금 부족: 11,163,764 > 9,885,945
2025-12-28 13:26:47,280 WARNING: 매수 불가 (233740): 자금 부족: 11,171,088 > 9,885,945
2025-12-28 13:26:47,280 WARNING: 매수 불가 (233740): 자금 부족: 11,129,356 > 9,885,945
2025-12-28 13:26:47,281 WARNING: 매수 불가 (233740): 자금 부족: 11,039,740 > 9,885,945
2025-12-28 13:26:47,292 WARNING: 매수 불가 (233740): 자금 부족: 1,105,643 > 669,818
2025-12-28 13:26:47,293 WARNING: 매수 불가 (233740): 자금 부족: 10,851,317 > 9,938,381
2025-12-28 13:26:47,294 WARNING: 매수 불가 (233740): 자금 부족: 10,718,907 > 9,938,381
2025-12-28 13:26:47,295 WARNING: 매수 불가 (233740): 자금 부족: 10,419,897 > 9,938,381
2025-12-28 13:26:47,295 WARNING: 매수 불가 (233740): 자금 부족: 10,454,813 > 9,938,381
2025-12-28 13:26:47,396 WARNING: 매수 불가 (252670): 자금 부족: 1,052,953 > 495,482
2025-12-28 13:26:47,397 WARNING: 매수 불가 (252670): 자금 부족: 11,323,298 > 9,990,263
2025-12-28 13:26:47,397 WARNING: 매수 불가 (252670): 자금 부족: 11,187,801 > 9,990,263
2025-12-28 13:26:47,398 WARNING: 매수 불가 (252670): 자금 부족: 11,194,105 > 9,990,263
2025-12-28 13:26:47,398 WARNING: 매수 불가 (252670): 자금 부족: 11,027,251 > 9,990,263
2025-12-28 13:26:47,427 WARNING: 매수 불가 (252670): 자금 부족: 1,064,077 > 806,996
2025-12-28 13:26:47,428 WARNING: 매수 불가 (252670): 자금 부족: 10,477,177 > 9,911,648
2025-12-28 13:26:47,429 INFO: Split 계산: Train=16M, Val=14M, Test=6M
2025-12-28 13:26:47,430 INFO: [캐시] lb=12M, key=7bacf271
2025-12-28 13:26:47,430 INFO: UNIVERSE requested=14(hash=989dbc28) effective=14(hash=989dbc28)
2025-12-28 13:26:47,430 INFO: [Loader Debug] 005930 path: data\cache\005930.parquet exists: True
2025-12-28 13:26:47,432 INFO: [Loader Debug] 005930 raw shape: (1559, 5), index: <class 'pandas.core.indexes.datetimes.DatetimeIndex'>, cols: Index(['Open', 'High', 'Low', 'Close', 'Volume'], dtype='object')
2025-12-28 13:26:47,434 INFO: [Loader Debug] 005930 Date Range: 2019-01-01 00:00:00 ~ 2024-12-20 00:00:00 vs Target: 2020-10-06 ~ 2022-04-29
2025-12-28 13:26:47,435 INFO: [Loader Debug] 005930 Filtered rows: 409
2025-12-28 13:26:47,435 INFO: [Loader Debug] 035420 path: data\cache\035420.parquet exists: True
2025-12-28 13:26:47,437 INFO: [Loader Debug] 035420 raw shape: (1559, 5), index: <class 'pandas.core.indexes.datetimes.DatetimeIndex'>, cols: Index(['Open', 'High', 'Low', 'Close', 'Volume'], dtype='object')
2025-12-28 13:26:47,439 INFO: [Loader Debug] 035420 Date Range: 2019-01-01 00:00:00 ~ 2024-12-20 00:00:00 vs Target: 2020-10-06 ~ 2022-04-29
2025-12-28 13:26:47,440 INFO: [Loader Debug] 035420 Filtered rows: 409
2025-12-28 13:26:47,440 INFO: [Loader Debug] 035720 path: data\cache\035720.parquet exists: True
2025-12-28 13:26:47,442 INFO: [Loader Debug] 035720 raw shape: (1559, 5), index: <class 'pandas.core.indexes.datetimes.DatetimeIndex'>, cols: Index(['Open', 'High', 'Low', 'Close', 'Volume'], dtype='object')
2025-12-28 13:26:47,443 INFO: [Loader Debug] 035720 Date Range: 2019-01-01 00:00:00 ~ 2024-12-20 00:00:00 vs Target: 2020-10-06 ~ 2022-04-29
2025-12-28 13:26:47,444 INFO: [Loader Debug] 035720 Filtered rows: 409
2025-12-28 13:26:47,444 INFO: [Loader Debug] 051910 path: data\cache\051910.parquet exists: True
2025-12-28 13:26:47,446 INFO: [Loader Debug] 051910 raw shape: (1559, 5), index: <class 'pandas.core.indexes.datetimes.DatetimeIndex'>, cols: Index(['Open', 'High', 'Low', 'Close', 'Volume'], dtype='object')
2025-12-28 13:26:47,448 INFO: [Loader Debug] 051910 Date Range: 2019-01-01 00:00:00 ~ 2024-12-20 00:00:00 vs Target: 2020-10-06 ~ 2022-04-29
2025-12-28 13:26:47,449 INFO: [Loader Debug] 051910 Filtered rows: 409
2025-12-28 13:26:47,449 INFO: [Loader Debug] 069500 path: data\cache\069500.parquet exists: True
2025-12-28 13:26:47,451 INFO: [Loader Debug] 069500 raw shape: (1559, 5), index: <class 'pandas.core.indexes.datetimes.DatetimeIndex'>, cols: Index(['Open', 'High', 'Low', 'Close', 'Volume'], dtype='object')
2025-12-28 13:26:47,452 INFO: [Loader Debug] 069500 Date Range: 2019-01-01 00:00:00 ~ 2024-12-20 00:00:00 vs Target: 2020-10-06 ~ 2022-04-29
2025-12-28 13:26:47,453 INFO: [Loader Debug] 069500 Filtered rows: 409
2025-12-28 13:26:47,453 INFO: [Loader Debug] 091160 path: data\cache\091160.parquet exists: True
2025-12-28 13:26:47,455 INFO: [Loader Debug] 091160 raw shape: (1559, 5), index: <class 'pandas.core.indexes.datetimes.DatetimeIndex'>, cols: Index(['Open', 'High', 'Low', 'Close', 'Volume'], dtype='object')
2025-12-28 13:26:47,456 INFO: [Loader Debug] 091160 Date Range: 2019-01-01 00:00:00 ~ 2024-12-20 00:00:00 vs Target: 2020-10-06 ~ 2022-04-29
2025-12-28 13:26:47,458 INFO: [Loader Debug] 091160 Filtered rows: 409
2025-12-28 13:26:47,458 INFO: [Loader Debug] 102110 path: data\cache\102110.parquet exists: True
2025-12-28 13:26:47,460 INFO: [Loader Debug] 102110 raw shape: (1559, 5), index: <class 'pandas.core.indexes.datetimes.DatetimeIndex'>, cols: Index(['Open', 'High', 'Low', 'Close', 'Volume'], dtype='object')
2025-12-28 13:26:47,461 INFO: [Loader Debug] 102110 Date Range: 2019-01-01 00:00:00 ~ 2024-12-20 00:00:00 vs Target: 2020-10-06 ~ 2022-04-29
2025-12-28 13:26:47,462 INFO: [Loader Debug] 102110 Filtered rows: 409
2025-12-28 13:26:47,463 INFO: [Loader Debug] 114800 path: data\cache\114800.parquet exists: True
2025-12-28 13:26:47,465 INFO: [Loader Debug] 114800 raw shape: (1559, 5), index: <class 'pandas.core.indexes.datetimes.DatetimeIndex'>, cols: Index(['Open', 'High', 'Low', 'Close', 'Volume'], dtype='object')
2025-12-28 13:26:47,467 INFO: [Loader Debug] 114800 Date Range: 2019-01-01 00:00:00 ~ 2024-12-20 00:00:00 vs Target: 2020-10-06 ~ 2022-04-29
2025-12-28 13:26:47,468 INFO: [Loader Debug] 114800 Filtered rows: 409
2025-12-28 13:26:47,468 INFO: [Loader Debug] 122630 path: data\cache\122630.parquet exists: True
2025-12-28 13:26:47,470 INFO: [Loader Debug] 122630 raw shape: (1559, 5), index: <class 'pandas.core.indexes.datetimes.DatetimeIndex'>, cols: Index(['Open', 'High', 'Low', 'Close', 'Volume'], dtype='object')
2025-12-28 13:26:47,471 INFO: [Loader Debug] 122630 Date Range: 2019-01-01 00:00:00 ~ 2024-12-20 00:00:00 vs Target: 2020-10-06 ~ 2022-04-29
2025-12-28 13:26:47,472 INFO: [Loader Debug] 122630 Filtered rows: 409
2025-12-28 13:26:47,473 INFO: [Loader Debug] 229200 path: data\cache\229200.parquet exists: True
2025-12-28 13:26:47,474 INFO: [Loader Debug] 229200 raw shape: (1559, 5), index: <class 'pandas.core.indexes.datetimes.DatetimeIndex'>, cols: Index(['Open', 'High', 'Low', 'Close', 'Volume'], dtype='object')
2025-12-28 13:26:47,477 INFO: [Loader Debug] 229200 Date Range: 2019-01-01 00:00:00 ~ 2024-12-20 00:00:00 vs Target: 2020-10-06 ~ 2022-04-29
2025-12-28 13:26:47,478 INFO: [Loader Debug] 229200 Filtered rows: 409
2025-12-28 13:26:47,479 INFO: [Loader Debug] 233740 path: data\cache\233740.parquet exists: True
2025-12-28 13:26:47,481 INFO: [Loader Debug] 233740 raw shape: (1559, 5), index: <class 'pandas.core.indexes.datetimes.DatetimeIndex'>, cols: Index(['Open', 'High', 'Low', 'Close', 'Volume'], dtype='object')
2025-12-28 13:26:47,483 INFO: [Loader Debug] 233740 Date Range: 2019-01-01 00:00:00 ~ 2024-12-20 00:00:00 vs Target: 2020-10-06 ~ 2022-04-29
2025-12-28 13:26:47,484 INFO: [Loader Debug] 233740 Filtered rows: 409
2025-12-28 13:26:47,484 INFO: [Loader Debug] 252670 path: data\cache\252670.parquet exists: True
2025-12-28 13:26:47,486 INFO: [Loader Debug] 252670 raw shape: (1559, 5), index: <class 'pandas.core.indexes.datetimes.DatetimeIndex'>, cols: Index(['Open', 'High', 'Low', 'Close', 'Volume'], dtype='object')
2025-12-28 13:26:47,488 INFO: [Loader Debug] 252670 Date Range: 2019-01-01 00:00:00 ~ 2024-12-20 00:00:00 vs Target: 2020-10-06 ~ 2022-04-29
2025-12-28 13:26:47,489 INFO: [Loader Debug] 252670 Filtered rows: 409
2025-12-28 13:26:47,489 INFO: [Loader Debug] 261240 path: data\cache\261240.parquet exists: True
2025-12-28 13:26:47,491 INFO: [Loader Debug] 261240 raw shape: (1559, 5), index: <class 'pandas.core.indexes.datetimes.DatetimeIndex'>, cols: Index(['Open', 'High', 'Low', 'Close', 'Volume'], dtype='object')
2025-12-28 13:26:47,492 INFO: [Loader Debug] 261240 Date Range: 2019-01-01 00:00:00 ~ 2024-12-20 00:00:00 vs Target: 2020-10-06 ~ 2022-04-29
2025-12-28 13:26:47,493 INFO: [Loader Debug] 261240 Filtered rows: 409
2025-12-28 13:26:47,494 INFO: [Loader Debug] 305720 path: data\cache\305720.parquet exists: True
2025-12-28 13:26:47,496 INFO: [Loader Debug] 305720 raw shape: (1559, 5), index: <class 'pandas.core.indexes.datetimes.DatetimeIndex'>, cols: Index(['Open', 'High', 'Low', 'Close', 'Volume'], dtype='object')
2025-12-28 13:26:47,497 INFO: [Loader Debug] 305720 Date Range: 2019-01-01 00:00:00 ~ 2024-12-20 00:00:00 vs Target: 2020-10-06 ~ 2022-04-29
2025-12-28 13:26:47,499 INFO: [Loader Debug] 305720 Filtered rows: 409
2025-12-28 13:26:47,501 INFO: [Normalization] Initial Shape: (5726, 5), Index: <class 'pandas.core.indexes.multi.MultiIndex'>, Columns: ['open', 'high', 'low', 'close', 'volume']
2025-12-28 13:26:47,502 INFO: [EVIDENCE] Data Pipeline Trace:
1. Load Shape: (5726, 5)
   - Index Type: <class 'pandas.core.indexes.multi.MultiIndex'>
   - Levels: ['code', 'date']
   - Date Range: 2020-10-06 00:00:00 ~ 2022-04-29 00:00:00
   - Unique Symbols: 14 (Sample: ['005930', '035420', '035720'])
2. Universe Coverage: Requested=14, Loaded=14, Missing=0
6. Final Columns: ['open', 'high', 'low', 'close', 'volume']
2025-12-28 13:26:47,608 INFO: ✅ 설정 파일 로드: E:\AI Study\krx_alertor_modular\config\regime_params.yaml
2025-12-28 13:26:47,608 INFO: MarketRegimeDetector 초기화: MA=50/200일, 임계값=2.0/-2.0%
2025-12-28 13:26:47,613 INFO: RSI 프로파일 로드 완료: ['balanced', 'conservative', 'aggressive']
2025-12-28 13:26:47,613 INFO: [EVIDENCE] BacktestRunner.run called with params: ma_period=100, rsi_period=58, stop_loss=0.13
2025-12-28 13:26:47,613 INFO: BacktestEngine 초기화: instrument_type=etf, tax_rate=0.00%
2025-12-28 13:26:47,676 WARNING: 매수 불가 (035720): 자금 부족: 1,149,313 > 266,120
2025-12-28 13:26:47,676 WARNING: 매수 불가 (035720): 자금 부족: 11,446,046 > 9,949,290
2025-12-28 13:26:47,677 WARNING: 매수 불가 (035720): 자금 부족: 11,271,107 > 9,949,290
2025-12-28 13:26:47,678 WARNING: 매수 불가 (035720): 자금 부족: 11,117,170 > 9,949,290
2025-12-28 13:26:47,678 WARNING: 매수 불가 (035720): 자금 부족: 11,427,514 > 9,949,290
2025-12-28 13:26:47,694 WARNING: 매수 불가 (252670): 자금 부족: 1,132,509 > 968,927
2025-12-28 13:26:47,694 WARNING: 매수 불가 (229200): 자금 부족: 1,070,557 > 968,927
2025-12-28 13:26:47,695 WARNING: 매수 불가 (229200): 자금 부족: 5,700,540 > 4,325,534
2025-12-28 13:26:47,696 WARNING: 매수 불가 (229200): 자금 부족: 11,475,088 > 9,878,564
2025-12-28 13:26:47,697 WARNING: 매수 불가 (229200): 자금 부족: 11,345,826 > 9,878,564
2025-12-28 13:26:47,697 WARNING: 매수 불가 (229200): 자금 부족: 11,424,521 > 9,878,564
2025-12-28 13:26:47,715 WARNING: 매수 불가 (252670): 자금 부족: 1,093,487 > 372,376
2025-12-28 13:26:47,716 WARNING: 매수 불가 (252670): 자금 부족: 11,003,929 > 9,855,979
2025-12-28 13:26:47,717 WARNING: 매수 불가 (252670): 자금 부족: 10,786,830 > 9,855,979
2025-12-28 13:26:47,718 WARNING: 매수 불가 (252670): 자금 부족: 10,708,024 > 9,855,979
2025-12-28 13:26:47,718 WARNING: 매수 불가 (252670): 자금 부족: 10,674,966 > 9,855,979
2025-12-28 13:26:47,733 WARNING: 매수 불가 (091160): 자금 부족: 1,063,237 > 1,053,023
2025-12-28 13:26:47,734 WARNING: 매수 불가 (091160): 자금 부족: 10,927,078 > 9,960,647
2025-12-28 13:26:47,734 WARNING: 매수 불가 (091160): 자금 부족: 11,140,973 > 9,960,647
2025-12-28 13:26:47,735 WARNING: 매수 불가 (091160): 자금 부족: 11,060,316 > 9,960,647
2025-12-28 13:26:47,736 WARNING: 매수 불가 (091160): 자금 부족: 11,103,415 > 9,960,647
2025-12-28 13:26:47,751 WARNING: 매수 불가 (102110): 자금 부족: 1,020,830 > 886,456
2025-12-28 13:26:47,752 WARNING: 매수 불가 (102110): 자금 부족: 11,223,961 > 9,929,056
2025-12-28 13:26:47,753 WARNING: 매수 불가 (102110): 자금 부족: 11,157,171 > 9,929,056
2025-12-28 13:26:47,754 WARNING: 매수 불가 (102110): 자금 부족: 11,252,588 > 9,929,056
2025-12-28 13:26:47,755 WARNING: 매수 불가 (102110): 자금 부족: 11,157,254 > 9,929,056
2025-12-28 13:26:47,769 WARNING: 매수 불가 (252670): 자금 부족: 1,116,448 > 991,054
2025-12-28 13:26:47,770 WARNING: 매수 불가 (252670): 자금 부족: 11,007,285 > 9,931,208
2025-12-28 13:26:47,770 WARNING: 매수 불가 (252670): 자금 부족: 11,213,914 > 9,931,208
2025-12-28 13:26:47,771 WARNING: 매수 불가 (252670): 자금 부족: 11,360,111 > 9,931,208
2025-12-28 13:26:47,772 WARNING: 매수 불가 (252670): 자금 부족: 11,347,755 > 9,931,208
2025-12-28 13:26:47,894 WARNING: 매수 불가 (091160): 자금 부족: 1,003,874 > 913,807
2025-12-28 13:26:47,895 WARNING: 매수 불가 (091160): 자금 부족: 10,630,707 > 9,849,141
2025-12-28 13:26:47,896 WARNING: 매수 불가 (091160): 자금 부족: 10,662,941 > 9,849,141
2025-12-28 13:26:47,897 WARNING: 매수 불가 (091160): 자금 부족: 10,391,017 > 9,849,141
2025-12-28 13:26:47,897 WARNING: 매수 불가 (091160): 자금 부족: 10,433,428 > 9,849,141
2025-12-28 13:26:47,912 WARNING: 매수 불가 (252670): 자금 부족: 1,041,034 > 809,786
2025-12-28 13:26:47,912 WARNING: 매수 불가 (252670): 자금 부족: 10,510,669 > 9,717,511
2025-12-28 13:26:47,913 WARNING: 매수 불가 (252670): 자금 부족: 10,389,008 > 9,717,511
2025-12-28 13:26:47,914 WARNING: 매수 불가 (252670): 자금 부족: 10,490,639 > 9,717,511
2025-12-28 13:26:47,914 WARNING: 매수 불가 (252670): 자금 부족: 10,416,319 > 9,717,511
2025-12-28 13:26:47,930 WARNING: 매수 불가 (305720): 자금 부족: 1,027,504 > 678,557
2025-12-28 13:26:47,931 WARNING: 매수 불가 (305720): 자금 부족: 10,432,945 > 9,758,367
2025-12-28 13:26:47,931 WARNING: 매수 불가 (305720): 자금 부족: 10,578,367 > 9,758,367
2025-12-28 13:26:47,932 WARNING: 매수 불가 (305720): 자금 부족: 10,618,596 > 9,758,367
2025-12-28 13:26:47,933 WARNING: 매수 불가 (305720): 자금 부족: 10,690,621 > 9,758,367
2025-12-28 13:26:47,960 WARNING: 매수 불가 (114800): 자금 부족: 974,395 > 912,637
2025-12-28 13:26:47,961 WARNING: 매수 불가 (114800): 자금 부족: 10,489,619 > 9,678,570
2025-12-28 13:26:47,962 WARNING: 매수 불가 (114800): 자금 부족: 10,572,529 > 9,678,570
2025-12-28 13:26:47,963 WARNING: 매수 불가 (114800): 자금 부족: 10,433,385 > 9,678,570
2025-12-28 13:26:47,963 WARNING: 매수 불가 (114800): 자금 부족: 10,218,955 > 9,678,570
2025-12-28 13:26:48,579 INFO: UNIVERSE requested=14(hash=989dbc28) effective=14(hash=989dbc28)
2025-12-28 13:26:48,579 INFO: [Loader Debug] 005930 path: data\cache\005930.parquet exists: True
2025-12-28 13:26:48,581 INFO: [Loader Debug] 005930 raw shape: (1559, 5), index: <class 'pandas.core.indexes.datetimes.DatetimeIndex'>, cols: Index(['Open', 'High', 'Low', 'Close', 'Volume'], dtype='object')
2025-12-28 13:26:48,583 INFO: [Loader Debug] 005930 Date Range: 2019-01-01 00:00:00 ~ 2024-12-20 00:00:00 vs Target: 2022-03-25 ~ 2023-06-23
2025-12-28 13:26:48,584 INFO: [Loader Debug] 005930 Filtered rows: 326
2025-12-28 13:26:48,584 INFO: [Loader Debug] 035420 path: data\cache\035420.parquet exists: True
2025-12-28 13:26:48,586 INFO: [Loader Debug] 035420 raw shape: (1559, 5), index: <class 'pandas.core.indexes.datetimes.DatetimeIndex'>, cols: Index(['Open', 'High', 'Low', 'Close', 'Volume'], dtype='object')
2025-12-28 13:26:48,587 INFO: [Loader Debug] 035420 Date Range: 2019-01-01 00:00:00 ~ 2024-12-20 00:00:00 vs Target: 2022-03-25 ~ 2023-06-23
2025-12-28 13:26:48,588 INFO: [Loader Debug] 035420 Filtered rows: 326
2025-12-28 13:26:48,588 INFO: [Loader Debug] 035720 path: data\cache\035720.parquet exists: True
2025-12-28 13:26:48,590 INFO: [Loader Debug] 035720 raw shape: (1559, 5), index: <class 'pandas.core.indexes.datetimes.DatetimeIndex'>, cols: Index(['Open', 'High', 'Low', 'Close', 'Volume'], dtype='object')
2025-12-28 13:26:48,592 INFO: [Loader Debug] 035720 Date Range: 2019-01-01 00:00:00 ~ 2024-12-20 00:00:00 vs Target: 2022-03-25 ~ 2023-06-23
2025-12-28 13:26:48,593 INFO: [Loader Debug] 035720 Filtered rows: 326
2025-12-28 13:26:48,593 INFO: [Loader Debug] 051910 path: data\cache\051910.parquet exists: True
2025-12-28 13:26:48,595 INFO: [Loader Debug] 051910 raw shape: (1559, 5), index: <class 'pandas.core.indexes.datetimes.DatetimeIndex'>, cols: Index(['Open', 'High', 'Low', 'Close', 'Volume'], dtype='object')
2025-12-28 13:26:48,597 INFO: [Loader Debug] 051910 Date Range: 2019-01-01 00:00:00 ~ 2024-12-20 00:00:00 vs Target: 2022-03-25 ~ 2023-06-23
2025-12-28 13:26:48,598 INFO: [Loader Debug] 051910 Filtered rows: 326
2025-12-28 13:26:48,599 INFO: [Loader Debug] 069500 path: data\cache\069500.parquet exists: True
2025-12-28 13:26:48,600 INFO: [Loader Debug] 069500 raw shape: (1559, 5), index: <class 'pandas.core.indexes.datetimes.DatetimeIndex'>, cols: Index(['Open', 'High', 'Low', 'Close', 'Volume'], dtype='object')
2025-12-28 13:26:48,602 INFO: [Loader Debug] 069500 Date Range: 2019-01-01 00:00:00 ~ 2024-12-20 00:00:00 vs Target: 2022-03-25 ~ 2023-06-23
2025-12-28 13:26:48,603 INFO: [Loader Debug] 069500 Filtered rows: 326
2025-12-28 13:26:48,603 INFO: [Loader Debug] 091160 path: data\cache\091160.parquet exists: True
2025-12-28 13:26:48,604 INFO: [Loader Debug] 091160 raw shape: (1559, 5), index: <class 'pandas.core.indexes.datetimes.DatetimeIndex'>, cols: Index(['Open', 'High', 'Low', 'Close', 'Volume'], dtype='object')
2025-12-28 13:26:48,606 INFO: [Loader Debug] 091160 Date Range: 2019-01-01 00:00:00 ~ 2024-12-20 00:00:00 vs Target: 2022-03-25 ~ 2023-06-23
2025-12-28 13:26:48,606 INFO: [Loader Debug] 091160 Filtered rows: 326
2025-12-28 13:26:48,607 INFO: [Loader Debug] 102110 path: data\cache\102110.parquet exists: True
2025-12-28 13:26:48,608 INFO: [Loader Debug] 102110 raw shape: (1559, 5), index: <class 'pandas.core.indexes.datetimes.DatetimeIndex'>, cols: Index(['Open', 'High', 'Low', 'Close', 'Volume'], dtype='object')
2025-12-28 13:26:48,611 INFO: [Loader Debug] 102110 Date Range: 2019-01-01 00:00:00 ~ 2024-12-20 00:00:00 vs Target: 2022-03-25 ~ 2023-06-23
2025-12-28 13:26:48,612 INFO: [Loader Debug] 102110 Filtered rows: 326
2025-12-28 13:26:48,612 INFO: [Loader Debug] 114800 path: data\cache\114800.parquet exists: True
2025-12-28 13:26:48,614 INFO: [Loader Debug] 114800 raw shape: (1559, 5), index: <class 'pandas.core.indexes.datetimes.DatetimeIndex'>, cols: Index(['Open', 'High', 'Low', 'Close', 'Volume'], dtype='object')
2025-12-28 13:26:48,615 INFO: [Loader Debug] 114800 Date Range: 2019-01-01 00:00:00 ~ 2024-12-20 00:00:00 vs Target: 2022-03-25 ~ 2023-06-23
2025-12-28 13:26:48,616 INFO: [Loader Debug] 114800 Filtered rows: 326
2025-12-28 13:26:48,617 INFO: [Loader Debug] 122630 path: data\cache\122630.parquet exists: True
2025-12-28 13:26:48,618 INFO: [Loader Debug] 122630 raw shape: (1559, 5), index: <class 'pandas.core.indexes.datetimes.DatetimeIndex'>, cols: Index(['Open', 'High', 'Low', 'Close', 'Volume'], dtype='object')
2025-12-28 13:26:48,620 INFO: [Loader Debug] 122630 Date Range: 2019-01-01 00:00:00 ~ 2024-12-20 00:00:00 vs Target: 2022-03-25 ~ 2023-06-23
2025-12-28 13:26:48,621 INFO: [Loader Debug] 122630 Filtered rows: 326
2025-12-28 13:26:48,621 INFO: [Loader Debug] 229200 path: data\cache\229200.parquet exists: True
2025-12-28 13:26:48,622 INFO: [Loader Debug] 229200 raw shape: (1559, 5), index: <class 'pandas.core.indexes.datetimes.DatetimeIndex'>, cols: Index(['Open', 'High', 'Low', 'Close', 'Volume'], dtype='object')
2025-12-28 13:26:48,624 INFO: [Loader Debug] 229200 Date Range: 2019-01-01 00:00:00 ~ 2024-12-20 00:00:00 vs Target: 2022-03-25 ~ 2023-06-23
2025-12-28 13:26:48,625 INFO: [Loader Debug] 229200 Filtered rows: 326
2025-12-28 13:26:48,625 INFO: [Loader Debug] 233740 path: data\cache\233740.parquet exists: True
2025-12-28 13:26:48,627 INFO: [Loader Debug] 233740 raw shape: (1559, 5), index: <class 'pandas.core.indexes.datetimes.DatetimeIndex'>, cols: Index(['Open', 'High', 'Low', 'Close', 'Volume'], dtype='object')
2025-12-28 13:26:48,628 INFO: [Loader Debug] 233740 Date Range: 2019-01-01 00:00:00 ~ 2024-12-20 00:00:00 vs Target: 2022-03-25 ~ 2023-06-23
2025-12-28 13:26:48,629 INFO: [Loader Debug] 233740 Filtered rows: 326
2025-12-28 13:26:48,629 INFO: [Loader Debug] 252670 path: data\cache\252670.parquet exists: True
2025-12-28 13:26:48,631 INFO: [Loader Debug] 252670 raw shape: (1559, 5), index: <class 'pandas.core.indexes.datetimes.DatetimeIndex'>, cols: Index(['Open', 'High', 'Low', 'Close', 'Volume'], dtype='object')
2025-12-28 13:26:48,632 INFO: [Loader Debug] 252670 Date Range: 2019-01-01 00:00:00 ~ 2024-12-20 00:00:00 vs Target: 2022-03-25 ~ 2023-06-23
2025-12-28 13:26:48,633 INFO: [Loader Debug] 252670 Filtered rows: 326
2025-12-28 13:26:48,634 INFO: [Loader Debug] 261240 path: data\cache\261240.parquet exists: True
2025-12-28 13:26:48,635 INFO: [Loader Debug] 261240 raw shape: (1559, 5), index: <class 'pandas.core.indexes.datetimes.DatetimeIndex'>, cols: Index(['Open', 'High', 'Low', 'Close', 'Volume'], dtype='object')
2025-12-28 13:26:48,637 INFO: [Loader Debug] 261240 Date Range: 2019-01-01 00:00:00 ~ 2024-12-20 00:00:00 vs Target: 2022-03-25 ~ 2023-06-23
2025-12-28 13:26:48,637 INFO: [Loader Debug] 261240 Filtered rows: 326
2025-12-28 13:26:48,638 INFO: [Loader Debug] 305720 path: data\cache\305720.parquet exists: True
2025-12-28 13:26:48,639 INFO: [Loader Debug] 305720 raw shape: (1559, 5), index: <class 'pandas.core.indexes.datetimes.DatetimeIndex'>, cols: Index(['Open', 'High', 'Low', 'Close', 'Volume'], dtype='object')
2025-12-28 13:26:48,640 INFO: [Loader Debug] 305720 Date Range: 2019-01-01 00:00:00 ~ 2024-12-20 00:00:00 vs Target: 2022-03-25 ~ 2023-06-23
2025-12-28 13:26:48,642 INFO: [Loader Debug] 305720 Filtered rows: 326
2025-12-28 13:26:48,644 INFO: [Normalization] Initial Shape: (4564, 5), Index: <class 'pandas.core.indexes.multi.MultiIndex'>, Columns: ['open', 'high', 'low', 'close', 'volume']
2025-12-28 13:26:48,645 INFO: [EVIDENCE] Data Pipeline Trace:
1. Load Shape: (4564, 5)
   - Index Type: <class 'pandas.core.indexes.multi.MultiIndex'>
   - Levels: ['code', 'date']
   - Date Range: 2022-03-25 00:00:00 ~ 2023-06-23 00:00:00
   - Unique Symbols: 14 (Sample: ['005930', '035420', '035720'])
2. Universe Coverage: Requested=14, Loaded=14, Missing=0
6. Final Columns: ['open', 'high', 'low', 'close', 'volume']
2025-12-28 13:26:48,781 INFO: ✅ 설정 파일 로드: E:\AI Study\krx_alertor_modular\config\regime_params.yaml
2025-12-28 13:26:48,782 INFO: MarketRegimeDetector 초기화: MA=50/200일, 임계값=2.0/-2.0%
2025-12-28 13:26:48,785 INFO: RSI 프로파일 로드 완료: ['balanced', 'conservative', 'aggressive']
2025-12-28 13:26:48,785 INFO: [EVIDENCE] BacktestRunner.run called with params: ma_period=100, rsi_period=58, stop_loss=0.13
2025-12-28 13:26:48,785 INFO: BacktestEngine 초기화: instrument_type=etf, tax_rate=0.00%
2025-12-28 13:26:49,195 WARNING: 매수 불가 (261240): 자금 부족: 1,052,715 > 810,166
2025-12-28 13:26:49,196 WARNING: 매수 불가 (261240): 자금 부족: 10,898,188 > 9,848,059
2025-12-28 13:26:49,197 WARNING: 매수 불가 (261240): 자금 부족: 10,978,653 > 9,848,059
2025-12-28 13:26:49,197 WARNING: 매수 불가 (261240): 자금 부족: 10,622,345 > 9,848,059
2025-12-28 13:26:49,198 WARNING: 매수 불가 (261240): 자금 부족: 10,682,438 > 9,848,059
2025-12-28 13:26:49,211 WARNING: 매수 불가 (005930): 자금 부족: 1,089,214 > 786,220
2025-12-28 13:26:49,212 WARNING: 매수 불가 (005930): 자금 부족: 10,921,045 > 9,808,595
2025-12-28 13:26:49,213 WARNING: 매수 불가 (005930): 자금 부족: 10,838,526 > 9,808,595
2025-12-28 13:26:49,213 WARNING: 매수 불가 (005930): 자금 부족: 10,690,182 > 9,808,595
2025-12-28 13:26:49,214 WARNING: 매수 불가 (005930): 자금 부족: 10,750,443 > 9,808,595
2025-12-28 13:26:49,331 WARNING: 매수 불가 (122630): 자금 부족: 984,817 > 906,217
2025-12-28 13:26:49,332 WARNING: 매수 불가 (122630): 자금 부족: 10,035,894 > 9,638,710
2025-12-28 13:26:49,333 WARNING: 매수 불가 (122630): 자금 부족: 10,295,663 > 9,638,710
2025-12-28 13:26:49,333 WARNING: 매수 불가 (122630): 자금 부족: 10,434,136 > 9,638,710
2025-12-28 13:26:49,334 WARNING: 매수 불가 (122630): 자금 부족: 10,759,377 > 9,638,710
2025-12-28 13:26:49,346 WARNING: 매수 불가 (233740): 자금 부족: 951,171 > 383,692
2025-12-28 13:26:49,347 WARNING: 매수 불가 (233740): 자금 부족: 10,781,726 > 9,578,770
2025-12-28 13:26:49,347 WARNING: 매수 불가 (233740): 자금 부족: 10,797,739 > 9,578,770
2025-12-28 13:26:49,348 WARNING: 매수 불가 (233740): 자금 부족: 10,792,407 > 9,578,770
2025-12-28 13:26:49,348 WARNING: 매수 불가 (233740): 자금 부족: 10,752,090 > 9,578,770
2025-12-28 13:26:49,360 WARNING: 매수 불가 (233740): 자금 부족: 919,978 > 428,413
2025-12-28 13:26:49,361 WARNING: 매수 불가 (233740): 자금 부족: 10,687,878 > 9,626,121
2025-12-28 13:26:49,362 WARNING: 매수 불가 (233740): 자금 부족: 10,489,606 > 9,626,121
2025-12-28 13:26:49,362 WARNING: 매수 불가 (233740): 자금 부족: 10,355,554 > 9,626,121
2025-12-28 13:26:49,363 WARNING: 매수 불가 (233740): 자금 부족: 10,040,991 > 9,626,121
2025-12-28 13:26:49,392 WARNING: 매수 불가 (035420): 자금 부족: 928,721 > 790,879
2025-12-28 13:26:49,393 WARNING: 매수 불가 (035420): 자금 부족: 10,066,351 > 9,577,521
2025-12-28 13:26:49,393 WARNING: 매수 불가 (035420): 자금 부족: 10,071,965 > 9,577,521
2025-12-28 13:26:49,394 WARNING: 매수 불가 (035420): 자금 부족: 10,220,295 > 9,577,521
2025-12-28 13:26:49,395 WARNING: 매수 불가 (035420): 자금 부족: 10,204,482 > 9,577,521
2025-12-28 13:26:49,466 WARNING: 매수 불가 (252670): 자금 부족: 1,051,691 > 995,399
2025-12-28 13:26:49,467 WARNING: 매수 불가 (252670): 자금 부족: 10,573,535 > 9,721,308
2025-12-28 13:26:49,468 WARNING: 매수 불가 (252670): 자금 부족: 10,772,128 > 9,721,308
2025-12-28 13:26:49,469 WARNING: 매수 불가 (252670): 자금 부족: 10,883,002 > 9,721,308
2025-12-28 13:26:49,469 WARNING: 매수 불가 (252670): 자금 부족: 10,849,160 > 9,721,308
2025-12-28 13:26:49,482 WARNING: 매수 불가 (252670): 자금 부족: 1,048,886 > 343,342
2025-12-28 13:26:49,483 WARNING: 매수 불가 (252670): 자금 부족: 10,839,220 > 9,777,867
2025-12-28 13:26:49,483 WARNING: 매수 불가 (252670): 자금 부족: 11,074,434 > 9,777,867
2025-12-28 13:26:49,484 WARNING: 매수 불가 (252670): 자금 부족: 10,939,183 > 9,777,867
2025-12-28 13:26:49,484 WARNING: 매수 불가 (252670): 자금 부족: 11,012,579 > 9,777,867
2025-12-28 13:26:49,518 CRITICAL: [CRITICAL UNKNOWN ERROR] Context: {'is_valid': True, 'guardrail': [], 'logic': []}
