2025-12-27 14:58:23,102 INFO: === STRICT PHASE 1.5 START (RunID: real_20251227_145822_6ca2e9) ===
2025-12-27 14:58:23,240 INFO: NumExpr defaulting to 12 threads.
2025-12-27 14:58:23,399 INFO: [Phase 0] Preflight Check
2025-12-27 14:58:23,919 INFO: 캐시 기반 유니버스: 14개 종목 (지수 코드 제외)
2025-12-27 14:58:23,920 INFO: [Loader Debug] 005930 path: data\cache\005930.parquet exists: True
2025-12-27 14:58:23,967 INFO: [Loader Debug] 005930 raw shape: (1559, 5), index: <class 'pandas.core.indexes.datetimes.DatetimeIndex'>, cols: Index(['Open', 'High', 'Low', 'Close', 'Volume'], dtype='object')
2025-12-27 14:58:23,974 INFO: [Loader Debug] 005930 Date Range: 2019-01-01 00:00:00 ~ 2024-12-20 00:00:00 vs Target: 2021-01-01 ~ 2021-01-31
2025-12-27 14:58:23,976 INFO: [Loader Debug] 005930 Filtered rows: 21
2025-12-27 14:58:24,037 INFO: [Phase 1] Tuning Loop
2025-12-27 14:58:24,037 INFO: [Phase 4] Persistence Enabled: sqlite:///data\tuning_runs\real_20251227_145822_6ca2e9/optuna.db
2025-12-27 14:58:24,503 INFO: Split 계산: Train=24M, Val=6M, Test=6M
2025-12-27 14:58:24,504 INFO: [캐시] lb=3M, key=1060e29f
2025-12-27 14:58:24,525 INFO: UNIVERSE requested=14(hash=989dbc28) effective=14(hash=989dbc28)
2025-12-27 14:58:24,526 INFO: [Loader Debug] 005930 path: data\cache\005930.parquet exists: True
2025-12-27 14:58:24,528 INFO: [Loader Debug] 005930 raw shape: (1559, 5), index: <class 'pandas.core.indexes.datetimes.DatetimeIndex'>, cols: Index(['Open', 'High', 'Low', 'Close', 'Volume'], dtype='object')
2025-12-27 14:58:24,530 INFO: [Loader Debug] 005930 Date Range: 2019-01-01 00:00:00 ~ 2024-12-20 00:00:00 vs Target: 2020-10-06 ~ 2022-12-23
2025-12-27 14:58:24,531 INFO: [Loader Debug] 005930 Filtered rows: 579
2025-12-27 14:58:24,531 INFO: [Loader Debug] 035420 path: data\cache\035420.parquet exists: True
2025-12-27 14:58:24,533 INFO: [Loader Debug] 035420 raw shape: (1559, 5), index: <class 'pandas.core.indexes.datetimes.DatetimeIndex'>, cols: Index(['Open', 'High', 'Low', 'Close', 'Volume'], dtype='object')
2025-12-27 14:58:24,534 INFO: [Loader Debug] 035420 Date Range: 2019-01-01 00:00:00 ~ 2024-12-20 00:00:00 vs Target: 2020-10-06 ~ 2022-12-23
2025-12-27 14:58:24,536 INFO: [Loader Debug] 035420 Filtered rows: 579
2025-12-27 14:58:24,536 INFO: [Loader Debug] 035720 path: data\cache\035720.parquet exists: True
2025-12-27 14:58:24,538 INFO: [Loader Debug] 035720 raw shape: (1559, 5), index: <class 'pandas.core.indexes.datetimes.DatetimeIndex'>, cols: Index(['Open', 'High', 'Low', 'Close', 'Volume'], dtype='object')
2025-12-27 14:58:24,540 INFO: [Loader Debug] 035720 Date Range: 2019-01-01 00:00:00 ~ 2024-12-20 00:00:00 vs Target: 2020-10-06 ~ 2022-12-23
2025-12-27 14:58:24,541 INFO: [Loader Debug] 035720 Filtered rows: 579
2025-12-27 14:58:24,541 INFO: [Loader Debug] 051910 path: data\cache\051910.parquet exists: True
2025-12-27 14:58:24,543 INFO: [Loader Debug] 051910 raw shape: (1559, 5), index: <class 'pandas.core.indexes.datetimes.DatetimeIndex'>, cols: Index(['Open', 'High', 'Low', 'Close', 'Volume'], dtype='object')
2025-12-27 14:58:24,544 INFO: [Loader Debug] 051910 Date Range: 2019-01-01 00:00:00 ~ 2024-12-20 00:00:00 vs Target: 2020-10-06 ~ 2022-12-23
2025-12-27 14:58:24,545 INFO: [Loader Debug] 051910 Filtered rows: 579
2025-12-27 14:58:24,545 INFO: [Loader Debug] 069500 path: data\cache\069500.parquet exists: True
2025-12-27 14:58:24,547 INFO: [Loader Debug] 069500 raw shape: (1559, 5), index: <class 'pandas.core.indexes.datetimes.DatetimeIndex'>, cols: Index(['Open', 'High', 'Low', 'Close', 'Volume'], dtype='object')
2025-12-27 14:58:24,548 INFO: [Loader Debug] 069500 Date Range: 2019-01-01 00:00:00 ~ 2024-12-20 00:00:00 vs Target: 2020-10-06 ~ 2022-12-23
2025-12-27 14:58:24,549 INFO: [Loader Debug] 069500 Filtered rows: 579
2025-12-27 14:58:24,549 INFO: [Loader Debug] 091160 path: data\cache\091160.parquet exists: True
2025-12-27 14:58:24,550 INFO: [Loader Debug] 091160 raw shape: (1559, 5), index: <class 'pandas.core.indexes.datetimes.DatetimeIndex'>, cols: Index(['Open', 'High', 'Low', 'Close', 'Volume'], dtype='object')
2025-12-27 14:58:24,552 INFO: [Loader Debug] 091160 Date Range: 2019-01-01 00:00:00 ~ 2024-12-20 00:00:00 vs Target: 2020-10-06 ~ 2022-12-23
2025-12-27 14:58:24,553 INFO: [Loader Debug] 091160 Filtered rows: 579
2025-12-27 14:58:24,553 INFO: [Loader Debug] 102110 path: data\cache\102110.parquet exists: True
2025-12-27 14:58:24,555 INFO: [Loader Debug] 102110 raw shape: (1559, 5), index: <class 'pandas.core.indexes.datetimes.DatetimeIndex'>, cols: Index(['Open', 'High', 'Low', 'Close', 'Volume'], dtype='object')
2025-12-27 14:58:24,556 INFO: [Loader Debug] 102110 Date Range: 2019-01-01 00:00:00 ~ 2024-12-20 00:00:00 vs Target: 2020-10-06 ~ 2022-12-23
2025-12-27 14:58:24,557 INFO: [Loader Debug] 102110 Filtered rows: 579
2025-12-27 14:58:24,557 INFO: [Loader Debug] 114800 path: data\cache\114800.parquet exists: True
2025-12-27 14:58:24,559 INFO: [Loader Debug] 114800 raw shape: (1559, 5), index: <class 'pandas.core.indexes.datetimes.DatetimeIndex'>, cols: Index(['Open', 'High', 'Low', 'Close', 'Volume'], dtype='object')
2025-12-27 14:58:24,560 INFO: [Loader Debug] 114800 Date Range: 2019-01-01 00:00:00 ~ 2024-12-20 00:00:00 vs Target: 2020-10-06 ~ 2022-12-23
2025-12-27 14:58:24,561 INFO: [Loader Debug] 114800 Filtered rows: 579
2025-12-27 14:58:24,562 INFO: [Loader Debug] 122630 path: data\cache\122630.parquet exists: True
2025-12-27 14:58:24,563 INFO: [Loader Debug] 122630 raw shape: (1559, 5), index: <class 'pandas.core.indexes.datetimes.DatetimeIndex'>, cols: Index(['Open', 'High', 'Low', 'Close', 'Volume'], dtype='object')
2025-12-27 14:58:24,564 INFO: [Loader Debug] 122630 Date Range: 2019-01-01 00:00:00 ~ 2024-12-20 00:00:00 vs Target: 2020-10-06 ~ 2022-12-23
2025-12-27 14:58:24,566 INFO: [Loader Debug] 122630 Filtered rows: 579
2025-12-27 14:58:24,566 INFO: [Loader Debug] 229200 path: data\cache\229200.parquet exists: True
2025-12-27 14:58:24,568 INFO: [Loader Debug] 229200 raw shape: (1559, 5), index: <class 'pandas.core.indexes.datetimes.DatetimeIndex'>, cols: Index(['Open', 'High', 'Low', 'Close', 'Volume'], dtype='object')
2025-12-27 14:58:24,569 INFO: [Loader Debug] 229200 Date Range: 2019-01-01 00:00:00 ~ 2024-12-20 00:00:00 vs Target: 2020-10-06 ~ 2022-12-23
2025-12-27 14:58:24,570 INFO: [Loader Debug] 229200 Filtered rows: 579
2025-12-27 14:58:24,571 INFO: [Loader Debug] 233740 path: data\cache\233740.parquet exists: True
2025-12-27 14:58:24,573 INFO: [Loader Debug] 233740 raw shape: (1559, 5), index: <class 'pandas.core.indexes.datetimes.DatetimeIndex'>, cols: Index(['Open', 'High', 'Low', 'Close', 'Volume'], dtype='object')
2025-12-27 14:58:24,574 INFO: [Loader Debug] 233740 Date Range: 2019-01-01 00:00:00 ~ 2024-12-20 00:00:00 vs Target: 2020-10-06 ~ 2022-12-23
2025-12-27 14:58:24,575 INFO: [Loader Debug] 233740 Filtered rows: 579
2025-12-27 14:58:24,576 INFO: [Loader Debug] 252670 path: data\cache\252670.parquet exists: True
2025-12-27 14:58:24,577 INFO: [Loader Debug] 252670 raw shape: (1559, 5), index: <class 'pandas.core.indexes.datetimes.DatetimeIndex'>, cols: Index(['Open', 'High', 'Low', 'Close', 'Volume'], dtype='object')
2025-12-27 14:58:24,579 INFO: [Loader Debug] 252670 Date Range: 2019-01-01 00:00:00 ~ 2024-12-20 00:00:00 vs Target: 2020-10-06 ~ 2022-12-23
2025-12-27 14:58:24,579 INFO: [Loader Debug] 252670 Filtered rows: 579
2025-12-27 14:58:24,580 INFO: [Loader Debug] 261240 path: data\cache\261240.parquet exists: True
2025-12-27 14:58:24,581 INFO: [Loader Debug] 261240 raw shape: (1559, 5), index: <class 'pandas.core.indexes.datetimes.DatetimeIndex'>, cols: Index(['Open', 'High', 'Low', 'Close', 'Volume'], dtype='object')
2025-12-27 14:58:24,582 INFO: [Loader Debug] 261240 Date Range: 2019-01-01 00:00:00 ~ 2024-12-20 00:00:00 vs Target: 2020-10-06 ~ 2022-12-23
2025-12-27 14:58:24,583 INFO: [Loader Debug] 261240 Filtered rows: 579
2025-12-27 14:58:24,583 INFO: [Loader Debug] 305720 path: data\cache\305720.parquet exists: True
2025-12-27 14:58:24,585 INFO: [Loader Debug] 305720 raw shape: (1559, 5), index: <class 'pandas.core.indexes.datetimes.DatetimeIndex'>, cols: Index(['Open', 'High', 'Low', 'Close', 'Volume'], dtype='object')
2025-12-27 14:58:24,587 INFO: [Loader Debug] 305720 Date Range: 2019-01-01 00:00:00 ~ 2024-12-20 00:00:00 vs Target: 2020-10-06 ~ 2022-12-23
2025-12-27 14:58:24,587 INFO: [Loader Debug] 305720 Filtered rows: 579
2025-12-27 14:58:24,590 INFO: [Normalization] Initial Shape: (8106, 5), Index: <class 'pandas.core.indexes.multi.MultiIndex'>, Columns: ['open', 'high', 'low', 'close', 'volume']
2025-12-27 14:58:24,592 INFO: [EVIDENCE] Data Pipeline Trace:
1. Load Shape: (8106, 5)
   - Index Type: <class 'pandas.core.indexes.multi.MultiIndex'>
   - Levels: ['code', 'date']
   - Date Range: 2020-10-06 00:00:00 ~ 2022-12-23 00:00:00
   - Unique Symbols: 14 (Sample: ['005930', '035420', '035720'])
2. Universe Coverage: Requested=14, Loaded=14, Missing=0
6. Final Columns: ['open', 'high', 'low', 'close', 'volume']
2025-12-27 14:58:30,783 INFO: ✅ 설정 파일 로드: E:\AI Study\krx_alertor_modular\config\regime_params.yaml
2025-12-27 14:58:30,783 INFO: MarketRegimeDetector 초기화: MA=50/200일, 임계값=2.0/-2.0%
2025-12-27 14:58:30,787 INFO: RSI 프로파일 로드 완료: ['balanced', 'conservative', 'aggressive']
2025-12-27 14:58:30,787 INFO: [EVIDENCE] BacktestRunner.run called with params: ma_period=100, rsi_period=58, stop_loss=0.13
2025-12-27 14:58:30,787 INFO: BacktestEngine 초기화: instrument_type=etf, tax_rate=0.00%
2025-12-27 14:58:31,136 INFO: 레짐 변경! 2021-07-23: neutral → bull (MA차이=9.07%, 추세강도=0.42)
2025-12-27 14:58:31,150 WARNING: 매수 불가 (229200): 자금 부족: 1,164,563 > 44,013
2025-12-27 14:58:31,151 WARNING: 매수 불가 (229200): 자금 부족: 11,508,041 > 9,659,394
2025-12-27 14:58:31,152 WARNING: 매수 불가 (229200): 자금 부족: 11,559,609 > 9,659,394
2025-12-27 14:58:31,153 WARNING: 매수 불가 (229200): 자금 부족: 11,592,192 > 9,659,394
2025-12-27 14:58:31,154 WARNING: 매수 불가 (229200): 자금 부족: 11,525,991 > 9,659,394
2025-12-27 14:58:31,167 WARNING: 매수 불가 (069500): 자금 부족: 1,111,346 > 759,930
2025-12-27 14:58:31,167 WARNING: 매수 불가 (229200): 자금 부족: 1,074,470 > 759,930
2025-12-27 14:58:31,168 WARNING: 매수 불가 (229200): 자금 부족: 5,789,549 > 3,910,326
2025-12-27 14:58:31,169 WARNING: 매수 불가 (229200): 자금 부족: 11,534,356 > 9,637,917
2025-12-27 14:58:31,170 WARNING: 매수 불가 (229200): 자금 부족: 11,500,385 > 9,637,917
2025-12-27 14:58:31,173 WARNING: 매수 불가 (229200): 자금 부족: 11,483,356 > 9,637,917
2025-12-27 14:58:31,186 WARNING: 매수 불가 (035420): 자금 부족: 1,080,609 > 916,353
2025-12-27 14:58:31,186 WARNING: 매수 불가 (261240): 자금 부족: 1,093,972 > 916,353
2025-12-27 14:58:31,188 WARNING: 매수 불가 (261240): 자금 부족: 5,811,436 > 4,020,205
2025-12-27 14:58:31,189 WARNING: 매수 불가 (261240): 자금 부족: 11,241,752 > 9,433,092
2025-12-27 14:58:31,190 WARNING: 매수 불가 (261240): 자금 부족: 11,328,087 > 9,433,092
2025-12-27 14:58:31,191 WARNING: 매수 불가 (261240): 자금 부족: 11,313,442 > 9,433,092
2025-12-27 14:58:31,206 WARNING: 매수 불가 (091160): 자금 부족: 1,058,684 > 1,045,344
2025-12-27 14:58:31,206 WARNING: 매수 불가 (261240): 자금 부족: 1,093,224 > 1,045,344
2025-12-27 14:58:31,207 WARNING: 매수 불가 (261240): 자금 부족: 5,607,642 > 3,782,889
2025-12-27 14:58:31,209 WARNING: 매수 불가 (261240): 자금 부족: 11,527,946 > 9,634,463
2025-12-27 14:58:31,210 WARNING: 매수 불가 (261240): 자금 부족: 11,569,562 > 9,634,463
2025-12-27 14:58:31,210 WARNING: 매수 불가 (261240): 자금 부족: 11,468,443 > 9,634,463
2025-12-27 14:58:31,225 WARNING: 매수 불가 (035720): 자금 부족: 1,121,517 > 948,537
2025-12-27 14:58:31,225 WARNING: 매수 불가 (233740): 자금 부족: 991,299 > 948,537
2025-12-27 14:58:31,226 WARNING: 매수 불가 (233740): 자금 부족: 5,792,303 > 3,906,577
2025-12-27 14:58:31,227 WARNING: 매수 불가 (233740): 자금 부족: 11,747,619 > 9,880,638
2025-12-27 14:58:31,228 WARNING: 매수 불가 (233740): 자금 부족: 11,739,855 > 9,880,638
2025-12-27 14:58:31,229 WARNING: 매수 불가 (233740): 자금 부족: 11,788,547 > 9,880,638
2025-12-27 14:58:31,245 WARNING: 매수 불가 (114800): 자금 부족: 1,161,750 > 951,198
2025-12-27 14:58:31,246 WARNING: 매수 불가 (233740): 자금 부족: 980,182 > 951,198
2025-12-27 14:58:31,247 WARNING: 매수 불가 (233740): 자금 부족: 5,691,699 > 4,022,687
2025-12-27 14:58:31,248 WARNING: 매수 불가 (233740): 자금 부족: 11,653,291 > 9,920,361
2025-12-27 14:58:31,249 WARNING: 매수 불가 (233740): 자금 부족: 11,617,260 > 9,920,361
2025-12-27 14:58:31,250 WARNING: 매수 불가 (233740): 자금 부족: 11,640,018 > 9,920,361
2025-12-27 14:58:31,264 WARNING: 매수 불가 (229200): 자금 부족: 1,061,473 > 921,057
2025-12-27 14:58:31,265 WARNING: 매수 불가 (035720): 자금 부족: 1,141,755 > 921,057
2025-12-27 14:58:31,266 WARNING: 매수 불가 (035720): 자금 부족: 5,730,654 > 4,182,151
2025-12-27 14:58:31,267 WARNING: 매수 불가 (035720): 자금 부족: 11,347,728 > 9,783,954
2025-12-27 14:58:31,268 WARNING: 매수 불가 (035720): 자금 부족: 11,285,589 > 9,783,954
2025-12-27 14:58:31,269 WARNING: 매수 불가 (035720): 자금 부족: 11,224,827 > 9,783,954
2025-12-27 14:58:31,283 WARNING: 매수 불가 (035720): 자금 부족: 1,096,615 > 153,179
2025-12-27 14:58:31,285 WARNING: 매수 불가 (035720): 자금 부족: 11,028,051 > 9,736,384
2025-12-27 14:58:31,286 WARNING: 매수 불가 (035720): 자금 부족: 10,946,462 > 9,736,384
2025-12-27 14:58:31,287 WARNING: 매수 불가 (035720): 자금 부족: 10,852,732 > 9,736,384
2025-12-27 14:58:31,288 WARNING: 매수 불가 (035720): 자금 부족: 10,808,912 > 9,736,384
2025-12-27 14:58:31,323 WARNING: 매수 불가 (229200): 자금 부족: 1,037,518 > 665,729
2025-12-27 14:58:31,324 WARNING: 매수 불가 (229200): 자금 부족: 10,343,854 > 9,561,265
2025-12-27 14:58:31,325 INFO: 레짐 변경! 2021-09-28: bull → neutral (MA차이=1.98%, 추세강도=0.58)
2025-12-27 14:58:31,407 INFO: 레짐 변경! 2021-11-01: neutral → bear (MA차이=-2.05%, 추세강도=0.42)
2025-12-27 14:58:32,501 INFO: UNIVERSE requested=14(hash=989dbc28) effective=14(hash=989dbc28)
2025-12-27 14:58:32,501 INFO: [Loader Debug] 005930 path: data\cache\005930.parquet exists: True
2025-12-27 14:58:32,503 INFO: [Loader Debug] 005930 raw shape: (1559, 5), index: <class 'pandas.core.indexes.datetimes.DatetimeIndex'>, cols: Index(['Open', 'High', 'Low', 'Close', 'Volume'], dtype='object')
2025-12-27 14:58:32,504 INFO: [Loader Debug] 005930 Date Range: 2019-01-01 00:00:00 ~ 2024-12-20 00:00:00 vs Target: 2022-12-23 ~ 2023-06-23
2025-12-27 14:58:32,506 INFO: [Loader Debug] 005930 Filtered rows: 131
2025-12-27 14:58:32,506 INFO: [Loader Debug] 035420 path: data\cache\035420.parquet exists: True
2025-12-27 14:58:32,508 INFO: [Loader Debug] 035420 raw shape: (1559, 5), index: <class 'pandas.core.indexes.datetimes.DatetimeIndex'>, cols: Index(['Open', 'High', 'Low', 'Close', 'Volume'], dtype='object')
2025-12-27 14:58:32,509 INFO: [Loader Debug] 035420 Date Range: 2019-01-01 00:00:00 ~ 2024-12-20 00:00:00 vs Target: 2022-12-23 ~ 2023-06-23
2025-12-27 14:58:32,510 INFO: [Loader Debug] 035420 Filtered rows: 131
2025-12-27 14:58:32,510 INFO: [Loader Debug] 035720 path: data\cache\035720.parquet exists: True
2025-12-27 14:58:32,512 INFO: [Loader Debug] 035720 raw shape: (1559, 5), index: <class 'pandas.core.indexes.datetimes.DatetimeIndex'>, cols: Index(['Open', 'High', 'Low', 'Close', 'Volume'], dtype='object')
2025-12-27 14:58:32,514 INFO: [Loader Debug] 035720 Date Range: 2019-01-01 00:00:00 ~ 2024-12-20 00:00:00 vs Target: 2022-12-23 ~ 2023-06-23
2025-12-27 14:58:32,515 INFO: [Loader Debug] 035720 Filtered rows: 131
2025-12-27 14:58:32,515 INFO: [Loader Debug] 051910 path: data\cache\051910.parquet exists: True
2025-12-27 14:58:32,516 INFO: [Loader Debug] 051910 raw shape: (1559, 5), index: <class 'pandas.core.indexes.datetimes.DatetimeIndex'>, cols: Index(['Open', 'High', 'Low', 'Close', 'Volume'], dtype='object')
2025-12-27 14:58:32,518 INFO: [Loader Debug] 051910 Date Range: 2019-01-01 00:00:00 ~ 2024-12-20 00:00:00 vs Target: 2022-12-23 ~ 2023-06-23
2025-12-27 14:58:32,519 INFO: [Loader Debug] 051910 Filtered rows: 131
2025-12-27 14:58:32,519 INFO: [Loader Debug] 069500 path: data\cache\069500.parquet exists: True
2025-12-27 14:58:32,521 INFO: [Loader Debug] 069500 raw shape: (1559, 5), index: <class 'pandas.core.indexes.datetimes.DatetimeIndex'>, cols: Index(['Open', 'High', 'Low', 'Close', 'Volume'], dtype='object')
2025-12-27 14:58:32,522 INFO: [Loader Debug] 069500 Date Range: 2019-01-01 00:00:00 ~ 2024-12-20 00:00:00 vs Target: 2022-12-23 ~ 2023-06-23
2025-12-27 14:58:32,523 INFO: [Loader Debug] 069500 Filtered rows: 131
2025-12-27 14:58:32,523 INFO: [Loader Debug] 091160 path: data\cache\091160.parquet exists: True
2025-12-27 14:58:32,525 INFO: [Loader Debug] 091160 raw shape: (1559, 5), index: <class 'pandas.core.indexes.datetimes.DatetimeIndex'>, cols: Index(['Open', 'High', 'Low', 'Close', 'Volume'], dtype='object')
2025-12-27 14:58:32,526 INFO: [Loader Debug] 091160 Date Range: 2019-01-01 00:00:00 ~ 2024-12-20 00:00:00 vs Target: 2022-12-23 ~ 2023-06-23
2025-12-27 14:58:32,527 INFO: [Loader Debug] 091160 Filtered rows: 131
2025-12-27 14:58:32,527 INFO: [Loader Debug] 102110 path: data\cache\102110.parquet exists: True
2025-12-27 14:58:32,529 INFO: [Loader Debug] 102110 raw shape: (1559, 5), index: <class 'pandas.core.indexes.datetimes.DatetimeIndex'>, cols: Index(['Open', 'High', 'Low', 'Close', 'Volume'], dtype='object')
2025-12-27 14:58:32,530 INFO: [Loader Debug] 102110 Date Range: 2019-01-01 00:00:00 ~ 2024-12-20 00:00:00 vs Target: 2022-12-23 ~ 2023-06-23
2025-12-27 14:58:32,531 INFO: [Loader Debug] 102110 Filtered rows: 131
2025-12-27 14:58:32,531 INFO: [Loader Debug] 114800 path: data\cache\114800.parquet exists: True
2025-12-27 14:58:32,533 INFO: [Loader Debug] 114800 raw shape: (1559, 5), index: <class 'pandas.core.indexes.datetimes.DatetimeIndex'>, cols: Index(['Open', 'High', 'Low', 'Close', 'Volume'], dtype='object')
2025-12-27 14:58:32,534 INFO: [Loader Debug] 114800 Date Range: 2019-01-01 00:00:00 ~ 2024-12-20 00:00:00 vs Target: 2022-12-23 ~ 2023-06-23
2025-12-27 14:58:32,536 INFO: [Loader Debug] 114800 Filtered rows: 131
2025-12-27 14:58:32,537 INFO: [Loader Debug] 122630 path: data\cache\122630.parquet exists: True
2025-12-27 14:58:32,539 INFO: [Loader Debug] 122630 raw shape: (1559, 5), index: <class 'pandas.core.indexes.datetimes.DatetimeIndex'>, cols: Index(['Open', 'High', 'Low', 'Close', 'Volume'], dtype='object')
2025-12-27 14:58:32,541 INFO: [Loader Debug] 122630 Date Range: 2019-01-01 00:00:00 ~ 2024-12-20 00:00:00 vs Target: 2022-12-23 ~ 2023-06-23
2025-12-27 14:58:32,542 INFO: [Loader Debug] 122630 Filtered rows: 131
2025-12-27 14:58:32,542 INFO: [Loader Debug] 229200 path: data\cache\229200.parquet exists: True
2025-12-27 14:58:32,544 INFO: [Loader Debug] 229200 raw shape: (1559, 5), index: <class 'pandas.core.indexes.datetimes.DatetimeIndex'>, cols: Index(['Open', 'High', 'Low', 'Close', 'Volume'], dtype='object')
2025-12-27 14:58:32,546 INFO: [Loader Debug] 229200 Date Range: 2019-01-01 00:00:00 ~ 2024-12-20 00:00:00 vs Target: 2022-12-23 ~ 2023-06-23
2025-12-27 14:58:32,548 INFO: [Loader Debug] 229200 Filtered rows: 131
2025-12-27 14:58:32,548 INFO: [Loader Debug] 233740 path: data\cache\233740.parquet exists: True
2025-12-27 14:58:32,550 INFO: [Loader Debug] 233740 raw shape: (1559, 5), index: <class 'pandas.core.indexes.datetimes.DatetimeIndex'>, cols: Index(['Open', 'High', 'Low', 'Close', 'Volume'], dtype='object')
2025-12-27 14:58:32,552 INFO: [Loader Debug] 233740 Date Range: 2019-01-01 00:00:00 ~ 2024-12-20 00:00:00 vs Target: 2022-12-23 ~ 2023-06-23
2025-12-27 14:58:32,553 INFO: [Loader Debug] 233740 Filtered rows: 131
2025-12-27 14:58:32,554 INFO: [Loader Debug] 252670 path: data\cache\252670.parquet exists: True
2025-12-27 14:58:32,555 INFO: [Loader Debug] 252670 raw shape: (1559, 5), index: <class 'pandas.core.indexes.datetimes.DatetimeIndex'>, cols: Index(['Open', 'High', 'Low', 'Close', 'Volume'], dtype='object')
2025-12-27 14:58:32,557 INFO: [Loader Debug] 252670 Date Range: 2019-01-01 00:00:00 ~ 2024-12-20 00:00:00 vs Target: 2022-12-23 ~ 2023-06-23
2025-12-27 14:58:32,558 INFO: [Loader Debug] 252670 Filtered rows: 131
2025-12-27 14:58:32,559 INFO: [Loader Debug] 261240 path: data\cache\261240.parquet exists: True
2025-12-27 14:58:32,561 INFO: [Loader Debug] 261240 raw shape: (1559, 5), index: <class 'pandas.core.indexes.datetimes.DatetimeIndex'>, cols: Index(['Open', 'High', 'Low', 'Close', 'Volume'], dtype='object')
2025-12-27 14:58:32,563 INFO: [Loader Debug] 261240 Date Range: 2019-01-01 00:00:00 ~ 2024-12-20 00:00:00 vs Target: 2022-12-23 ~ 2023-06-23
2025-12-27 14:58:32,564 INFO: [Loader Debug] 261240 Filtered rows: 131
2025-12-27 14:58:32,564 INFO: [Loader Debug] 305720 path: data\cache\305720.parquet exists: True
2025-12-27 14:58:32,566 INFO: [Loader Debug] 305720 raw shape: (1559, 5), index: <class 'pandas.core.indexes.datetimes.DatetimeIndex'>, cols: Index(['Open', 'High', 'Low', 'Close', 'Volume'], dtype='object')
2025-12-27 14:58:32,567 INFO: [Loader Debug] 305720 Date Range: 2019-01-01 00:00:00 ~ 2024-12-20 00:00:00 vs Target: 2022-12-23 ~ 2023-06-23
2025-12-27 14:58:32,569 INFO: [Loader Debug] 305720 Filtered rows: 131
2025-12-27 14:58:32,572 INFO: [Normalization] Initial Shape: (1834, 5), Index: <class 'pandas.core.indexes.multi.MultiIndex'>, Columns: ['open', 'high', 'low', 'close', 'volume']
2025-12-27 14:58:32,573 INFO: [EVIDENCE] Data Pipeline Trace:
1. Load Shape: (1834, 5)
   - Index Type: <class 'pandas.core.indexes.multi.MultiIndex'>
   - Levels: ['code', 'date']
   - Date Range: 2022-12-23 00:00:00 ~ 2023-06-23 00:00:00
   - Unique Symbols: 14 (Sample: ['005930', '035420', '035720'])
2. Universe Coverage: Requested=14, Loaded=14, Missing=0
6. Final Columns: ['open', 'high', 'low', 'close', 'volume']
2025-12-27 14:58:32,686 INFO: ✅ 설정 파일 로드: E:\AI Study\krx_alertor_modular\config\regime_params.yaml
2025-12-27 14:58:32,687 INFO: MarketRegimeDetector 초기화: MA=50/200일, 임계값=2.0/-2.0%
2025-12-27 14:58:32,692 INFO: RSI 프로파일 로드 완료: ['balanced', 'conservative', 'aggressive']
2025-12-27 14:58:32,692 INFO: [EVIDENCE] BacktestRunner.run called with params: ma_period=100, rsi_period=58, stop_loss=0.13
2025-12-27 14:58:32,692 INFO: BacktestEngine 초기화: instrument_type=etf, tax_rate=0.00%
2025-12-27 14:58:32,842 INFO: Split 계산: Train=24M, Val=6M, Test=6M
2025-12-27 14:58:32,843 INFO: [캐시] lb=6M, key=12b1f247
2025-12-27 14:58:32,843 INFO: UNIVERSE requested=14(hash=989dbc28) effective=14(hash=989dbc28)
2025-12-27 14:58:32,844 INFO: [Loader Debug] 005930 path: data\cache\005930.parquet exists: True
2025-12-27 14:58:32,847 INFO: [Loader Debug] 005930 raw shape: (1559, 5), index: <class 'pandas.core.indexes.datetimes.DatetimeIndex'>, cols: Index(['Open', 'High', 'Low', 'Close', 'Volume'], dtype='object')
2025-12-27 14:58:32,849 INFO: [Loader Debug] 005930 Date Range: 2019-01-01 00:00:00 ~ 2024-12-20 00:00:00 vs Target: 2020-10-06 ~ 2022-12-23
2025-12-27 14:58:32,850 INFO: [Loader Debug] 005930 Filtered rows: 579
2025-12-27 14:58:32,851 INFO: [Loader Debug] 035420 path: data\cache\035420.parquet exists: True
2025-12-27 14:58:32,853 INFO: [Loader Debug] 035420 raw shape: (1559, 5), index: <class 'pandas.core.indexes.datetimes.DatetimeIndex'>, cols: Index(['Open', 'High', 'Low', 'Close', 'Volume'], dtype='object')
2025-12-27 14:58:32,855 INFO: [Loader Debug] 035420 Date Range: 2019-01-01 00:00:00 ~ 2024-12-20 00:00:00 vs Target: 2020-10-06 ~ 2022-12-23
2025-12-27 14:58:32,857 INFO: [Loader Debug] 035420 Filtered rows: 579
2025-12-27 14:58:32,857 INFO: [Loader Debug] 035720 path: data\cache\035720.parquet exists: True
2025-12-27 14:58:32,859 INFO: [Loader Debug] 035720 raw shape: (1559, 5), index: <class 'pandas.core.indexes.datetimes.DatetimeIndex'>, cols: Index(['Open', 'High', 'Low', 'Close', 'Volume'], dtype='object')
2025-12-27 14:58:32,861 INFO: [Loader Debug] 035720 Date Range: 2019-01-01 00:00:00 ~ 2024-12-20 00:00:00 vs Target: 2020-10-06 ~ 2022-12-23
2025-12-27 14:58:32,862 INFO: [Loader Debug] 035720 Filtered rows: 579
2025-12-27 14:58:32,862 INFO: [Loader Debug] 051910 path: data\cache\051910.parquet exists: True
2025-12-27 14:58:32,864 INFO: [Loader Debug] 051910 raw shape: (1559, 5), index: <class 'pandas.core.indexes.datetimes.DatetimeIndex'>, cols: Index(['Open', 'High', 'Low', 'Close', 'Volume'], dtype='object')
2025-12-27 14:58:32,865 INFO: [Loader Debug] 051910 Date Range: 2019-01-01 00:00:00 ~ 2024-12-20 00:00:00 vs Target: 2020-10-06 ~ 2022-12-23
2025-12-27 14:58:32,866 INFO: [Loader Debug] 051910 Filtered rows: 579
2025-12-27 14:58:32,866 INFO: [Loader Debug] 069500 path: data\cache\069500.parquet exists: True
2025-12-27 14:58:32,869 INFO: [Loader Debug] 069500 raw shape: (1559, 5), index: <class 'pandas.core.indexes.datetimes.DatetimeIndex'>, cols: Index(['Open', 'High', 'Low', 'Close', 'Volume'], dtype='object')
2025-12-27 14:58:32,871 INFO: [Loader Debug] 069500 Date Range: 2019-01-01 00:00:00 ~ 2024-12-20 00:00:00 vs Target: 2020-10-06 ~ 2022-12-23
2025-12-27 14:58:32,872 INFO: [Loader Debug] 069500 Filtered rows: 579
2025-12-27 14:58:32,872 INFO: [Loader Debug] 091160 path: data\cache\091160.parquet exists: True
2025-12-27 14:58:32,874 INFO: [Loader Debug] 091160 raw shape: (1559, 5), index: <class 'pandas.core.indexes.datetimes.DatetimeIndex'>, cols: Index(['Open', 'High', 'Low', 'Close', 'Volume'], dtype='object')
2025-12-27 14:58:32,875 INFO: [Loader Debug] 091160 Date Range: 2019-01-01 00:00:00 ~ 2024-12-20 00:00:00 vs Target: 2020-10-06 ~ 2022-12-23
2025-12-27 14:58:32,876 INFO: [Loader Debug] 091160 Filtered rows: 579
2025-12-27 14:58:32,877 INFO: [Loader Debug] 102110 path: data\cache\102110.parquet exists: True
2025-12-27 14:58:32,878 INFO: [Loader Debug] 102110 raw shape: (1559, 5), index: <class 'pandas.core.indexes.datetimes.DatetimeIndex'>, cols: Index(['Open', 'High', 'Low', 'Close', 'Volume'], dtype='object')
2025-12-27 14:58:32,879 INFO: [Loader Debug] 102110 Date Range: 2019-01-01 00:00:00 ~ 2024-12-20 00:00:00 vs Target: 2020-10-06 ~ 2022-12-23
2025-12-27 14:58:32,881 INFO: [Loader Debug] 102110 Filtered rows: 579
2025-12-27 14:58:32,881 INFO: [Loader Debug] 114800 path: data\cache\114800.parquet exists: True
2025-12-27 14:58:32,883 INFO: [Loader Debug] 114800 raw shape: (1559, 5), index: <class 'pandas.core.indexes.datetimes.DatetimeIndex'>, cols: Index(['Open', 'High', 'Low', 'Close', 'Volume'], dtype='object')
2025-12-27 14:58:32,884 INFO: [Loader Debug] 114800 Date Range: 2019-01-01 00:00:00 ~ 2024-12-20 00:00:00 vs Target: 2020-10-06 ~ 2022-12-23
2025-12-27 14:58:32,885 INFO: [Loader Debug] 114800 Filtered rows: 579
2025-12-27 14:58:32,886 INFO: [Loader Debug] 122630 path: data\cache\122630.parquet exists: True
2025-12-27 14:58:32,888 INFO: [Loader Debug] 122630 raw shape: (1559, 5), index: <class 'pandas.core.indexes.datetimes.DatetimeIndex'>, cols: Index(['Open', 'High', 'Low', 'Close', 'Volume'], dtype='object')
2025-12-27 14:58:32,889 INFO: [Loader Debug] 122630 Date Range: 2019-01-01 00:00:00 ~ 2024-12-20 00:00:00 vs Target: 2020-10-06 ~ 2022-12-23
2025-12-27 14:58:32,890 INFO: [Loader Debug] 122630 Filtered rows: 579
2025-12-27 14:58:32,891 INFO: [Loader Debug] 229200 path: data\cache\229200.parquet exists: True
2025-12-27 14:58:32,892 INFO: [Loader Debug] 229200 raw shape: (1559, 5), index: <class 'pandas.core.indexes.datetimes.DatetimeIndex'>, cols: Index(['Open', 'High', 'Low', 'Close', 'Volume'], dtype='object')
2025-12-27 14:58:32,894 INFO: [Loader Debug] 229200 Date Range: 2019-01-01 00:00:00 ~ 2024-12-20 00:00:00 vs Target: 2020-10-06 ~ 2022-12-23
2025-12-27 14:58:32,895 INFO: [Loader Debug] 229200 Filtered rows: 579
2025-12-27 14:58:32,895 INFO: [Loader Debug] 233740 path: data\cache\233740.parquet exists: True
2025-12-27 14:58:32,897 INFO: [Loader Debug] 233740 raw shape: (1559, 5), index: <class 'pandas.core.indexes.datetimes.DatetimeIndex'>, cols: Index(['Open', 'High', 'Low', 'Close', 'Volume'], dtype='object')
2025-12-27 14:58:32,898 INFO: [Loader Debug] 233740 Date Range: 2019-01-01 00:00:00 ~ 2024-12-20 00:00:00 vs Target: 2020-10-06 ~ 2022-12-23
2025-12-27 14:58:32,899 INFO: [Loader Debug] 233740 Filtered rows: 579
2025-12-27 14:58:32,899 INFO: [Loader Debug] 252670 path: data\cache\252670.parquet exists: True
2025-12-27 14:58:32,900 INFO: [Loader Debug] 252670 raw shape: (1559, 5), index: <class 'pandas.core.indexes.datetimes.DatetimeIndex'>, cols: Index(['Open', 'High', 'Low', 'Close', 'Volume'], dtype='object')
2025-12-27 14:58:32,903 INFO: [Loader Debug] 252670 Date Range: 2019-01-01 00:00:00 ~ 2024-12-20 00:00:00 vs Target: 2020-10-06 ~ 2022-12-23
2025-12-27 14:58:32,904 INFO: [Loader Debug] 252670 Filtered rows: 579
2025-12-27 14:58:32,904 INFO: [Loader Debug] 261240 path: data\cache\261240.parquet exists: True
2025-12-27 14:58:32,906 INFO: [Loader Debug] 261240 raw shape: (1559, 5), index: <class 'pandas.core.indexes.datetimes.DatetimeIndex'>, cols: Index(['Open', 'High', 'Low', 'Close', 'Volume'], dtype='object')
2025-12-27 14:58:32,907 INFO: [Loader Debug] 261240 Date Range: 2019-01-01 00:00:00 ~ 2024-12-20 00:00:00 vs Target: 2020-10-06 ~ 2022-12-23
2025-12-27 14:58:32,908 INFO: [Loader Debug] 261240 Filtered rows: 579
2025-12-27 14:58:32,909 INFO: [Loader Debug] 305720 path: data\cache\305720.parquet exists: True
2025-12-27 14:58:32,910 INFO: [Loader Debug] 305720 raw shape: (1559, 5), index: <class 'pandas.core.indexes.datetimes.DatetimeIndex'>, cols: Index(['Open', 'High', 'Low', 'Close', 'Volume'], dtype='object')
2025-12-27 14:58:32,912 INFO: [Loader Debug] 305720 Date Range: 2019-01-01 00:00:00 ~ 2024-12-20 00:00:00 vs Target: 2020-10-06 ~ 2022-12-23
2025-12-27 14:58:32,913 INFO: [Loader Debug] 305720 Filtered rows: 579
2025-12-27 14:58:32,915 INFO: [Normalization] Initial Shape: (8106, 5), Index: <class 'pandas.core.indexes.multi.MultiIndex'>, Columns: ['open', 'high', 'low', 'close', 'volume']
2025-12-27 14:58:32,917 INFO: [EVIDENCE] Data Pipeline Trace:
1. Load Shape: (8106, 5)
   - Index Type: <class 'pandas.core.indexes.multi.MultiIndex'>
   - Levels: ['code', 'date']
   - Date Range: 2020-10-06 00:00:00 ~ 2022-12-23 00:00:00
   - Unique Symbols: 14 (Sample: ['005930', '035420', '035720'])
2. Universe Coverage: Requested=14, Loaded=14, Missing=0
6. Final Columns: ['open', 'high', 'low', 'close', 'volume']
2025-12-27 14:58:34,077 INFO: ✅ 설정 파일 로드: E:\AI Study\krx_alertor_modular\config\regime_params.yaml
2025-12-27 14:58:34,077 INFO: MarketRegimeDetector 초기화: MA=50/200일, 임계값=2.0/-2.0%
2025-12-27 14:58:34,081 INFO: RSI 프로파일 로드 완료: ['balanced', 'conservative', 'aggressive']
2025-12-27 14:58:34,082 INFO: [EVIDENCE] BacktestRunner.run called with params: ma_period=100, rsi_period=58, stop_loss=0.13
2025-12-27 14:58:34,082 INFO: BacktestEngine 초기화: instrument_type=etf, tax_rate=0.00%
2025-12-27 14:58:34,425 INFO: 레짐 변경! 2021-07-23: neutral → bull (MA차이=9.07%, 추세강도=0.42)
2025-12-27 14:58:34,439 WARNING: 매수 불가 (229200): 자금 부족: 1,164,563 > 44,013
2025-12-27 14:58:34,440 WARNING: 매수 불가 (229200): 자금 부족: 11,508,041 > 9,659,394
2025-12-27 14:58:34,441 WARNING: 매수 불가 (229200): 자금 부족: 11,559,609 > 9,659,394
2025-12-27 14:58:34,442 WARNING: 매수 불가 (229200): 자금 부족: 11,592,192 > 9,659,394
2025-12-27 14:58:34,443 WARNING: 매수 불가 (229200): 자금 부족: 11,525,991 > 9,659,394
2025-12-27 14:58:34,459 WARNING: 매수 불가 (069500): 자금 부족: 1,111,346 > 759,930
2025-12-27 14:58:34,459 WARNING: 매수 불가 (229200): 자금 부족: 1,074,470 > 759,930
2025-12-27 14:58:34,461 WARNING: 매수 불가 (229200): 자금 부족: 5,789,549 > 3,910,326
2025-12-27 14:58:34,462 WARNING: 매수 불가 (229200): 자금 부족: 11,534,356 > 9,637,917
2025-12-27 14:58:34,463 WARNING: 매수 불가 (229200): 자금 부족: 11,500,385 > 9,637,917
2025-12-27 14:58:34,464 WARNING: 매수 불가 (229200): 자금 부족: 11,483,356 > 9,637,917
2025-12-27 14:58:34,479 WARNING: 매수 불가 (035420): 자금 부족: 1,080,609 > 916,353
2025-12-27 14:58:34,479 WARNING: 매수 불가 (261240): 자금 부족: 1,093,972 > 916,353
2025-12-27 14:58:34,480 WARNING: 매수 불가 (261240): 자금 부족: 5,811,436 > 4,020,205
2025-12-27 14:58:34,481 WARNING: 매수 불가 (261240): 자금 부족: 11,241,752 > 9,433,092
2025-12-27 14:58:34,482 WARNING: 매수 불가 (261240): 자금 부족: 11,328,087 > 9,433,092
2025-12-27 14:58:34,483 WARNING: 매수 불가 (261240): 자금 부족: 11,313,442 > 9,433,092
2025-12-27 14:58:34,497 WARNING: 매수 불가 (091160): 자금 부족: 1,058,684 > 1,045,344
2025-12-27 14:58:34,497 WARNING: 매수 불가 (261240): 자금 부족: 1,093,224 > 1,045,344
2025-12-27 14:58:34,498 WARNING: 매수 불가 (261240): 자금 부족: 5,607,642 > 3,782,889
2025-12-27 14:58:34,499 WARNING: 매수 불가 (261240): 자금 부족: 11,527,946 > 9,634,463
2025-12-27 14:58:34,501 WARNING: 매수 불가 (261240): 자금 부족: 11,569,562 > 9,634,463
2025-12-27 14:58:34,502 WARNING: 매수 불가 (261240): 자금 부족: 11,468,443 > 9,634,463
2025-12-27 14:58:34,517 WARNING: 매수 불가 (035720): 자금 부족: 1,121,517 > 948,537
2025-12-27 14:58:34,517 WARNING: 매수 불가 (233740): 자금 부족: 991,299 > 948,537
2025-12-27 14:58:34,518 WARNING: 매수 불가 (233740): 자금 부족: 5,792,303 > 3,906,577
2025-12-27 14:58:34,519 WARNING: 매수 불가 (233740): 자금 부족: 11,747,619 > 9,880,638
2025-12-27 14:58:34,521 WARNING: 매수 불가 (233740): 자금 부족: 11,739,855 > 9,880,638
2025-12-27 14:58:34,522 WARNING: 매수 불가 (233740): 자금 부족: 11,788,547 > 9,880,638
2025-12-27 14:58:34,534 WARNING: 매수 불가 (114800): 자금 부족: 1,161,750 > 951,198
2025-12-27 14:58:34,535 WARNING: 매수 불가 (233740): 자금 부족: 980,182 > 951,198
2025-12-27 14:58:34,536 WARNING: 매수 불가 (233740): 자금 부족: 5,691,699 > 4,022,687
2025-12-27 14:58:34,537 WARNING: 매수 불가 (233740): 자금 부족: 11,653,291 > 9,920,361
2025-12-27 14:58:34,539 WARNING: 매수 불가 (233740): 자금 부족: 11,617,260 > 9,920,361
2025-12-27 14:58:34,540 WARNING: 매수 불가 (233740): 자금 부족: 11,640,018 > 9,920,361
2025-12-27 14:58:34,557 WARNING: 매수 불가 (229200): 자금 부족: 1,061,473 > 921,057
2025-12-27 14:58:34,557 WARNING: 매수 불가 (035720): 자금 부족: 1,141,755 > 921,057
2025-12-27 14:58:34,559 WARNING: 매수 불가 (035720): 자금 부족: 5,730,654 > 4,182,151
2025-12-27 14:58:34,560 WARNING: 매수 불가 (035720): 자금 부족: 11,347,728 > 9,783,954
2025-12-27 14:58:34,561 WARNING: 매수 불가 (035720): 자금 부족: 11,285,589 > 9,783,954
2025-12-27 14:58:34,562 WARNING: 매수 불가 (035720): 자금 부족: 11,224,827 > 9,783,954
2025-12-27 14:58:34,578 WARNING: 매수 불가 (035720): 자금 부족: 1,096,615 > 153,179
2025-12-27 14:58:34,579 WARNING: 매수 불가 (035720): 자금 부족: 11,028,051 > 9,736,384
2025-12-27 14:58:34,580 WARNING: 매수 불가 (035720): 자금 부족: 10,946,462 > 9,736,384
2025-12-27 14:58:34,581 WARNING: 매수 불가 (035720): 자금 부족: 10,852,732 > 9,736,384
2025-12-27 14:58:34,582 WARNING: 매수 불가 (035720): 자금 부족: 10,808,912 > 9,736,384
2025-12-27 14:58:34,612 WARNING: 매수 불가 (229200): 자금 부족: 1,037,518 > 665,729
2025-12-27 14:58:34,614 WARNING: 매수 불가 (229200): 자금 부족: 10,343,854 > 9,561,265
2025-12-27 14:58:34,614 INFO: 레짐 변경! 2021-09-28: bull → neutral (MA차이=1.98%, 추세강도=0.58)
2025-12-27 14:58:34,697 INFO: 레짐 변경! 2021-11-01: neutral → bear (MA차이=-2.05%, 추세강도=0.42)
2025-12-27 14:58:35,710 WARNING: Evaluation Window Clamped: lookback=6M, target_start=2022-12-23 00:00:00, clamped_start=2022-12-26 00:00:00
2025-12-27 14:58:35,711 INFO: UNIVERSE requested=14(hash=989dbc28) effective=14(hash=989dbc28)
2025-12-27 14:58:35,711 INFO: [Loader Debug] 005930 path: data\cache\005930.parquet exists: True
2025-12-27 14:58:35,714 INFO: [Loader Debug] 005930 raw shape: (1559, 5), index: <class 'pandas.core.indexes.datetimes.DatetimeIndex'>, cols: Index(['Open', 'High', 'Low', 'Close', 'Volume'], dtype='object')
2025-12-27 14:58:35,716 INFO: [Loader Debug] 005930 Date Range: 2019-01-01 00:00:00 ~ 2024-12-20 00:00:00 vs Target: 2022-09-27 ~ 2023-06-23
2025-12-27 14:58:35,717 INFO: [Loader Debug] 005930 Filtered rows: 194
2025-12-27 14:58:35,717 INFO: [Loader Debug] 035420 path: data\cache\035420.parquet exists: True
2025-12-27 14:58:35,719 INFO: [Loader Debug] 035420 raw shape: (1559, 5), index: <class 'pandas.core.indexes.datetimes.DatetimeIndex'>, cols: Index(['Open', 'High', 'Low', 'Close', 'Volume'], dtype='object')
2025-12-27 14:58:35,721 INFO: [Loader Debug] 035420 Date Range: 2019-01-01 00:00:00 ~ 2024-12-20 00:00:00 vs Target: 2022-09-27 ~ 2023-06-23
2025-12-27 14:58:35,722 INFO: [Loader Debug] 035420 Filtered rows: 194
2025-12-27 14:58:35,722 INFO: [Loader Debug] 035720 path: data\cache\035720.parquet exists: True
2025-12-27 14:58:35,724 INFO: [Loader Debug] 035720 raw shape: (1559, 5), index: <class 'pandas.core.indexes.datetimes.DatetimeIndex'>, cols: Index(['Open', 'High', 'Low', 'Close', 'Volume'], dtype='object')
2025-12-27 14:58:35,725 INFO: [Loader Debug] 035720 Date Range: 2019-01-01 00:00:00 ~ 2024-12-20 00:00:00 vs Target: 2022-09-27 ~ 2023-06-23
2025-12-27 14:58:35,726 INFO: [Loader Debug] 035720 Filtered rows: 194
2025-12-27 14:58:35,726 INFO: [Loader Debug] 051910 path: data\cache\051910.parquet exists: True
2025-12-27 14:58:35,728 INFO: [Loader Debug] 051910 raw shape: (1559, 5), index: <class 'pandas.core.indexes.datetimes.DatetimeIndex'>, cols: Index(['Open', 'High', 'Low', 'Close', 'Volume'], dtype='object')
2025-12-27 14:58:35,729 INFO: [Loader Debug] 051910 Date Range: 2019-01-01 00:00:00 ~ 2024-12-20 00:00:00 vs Target: 2022-09-27 ~ 2023-06-23
2025-12-27 14:58:35,730 INFO: [Loader Debug] 051910 Filtered rows: 194
2025-12-27 14:58:35,730 INFO: [Loader Debug] 069500 path: data\cache\069500.parquet exists: True
2025-12-27 14:58:35,732 INFO: [Loader Debug] 069500 raw shape: (1559, 5), index: <class 'pandas.core.indexes.datetimes.DatetimeIndex'>, cols: Index(['Open', 'High', 'Low', 'Close', 'Volume'], dtype='object')
2025-12-27 14:58:35,733 INFO: [Loader Debug] 069500 Date Range: 2019-01-01 00:00:00 ~ 2024-12-20 00:00:00 vs Target: 2022-09-27 ~ 2023-06-23
2025-12-27 14:58:35,734 INFO: [Loader Debug] 069500 Filtered rows: 194
2025-12-27 14:58:35,734 INFO: [Loader Debug] 091160 path: data\cache\091160.parquet exists: True
2025-12-27 14:58:35,736 INFO: [Loader Debug] 091160 raw shape: (1559, 5), index: <class 'pandas.core.indexes.datetimes.DatetimeIndex'>, cols: Index(['Open', 'High', 'Low', 'Close', 'Volume'], dtype='object')
2025-12-27 14:58:35,737 INFO: [Loader Debug] 091160 Date Range: 2019-01-01 00:00:00 ~ 2024-12-20 00:00:00 vs Target: 2022-09-27 ~ 2023-06-23
2025-12-27 14:58:35,739 INFO: [Loader Debug] 091160 Filtered rows: 194
2025-12-27 14:58:35,740 INFO: [Loader Debug] 102110 path: data\cache\102110.parquet exists: True
2025-12-27 14:58:35,742 INFO: [Loader Debug] 102110 raw shape: (1559, 5), index: <class 'pandas.core.indexes.datetimes.DatetimeIndex'>, cols: Index(['Open', 'High', 'Low', 'Close', 'Volume'], dtype='object')
2025-12-27 14:58:35,743 INFO: [Loader Debug] 102110 Date Range: 2019-01-01 00:00:00 ~ 2024-12-20 00:00:00 vs Target: 2022-09-27 ~ 2023-06-23
2025-12-27 14:58:35,744 INFO: [Loader Debug] 102110 Filtered rows: 194
2025-12-27 14:58:35,745 INFO: [Loader Debug] 114800 path: data\cache\114800.parquet exists: True
2025-12-27 14:58:35,746 INFO: [Loader Debug] 114800 raw shape: (1559, 5), index: <class 'pandas.core.indexes.datetimes.DatetimeIndex'>, cols: Index(['Open', 'High', 'Low', 'Close', 'Volume'], dtype='object')
2025-12-27 14:58:35,748 INFO: [Loader Debug] 114800 Date Range: 2019-01-01 00:00:00 ~ 2024-12-20 00:00:00 vs Target: 2022-09-27 ~ 2023-06-23
2025-12-27 14:58:35,749 INFO: [Loader Debug] 114800 Filtered rows: 194
2025-12-27 14:58:35,749 INFO: [Loader Debug] 122630 path: data\cache\122630.parquet exists: True
2025-12-27 14:58:35,751 INFO: [Loader Debug] 122630 raw shape: (1559, 5), index: <class 'pandas.core.indexes.datetimes.DatetimeIndex'>, cols: Index(['Open', 'High', 'Low', 'Close', 'Volume'], dtype='object')
2025-12-27 14:58:35,752 INFO: [Loader Debug] 122630 Date Range: 2019-01-01 00:00:00 ~ 2024-12-20 00:00:00 vs Target: 2022-09-27 ~ 2023-06-23
2025-12-27 14:58:35,753 INFO: [Loader Debug] 122630 Filtered rows: 194
2025-12-27 14:58:35,754 INFO: [Loader Debug] 229200 path: data\cache\229200.parquet exists: True
2025-12-27 14:58:35,755 INFO: [Loader Debug] 229200 raw shape: (1559, 5), index: <class 'pandas.core.indexes.datetimes.DatetimeIndex'>, cols: Index(['Open', 'High', 'Low', 'Close', 'Volume'], dtype='object')
2025-12-27 14:58:35,757 INFO: [Loader Debug] 229200 Date Range: 2019-01-01 00:00:00 ~ 2024-12-20 00:00:00 vs Target: 2022-09-27 ~ 2023-06-23
2025-12-27 14:58:35,758 INFO: [Loader Debug] 229200 Filtered rows: 194
2025-12-27 14:58:35,758 INFO: [Loader Debug] 233740 path: data\cache\233740.parquet exists: True
2025-12-27 14:58:35,759 INFO: [Loader Debug] 233740 raw shape: (1559, 5), index: <class 'pandas.core.indexes.datetimes.DatetimeIndex'>, cols: Index(['Open', 'High', 'Low', 'Close', 'Volume'], dtype='object')
2025-12-27 14:58:35,761 INFO: [Loader Debug] 233740 Date Range: 2019-01-01 00:00:00 ~ 2024-12-20 00:00:00 vs Target: 2022-09-27 ~ 2023-06-23
2025-12-27 14:58:35,762 INFO: [Loader Debug] 233740 Filtered rows: 194
2025-12-27 14:58:35,763 INFO: [Loader Debug] 252670 path: data\cache\252670.parquet exists: True
2025-12-27 14:58:35,764 INFO: [Loader Debug] 252670 raw shape: (1559, 5), index: <class 'pandas.core.indexes.datetimes.DatetimeIndex'>, cols: Index(['Open', 'High', 'Low', 'Close', 'Volume'], dtype='object')
2025-12-27 14:58:35,765 INFO: [Loader Debug] 252670 Date Range: 2019-01-01 00:00:00 ~ 2024-12-20 00:00:00 vs Target: 2022-09-27 ~ 2023-06-23
2025-12-27 14:58:35,767 INFO: [Loader Debug] 252670 Filtered rows: 194
2025-12-27 14:58:35,767 INFO: [Loader Debug] 261240 path: data\cache\261240.parquet exists: True
2025-12-27 14:58:35,771 INFO: [Loader Debug] 261240 raw shape: (1559, 5), index: <class 'pandas.core.indexes.datetimes.DatetimeIndex'>, cols: Index(['Open', 'High', 'Low', 'Close', 'Volume'], dtype='object')
2025-12-27 14:58:35,772 INFO: [Loader Debug] 261240 Date Range: 2019-01-01 00:00:00 ~ 2024-12-20 00:00:00 vs Target: 2022-09-27 ~ 2023-06-23
2025-12-27 14:58:35,773 INFO: [Loader Debug] 261240 Filtered rows: 194
2025-12-27 14:58:35,774 INFO: [Loader Debug] 305720 path: data\cache\305720.parquet exists: True
2025-12-27 14:58:35,776 INFO: [Loader Debug] 305720 raw shape: (1559, 5), index: <class 'pandas.core.indexes.datetimes.DatetimeIndex'>, cols: Index(['Open', 'High', 'Low', 'Close', 'Volume'], dtype='object')
2025-12-27 14:58:35,778 INFO: [Loader Debug] 305720 Date Range: 2019-01-01 00:00:00 ~ 2024-12-20 00:00:00 vs Target: 2022-09-27 ~ 2023-06-23
2025-12-27 14:58:35,780 INFO: [Loader Debug] 305720 Filtered rows: 194
2025-12-27 14:58:35,782 INFO: [Normalization] Initial Shape: (2716, 5), Index: <class 'pandas.core.indexes.multi.MultiIndex'>, Columns: ['open', 'high', 'low', 'close', 'volume']
2025-12-27 14:58:35,783 INFO: [EVIDENCE] Data Pipeline Trace:
1. Load Shape: (2716, 5)
   - Index Type: <class 'pandas.core.indexes.multi.MultiIndex'>
   - Levels: ['code', 'date']
   - Date Range: 2022-09-27 00:00:00 ~ 2023-06-23 00:00:00
   - Unique Symbols: 14 (Sample: ['005930', '035420', '035720'])
2. Universe Coverage: Requested=14, Loaded=14, Missing=0
6. Final Columns: ['open', 'high', 'low', 'close', 'volume']
2025-12-27 14:58:35,857 INFO: ✅ 설정 파일 로드: E:\AI Study\krx_alertor_modular\config\regime_params.yaml
2025-12-27 14:58:35,857 INFO: MarketRegimeDetector 초기화: MA=50/200일, 임계값=2.0/-2.0%
2025-12-27 14:58:35,862 INFO: RSI 프로파일 로드 완료: ['balanced', 'conservative', 'aggressive']
2025-12-27 14:58:35,862 INFO: [EVIDENCE] BacktestRunner.run called with params: ma_period=100, rsi_period=58, stop_loss=0.13
2025-12-27 14:58:35,863 INFO: BacktestEngine 초기화: instrument_type=etf, tax_rate=0.00%
2025-12-27 14:58:36,202 INFO: Split 계산: Train=24M, Val=6M, Test=6M
2025-12-27 14:58:36,204 INFO: [캐시] lb=12M, key=55a32124
2025-12-27 14:58:36,204 INFO: UNIVERSE requested=14(hash=989dbc28) effective=14(hash=989dbc28)
2025-12-27 14:58:36,204 INFO: [Loader Debug] 005930 path: data\cache\005930.parquet exists: True
2025-12-27 14:58:36,207 INFO: [Loader Debug] 005930 raw shape: (1559, 5), index: <class 'pandas.core.indexes.datetimes.DatetimeIndex'>, cols: Index(['Open', 'High', 'Low', 'Close', 'Volume'], dtype='object')
2025-12-27 14:58:36,208 INFO: [Loader Debug] 005930 Date Range: 2019-01-01 00:00:00 ~ 2024-12-20 00:00:00 vs Target: 2020-10-06 ~ 2022-12-23
2025-12-27 14:58:36,209 INFO: [Loader Debug] 005930 Filtered rows: 579
2025-12-27 14:58:36,210 INFO: [Loader Debug] 035420 path: data\cache\035420.parquet exists: True
2025-12-27 14:58:36,212 INFO: [Loader Debug] 035420 raw shape: (1559, 5), index: <class 'pandas.core.indexes.datetimes.DatetimeIndex'>, cols: Index(['Open', 'High', 'Low', 'Close', 'Volume'], dtype='object')
2025-12-27 14:58:36,213 INFO: [Loader Debug] 035420 Date Range: 2019-01-01 00:00:00 ~ 2024-12-20 00:00:00 vs Target: 2020-10-06 ~ 2022-12-23
2025-12-27 14:58:36,214 INFO: [Loader Debug] 035420 Filtered rows: 579
2025-12-27 14:58:36,214 INFO: [Loader Debug] 035720 path: data\cache\035720.parquet exists: True
2025-12-27 14:58:36,216 INFO: [Loader Debug] 035720 raw shape: (1559, 5), index: <class 'pandas.core.indexes.datetimes.DatetimeIndex'>, cols: Index(['Open', 'High', 'Low', 'Close', 'Volume'], dtype='object')
2025-12-27 14:58:36,218 INFO: [Loader Debug] 035720 Date Range: 2019-01-01 00:00:00 ~ 2024-12-20 00:00:00 vs Target: 2020-10-06 ~ 2022-12-23
2025-12-27 14:58:36,219 INFO: [Loader Debug] 035720 Filtered rows: 579
2025-12-27 14:58:36,219 INFO: [Loader Debug] 051910 path: data\cache\051910.parquet exists: True
2025-12-27 14:58:36,220 INFO: [Loader Debug] 051910 raw shape: (1559, 5), index: <class 'pandas.core.indexes.datetimes.DatetimeIndex'>, cols: Index(['Open', 'High', 'Low', 'Close', 'Volume'], dtype='object')
2025-12-27 14:58:36,222 INFO: [Loader Debug] 051910 Date Range: 2019-01-01 00:00:00 ~ 2024-12-20 00:00:00 vs Target: 2020-10-06 ~ 2022-12-23
2025-12-27 14:58:36,223 INFO: [Loader Debug] 051910 Filtered rows: 579
2025-12-27 14:58:36,223 INFO: [Loader Debug] 069500 path: data\cache\069500.parquet exists: True
2025-12-27 14:58:36,225 INFO: [Loader Debug] 069500 raw shape: (1559, 5), index: <class 'pandas.core.indexes.datetimes.DatetimeIndex'>, cols: Index(['Open', 'High', 'Low', 'Close', 'Volume'], dtype='object')
2025-12-27 14:58:36,226 INFO: [Loader Debug] 069500 Date Range: 2019-01-01 00:00:00 ~ 2024-12-20 00:00:00 vs Target: 2020-10-06 ~ 2022-12-23
2025-12-27 14:58:36,227 INFO: [Loader Debug] 069500 Filtered rows: 579
2025-12-27 14:58:36,228 INFO: [Loader Debug] 091160 path: data\cache\091160.parquet exists: True
2025-12-27 14:58:36,229 INFO: [Loader Debug] 091160 raw shape: (1559, 5), index: <class 'pandas.core.indexes.datetimes.DatetimeIndex'>, cols: Index(['Open', 'High', 'Low', 'Close', 'Volume'], dtype='object')
2025-12-27 14:58:36,230 INFO: [Loader Debug] 091160 Date Range: 2019-01-01 00:00:00 ~ 2024-12-20 00:00:00 vs Target: 2020-10-06 ~ 2022-12-23
2025-12-27 14:58:36,231 INFO: [Loader Debug] 091160 Filtered rows: 579
2025-12-27 14:58:36,232 INFO: [Loader Debug] 102110 path: data\cache\102110.parquet exists: True
2025-12-27 14:58:36,233 INFO: [Loader Debug] 102110 raw shape: (1559, 5), index: <class 'pandas.core.indexes.datetimes.DatetimeIndex'>, cols: Index(['Open', 'High', 'Low', 'Close', 'Volume'], dtype='object')
2025-12-27 14:58:36,235 INFO: [Loader Debug] 102110 Date Range: 2019-01-01 00:00:00 ~ 2024-12-20 00:00:00 vs Target: 2020-10-06 ~ 2022-12-23
2025-12-27 14:58:36,236 INFO: [Loader Debug] 102110 Filtered rows: 579
2025-12-27 14:58:36,236 INFO: [Loader Debug] 114800 path: data\cache\114800.parquet exists: True
2025-12-27 14:58:36,239 INFO: [Loader Debug] 114800 raw shape: (1559, 5), index: <class 'pandas.core.indexes.datetimes.DatetimeIndex'>, cols: Index(['Open', 'High', 'Low', 'Close', 'Volume'], dtype='object')
2025-12-27 14:58:36,241 INFO: [Loader Debug] 114800 Date Range: 2019-01-01 00:00:00 ~ 2024-12-20 00:00:00 vs Target: 2020-10-06 ~ 2022-12-23
2025-12-27 14:58:36,242 INFO: [Loader Debug] 114800 Filtered rows: 579
2025-12-27 14:58:36,243 INFO: [Loader Debug] 122630 path: data\cache\122630.parquet exists: True
2025-12-27 14:58:36,244 INFO: [Loader Debug] 122630 raw shape: (1559, 5), index: <class 'pandas.core.indexes.datetimes.DatetimeIndex'>, cols: Index(['Open', 'High', 'Low', 'Close', 'Volume'], dtype='object')
2025-12-27 14:58:36,246 INFO: [Loader Debug] 122630 Date Range: 2019-01-01 00:00:00 ~ 2024-12-20 00:00:00 vs Target: 2020-10-06 ~ 2022-12-23
2025-12-27 14:58:36,247 INFO: [Loader Debug] 122630 Filtered rows: 579
2025-12-27 14:58:36,247 INFO: [Loader Debug] 229200 path: data\cache\229200.parquet exists: True
2025-12-27 14:58:36,249 INFO: [Loader Debug] 229200 raw shape: (1559, 5), index: <class 'pandas.core.indexes.datetimes.DatetimeIndex'>, cols: Index(['Open', 'High', 'Low', 'Close', 'Volume'], dtype='object')
2025-12-27 14:58:36,250 INFO: [Loader Debug] 229200 Date Range: 2019-01-01 00:00:00 ~ 2024-12-20 00:00:00 vs Target: 2020-10-06 ~ 2022-12-23
2025-12-27 14:58:36,251 INFO: [Loader Debug] 229200 Filtered rows: 579
2025-12-27 14:58:36,251 INFO: [Loader Debug] 233740 path: data\cache\233740.parquet exists: True
2025-12-27 14:58:36,253 INFO: [Loader Debug] 233740 raw shape: (1559, 5), index: <class 'pandas.core.indexes.datetimes.DatetimeIndex'>, cols: Index(['Open', 'High', 'Low', 'Close', 'Volume'], dtype='object')
2025-12-27 14:58:36,254 INFO: [Loader Debug] 233740 Date Range: 2019-01-01 00:00:00 ~ 2024-12-20 00:00:00 vs Target: 2020-10-06 ~ 2022-12-23
2025-12-27 14:58:36,255 INFO: [Loader Debug] 233740 Filtered rows: 579
2025-12-27 14:58:36,256 INFO: [Loader Debug] 252670 path: data\cache\252670.parquet exists: True
2025-12-27 14:58:36,257 INFO: [Loader Debug] 252670 raw shape: (1559, 5), index: <class 'pandas.core.indexes.datetimes.DatetimeIndex'>, cols: Index(['Open', 'High', 'Low', 'Close', 'Volume'], dtype='object')
2025-12-27 14:58:36,258 INFO: [Loader Debug] 252670 Date Range: 2019-01-01 00:00:00 ~ 2024-12-20 00:00:00 vs Target: 2020-10-06 ~ 2022-12-23
2025-12-27 14:58:36,259 INFO: [Loader Debug] 252670 Filtered rows: 579
2025-12-27 14:58:36,260 INFO: [Loader Debug] 261240 path: data\cache\261240.parquet exists: True
2025-12-27 14:58:36,262 INFO: [Loader Debug] 261240 raw shape: (1559, 5), index: <class 'pandas.core.indexes.datetimes.DatetimeIndex'>, cols: Index(['Open', 'High', 'Low', 'Close', 'Volume'], dtype='object')
2025-12-27 14:58:36,264 INFO: [Loader Debug] 261240 Date Range: 2019-01-01 00:00:00 ~ 2024-12-20 00:00:00 vs Target: 2020-10-06 ~ 2022-12-23
2025-12-27 14:58:36,265 INFO: [Loader Debug] 261240 Filtered rows: 579
2025-12-27 14:58:36,265 INFO: [Loader Debug] 305720 path: data\cache\305720.parquet exists: True
2025-12-27 14:58:36,267 INFO: [Loader Debug] 305720 raw shape: (1559, 5), index: <class 'pandas.core.indexes.datetimes.DatetimeIndex'>, cols: Index(['Open', 'High', 'Low', 'Close', 'Volume'], dtype='object')
2025-12-27 14:58:36,268 INFO: [Loader Debug] 305720 Date Range: 2019-01-01 00:00:00 ~ 2024-12-20 00:00:00 vs Target: 2020-10-06 ~ 2022-12-23
2025-12-27 14:58:36,269 INFO: [Loader Debug] 305720 Filtered rows: 579
2025-12-27 14:58:36,272 INFO: [Normalization] Initial Shape: (8106, 5), Index: <class 'pandas.core.indexes.multi.MultiIndex'>, Columns: ['open', 'high', 'low', 'close', 'volume']
2025-12-27 14:58:36,273 INFO: [EVIDENCE] Data Pipeline Trace:
1. Load Shape: (8106, 5)
   - Index Type: <class 'pandas.core.indexes.multi.MultiIndex'>
   - Levels: ['code', 'date']
   - Date Range: 2020-10-06 00:00:00 ~ 2022-12-23 00:00:00
   - Unique Symbols: 14 (Sample: ['005930', '035420', '035720'])
2. Universe Coverage: Requested=14, Loaded=14, Missing=0
6. Final Columns: ['open', 'high', 'low', 'close', 'volume']
2025-12-27 14:58:37,453 INFO: ✅ 설정 파일 로드: E:\AI Study\krx_alertor_modular\config\regime_params.yaml
2025-12-27 14:58:37,453 INFO: MarketRegimeDetector 초기화: MA=50/200일, 임계값=2.0/-2.0%
2025-12-27 14:58:37,457 INFO: RSI 프로파일 로드 완료: ['balanced', 'conservative', 'aggressive']
2025-12-27 14:58:37,457 INFO: [EVIDENCE] BacktestRunner.run called with params: ma_period=100, rsi_period=58, stop_loss=0.13
2025-12-27 14:58:37,457 INFO: BacktestEngine 초기화: instrument_type=etf, tax_rate=0.00%
2025-12-27 14:58:37,801 INFO: 레짐 변경! 2021-07-23: neutral → bull (MA차이=9.07%, 추세강도=0.42)
2025-12-27 14:58:37,816 WARNING: 매수 불가 (229200): 자금 부족: 1,164,563 > 44,013
2025-12-27 14:58:37,817 WARNING: 매수 불가 (229200): 자금 부족: 11,508,041 > 9,659,394
2025-12-27 14:58:37,818 WARNING: 매수 불가 (229200): 자금 부족: 11,559,609 > 9,659,394
2025-12-27 14:58:37,819 WARNING: 매수 불가 (229200): 자금 부족: 11,592,192 > 9,659,394
2025-12-27 14:58:37,820 WARNING: 매수 불가 (229200): 자금 부족: 11,525,991 > 9,659,394
2025-12-27 14:58:37,833 WARNING: 매수 불가 (069500): 자금 부족: 1,111,346 > 759,930
2025-12-27 14:58:37,833 WARNING: 매수 불가 (229200): 자금 부족: 1,074,470 > 759,930
2025-12-27 14:58:37,835 WARNING: 매수 불가 (229200): 자금 부족: 5,789,549 > 3,910,326
2025-12-27 14:58:37,836 WARNING: 매수 불가 (229200): 자금 부족: 11,534,356 > 9,637,917
2025-12-27 14:58:37,838 WARNING: 매수 불가 (229200): 자금 부족: 11,500,385 > 9,637,917
2025-12-27 14:58:37,840 WARNING: 매수 불가 (229200): 자금 부족: 11,483,356 > 9,637,917
2025-12-27 14:58:37,854 WARNING: 매수 불가 (035420): 자금 부족: 1,080,609 > 916,353
2025-12-27 14:58:37,854 WARNING: 매수 불가 (261240): 자금 부족: 1,093,972 > 916,353
2025-12-27 14:58:37,855 WARNING: 매수 불가 (261240): 자금 부족: 5,811,436 > 4,020,205
2025-12-27 14:58:37,856 WARNING: 매수 불가 (261240): 자금 부족: 11,241,752 > 9,433,092
2025-12-27 14:58:37,857 WARNING: 매수 불가 (261240): 자금 부족: 11,328,087 > 9,433,092
2025-12-27 14:58:37,858 WARNING: 매수 불가 (261240): 자금 부족: 11,313,442 > 9,433,092
2025-12-27 14:58:37,874 WARNING: 매수 불가 (091160): 자금 부족: 1,058,684 > 1,045,344
2025-12-27 14:58:37,874 WARNING: 매수 불가 (261240): 자금 부족: 1,093,224 > 1,045,344
2025-12-27 14:58:37,875 WARNING: 매수 불가 (261240): 자금 부족: 5,607,642 > 3,782,889
2025-12-27 14:58:37,876 WARNING: 매수 불가 (261240): 자금 부족: 11,527,946 > 9,634,463
2025-12-27 14:58:37,877 WARNING: 매수 불가 (261240): 자금 부족: 11,569,562 > 9,634,463
2025-12-27 14:58:37,878 WARNING: 매수 불가 (261240): 자금 부족: 11,468,443 > 9,634,463
2025-12-27 14:58:37,892 WARNING: 매수 불가 (035720): 자금 부족: 1,121,517 > 948,537
2025-12-27 14:58:37,892 WARNING: 매수 불가 (233740): 자금 부족: 991,299 > 948,537
2025-12-27 14:58:37,894 WARNING: 매수 불가 (233740): 자금 부족: 5,792,303 > 3,906,577
2025-12-27 14:58:37,895 WARNING: 매수 불가 (233740): 자금 부족: 11,747,619 > 9,880,638
2025-12-27 14:58:37,896 WARNING: 매수 불가 (233740): 자금 부족: 11,739,855 > 9,880,638
2025-12-27 14:58:37,896 WARNING: 매수 불가 (233740): 자금 부족: 11,788,547 > 9,880,638
2025-12-27 14:58:37,911 WARNING: 매수 불가 (114800): 자금 부족: 1,161,750 > 951,198
2025-12-27 14:58:37,912 WARNING: 매수 불가 (233740): 자금 부족: 980,182 > 951,198
2025-12-27 14:58:37,913 WARNING: 매수 불가 (233740): 자금 부족: 5,691,699 > 4,022,687
2025-12-27 14:58:37,914 WARNING: 매수 불가 (233740): 자금 부족: 11,653,291 > 9,920,361
2025-12-27 14:58:37,915 WARNING: 매수 불가 (233740): 자금 부족: 11,617,260 > 9,920,361
2025-12-27 14:58:37,916 WARNING: 매수 불가 (233740): 자금 부족: 11,640,018 > 9,920,361
2025-12-27 14:58:37,929 WARNING: 매수 불가 (229200): 자금 부족: 1,061,473 > 921,057
2025-12-27 14:58:37,930 WARNING: 매수 불가 (035720): 자금 부족: 1,141,755 > 921,057
2025-12-27 14:58:37,931 WARNING: 매수 불가 (035720): 자금 부족: 5,730,654 > 4,182,151
2025-12-27 14:58:37,932 WARNING: 매수 불가 (035720): 자금 부족: 11,347,728 > 9,783,954
2025-12-27 14:58:37,933 WARNING: 매수 불가 (035720): 자금 부족: 11,285,589 > 9,783,954
2025-12-27 14:58:37,935 WARNING: 매수 불가 (035720): 자금 부족: 11,224,827 > 9,783,954
2025-12-27 14:58:37,948 WARNING: 매수 불가 (035720): 자금 부족: 1,096,615 > 153,179
2025-12-27 14:58:37,950 WARNING: 매수 불가 (035720): 자금 부족: 11,028,051 > 9,736,384
2025-12-27 14:58:37,951 WARNING: 매수 불가 (035720): 자금 부족: 10,946,462 > 9,736,384
2025-12-27 14:58:37,952 WARNING: 매수 불가 (035720): 자금 부족: 10,852,732 > 9,736,384
2025-12-27 14:58:37,954 WARNING: 매수 불가 (035720): 자금 부족: 10,808,912 > 9,736,384
2025-12-27 14:58:37,986 WARNING: 매수 불가 (229200): 자금 부족: 1,037,518 > 665,729
2025-12-27 14:58:37,987 WARNING: 매수 불가 (229200): 자금 부족: 10,343,854 > 9,561,265
2025-12-27 14:58:37,989 INFO: 레짐 변경! 2021-09-28: bull → neutral (MA차이=1.98%, 추세강도=0.58)
2025-12-27 14:58:38,079 INFO: 레짐 변경! 2021-11-01: neutral → bear (MA차이=-2.05%, 추세강도=0.42)
2025-12-27 14:58:39,097 WARNING: Evaluation Window Clamped: lookback=12M, target_start=2022-06-23 00:00:00, clamped_start=2022-12-26 00:00:00
2025-12-27 14:58:39,097 INFO: UNIVERSE requested=14(hash=989dbc28) effective=14(hash=989dbc28)
2025-12-27 14:58:39,098 INFO: [Loader Debug] 005930 path: data\cache\005930.parquet exists: True
2025-12-27 14:58:39,100 INFO: [Loader Debug] 005930 raw shape: (1559, 5), index: <class 'pandas.core.indexes.datetimes.DatetimeIndex'>, cols: Index(['Open', 'High', 'Low', 'Close', 'Volume'], dtype='object')
2025-12-27 14:58:39,101 INFO: [Loader Debug] 005930 Date Range: 2019-01-01 00:00:00 ~ 2024-12-20 00:00:00 vs Target: 2022-09-27 ~ 2023-06-23
2025-12-27 14:58:39,102 INFO: [Loader Debug] 005930 Filtered rows: 194
2025-12-27 14:58:39,102 INFO: [Loader Debug] 035420 path: data\cache\035420.parquet exists: True
2025-12-27 14:58:39,105 INFO: [Loader Debug] 035420 raw shape: (1559, 5), index: <class 'pandas.core.indexes.datetimes.DatetimeIndex'>, cols: Index(['Open', 'High', 'Low', 'Close', 'Volume'], dtype='object')
2025-12-27 14:58:39,106 INFO: [Loader Debug] 035420 Date Range: 2019-01-01 00:00:00 ~ 2024-12-20 00:00:00 vs Target: 2022-09-27 ~ 2023-06-23
2025-12-27 14:58:39,107 INFO: [Loader Debug] 035420 Filtered rows: 194
2025-12-27 14:58:39,108 INFO: [Loader Debug] 035720 path: data\cache\035720.parquet exists: True
2025-12-27 14:58:39,109 INFO: [Loader Debug] 035720 raw shape: (1559, 5), index: <class 'pandas.core.indexes.datetimes.DatetimeIndex'>, cols: Index(['Open', 'High', 'Low', 'Close', 'Volume'], dtype='object')
2025-12-27 14:58:39,110 INFO: [Loader Debug] 035720 Date Range: 2019-01-01 00:00:00 ~ 2024-12-20 00:00:00 vs Target: 2022-09-27 ~ 2023-06-23
2025-12-27 14:58:39,112 INFO: [Loader Debug] 035720 Filtered rows: 194
2025-12-27 14:58:39,112 INFO: [Loader Debug] 051910 path: data\cache\051910.parquet exists: True
2025-12-27 14:58:39,113 INFO: [Loader Debug] 051910 raw shape: (1559, 5), index: <class 'pandas.core.indexes.datetimes.DatetimeIndex'>, cols: Index(['Open', 'High', 'Low', 'Close', 'Volume'], dtype='object')
2025-12-27 14:58:39,115 INFO: [Loader Debug] 051910 Date Range: 2019-01-01 00:00:00 ~ 2024-12-20 00:00:00 vs Target: 2022-09-27 ~ 2023-06-23
2025-12-27 14:58:39,115 INFO: [Loader Debug] 051910 Filtered rows: 194
2025-12-27 14:58:39,116 INFO: [Loader Debug] 069500 path: data\cache\069500.parquet exists: True
2025-12-27 14:58:39,117 INFO: [Loader Debug] 069500 raw shape: (1559, 5), index: <class 'pandas.core.indexes.datetimes.DatetimeIndex'>, cols: Index(['Open', 'High', 'Low', 'Close', 'Volume'], dtype='object')
2025-12-27 14:58:39,119 INFO: [Loader Debug] 069500 Date Range: 2019-01-01 00:00:00 ~ 2024-12-20 00:00:00 vs Target: 2022-09-27 ~ 2023-06-23
2025-12-27 14:58:39,120 INFO: [Loader Debug] 069500 Filtered rows: 194
2025-12-27 14:58:39,121 INFO: [Loader Debug] 091160 path: data\cache\091160.parquet exists: True
2025-12-27 14:58:39,123 INFO: [Loader Debug] 091160 raw shape: (1559, 5), index: <class 'pandas.core.indexes.datetimes.DatetimeIndex'>, cols: Index(['Open', 'High', 'Low', 'Close', 'Volume'], dtype='object')
2025-12-27 14:58:39,124 INFO: [Loader Debug] 091160 Date Range: 2019-01-01 00:00:00 ~ 2024-12-20 00:00:00 vs Target: 2022-09-27 ~ 2023-06-23
2025-12-27 14:58:39,125 INFO: [Loader Debug] 091160 Filtered rows: 194
2025-12-27 14:58:39,125 INFO: [Loader Debug] 102110 path: data\cache\102110.parquet exists: True
2025-12-27 14:58:39,127 INFO: [Loader Debug] 102110 raw shape: (1559, 5), index: <class 'pandas.core.indexes.datetimes.DatetimeIndex'>, cols: Index(['Open', 'High', 'Low', 'Close', 'Volume'], dtype='object')
2025-12-27 14:58:39,128 INFO: [Loader Debug] 102110 Date Range: 2019-01-01 00:00:00 ~ 2024-12-20 00:00:00 vs Target: 2022-09-27 ~ 2023-06-23
2025-12-27 14:58:39,129 INFO: [Loader Debug] 102110 Filtered rows: 194
2025-12-27 14:58:39,129 INFO: [Loader Debug] 114800 path: data\cache\114800.parquet exists: True
2025-12-27 14:58:39,131 INFO: [Loader Debug] 114800 raw shape: (1559, 5), index: <class 'pandas.core.indexes.datetimes.DatetimeIndex'>, cols: Index(['Open', 'High', 'Low', 'Close', 'Volume'], dtype='object')
2025-12-27 14:58:39,132 INFO: [Loader Debug] 114800 Date Range: 2019-01-01 00:00:00 ~ 2024-12-20 00:00:00 vs Target: 2022-09-27 ~ 2023-06-23
2025-12-27 14:58:39,133 INFO: [Loader Debug] 114800 Filtered rows: 194
2025-12-27 14:58:39,133 INFO: [Loader Debug] 122630 path: data\cache\122630.parquet exists: True
2025-12-27 14:58:39,135 INFO: [Loader Debug] 122630 raw shape: (1559, 5), index: <class 'pandas.core.indexes.datetimes.DatetimeIndex'>, cols: Index(['Open', 'High', 'Low', 'Close', 'Volume'], dtype='object')
2025-12-27 14:58:39,137 INFO: [Loader Debug] 122630 Date Range: 2019-01-01 00:00:00 ~ 2024-12-20 00:00:00 vs Target: 2022-09-27 ~ 2023-06-23
2025-12-27 14:58:39,139 INFO: [Loader Debug] 122630 Filtered rows: 194
2025-12-27 14:58:39,139 INFO: [Loader Debug] 229200 path: data\cache\229200.parquet exists: True
2025-12-27 14:58:39,141 INFO: [Loader Debug] 229200 raw shape: (1559, 5), index: <class 'pandas.core.indexes.datetimes.DatetimeIndex'>, cols: Index(['Open', 'High', 'Low', 'Close', 'Volume'], dtype='object')
2025-12-27 14:58:39,142 INFO: [Loader Debug] 229200 Date Range: 2019-01-01 00:00:00 ~ 2024-12-20 00:00:00 vs Target: 2022-09-27 ~ 2023-06-23
2025-12-27 14:58:39,143 INFO: [Loader Debug] 229200 Filtered rows: 194
2025-12-27 14:58:39,143 INFO: [Loader Debug] 233740 path: data\cache\233740.parquet exists: True
2025-12-27 14:58:39,145 INFO: [Loader Debug] 233740 raw shape: (1559, 5), index: <class 'pandas.core.indexes.datetimes.DatetimeIndex'>, cols: Index(['Open', 'High', 'Low', 'Close', 'Volume'], dtype='object')
2025-12-27 14:58:39,146 INFO: [Loader Debug] 233740 Date Range: 2019-01-01 00:00:00 ~ 2024-12-20 00:00:00 vs Target: 2022-09-27 ~ 2023-06-23
2025-12-27 14:58:39,147 INFO: [Loader Debug] 233740 Filtered rows: 194
2025-12-27 14:58:39,147 INFO: [Loader Debug] 252670 path: data\cache\252670.parquet exists: True
2025-12-27 14:58:39,149 INFO: [Loader Debug] 252670 raw shape: (1559, 5), index: <class 'pandas.core.indexes.datetimes.DatetimeIndex'>, cols: Index(['Open', 'High', 'Low', 'Close', 'Volume'], dtype='object')
2025-12-27 14:58:39,150 INFO: [Loader Debug] 252670 Date Range: 2019-01-01 00:00:00 ~ 2024-12-20 00:00:00 vs Target: 2022-09-27 ~ 2023-06-23
2025-12-27 14:58:39,151 INFO: [Loader Debug] 252670 Filtered rows: 194
2025-12-27 14:58:39,152 INFO: [Loader Debug] 261240 path: data\cache\261240.parquet exists: True
2025-12-27 14:58:39,153 INFO: [Loader Debug] 261240 raw shape: (1559, 5), index: <class 'pandas.core.indexes.datetimes.DatetimeIndex'>, cols: Index(['Open', 'High', 'Low', 'Close', 'Volume'], dtype='object')
2025-12-27 14:58:39,156 INFO: [Loader Debug] 261240 Date Range: 2019-01-01 00:00:00 ~ 2024-12-20 00:00:00 vs Target: 2022-09-27 ~ 2023-06-23
2025-12-27 14:58:39,156 INFO: [Loader Debug] 261240 Filtered rows: 194
2025-12-27 14:58:39,157 INFO: [Loader Debug] 305720 path: data\cache\305720.parquet exists: True
2025-12-27 14:58:39,158 INFO: [Loader Debug] 305720 raw shape: (1559, 5), index: <class 'pandas.core.indexes.datetimes.DatetimeIndex'>, cols: Index(['Open', 'High', 'Low', 'Close', 'Volume'], dtype='object')
2025-12-27 14:58:39,160 INFO: [Loader Debug] 305720 Date Range: 2019-01-01 00:00:00 ~ 2024-12-20 00:00:00 vs Target: 2022-09-27 ~ 2023-06-23
2025-12-27 14:58:39,161 INFO: [Loader Debug] 305720 Filtered rows: 194
2025-12-27 14:58:39,163 INFO: [Normalization] Initial Shape: (2716, 5), Index: <class 'pandas.core.indexes.multi.MultiIndex'>, Columns: ['open', 'high', 'low', 'close', 'volume']
2025-12-27 14:58:39,164 INFO: [EVIDENCE] Data Pipeline Trace:
1. Load Shape: (2716, 5)
   - Index Type: <class 'pandas.core.indexes.multi.MultiIndex'>
   - Levels: ['code', 'date']
   - Date Range: 2022-09-27 00:00:00 ~ 2023-06-23 00:00:00
   - Unique Symbols: 14 (Sample: ['005930', '035420', '035720'])
2. Universe Coverage: Requested=14, Loaded=14, Missing=0
6. Final Columns: ['open', 'high', 'low', 'close', 'volume']
2025-12-27 14:58:39,250 INFO: ✅ 설정 파일 로드: E:\AI Study\krx_alertor_modular\config\regime_params.yaml
2025-12-27 14:58:39,251 INFO: MarketRegimeDetector 초기화: MA=50/200일, 임계값=2.0/-2.0%
2025-12-27 14:58:39,256 INFO: RSI 프로파일 로드 완료: ['balanced', 'conservative', 'aggressive']
2025-12-27 14:58:39,256 INFO: [EVIDENCE] BacktestRunner.run called with params: ma_period=100, rsi_period=58, stop_loss=0.13
2025-12-27 14:58:39,256 INFO: BacktestEngine 초기화: instrument_type=etf, tax_rate=0.00%
2025-12-27 14:58:39,581 WARNING: No valid trials found. Saving BEST ATTEMPT for evidence.
2025-12-27 14:58:39,584 INFO: [Phase 2] Gate 2 Walk-Forward (Attempting with best params)
2025-12-27 14:58:39,584 INFO: [EVIDENCE] Main Engine passing params to _run_single_backtest: {'ma_period': 100, 'rsi_period': 58, 'stop_loss_pct': 0.13}
2025-12-27 14:58:39,584 INFO: UNIVERSE requested=14(hash=989dbc28) effective=14(hash=989dbc28)
2025-12-27 14:58:39,585 INFO: [Loader Debug] 005930 path: data\cache\005930.parquet exists: True
2025-12-27 14:58:39,587 INFO: [Loader Debug] 005930 raw shape: (1559, 5), index: <class 'pandas.core.indexes.datetimes.DatetimeIndex'>, cols: Index(['Open', 'High', 'Low', 'Close', 'Volume'], dtype='object')
2025-12-27 14:58:39,589 INFO: [Loader Debug] 005930 Date Range: 2019-01-01 00:00:00 ~ 2024-12-20 00:00:00 vs Target: 2022-01-01 ~ 2022-07-01
2025-12-27 14:58:39,591 INFO: [Loader Debug] 005930 Filtered rows: 130
2025-12-27 14:58:39,591 INFO: [Loader Debug] 035420 path: data\cache\035420.parquet exists: True
2025-12-27 14:58:39,593 INFO: [Loader Debug] 035420 raw shape: (1559, 5), index: <class 'pandas.core.indexes.datetimes.DatetimeIndex'>, cols: Index(['Open', 'High', 'Low', 'Close', 'Volume'], dtype='object')
2025-12-27 14:58:39,594 INFO: [Loader Debug] 035420 Date Range: 2019-01-01 00:00:00 ~ 2024-12-20 00:00:00 vs Target: 2022-01-01 ~ 2022-07-01
2025-12-27 14:58:39,595 INFO: [Loader Debug] 035420 Filtered rows: 130
2025-12-27 14:58:39,595 INFO: [Loader Debug] 035720 path: data\cache\035720.parquet exists: True
2025-12-27 14:58:39,597 INFO: [Loader Debug] 035720 raw shape: (1559, 5), index: <class 'pandas.core.indexes.datetimes.DatetimeIndex'>, cols: Index(['Open', 'High', 'Low', 'Close', 'Volume'], dtype='object')
2025-12-27 14:58:39,598 INFO: [Loader Debug] 035720 Date Range: 2019-01-01 00:00:00 ~ 2024-12-20 00:00:00 vs Target: 2022-01-01 ~ 2022-07-01
2025-12-27 14:58:39,599 INFO: [Loader Debug] 035720 Filtered rows: 130
2025-12-27 14:58:39,599 INFO: [Loader Debug] 051910 path: data\cache\051910.parquet exists: True
2025-12-27 14:58:39,601 INFO: [Loader Debug] 051910 raw shape: (1559, 5), index: <class 'pandas.core.indexes.datetimes.DatetimeIndex'>, cols: Index(['Open', 'High', 'Low', 'Close', 'Volume'], dtype='object')
2025-12-27 14:58:39,603 INFO: [Loader Debug] 051910 Date Range: 2019-01-01 00:00:00 ~ 2024-12-20 00:00:00 vs Target: 2022-01-01 ~ 2022-07-01
2025-12-27 14:58:39,604 INFO: [Loader Debug] 051910 Filtered rows: 130
2025-12-27 14:58:39,605 INFO: [Loader Debug] 069500 path: data\cache\069500.parquet exists: True
2025-12-27 14:58:39,606 INFO: [Loader Debug] 069500 raw shape: (1559, 5), index: <class 'pandas.core.indexes.datetimes.DatetimeIndex'>, cols: Index(['Open', 'High', 'Low', 'Close', 'Volume'], dtype='object')
2025-12-27 14:58:39,608 INFO: [Loader Debug] 069500 Date Range: 2019-01-01 00:00:00 ~ 2024-12-20 00:00:00 vs Target: 2022-01-01 ~ 2022-07-01
2025-12-27 14:58:39,609 INFO: [Loader Debug] 069500 Filtered rows: 130
2025-12-27 14:58:39,609 INFO: [Loader Debug] 091160 path: data\cache\091160.parquet exists: True
2025-12-27 14:58:39,611 INFO: [Loader Debug] 091160 raw shape: (1559, 5), index: <class 'pandas.core.indexes.datetimes.DatetimeIndex'>, cols: Index(['Open', 'High', 'Low', 'Close', 'Volume'], dtype='object')
2025-12-27 14:58:39,612 INFO: [Loader Debug] 091160 Date Range: 2019-01-01 00:00:00 ~ 2024-12-20 00:00:00 vs Target: 2022-01-01 ~ 2022-07-01
2025-12-27 14:58:39,613 INFO: [Loader Debug] 091160 Filtered rows: 130
2025-12-27 14:58:39,613 INFO: [Loader Debug] 102110 path: data\cache\102110.parquet exists: True
2025-12-27 14:58:39,615 INFO: [Loader Debug] 102110 raw shape: (1559, 5), index: <class 'pandas.core.indexes.datetimes.DatetimeIndex'>, cols: Index(['Open', 'High', 'Low', 'Close', 'Volume'], dtype='object')
2025-12-27 14:58:39,616 INFO: [Loader Debug] 102110 Date Range: 2019-01-01 00:00:00 ~ 2024-12-20 00:00:00 vs Target: 2022-01-01 ~ 2022-07-01
2025-12-27 14:58:39,617 INFO: [Loader Debug] 102110 Filtered rows: 130
2025-12-27 14:58:39,618 INFO: [Loader Debug] 114800 path: data\cache\114800.parquet exists: True
2025-12-27 14:58:39,620 INFO: [Loader Debug] 114800 raw shape: (1559, 5), index: <class 'pandas.core.indexes.datetimes.DatetimeIndex'>, cols: Index(['Open', 'High', 'Low', 'Close', 'Volume'], dtype='object')
2025-12-27 14:58:39,622 INFO: [Loader Debug] 114800 Date Range: 2019-01-01 00:00:00 ~ 2024-12-20 00:00:00 vs Target: 2022-01-01 ~ 2022-07-01
2025-12-27 14:58:39,623 INFO: [Loader Debug] 114800 Filtered rows: 130
2025-12-27 14:58:39,623 INFO: [Loader Debug] 122630 path: data\cache\122630.parquet exists: True
2025-12-27 14:58:39,625 INFO: [Loader Debug] 122630 raw shape: (1559, 5), index: <class 'pandas.core.indexes.datetimes.DatetimeIndex'>, cols: Index(['Open', 'High', 'Low', 'Close', 'Volume'], dtype='object')
2025-12-27 14:58:39,627 INFO: [Loader Debug] 122630 Date Range: 2019-01-01 00:00:00 ~ 2024-12-20 00:00:00 vs Target: 2022-01-01 ~ 2022-07-01
2025-12-27 14:58:39,627 INFO: [Loader Debug] 122630 Filtered rows: 130
2025-12-27 14:58:39,628 INFO: [Loader Debug] 229200 path: data\cache\229200.parquet exists: True
2025-12-27 14:58:39,629 INFO: [Loader Debug] 229200 raw shape: (1559, 5), index: <class 'pandas.core.indexes.datetimes.DatetimeIndex'>, cols: Index(['Open', 'High', 'Low', 'Close', 'Volume'], dtype='object')
2025-12-27 14:58:39,631 INFO: [Loader Debug] 229200 Date Range: 2019-01-01 00:00:00 ~ 2024-12-20 00:00:00 vs Target: 2022-01-01 ~ 2022-07-01
2025-12-27 14:58:39,632 INFO: [Loader Debug] 229200 Filtered rows: 130
2025-12-27 14:58:39,632 INFO: [Loader Debug] 233740 path: data\cache\233740.parquet exists: True
2025-12-27 14:58:39,633 INFO: [Loader Debug] 233740 raw shape: (1559, 5), index: <class 'pandas.core.indexes.datetimes.DatetimeIndex'>, cols: Index(['Open', 'High', 'Low', 'Close', 'Volume'], dtype='object')
2025-12-27 14:58:39,635 INFO: [Loader Debug] 233740 Date Range: 2019-01-01 00:00:00 ~ 2024-12-20 00:00:00 vs Target: 2022-01-01 ~ 2022-07-01
2025-12-27 14:58:39,636 INFO: [Loader Debug] 233740 Filtered rows: 130
2025-12-27 14:58:39,636 INFO: [Loader Debug] 252670 path: data\cache\252670.parquet exists: True
2025-12-27 14:58:39,638 INFO: [Loader Debug] 252670 raw shape: (1559, 5), index: <class 'pandas.core.indexes.datetimes.DatetimeIndex'>, cols: Index(['Open', 'High', 'Low', 'Close', 'Volume'], dtype='object')
2025-12-27 14:58:39,640 INFO: [Loader Debug] 252670 Date Range: 2019-01-01 00:00:00 ~ 2024-12-20 00:00:00 vs Target: 2022-01-01 ~ 2022-07-01
2025-12-27 14:58:39,641 INFO: [Loader Debug] 252670 Filtered rows: 130
2025-12-27 14:58:39,641 INFO: [Loader Debug] 261240 path: data\cache\261240.parquet exists: True
2025-12-27 14:58:39,643 INFO: [Loader Debug] 261240 raw shape: (1559, 5), index: <class 'pandas.core.indexes.datetimes.DatetimeIndex'>, cols: Index(['Open', 'High', 'Low', 'Close', 'Volume'], dtype='object')
2025-12-27 14:58:39,644 INFO: [Loader Debug] 261240 Date Range: 2019-01-01 00:00:00 ~ 2024-12-20 00:00:00 vs Target: 2022-01-01 ~ 2022-07-01
2025-12-27 14:58:39,645 INFO: [Loader Debug] 261240 Filtered rows: 130
2025-12-27 14:58:39,645 INFO: [Loader Debug] 305720 path: data\cache\305720.parquet exists: True
2025-12-27 14:58:39,647 INFO: [Loader Debug] 305720 raw shape: (1559, 5), index: <class 'pandas.core.indexes.datetimes.DatetimeIndex'>, cols: Index(['Open', 'High', 'Low', 'Close', 'Volume'], dtype='object')
2025-12-27 14:58:39,648 INFO: [Loader Debug] 305720 Date Range: 2019-01-01 00:00:00 ~ 2024-12-20 00:00:00 vs Target: 2022-01-01 ~ 2022-07-01
2025-12-27 14:58:39,649 INFO: [Loader Debug] 305720 Filtered rows: 130
2025-12-27 14:58:39,651 INFO: [Normalization] Initial Shape: (1820, 5), Index: <class 'pandas.core.indexes.multi.MultiIndex'>, Columns: ['open', 'high', 'low', 'close', 'volume']
2025-12-27 14:58:39,652 INFO: [EVIDENCE] Data Pipeline Trace:
1. Load Shape: (1820, 5)
   - Index Type: <class 'pandas.core.indexes.multi.MultiIndex'>
   - Levels: ['code', 'date']
   - Date Range: 2022-01-03 00:00:00 ~ 2022-07-01 00:00:00
   - Unique Symbols: 14 (Sample: ['005930', '035420', '035720'])
2. Universe Coverage: Requested=14, Loaded=14, Missing=0
6. Final Columns: ['open', 'high', 'low', 'close', 'volume']
2025-12-27 14:58:39,724 INFO: ✅ 설정 파일 로드: E:\AI Study\krx_alertor_modular\config\regime_params.yaml
2025-12-27 14:58:39,724 INFO: MarketRegimeDetector 초기화: MA=50/200일, 임계값=2.0/-2.0%
2025-12-27 14:58:39,728 INFO: RSI 프로파일 로드 완료: ['balanced', 'conservative', 'aggressive']
2025-12-27 14:58:39,728 INFO: [EVIDENCE] BacktestRunner.run called with params: ma_period=100, rsi_period=58, stop_loss=0.13
2025-12-27 14:58:39,728 INFO: BacktestEngine 초기화: instrument_type=etf, tax_rate=0.00%
2025-12-27 14:58:39,859 INFO: [EVIDENCE] Main Engine passing params to _run_single_backtest: {'ma_period': 100, 'rsi_period': 58, 'stop_loss_pct': 0.13}
2025-12-27 14:58:39,859 INFO: UNIVERSE requested=14(hash=989dbc28) effective=14(hash=989dbc28)
2025-12-27 14:58:39,860 INFO: [Loader Debug] 005930 path: data\cache\005930.parquet exists: True
2025-12-27 14:58:39,862 INFO: [Loader Debug] 005930 raw shape: (1559, 5), index: <class 'pandas.core.indexes.datetimes.DatetimeIndex'>, cols: Index(['Open', 'High', 'Low', 'Close', 'Volume'], dtype='object')
2025-12-27 14:58:39,864 INFO: [Loader Debug] 005930 Date Range: 2019-01-01 00:00:00 ~ 2024-12-20 00:00:00 vs Target: 2022-07-03 ~ 2023-01-01
2025-12-27 14:58:39,865 INFO: [Loader Debug] 005930 Filtered rows: 130
2025-12-27 14:58:39,866 INFO: [Loader Debug] 035420 path: data\cache\035420.parquet exists: True
2025-12-27 14:58:39,868 INFO: [Loader Debug] 035420 raw shape: (1559, 5), index: <class 'pandas.core.indexes.datetimes.DatetimeIndex'>, cols: Index(['Open', 'High', 'Low', 'Close', 'Volume'], dtype='object')
2025-12-27 14:58:39,871 INFO: [Loader Debug] 035420 Date Range: 2019-01-01 00:00:00 ~ 2024-12-20 00:00:00 vs Target: 2022-07-03 ~ 2023-01-01
2025-12-27 14:58:39,873 INFO: [Loader Debug] 035420 Filtered rows: 130
2025-12-27 14:58:39,873 INFO: [Loader Debug] 035720 path: data\cache\035720.parquet exists: True
2025-12-27 14:58:39,875 INFO: [Loader Debug] 035720 raw shape: (1559, 5), index: <class 'pandas.core.indexes.datetimes.DatetimeIndex'>, cols: Index(['Open', 'High', 'Low', 'Close', 'Volume'], dtype='object')
2025-12-27 14:58:39,877 INFO: [Loader Debug] 035720 Date Range: 2019-01-01 00:00:00 ~ 2024-12-20 00:00:00 vs Target: 2022-07-03 ~ 2023-01-01
2025-12-27 14:58:39,878 INFO: [Loader Debug] 035720 Filtered rows: 130
2025-12-27 14:58:39,879 INFO: [Loader Debug] 051910 path: data\cache\051910.parquet exists: True
2025-12-27 14:58:39,881 INFO: [Loader Debug] 051910 raw shape: (1559, 5), index: <class 'pandas.core.indexes.datetimes.DatetimeIndex'>, cols: Index(['Open', 'High', 'Low', 'Close', 'Volume'], dtype='object')
2025-12-27 14:58:39,883 INFO: [Loader Debug] 051910 Date Range: 2019-01-01 00:00:00 ~ 2024-12-20 00:00:00 vs Target: 2022-07-03 ~ 2023-01-01
2025-12-27 14:58:39,884 INFO: [Loader Debug] 051910 Filtered rows: 130
2025-12-27 14:58:39,884 INFO: [Loader Debug] 069500 path: data\cache\069500.parquet exists: True
2025-12-27 14:58:39,887 INFO: [Loader Debug] 069500 raw shape: (1559, 5), index: <class 'pandas.core.indexes.datetimes.DatetimeIndex'>, cols: Index(['Open', 'High', 'Low', 'Close', 'Volume'], dtype='object')
2025-12-27 14:58:39,890 INFO: [Loader Debug] 069500 Date Range: 2019-01-01 00:00:00 ~ 2024-12-20 00:00:00 vs Target: 2022-07-03 ~ 2023-01-01
2025-12-27 14:58:39,891 INFO: [Loader Debug] 069500 Filtered rows: 130
2025-12-27 14:58:39,892 INFO: [Loader Debug] 091160 path: data\cache\091160.parquet exists: True
2025-12-27 14:58:39,894 INFO: [Loader Debug] 091160 raw shape: (1559, 5), index: <class 'pandas.core.indexes.datetimes.DatetimeIndex'>, cols: Index(['Open', 'High', 'Low', 'Close', 'Volume'], dtype='object')
2025-12-27 14:58:39,895 INFO: [Loader Debug] 091160 Date Range: 2019-01-01 00:00:00 ~ 2024-12-20 00:00:00 vs Target: 2022-07-03 ~ 2023-01-01
2025-12-27 14:58:39,896 INFO: [Loader Debug] 091160 Filtered rows: 130
2025-12-27 14:58:39,897 INFO: [Loader Debug] 102110 path: data\cache\102110.parquet exists: True
2025-12-27 14:58:39,899 INFO: [Loader Debug] 102110 raw shape: (1559, 5), index: <class 'pandas.core.indexes.datetimes.DatetimeIndex'>, cols: Index(['Open', 'High', 'Low', 'Close', 'Volume'], dtype='object')
2025-12-27 14:58:39,900 INFO: [Loader Debug] 102110 Date Range: 2019-01-01 00:00:00 ~ 2024-12-20 00:00:00 vs Target: 2022-07-03 ~ 2023-01-01
2025-12-27 14:58:39,904 INFO: [Loader Debug] 102110 Filtered rows: 130
2025-12-27 14:58:39,905 INFO: [Loader Debug] 114800 path: data\cache\114800.parquet exists: True
2025-12-27 14:58:39,908 INFO: [Loader Debug] 114800 raw shape: (1559, 5), index: <class 'pandas.core.indexes.datetimes.DatetimeIndex'>, cols: Index(['Open', 'High', 'Low', 'Close', 'Volume'], dtype='object')
2025-12-27 14:58:39,910 INFO: [Loader Debug] 114800 Date Range: 2019-01-01 00:00:00 ~ 2024-12-20 00:00:00 vs Target: 2022-07-03 ~ 2023-01-01
2025-12-27 14:58:39,911 INFO: [Loader Debug] 114800 Filtered rows: 130
2025-12-27 14:58:39,912 INFO: [Loader Debug] 122630 path: data\cache\122630.parquet exists: True
2025-12-27 14:58:39,913 INFO: [Loader Debug] 122630 raw shape: (1559, 5), index: <class 'pandas.core.indexes.datetimes.DatetimeIndex'>, cols: Index(['Open', 'High', 'Low', 'Close', 'Volume'], dtype='object')
2025-12-27 14:58:39,915 INFO: [Loader Debug] 122630 Date Range: 2019-01-01 00:00:00 ~ 2024-12-20 00:00:00 vs Target: 2022-07-03 ~ 2023-01-01
2025-12-27 14:58:39,916 INFO: [Loader Debug] 122630 Filtered rows: 130
2025-12-27 14:58:39,916 INFO: [Loader Debug] 229200 path: data\cache\229200.parquet exists: True
2025-12-27 14:58:39,918 INFO: [Loader Debug] 229200 raw shape: (1559, 5), index: <class 'pandas.core.indexes.datetimes.DatetimeIndex'>, cols: Index(['Open', 'High', 'Low', 'Close', 'Volume'], dtype='object')
2025-12-27 14:58:39,919 INFO: [Loader Debug] 229200 Date Range: 2019-01-01 00:00:00 ~ 2024-12-20 00:00:00 vs Target: 2022-07-03 ~ 2023-01-01
2025-12-27 14:58:39,920 INFO: [Loader Debug] 229200 Filtered rows: 130
2025-12-27 14:58:39,921 INFO: [Loader Debug] 233740 path: data\cache\233740.parquet exists: True
2025-12-27 14:58:39,923 INFO: [Loader Debug] 233740 raw shape: (1559, 5), index: <class 'pandas.core.indexes.datetimes.DatetimeIndex'>, cols: Index(['Open', 'High', 'Low', 'Close', 'Volume'], dtype='object')
2025-12-27 14:58:39,924 INFO: [Loader Debug] 233740 Date Range: 2019-01-01 00:00:00 ~ 2024-12-20 00:00:00 vs Target: 2022-07-03 ~ 2023-01-01
2025-12-27 14:58:39,925 INFO: [Loader Debug] 233740 Filtered rows: 130
2025-12-27 14:58:39,925 INFO: [Loader Debug] 252670 path: data\cache\252670.parquet exists: True
2025-12-27 14:58:39,927 INFO: [Loader Debug] 252670 raw shape: (1559, 5), index: <class 'pandas.core.indexes.datetimes.DatetimeIndex'>, cols: Index(['Open', 'High', 'Low', 'Close', 'Volume'], dtype='object')
2025-12-27 14:58:39,928 INFO: [Loader Debug] 252670 Date Range: 2019-01-01 00:00:00 ~ 2024-12-20 00:00:00 vs Target: 2022-07-03 ~ 2023-01-01
2025-12-27 14:58:39,929 INFO: [Loader Debug] 252670 Filtered rows: 130
2025-12-27 14:58:39,929 INFO: [Loader Debug] 261240 path: data\cache\261240.parquet exists: True
2025-12-27 14:58:39,931 INFO: [Loader Debug] 261240 raw shape: (1559, 5), index: <class 'pandas.core.indexes.datetimes.DatetimeIndex'>, cols: Index(['Open', 'High', 'Low', 'Close', 'Volume'], dtype='object')
2025-12-27 14:58:39,932 INFO: [Loader Debug] 261240 Date Range: 2019-01-01 00:00:00 ~ 2024-12-20 00:00:00 vs Target: 2022-07-03 ~ 2023-01-01
2025-12-27 14:58:39,933 INFO: [Loader Debug] 261240 Filtered rows: 130
2025-12-27 14:58:39,934 INFO: [Loader Debug] 305720 path: data\cache\305720.parquet exists: True
2025-12-27 14:58:39,935 INFO: [Loader Debug] 305720 raw shape: (1559, 5), index: <class 'pandas.core.indexes.datetimes.DatetimeIndex'>, cols: Index(['Open', 'High', 'Low', 'Close', 'Volume'], dtype='object')
2025-12-27 14:58:39,938 INFO: [Loader Debug] 305720 Date Range: 2019-01-01 00:00:00 ~ 2024-12-20 00:00:00 vs Target: 2022-07-03 ~ 2023-01-01
2025-12-27 14:58:39,939 INFO: [Loader Debug] 305720 Filtered rows: 130
2025-12-27 14:58:39,941 INFO: [Normalization] Initial Shape: (1820, 5), Index: <class 'pandas.core.indexes.multi.MultiIndex'>, Columns: ['open', 'high', 'low', 'close', 'volume']
2025-12-27 14:58:39,941 INFO: [EVIDENCE] Data Pipeline Trace:
1. Load Shape: (1820, 5)
   - Index Type: <class 'pandas.core.indexes.multi.MultiIndex'>
   - Levels: ['code', 'date']
   - Date Range: 2022-07-04 00:00:00 ~ 2022-12-30 00:00:00
   - Unique Symbols: 14 (Sample: ['005930', '035420', '035720'])
2. Universe Coverage: Requested=14, Loaded=14, Missing=0
6. Final Columns: ['open', 'high', 'low', 'close', 'volume']
2025-12-27 14:58:40,037 INFO: ✅ 설정 파일 로드: E:\AI Study\krx_alertor_modular\config\regime_params.yaml
2025-12-27 14:58:40,037 INFO: MarketRegimeDetector 초기화: MA=50/200일, 임계값=2.0/-2.0%
2025-12-27 14:58:40,042 INFO: RSI 프로파일 로드 완료: ['balanced', 'conservative', 'aggressive']
2025-12-27 14:58:40,043 INFO: [EVIDENCE] BacktestRunner.run called with params: ma_period=100, rsi_period=58, stop_loss=0.13
2025-12-27 14:58:40,043 INFO: BacktestEngine 초기화: instrument_type=etf, tax_rate=0.00%
2025-12-27 14:58:40,178 INFO: [EVIDENCE] Main Engine passing params to _run_single_backtest: {'ma_period': 100, 'rsi_period': 58, 'stop_loss_pct': 0.13}
2025-12-27 14:58:40,178 INFO: UNIVERSE requested=14(hash=989dbc28) effective=14(hash=989dbc28)
2025-12-27 14:58:40,178 INFO: [Loader Debug] 005930 path: data\cache\005930.parquet exists: True
2025-12-27 14:58:40,180 INFO: [Loader Debug] 005930 raw shape: (1559, 5), index: <class 'pandas.core.indexes.datetimes.DatetimeIndex'>, cols: Index(['Open', 'High', 'Low', 'Close', 'Volume'], dtype='object')
2025-12-27 14:58:40,182 INFO: [Loader Debug] 005930 Date Range: 2019-01-01 00:00:00 ~ 2024-12-20 00:00:00 vs Target: 2023-01-01 ~ 2023-07-01
2025-12-27 14:58:40,183 INFO: [Loader Debug] 005930 Filtered rows: 130
2025-12-27 14:58:40,183 INFO: [Loader Debug] 035420 path: data\cache\035420.parquet exists: True
2025-12-27 14:58:40,185 INFO: [Loader Debug] 035420 raw shape: (1559, 5), index: <class 'pandas.core.indexes.datetimes.DatetimeIndex'>, cols: Index(['Open', 'High', 'Low', 'Close', 'Volume'], dtype='object')
2025-12-27 14:58:40,186 INFO: [Loader Debug] 035420 Date Range: 2019-01-01 00:00:00 ~ 2024-12-20 00:00:00 vs Target: 2023-01-01 ~ 2023-07-01
2025-12-27 14:58:40,187 INFO: [Loader Debug] 035420 Filtered rows: 130
2025-12-27 14:58:40,188 INFO: [Loader Debug] 035720 path: data\cache\035720.parquet exists: True
2025-12-27 14:58:40,189 INFO: [Loader Debug] 035720 raw shape: (1559, 5), index: <class 'pandas.core.indexes.datetimes.DatetimeIndex'>, cols: Index(['Open', 'High', 'Low', 'Close', 'Volume'], dtype='object')
2025-12-27 14:58:40,191 INFO: [Loader Debug] 035720 Date Range: 2019-01-01 00:00:00 ~ 2024-12-20 00:00:00 vs Target: 2023-01-01 ~ 2023-07-01
2025-12-27 14:58:40,192 INFO: [Loader Debug] 035720 Filtered rows: 130
2025-12-27 14:58:40,193 INFO: [Loader Debug] 051910 path: data\cache\051910.parquet exists: True
2025-12-27 14:58:40,194 INFO: [Loader Debug] 051910 raw shape: (1559, 5), index: <class 'pandas.core.indexes.datetimes.DatetimeIndex'>, cols: Index(['Open', 'High', 'Low', 'Close', 'Volume'], dtype='object')
2025-12-27 14:58:40,196 INFO: [Loader Debug] 051910 Date Range: 2019-01-01 00:00:00 ~ 2024-12-20 00:00:00 vs Target: 2023-01-01 ~ 2023-07-01
2025-12-27 14:58:40,198 INFO: [Loader Debug] 051910 Filtered rows: 130
2025-12-27 14:58:40,198 INFO: [Loader Debug] 069500 path: data\cache\069500.parquet exists: True
2025-12-27 14:58:40,200 INFO: [Loader Debug] 069500 raw shape: (1559, 5), index: <class 'pandas.core.indexes.datetimes.DatetimeIndex'>, cols: Index(['Open', 'High', 'Low', 'Close', 'Volume'], dtype='object')
2025-12-27 14:58:40,201 INFO: [Loader Debug] 069500 Date Range: 2019-01-01 00:00:00 ~ 2024-12-20 00:00:00 vs Target: 2023-01-01 ~ 2023-07-01
2025-12-27 14:58:40,202 INFO: [Loader Debug] 069500 Filtered rows: 130
2025-12-27 14:58:40,202 INFO: [Loader Debug] 091160 path: data\cache\091160.parquet exists: True
2025-12-27 14:58:40,205 INFO: [Loader Debug] 091160 raw shape: (1559, 5), index: <class 'pandas.core.indexes.datetimes.DatetimeIndex'>, cols: Index(['Open', 'High', 'Low', 'Close', 'Volume'], dtype='object')
2025-12-27 14:58:40,207 INFO: [Loader Debug] 091160 Date Range: 2019-01-01 00:00:00 ~ 2024-12-20 00:00:00 vs Target: 2023-01-01 ~ 2023-07-01
2025-12-27 14:58:40,208 INFO: [Loader Debug] 091160 Filtered rows: 130
2025-12-27 14:58:40,208 INFO: [Loader Debug] 102110 path: data\cache\102110.parquet exists: True
2025-12-27 14:58:40,210 INFO: [Loader Debug] 102110 raw shape: (1559, 5), index: <class 'pandas.core.indexes.datetimes.DatetimeIndex'>, cols: Index(['Open', 'High', 'Low', 'Close', 'Volume'], dtype='object')
2025-12-27 14:58:40,211 INFO: [Loader Debug] 102110 Date Range: 2019-01-01 00:00:00 ~ 2024-12-20 00:00:00 vs Target: 2023-01-01 ~ 2023-07-01
2025-12-27 14:58:40,212 INFO: [Loader Debug] 102110 Filtered rows: 130
2025-12-27 14:58:40,213 INFO: [Loader Debug] 114800 path: data\cache\114800.parquet exists: True
2025-12-27 14:58:40,214 INFO: [Loader Debug] 114800 raw shape: (1559, 5), index: <class 'pandas.core.indexes.datetimes.DatetimeIndex'>, cols: Index(['Open', 'High', 'Low', 'Close', 'Volume'], dtype='object')
2025-12-27 14:58:40,215 INFO: [Loader Debug] 114800 Date Range: 2019-01-01 00:00:00 ~ 2024-12-20 00:00:00 vs Target: 2023-01-01 ~ 2023-07-01
2025-12-27 14:58:40,216 INFO: [Loader Debug] 114800 Filtered rows: 130
2025-12-27 14:58:40,217 INFO: [Loader Debug] 122630 path: data\cache\122630.parquet exists: True
2025-12-27 14:58:40,218 INFO: [Loader Debug] 122630 raw shape: (1559, 5), index: <class 'pandas.core.indexes.datetimes.DatetimeIndex'>, cols: Index(['Open', 'High', 'Low', 'Close', 'Volume'], dtype='object')
2025-12-27 14:58:40,220 INFO: [Loader Debug] 122630 Date Range: 2019-01-01 00:00:00 ~ 2024-12-20 00:00:00 vs Target: 2023-01-01 ~ 2023-07-01
2025-12-27 14:58:40,221 INFO: [Loader Debug] 122630 Filtered rows: 130
2025-12-27 14:58:40,222 INFO: [Loader Debug] 229200 path: data\cache\229200.parquet exists: True
2025-12-27 14:58:40,224 INFO: [Loader Debug] 229200 raw shape: (1559, 5), index: <class 'pandas.core.indexes.datetimes.DatetimeIndex'>, cols: Index(['Open', 'High', 'Low', 'Close', 'Volume'], dtype='object')
2025-12-27 14:58:40,225 INFO: [Loader Debug] 229200 Date Range: 2019-01-01 00:00:00 ~ 2024-12-20 00:00:00 vs Target: 2023-01-01 ~ 2023-07-01
2025-12-27 14:58:40,226 INFO: [Loader Debug] 229200 Filtered rows: 130
2025-12-27 14:58:40,227 INFO: [Loader Debug] 233740 path: data\cache\233740.parquet exists: True
2025-12-27 14:58:40,228 INFO: [Loader Debug] 233740 raw shape: (1559, 5), index: <class 'pandas.core.indexes.datetimes.DatetimeIndex'>, cols: Index(['Open', 'High', 'Low', 'Close', 'Volume'], dtype='object')
2025-12-27 14:58:40,230 INFO: [Loader Debug] 233740 Date Range: 2019-01-01 00:00:00 ~ 2024-12-20 00:00:00 vs Target: 2023-01-01 ~ 2023-07-01
2025-12-27 14:58:40,231 INFO: [Loader Debug] 233740 Filtered rows: 130
2025-12-27 14:58:40,231 INFO: [Loader Debug] 252670 path: data\cache\252670.parquet exists: True
2025-12-27 14:58:40,233 INFO: [Loader Debug] 252670 raw shape: (1559, 5), index: <class 'pandas.core.indexes.datetimes.DatetimeIndex'>, cols: Index(['Open', 'High', 'Low', 'Close', 'Volume'], dtype='object')
2025-12-27 14:58:40,234 INFO: [Loader Debug] 252670 Date Range: 2019-01-01 00:00:00 ~ 2024-12-20 00:00:00 vs Target: 2023-01-01 ~ 2023-07-01
2025-12-27 14:58:40,235 INFO: [Loader Debug] 252670 Filtered rows: 130
2025-12-27 14:58:40,235 INFO: [Loader Debug] 261240 path: data\cache\261240.parquet exists: True
2025-12-27 14:58:40,238 INFO: [Loader Debug] 261240 raw shape: (1559, 5), index: <class 'pandas.core.indexes.datetimes.DatetimeIndex'>, cols: Index(['Open', 'High', 'Low', 'Close', 'Volume'], dtype='object')
2025-12-27 14:58:40,240 INFO: [Loader Debug] 261240 Date Range: 2019-01-01 00:00:00 ~ 2024-12-20 00:00:00 vs Target: 2023-01-01 ~ 2023-07-01
2025-12-27 14:58:40,241 INFO: [Loader Debug] 261240 Filtered rows: 130
2025-12-27 14:58:40,241 INFO: [Loader Debug] 305720 path: data\cache\305720.parquet exists: True
2025-12-27 14:58:40,243 INFO: [Loader Debug] 305720 raw shape: (1559, 5), index: <class 'pandas.core.indexes.datetimes.DatetimeIndex'>, cols: Index(['Open', 'High', 'Low', 'Close', 'Volume'], dtype='object')
2025-12-27 14:58:40,245 INFO: [Loader Debug] 305720 Date Range: 2019-01-01 00:00:00 ~ 2024-12-20 00:00:00 vs Target: 2023-01-01 ~ 2023-07-01
2025-12-27 14:58:40,246 INFO: [Loader Debug] 305720 Filtered rows: 130
2025-12-27 14:58:40,247 INFO: [Normalization] Initial Shape: (1820, 5), Index: <class 'pandas.core.indexes.multi.MultiIndex'>, Columns: ['open', 'high', 'low', 'close', 'volume']
2025-12-27 14:58:40,248 INFO: [EVIDENCE] Data Pipeline Trace:
1. Load Shape: (1820, 5)
   - Index Type: <class 'pandas.core.indexes.multi.MultiIndex'>
   - Levels: ['code', 'date']
   - Date Range: 2023-01-02 00:00:00 ~ 2023-06-30 00:00:00
   - Unique Symbols: 14 (Sample: ['005930', '035420', '035720'])
2. Universe Coverage: Requested=14, Loaded=14, Missing=0
6. Final Columns: ['open', 'high', 'low', 'close', 'volume']
2025-12-27 14:58:40,312 INFO: ✅ 설정 파일 로드: E:\AI Study\krx_alertor_modular\config\regime_params.yaml
2025-12-27 14:58:40,312 INFO: MarketRegimeDetector 초기화: MA=50/200일, 임계값=2.0/-2.0%
2025-12-27 14:58:40,316 INFO: RSI 프로파일 로드 완료: ['balanced', 'conservative', 'aggressive']
2025-12-27 14:58:40,316 INFO: [EVIDENCE] BacktestRunner.run called with params: ma_period=100, rsi_period=58, stop_loss=0.13
2025-12-27 14:58:40,316 INFO: BacktestEngine 초기화: instrument_type=etf, tax_rate=0.00%
2025-12-27 14:58:40,447 INFO: Split 계산: Train=24M, Val=6M, Test=6M
2025-12-27 14:58:40,447 INFO: [캐시] lb=6M, key=12b1f247
2025-12-27 14:58:40,448 INFO: [캐시 HIT] lb=6M, key=12b1f247
2025-12-27 14:58:40,495 INFO: ResultPackager: Saving Artifacts...
