2025-12-22 22:24:29,979 WARNING: 백테스트 결과가 비어있음 - 거래 없음 또는 데이터 부족 (기간: 2021-01-04 00:00:00 ~ 2022-12-23 00:00:00), signal_days=0, order_count=0
2025-12-22 22:24:30,081 WARNING: 백테스트 결과가 비어있음 - 거래 없음 또는 데이터 부족 (기간: 2023-03-23 00:00:00 ~ 2023-06-23 00:00:00), signal_days=0, order_count=0
2025-12-22 22:24:31,618 WARNING: 백테스트 결과가 비어있음 - 거래 없음 또는 데이터 부족 (기간: 2021-01-04 00:00:00 ~ 2022-12-23 00:00:00), signal_days=0, order_count=0
2025-12-22 22:24:31,618 WARNING: Evaluation Window Clamped: lookback=6M, target_start=2022-12-23 00:00:00, clamped_start=2022-12-26 00:00:00
2025-12-22 22:24:31,721 WARNING: 백테스트 결과가 비어있음 - 거래 없음 또는 데이터 부족 (기간: 2022-12-26 00:00:00 ~ 2023-06-23 00:00:00), signal_days=0, order_count=0
2025-12-22 22:24:33,268 WARNING: 백테스트 결과가 비어있음 - 거래 없음 또는 데이터 부족 (기간: 2021-01-04 00:00:00 ~ 2022-12-23 00:00:00), signal_days=0, order_count=0
2025-12-22 22:24:33,268 WARNING: Evaluation Window Clamped: lookback=12M, target_start=2022-06-23 00:00:00, clamped_start=2022-12-26 00:00:00
2025-12-22 22:24:33,394 WARNING: 백테스트 결과가 비어있음 - 거래 없음 또는 데이터 부족 (기간: 2022-12-26 00:00:00 ~ 2023-06-23 00:00:00), signal_days=0, order_count=0
2025-12-22 22:24:34,945 WARNING: 백테스트 결과가 비어있음 - 거래 없음 또는 데이터 부족 (기간: 2021-01-04 00:00:00 ~ 2022-12-23 00:00:00), signal_days=0, order_count=0
2025-12-22 22:24:35,056 WARNING: 백테스트 결과가 비어있음 - 거래 없음 또는 데이터 부족 (기간: 2023-03-23 00:00:00 ~ 2023-06-23 00:00:00), signal_days=0, order_count=0
2025-12-22 22:24:36,644 WARNING: 백테스트 결과가 비어있음 - 거래 없음 또는 데이터 부족 (기간: 2021-01-04 00:00:00 ~ 2022-12-23 00:00:00), signal_days=0, order_count=0
2025-12-22 22:24:36,644 WARNING: Evaluation Window Clamped: lookback=6M, target_start=2022-12-23 00:00:00, clamped_start=2022-12-26 00:00:00
2025-12-22 22:24:36,868 WARNING: 백테스트 결과가 비어있음 - 거래 없음 또는 데이터 부족 (기간: 2022-12-26 00:00:00 ~ 2023-06-23 00:00:00), signal_days=0, order_count=0
2025-12-22 22:24:38,458 WARNING: 백테스트 결과가 비어있음 - 거래 없음 또는 데이터 부족 (기간: 2021-01-04 00:00:00 ~ 2022-12-23 00:00:00), signal_days=0, order_count=0
2025-12-22 22:24:38,459 WARNING: Evaluation Window Clamped: lookback=12M, target_start=2022-06-23 00:00:00, clamped_start=2022-12-26 00:00:00
2025-12-22 22:24:38,604 WARNING: 백테스트 결과가 비어있음 - 거래 없음 또는 데이터 부족 (기간: 2022-12-26 00:00:00 ~ 2023-06-23 00:00:00), signal_days=0, order_count=0
2025-12-22 22:24:40,215 WARNING: 백테스트 결과가 비어있음 - 거래 없음 또는 데이터 부족 (기간: 2021-01-04 00:00:00 ~ 2022-12-23 00:00:00), signal_days=0, order_count=0
2025-12-22 22:24:40,431 WARNING: 백테스트 결과가 비어있음 - 거래 없음 또는 데이터 부족 (기간: 2023-03-23 00:00:00 ~ 2023-06-23 00:00:00), signal_days=0, order_count=0
2025-12-22 22:24:42,061 WARNING: 백테스트 결과가 비어있음 - 거래 없음 또는 데이터 부족 (기간: 2021-01-04 00:00:00 ~ 2022-12-23 00:00:00), signal_days=0, order_count=0
2025-12-22 22:24:42,061 WARNING: Evaluation Window Clamped: lookback=6M, target_start=2022-12-23 00:00:00, clamped_start=2022-12-26 00:00:00
2025-12-22 22:24:42,184 WARNING: 백테스트 결과가 비어있음 - 거래 없음 또는 데이터 부족 (기간: 2022-12-26 00:00:00 ~ 2023-06-23 00:00:00), signal_days=0, order_count=0
2025-12-22 22:24:43,741 WARNING: 백테스트 결과가 비어있음 - 거래 없음 또는 데이터 부족 (기간: 2021-01-04 00:00:00 ~ 2022-12-23 00:00:00), signal_days=0, order_count=0
2025-12-22 22:24:43,741 WARNING: Evaluation Window Clamped: lookback=12M, target_start=2022-06-23 00:00:00, clamped_start=2022-12-26 00:00:00
2025-12-22 22:24:43,904 WARNING: 백테스트 결과가 비어있음 - 거래 없음 또는 데이터 부족 (기간: 2022-12-26 00:00:00 ~ 2023-06-23 00:00:00), signal_days=0, order_count=0
2025-12-22 22:24:45,504 WARNING: 백테스트 결과가 비어있음 - 거래 없음 또는 데이터 부족 (기간: 2021-01-04 00:00:00 ~ 2022-12-23 00:00:00), signal_days=0, order_count=0
2025-12-22 22:24:45,649 WARNING: 백테스트 결과가 비어있음 - 거래 없음 또는 데이터 부족 (기간: 2023-03-23 00:00:00 ~ 2023-06-23 00:00:00), signal_days=0, order_count=0
2025-12-22 22:24:47,115 WARNING: 백테스트 결과가 비어있음 - 거래 없음 또는 데이터 부족 (기간: 2021-01-04 00:00:00 ~ 2022-12-23 00:00:00), signal_days=0, order_count=0
2025-12-22 22:24:47,115 WARNING: Evaluation Window Clamped: lookback=6M, target_start=2022-12-23 00:00:00, clamped_start=2022-12-26 00:00:00
2025-12-22 22:24:47,257 WARNING: 백테스트 결과가 비어있음 - 거래 없음 또는 데이터 부족 (기간: 2022-12-26 00:00:00 ~ 2023-06-23 00:00:00), signal_days=0, order_count=0
2025-12-22 22:24:48,762 WARNING: 백테스트 결과가 비어있음 - 거래 없음 또는 데이터 부족 (기간: 2021-01-04 00:00:00 ~ 2022-12-23 00:00:00), signal_days=0, order_count=0
2025-12-22 22:24:48,762 WARNING: Evaluation Window Clamped: lookback=12M, target_start=2022-06-23 00:00:00, clamped_start=2022-12-26 00:00:00
2025-12-22 22:24:48,929 WARNING: 백테스트 결과가 비어있음 - 거래 없음 또는 데이터 부족 (기간: 2022-12-26 00:00:00 ~ 2023-06-23 00:00:00), signal_days=0, order_count=0
2025-12-22 22:24:50,465 WARNING: 백테스트 결과가 비어있음 - 거래 없음 또는 데이터 부족 (기간: 2021-01-04 00:00:00 ~ 2022-12-23 00:00:00), signal_days=0, order_count=0
2025-12-22 22:24:50,613 WARNING: 백테스트 결과가 비어있음 - 거래 없음 또는 데이터 부족 (기간: 2023-03-23 00:00:00 ~ 2023-06-23 00:00:00), signal_days=0, order_count=0
2025-12-22 22:24:52,041 WARNING: 백테스트 결과가 비어있음 - 거래 없음 또는 데이터 부족 (기간: 2021-01-04 00:00:00 ~ 2022-12-23 00:00:00), signal_days=0, order_count=0
2025-12-22 22:24:52,041 WARNING: Evaluation Window Clamped: lookback=6M, target_start=2022-12-23 00:00:00, clamped_start=2022-12-26 00:00:00
2025-12-22 22:24:52,168 WARNING: 백테스트 결과가 비어있음 - 거래 없음 또는 데이터 부족 (기간: 2022-12-26 00:00:00 ~ 2023-06-23 00:00:00), signal_days=0, order_count=0
2025-12-22 22:24:53,792 WARNING: 백테스트 결과가 비어있음 - 거래 없음 또는 데이터 부족 (기간: 2021-01-04 00:00:00 ~ 2022-12-23 00:00:00), signal_days=0, order_count=0
2025-12-22 22:24:53,792 WARNING: Evaluation Window Clamped: lookback=12M, target_start=2022-06-23 00:00:00, clamped_start=2022-12-26 00:00:00
2025-12-22 22:24:53,981 WARNING: 백테스트 결과가 비어있음 - 거래 없음 또는 데이터 부족 (기간: 2022-12-26 00:00:00 ~ 2023-06-23 00:00:00), signal_days=0, order_count=0
2025-12-22 22:24:53,982 WARNING: No valid trials found. Saving BEST ATTEMPT for evidence.
2025-12-22 22:24:54,175 WARNING: 백테스트 결과가 비어있음 - 거래 없음 또는 데이터 부족 (기간: 2022-04-01 00:00:00 ~ 2022-07-01 00:00:00), signal_days=0, order_count=0
2025-12-22 22:24:54,342 WARNING: 백테스트 결과가 비어있음 - 거래 없음 또는 데이터 부족 (기간: 2022-10-01 00:00:00 ~ 2023-01-01 00:00:00), signal_days=0, order_count=0
2025-12-22 22:24:54,589 WARNING: 백테스트 결과가 비어있음 - 거래 없음 또는 데이터 부족 (기간: 2023-04-01 00:00:00 ~ 2023-07-01 00:00:00), signal_days=0, order_count=0
2025-12-22 22:24:54,639 ERROR: Orchestrator Crash: 'RunManifest' object is not subscriptable
Traceback (most recent call last):
  File "E:\AI Study\krx_alertor_modular\tools\run_phase15_realdata.py", line 452, in run_strict_phase15
    if target_key not in manifest["results"]:
                         ~~~~~~~~^^^^^^^^^^^
TypeError: 'RunManifest' object is not subscriptable
2025-12-22 22:24:54,640 CRITICAL: Uncaught Exception:
Traceback (most recent call last):
  File "<frozen runpy>", line 198, in _run_module_as_main
  File "<frozen runpy>", line 88, in _run_code
  File "E:\AI Study\krx_alertor_modular\tools\run_phase15_realdata.py", line 499, in <module>
    run_strict_phase15("A", args)
    ~~~~~~~~~~~~~~~~~~^^^^^^^^^^^
  File "E:\AI Study\krx_alertor_modular\tools\run_phase15_realdata.py", line 452, in run_strict_phase15
    if target_key not in manifest["results"]:
                         ~~~~~~~~^^^^^^^^^^^
TypeError: 'RunManifest' object is not subscriptable
