2025-12-28 12:59:00,226 INFO: === STRICT PHASE 1.5 START (RunID: real_20251228_125900_bc8b00) ===
2025-12-28 12:59:00,364 INFO: NumExpr defaulting to 12 threads.
2025-12-28 12:59:00,510 INFO: [Phase 0] Preflight Check
2025-12-28 12:59:01,005 INFO: 캐시 기반 유니버스: 14개 종목 (지수 코드 제외)
2025-12-28 12:59:01,005 INFO: [Loader Debug] 005930 path: data\cache\005930.parquet exists: True
2025-12-28 12:59:01,051 INFO: [Loader Debug] 005930 raw shape: (1559, 5), index: <class 'pandas.core.indexes.datetimes.DatetimeIndex'>, cols: Index(['Open', 'High', 'Low', 'Close', 'Volume'], dtype='object')
2025-12-28 12:59:01,057 INFO: [Loader Debug] 005930 Date Range: 2019-01-01 00:00:00 ~ 2024-12-20 00:00:00 vs Target: 2021-01-01 ~ 2021-01-31
2025-12-28 12:59:01,058 INFO: [Loader Debug] 005930 Filtered rows: 21
2025-12-28 12:59:01,115 INFO: [Phase 1] Tuning Loop
2025-12-28 12:59:01,116 INFO: [Phase 4] Persistence Enabled: sqlite:///data\tuning_runs\real_20251228_125900_bc8b00/optuna.db
2025-12-28 12:59:01,528 INFO: Split 계산: Train=16M, Val=14M, Test=6M
2025-12-28 12:59:01,529 INFO: [캐시] lb=3M, key=f61310f4
2025-12-28 12:59:01,549 INFO: UNIVERSE requested=14(hash=989dbc28) effective=14(hash=989dbc28)
2025-12-28 12:59:01,550 INFO: [Loader Debug] 005930 path: data\cache\005930.parquet exists: True
2025-12-28 12:59:01,552 INFO: [Loader Debug] 005930 raw shape: (1559, 5), index: <class 'pandas.core.indexes.datetimes.DatetimeIndex'>, cols: Index(['Open', 'High', 'Low', 'Close', 'Volume'], dtype='object')
2025-12-28 12:59:01,554 INFO: [Loader Debug] 005930 Date Range: 2019-01-01 00:00:00 ~ 2024-12-20 00:00:00 vs Target: 2020-10-06 ~ 2022-04-29
2025-12-28 12:59:01,554 INFO: [Loader Debug] 005930 Filtered rows: 409
2025-12-28 12:59:01,555 INFO: [Loader Debug] 035420 path: data\cache\035420.parquet exists: True
2025-12-28 12:59:01,556 INFO: [Loader Debug] 035420 raw shape: (1559, 5), index: <class 'pandas.core.indexes.datetimes.DatetimeIndex'>, cols: Index(['Open', 'High', 'Low', 'Close', 'Volume'], dtype='object')
2025-12-28 12:59:01,557 INFO: [Loader Debug] 035420 Date Range: 2019-01-01 00:00:00 ~ 2024-12-20 00:00:00 vs Target: 2020-10-06 ~ 2022-04-29
2025-12-28 12:59:01,558 INFO: [Loader Debug] 035420 Filtered rows: 409
2025-12-28 12:59:01,558 INFO: [Loader Debug] 035720 path: data\cache\035720.parquet exists: True
2025-12-28 12:59:01,560 INFO: [Loader Debug] 035720 raw shape: (1559, 5), index: <class 'pandas.core.indexes.datetimes.DatetimeIndex'>, cols: Index(['Open', 'High', 'Low', 'Close', 'Volume'], dtype='object')
2025-12-28 12:59:01,561 INFO: [Loader Debug] 035720 Date Range: 2019-01-01 00:00:00 ~ 2024-12-20 00:00:00 vs Target: 2020-10-06 ~ 2022-04-29
2025-12-28 12:59:01,562 INFO: [Loader Debug] 035720 Filtered rows: 409
2025-12-28 12:59:01,562 INFO: [Loader Debug] 051910 path: data\cache\051910.parquet exists: True
2025-12-28 12:59:01,563 INFO: [Loader Debug] 051910 raw shape: (1559, 5), index: <class 'pandas.core.indexes.datetimes.DatetimeIndex'>, cols: Index(['Open', 'High', 'Low', 'Close', 'Volume'], dtype='object')
2025-12-28 12:59:01,565 INFO: [Loader Debug] 051910 Date Range: 2019-01-01 00:00:00 ~ 2024-12-20 00:00:00 vs Target: 2020-10-06 ~ 2022-04-29
2025-12-28 12:59:01,566 INFO: [Loader Debug] 051910 Filtered rows: 409
2025-12-28 12:59:01,566 INFO: [Loader Debug] 069500 path: data\cache\069500.parquet exists: True
2025-12-28 12:59:01,568 INFO: [Loader Debug] 069500 raw shape: (1559, 5), index: <class 'pandas.core.indexes.datetimes.DatetimeIndex'>, cols: Index(['Open', 'High', 'Low', 'Close', 'Volume'], dtype='object')
2025-12-28 12:59:01,569 INFO: [Loader Debug] 069500 Date Range: 2019-01-01 00:00:00 ~ 2024-12-20 00:00:00 vs Target: 2020-10-06 ~ 2022-04-29
2025-12-28 12:59:01,570 INFO: [Loader Debug] 069500 Filtered rows: 409
2025-12-28 12:59:01,570 INFO: [Loader Debug] 091160 path: data\cache\091160.parquet exists: True
2025-12-28 12:59:01,571 INFO: [Loader Debug] 091160 raw shape: (1559, 5), index: <class 'pandas.core.indexes.datetimes.DatetimeIndex'>, cols: Index(['Open', 'High', 'Low', 'Close', 'Volume'], dtype='object')
2025-12-28 12:59:01,572 INFO: [Loader Debug] 091160 Date Range: 2019-01-01 00:00:00 ~ 2024-12-20 00:00:00 vs Target: 2020-10-06 ~ 2022-04-29
2025-12-28 12:59:01,573 INFO: [Loader Debug] 091160 Filtered rows: 409
2025-12-28 12:59:01,573 INFO: [Loader Debug] 102110 path: data\cache\102110.parquet exists: True
2025-12-28 12:59:01,575 INFO: [Loader Debug] 102110 raw shape: (1559, 5), index: <class 'pandas.core.indexes.datetimes.DatetimeIndex'>, cols: Index(['Open', 'High', 'Low', 'Close', 'Volume'], dtype='object')
2025-12-28 12:59:01,576 INFO: [Loader Debug] 102110 Date Range: 2019-01-01 00:00:00 ~ 2024-12-20 00:00:00 vs Target: 2020-10-06 ~ 2022-04-29
2025-12-28 12:59:01,577 INFO: [Loader Debug] 102110 Filtered rows: 409
2025-12-28 12:59:01,577 INFO: [Loader Debug] 114800 path: data\cache\114800.parquet exists: True
2025-12-28 12:59:01,579 INFO: [Loader Debug] 114800 raw shape: (1559, 5), index: <class 'pandas.core.indexes.datetimes.DatetimeIndex'>, cols: Index(['Open', 'High', 'Low', 'Close', 'Volume'], dtype='object')
2025-12-28 12:59:01,580 INFO: [Loader Debug] 114800 Date Range: 2019-01-01 00:00:00 ~ 2024-12-20 00:00:00 vs Target: 2020-10-06 ~ 2022-04-29
2025-12-28 12:59:01,581 INFO: [Loader Debug] 114800 Filtered rows: 409
2025-12-28 12:59:01,581 INFO: [Loader Debug] 122630 path: data\cache\122630.parquet exists: True
2025-12-28 12:59:01,583 INFO: [Loader Debug] 122630 raw shape: (1559, 5), index: <class 'pandas.core.indexes.datetimes.DatetimeIndex'>, cols: Index(['Open', 'High', 'Low', 'Close', 'Volume'], dtype='object')
2025-12-28 12:59:01,584 INFO: [Loader Debug] 122630 Date Range: 2019-01-01 00:00:00 ~ 2024-12-20 00:00:00 vs Target: 2020-10-06 ~ 2022-04-29
2025-12-28 12:59:01,585 INFO: [Loader Debug] 122630 Filtered rows: 409
2025-12-28 12:59:01,585 INFO: [Loader Debug] 229200 path: data\cache\229200.parquet exists: True
2025-12-28 12:59:01,586 INFO: [Loader Debug] 229200 raw shape: (1559, 5), index: <class 'pandas.core.indexes.datetimes.DatetimeIndex'>, cols: Index(['Open', 'High', 'Low', 'Close', 'Volume'], dtype='object')
2025-12-28 12:59:01,587 INFO: [Loader Debug] 229200 Date Range: 2019-01-01 00:00:00 ~ 2024-12-20 00:00:00 vs Target: 2020-10-06 ~ 2022-04-29
2025-12-28 12:59:01,588 INFO: [Loader Debug] 229200 Filtered rows: 409
2025-12-28 12:59:01,588 INFO: [Loader Debug] 233740 path: data\cache\233740.parquet exists: True
2025-12-28 12:59:01,590 INFO: [Loader Debug] 233740 raw shape: (1559, 5), index: <class 'pandas.core.indexes.datetimes.DatetimeIndex'>, cols: Index(['Open', 'High', 'Low', 'Close', 'Volume'], dtype='object')
2025-12-28 12:59:01,591 INFO: [Loader Debug] 233740 Date Range: 2019-01-01 00:00:00 ~ 2024-12-20 00:00:00 vs Target: 2020-10-06 ~ 2022-04-29
2025-12-28 12:59:01,592 INFO: [Loader Debug] 233740 Filtered rows: 409
2025-12-28 12:59:01,592 INFO: [Loader Debug] 252670 path: data\cache\252670.parquet exists: True
2025-12-28 12:59:01,593 INFO: [Loader Debug] 252670 raw shape: (1559, 5), index: <class 'pandas.core.indexes.datetimes.DatetimeIndex'>, cols: Index(['Open', 'High', 'Low', 'Close', 'Volume'], dtype='object')
2025-12-28 12:59:01,594 INFO: [Loader Debug] 252670 Date Range: 2019-01-01 00:00:00 ~ 2024-12-20 00:00:00 vs Target: 2020-10-06 ~ 2022-04-29
2025-12-28 12:59:01,595 INFO: [Loader Debug] 252670 Filtered rows: 409
2025-12-28 12:59:01,596 INFO: [Loader Debug] 261240 path: data\cache\261240.parquet exists: True
2025-12-28 12:59:01,597 INFO: [Loader Debug] 261240 raw shape: (1559, 5), index: <class 'pandas.core.indexes.datetimes.DatetimeIndex'>, cols: Index(['Open', 'High', 'Low', 'Close', 'Volume'], dtype='object')
2025-12-28 12:59:01,598 INFO: [Loader Debug] 261240 Date Range: 2019-01-01 00:00:00 ~ 2024-12-20 00:00:00 vs Target: 2020-10-06 ~ 2022-04-29
2025-12-28 12:59:01,599 INFO: [Loader Debug] 261240 Filtered rows: 409
2025-12-28 12:59:01,600 INFO: [Loader Debug] 305720 path: data\cache\305720.parquet exists: True
2025-12-28 12:59:01,601 INFO: [Loader Debug] 305720 raw shape: (1559, 5), index: <class 'pandas.core.indexes.datetimes.DatetimeIndex'>, cols: Index(['Open', 'High', 'Low', 'Close', 'Volume'], dtype='object')
2025-12-28 12:59:01,602 INFO: [Loader Debug] 305720 Date Range: 2019-01-01 00:00:00 ~ 2024-12-20 00:00:00 vs Target: 2020-10-06 ~ 2022-04-29
2025-12-28 12:59:01,603 INFO: [Loader Debug] 305720 Filtered rows: 409
2025-12-28 12:59:01,605 INFO: [Normalization] Initial Shape: (5726, 5), Index: <class 'pandas.core.indexes.multi.MultiIndex'>, Columns: ['open', 'high', 'low', 'close', 'volume']
2025-12-28 12:59:01,606 INFO: [EVIDENCE] Data Pipeline Trace:
1. Load Shape: (5726, 5)
   - Index Type: <class 'pandas.core.indexes.multi.MultiIndex'>
   - Levels: ['code', 'date']
   - Date Range: 2020-10-06 00:00:00 ~ 2022-04-29 00:00:00
   - Unique Symbols: 14 (Sample: ['005930', '035420', '035720'])
2. Universe Coverage: Requested=14, Loaded=14, Missing=0
6. Final Columns: ['open', 'high', 'low', 'close', 'volume']
2025-12-28 12:59:06,703 INFO: ✅ 설정 파일 로드: E:\AI Study\krx_alertor_modular\config\regime_params.yaml
2025-12-28 12:59:06,703 INFO: MarketRegimeDetector 초기화: MA=50/200일, 임계값=2.0/-2.0%
2025-12-28 12:59:06,707 INFO: RSI 프로파일 로드 완료: ['balanced', 'conservative', 'aggressive']
2025-12-28 12:59:06,707 INFO: [EVIDENCE] BacktestRunner.run called with params: ma_period=100, rsi_period=58, stop_loss=0.13
2025-12-28 12:59:06,707 INFO: BacktestEngine 초기화: instrument_type=etf, tax_rate=0.00%
2025-12-28 12:59:06,770 WARNING: 매수 불가 (035720): 자금 부족: 1,149,313 > 266,120
2025-12-28 12:59:06,771 WARNING: 매수 불가 (035720): 자금 부족: 11,446,046 > 9,949,290
2025-12-28 12:59:06,772 WARNING: 매수 불가 (035720): 자금 부족: 11,271,107 > 9,949,290
2025-12-28 12:59:06,772 WARNING: 매수 불가 (035720): 자금 부족: 11,117,170 > 9,949,290
2025-12-28 12:59:06,773 WARNING: 매수 불가 (035720): 자금 부족: 11,427,514 > 9,949,290
2025-12-28 12:59:06,785 WARNING: 매수 불가 (252670): 자금 부족: 1,132,509 > 968,927
2025-12-28 12:59:06,785 WARNING: 매수 불가 (229200): 자금 부족: 1,070,557 > 968,927
2025-12-28 12:59:06,786 WARNING: 매수 불가 (229200): 자금 부족: 5,700,540 > 4,325,534
2025-12-28 12:59:06,786 WARNING: 매수 불가 (229200): 자금 부족: 11,475,088 > 9,878,564
2025-12-28 12:59:06,787 WARNING: 매수 불가 (229200): 자금 부족: 11,345,826 > 9,878,564
2025-12-28 12:59:06,787 WARNING: 매수 불가 (229200): 자금 부족: 11,424,521 > 9,878,564
2025-12-28 12:59:06,799 WARNING: 매수 불가 (252670): 자금 부족: 1,093,487 > 372,376
2025-12-28 12:59:06,800 WARNING: 매수 불가 (252670): 자금 부족: 11,003,929 > 9,855,979
2025-12-28 12:59:06,800 WARNING: 매수 불가 (252670): 자금 부족: 10,786,830 > 9,855,979
2025-12-28 12:59:06,801 WARNING: 매수 불가 (252670): 자금 부족: 10,708,024 > 9,855,979
2025-12-28 12:59:06,801 WARNING: 매수 불가 (252670): 자금 부족: 10,674,966 > 9,855,979
2025-12-28 12:59:06,814 WARNING: 매수 불가 (091160): 자금 부족: 1,063,237 > 1,053,023
2025-12-28 12:59:06,815 WARNING: 매수 불가 (091160): 자금 부족: 10,927,078 > 9,960,647
2025-12-28 12:59:06,815 WARNING: 매수 불가 (091160): 자금 부족: 11,140,973 > 9,960,647
2025-12-28 12:59:06,816 WARNING: 매수 불가 (091160): 자금 부족: 11,060,316 > 9,960,647
2025-12-28 12:59:06,816 WARNING: 매수 불가 (091160): 자금 부족: 11,103,415 > 9,960,647
2025-12-28 12:59:06,828 WARNING: 매수 불가 (102110): 자금 부족: 1,020,830 > 886,456
2025-12-28 12:59:06,829 WARNING: 매수 불가 (102110): 자금 부족: 11,223,961 > 9,929,056
2025-12-28 12:59:06,829 WARNING: 매수 불가 (102110): 자금 부족: 11,157,171 > 9,929,056
2025-12-28 12:59:06,830 WARNING: 매수 불가 (102110): 자금 부족: 11,252,588 > 9,929,056
2025-12-28 12:59:06,830 WARNING: 매수 불가 (102110): 자금 부족: 11,157,254 > 9,929,056
2025-12-28 12:59:06,842 WARNING: 매수 불가 (252670): 자금 부족: 1,116,448 > 991,054
2025-12-28 12:59:06,843 WARNING: 매수 불가 (252670): 자금 부족: 11,007,285 > 9,931,208
2025-12-28 12:59:06,844 WARNING: 매수 불가 (252670): 자금 부족: 11,213,914 > 9,931,208
2025-12-28 12:59:06,844 WARNING: 매수 불가 (252670): 자금 부족: 11,360,111 > 9,931,208
2025-12-28 12:59:06,845 WARNING: 매수 불가 (252670): 자금 부족: 11,347,755 > 9,931,208
2025-12-28 12:59:06,951 WARNING: 매수 불가 (091160): 자금 부족: 1,003,874 > 913,807
2025-12-28 12:59:06,953 WARNING: 매수 불가 (091160): 자금 부족: 10,630,707 > 9,849,141
2025-12-28 12:59:06,953 WARNING: 매수 불가 (091160): 자금 부족: 10,662,941 > 9,849,141
2025-12-28 12:59:06,954 WARNING: 매수 불가 (091160): 자금 부족: 10,391,017 > 9,849,141
2025-12-28 12:59:06,954 WARNING: 매수 불가 (091160): 자금 부족: 10,433,428 > 9,849,141
2025-12-28 12:59:06,967 WARNING: 매수 불가 (252670): 자금 부족: 1,041,034 > 809,786
2025-12-28 12:59:06,967 WARNING: 매수 불가 (252670): 자금 부족: 10,510,669 > 9,717,511
2025-12-28 12:59:06,968 WARNING: 매수 불가 (252670): 자금 부족: 10,389,008 > 9,717,511
2025-12-28 12:59:06,969 WARNING: 매수 불가 (252670): 자금 부족: 10,490,639 > 9,717,511
2025-12-28 12:59:06,969 WARNING: 매수 불가 (252670): 자금 부족: 10,416,319 > 9,717,511
2025-12-28 12:59:06,981 WARNING: 매수 불가 (305720): 자금 부족: 1,027,504 > 678,557
2025-12-28 12:59:06,982 WARNING: 매수 불가 (305720): 자금 부족: 10,432,945 > 9,758,367
2025-12-28 12:59:06,983 WARNING: 매수 불가 (305720): 자금 부족: 10,578,367 > 9,758,367
2025-12-28 12:59:06,983 WARNING: 매수 불가 (305720): 자금 부족: 10,618,596 > 9,758,367
2025-12-28 12:59:06,984 WARNING: 매수 불가 (305720): 자금 부족: 10,690,621 > 9,758,367
2025-12-28 12:59:07,014 WARNING: 매수 불가 (114800): 자금 부족: 974,395 > 912,637
2025-12-28 12:59:07,014 WARNING: 매수 불가 (114800): 자금 부족: 10,489,619 > 9,678,570
2025-12-28 12:59:07,015 WARNING: 매수 불가 (114800): 자금 부족: 10,572,529 > 9,678,570
2025-12-28 12:59:07,016 WARNING: 매수 불가 (114800): 자금 부족: 10,433,385 > 9,678,570
2025-12-28 12:59:07,016 WARNING: 매수 불가 (114800): 자금 부족: 10,218,955 > 9,678,570
2025-12-28 12:59:07,562 INFO: UNIVERSE requested=14(hash=989dbc28) effective=14(hash=989dbc28)
2025-12-28 12:59:07,562 INFO: [Loader Debug] 005930 path: data\cache\005930.parquet exists: True
2025-12-28 12:59:07,564 INFO: [Loader Debug] 005930 raw shape: (1559, 5), index: <class 'pandas.core.indexes.datetimes.DatetimeIndex'>, cols: Index(['Open', 'High', 'Low', 'Close', 'Volume'], dtype='object')
2025-12-28 12:59:07,566 INFO: [Loader Debug] 005930 Date Range: 2019-01-01 00:00:00 ~ 2024-12-20 00:00:00 vs Target: 2022-12-23 ~ 2023-06-23
2025-12-28 12:59:07,567 INFO: [Loader Debug] 005930 Filtered rows: 131
2025-12-28 12:59:07,567 INFO: [Loader Debug] 035420 path: data\cache\035420.parquet exists: True
2025-12-28 12:59:07,569 INFO: [Loader Debug] 035420 raw shape: (1559, 5), index: <class 'pandas.core.indexes.datetimes.DatetimeIndex'>, cols: Index(['Open', 'High', 'Low', 'Close', 'Volume'], dtype='object')
2025-12-28 12:59:07,570 INFO: [Loader Debug] 035420 Date Range: 2019-01-01 00:00:00 ~ 2024-12-20 00:00:00 vs Target: 2022-12-23 ~ 2023-06-23
2025-12-28 12:59:07,571 INFO: [Loader Debug] 035420 Filtered rows: 131
2025-12-28 12:59:07,571 INFO: [Loader Debug] 035720 path: data\cache\035720.parquet exists: True
2025-12-28 12:59:07,572 INFO: [Loader Debug] 035720 raw shape: (1559, 5), index: <class 'pandas.core.indexes.datetimes.DatetimeIndex'>, cols: Index(['Open', 'High', 'Low', 'Close', 'Volume'], dtype='object')
2025-12-28 12:59:07,573 INFO: [Loader Debug] 035720 Date Range: 2019-01-01 00:00:00 ~ 2024-12-20 00:00:00 vs Target: 2022-12-23 ~ 2023-06-23
2025-12-28 12:59:07,574 INFO: [Loader Debug] 035720 Filtered rows: 131
2025-12-28 12:59:07,574 INFO: [Loader Debug] 051910 path: data\cache\051910.parquet exists: True
2025-12-28 12:59:07,576 INFO: [Loader Debug] 051910 raw shape: (1559, 5), index: <class 'pandas.core.indexes.datetimes.DatetimeIndex'>, cols: Index(['Open', 'High', 'Low', 'Close', 'Volume'], dtype='object')
2025-12-28 12:59:07,577 INFO: [Loader Debug] 051910 Date Range: 2019-01-01 00:00:00 ~ 2024-12-20 00:00:00 vs Target: 2022-12-23 ~ 2023-06-23
2025-12-28 12:59:07,578 INFO: [Loader Debug] 051910 Filtered rows: 131
2025-12-28 12:59:07,578 INFO: [Loader Debug] 069500 path: data\cache\069500.parquet exists: True
2025-12-28 12:59:07,580 INFO: [Loader Debug] 069500 raw shape: (1559, 5), index: <class 'pandas.core.indexes.datetimes.DatetimeIndex'>, cols: Index(['Open', 'High', 'Low', 'Close', 'Volume'], dtype='object')
2025-12-28 12:59:07,581 INFO: [Loader Debug] 069500 Date Range: 2019-01-01 00:00:00 ~ 2024-12-20 00:00:00 vs Target: 2022-12-23 ~ 2023-06-23
2025-12-28 12:59:07,582 INFO: [Loader Debug] 069500 Filtered rows: 131
2025-12-28 12:59:07,582 INFO: [Loader Debug] 091160 path: data\cache\091160.parquet exists: True
2025-12-28 12:59:07,584 INFO: [Loader Debug] 091160 raw shape: (1559, 5), index: <class 'pandas.core.indexes.datetimes.DatetimeIndex'>, cols: Index(['Open', 'High', 'Low', 'Close', 'Volume'], dtype='object')
2025-12-28 12:59:07,585 INFO: [Loader Debug] 091160 Date Range: 2019-01-01 00:00:00 ~ 2024-12-20 00:00:00 vs Target: 2022-12-23 ~ 2023-06-23
2025-12-28 12:59:07,586 INFO: [Loader Debug] 091160 Filtered rows: 131
2025-12-28 12:59:07,586 INFO: [Loader Debug] 102110 path: data\cache\102110.parquet exists: True
2025-12-28 12:59:07,587 INFO: [Loader Debug] 102110 raw shape: (1559, 5), index: <class 'pandas.core.indexes.datetimes.DatetimeIndex'>, cols: Index(['Open', 'High', 'Low', 'Close', 'Volume'], dtype='object')
2025-12-28 12:59:07,588 INFO: [Loader Debug] 102110 Date Range: 2019-01-01 00:00:00 ~ 2024-12-20 00:00:00 vs Target: 2022-12-23 ~ 2023-06-23
2025-12-28 12:59:07,589 INFO: [Loader Debug] 102110 Filtered rows: 131
2025-12-28 12:59:07,589 INFO: [Loader Debug] 114800 path: data\cache\114800.parquet exists: True
2025-12-28 12:59:07,591 INFO: [Loader Debug] 114800 raw shape: (1559, 5), index: <class 'pandas.core.indexes.datetimes.DatetimeIndex'>, cols: Index(['Open', 'High', 'Low', 'Close', 'Volume'], dtype='object')
2025-12-28 12:59:07,592 INFO: [Loader Debug] 114800 Date Range: 2019-01-01 00:00:00 ~ 2024-12-20 00:00:00 vs Target: 2022-12-23 ~ 2023-06-23
2025-12-28 12:59:07,593 INFO: [Loader Debug] 114800 Filtered rows: 131
2025-12-28 12:59:07,593 INFO: [Loader Debug] 122630 path: data\cache\122630.parquet exists: True
2025-12-28 12:59:07,594 INFO: [Loader Debug] 122630 raw shape: (1559, 5), index: <class 'pandas.core.indexes.datetimes.DatetimeIndex'>, cols: Index(['Open', 'High', 'Low', 'Close', 'Volume'], dtype='object')
2025-12-28 12:59:07,596 INFO: [Loader Debug] 122630 Date Range: 2019-01-01 00:00:00 ~ 2024-12-20 00:00:00 vs Target: 2022-12-23 ~ 2023-06-23
2025-12-28 12:59:07,596 INFO: [Loader Debug] 122630 Filtered rows: 131
2025-12-28 12:59:07,597 INFO: [Loader Debug] 229200 path: data\cache\229200.parquet exists: True
2025-12-28 12:59:07,598 INFO: [Loader Debug] 229200 raw shape: (1559, 5), index: <class 'pandas.core.indexes.datetimes.DatetimeIndex'>, cols: Index(['Open', 'High', 'Low', 'Close', 'Volume'], dtype='object')
2025-12-28 12:59:07,599 INFO: [Loader Debug] 229200 Date Range: 2019-01-01 00:00:00 ~ 2024-12-20 00:00:00 vs Target: 2022-12-23 ~ 2023-06-23
2025-12-28 12:59:07,600 INFO: [Loader Debug] 229200 Filtered rows: 131
2025-12-28 12:59:07,601 INFO: [Loader Debug] 233740 path: data\cache\233740.parquet exists: True
2025-12-28 12:59:07,602 INFO: [Loader Debug] 233740 raw shape: (1559, 5), index: <class 'pandas.core.indexes.datetimes.DatetimeIndex'>, cols: Index(['Open', 'High', 'Low', 'Close', 'Volume'], dtype='object')
2025-12-28 12:59:07,603 INFO: [Loader Debug] 233740 Date Range: 2019-01-01 00:00:00 ~ 2024-12-20 00:00:00 vs Target: 2022-12-23 ~ 2023-06-23
2025-12-28 12:59:07,604 INFO: [Loader Debug] 233740 Filtered rows: 131
2025-12-28 12:59:07,604 INFO: [Loader Debug] 252670 path: data\cache\252670.parquet exists: True
2025-12-28 12:59:07,606 INFO: [Loader Debug] 252670 raw shape: (1559, 5), index: <class 'pandas.core.indexes.datetimes.DatetimeIndex'>, cols: Index(['Open', 'High', 'Low', 'Close', 'Volume'], dtype='object')
2025-12-28 12:59:07,607 INFO: [Loader Debug] 252670 Date Range: 2019-01-01 00:00:00 ~ 2024-12-20 00:00:00 vs Target: 2022-12-23 ~ 2023-06-23
2025-12-28 12:59:07,607 INFO: [Loader Debug] 252670 Filtered rows: 131
2025-12-28 12:59:07,608 INFO: [Loader Debug] 261240 path: data\cache\261240.parquet exists: True
2025-12-28 12:59:07,609 INFO: [Loader Debug] 261240 raw shape: (1559, 5), index: <class 'pandas.core.indexes.datetimes.DatetimeIndex'>, cols: Index(['Open', 'High', 'Low', 'Close', 'Volume'], dtype='object')
2025-12-28 12:59:07,612 INFO: [Loader Debug] 261240 Date Range: 2019-01-01 00:00:00 ~ 2024-12-20 00:00:00 vs Target: 2022-12-23 ~ 2023-06-23
2025-12-28 12:59:07,614 INFO: [Loader Debug] 261240 Filtered rows: 131
2025-12-28 12:59:07,614 INFO: [Loader Debug] 305720 path: data\cache\305720.parquet exists: True
2025-12-28 12:59:07,615 INFO: [Loader Debug] 305720 raw shape: (1559, 5), index: <class 'pandas.core.indexes.datetimes.DatetimeIndex'>, cols: Index(['Open', 'High', 'Low', 'Close', 'Volume'], dtype='object')
2025-12-28 12:59:07,616 INFO: [Loader Debug] 305720 Date Range: 2019-01-01 00:00:00 ~ 2024-12-20 00:00:00 vs Target: 2022-12-23 ~ 2023-06-23
2025-12-28 12:59:07,618 INFO: [Loader Debug] 305720 Filtered rows: 131
2025-12-28 12:59:07,619 INFO: [Normalization] Initial Shape: (1834, 5), Index: <class 'pandas.core.indexes.multi.MultiIndex'>, Columns: ['open', 'high', 'low', 'close', 'volume']
2025-12-28 12:59:07,620 INFO: [EVIDENCE] Data Pipeline Trace:
1. Load Shape: (1834, 5)
   - Index Type: <class 'pandas.core.indexes.multi.MultiIndex'>
   - Levels: ['code', 'date']
   - Date Range: 2022-12-23 00:00:00 ~ 2023-06-23 00:00:00
   - Unique Symbols: 14 (Sample: ['005930', '035420', '035720'])
2. Universe Coverage: Requested=14, Loaded=14, Missing=0
6. Final Columns: ['open', 'high', 'low', 'close', 'volume']
2025-12-28 12:59:07,685 INFO: ✅ 설정 파일 로드: E:\AI Study\krx_alertor_modular\config\regime_params.yaml
2025-12-28 12:59:07,686 INFO: MarketRegimeDetector 초기화: MA=50/200일, 임계값=2.0/-2.0%
2025-12-28 12:59:07,690 INFO: RSI 프로파일 로드 완료: ['balanced', 'conservative', 'aggressive']
2025-12-28 12:59:07,690 INFO: [EVIDENCE] BacktestRunner.run called with params: ma_period=100, rsi_period=58, stop_loss=0.13
2025-12-28 12:59:07,690 INFO: BacktestEngine 초기화: instrument_type=etf, tax_rate=0.00%
2025-12-28 12:59:07,745 WARNING: 매수 불가 (233740): 자금 부족: 917,959 > 366,366
2025-12-28 12:59:07,746 WARNING: 매수 불가 (233740): 자금 부족: 10,851,714 > 10,135,480
2025-12-28 12:59:07,746 WARNING: 매수 불가 (233740): 자금 부족: 10,883,265 > 10,135,480
2025-12-28 12:59:07,747 WARNING: 매수 불가 (233740): 자금 부족: 10,971,942 > 10,135,480
2025-12-28 12:59:07,747 WARNING: 매수 불가 (233740): 자금 부족: 11,127,147 > 10,135,480
2025-12-28 12:59:07,758 WARNING: 매수 불가 (252670): 자금 부족: 1,051,691 > 696,812
2025-12-28 12:59:07,759 WARNING: 매수 불가 (252670): 자금 부족: 11,001,366 > 10,147,616
2025-12-28 12:59:07,760 WARNING: 매수 불가 (252670): 자금 부족: 11,261,770 > 10,147,616
2025-12-28 12:59:07,760 WARNING: 매수 불가 (252670): 자금 부족: 11,356,176 > 10,147,616
2025-12-28 12:59:07,761 WARNING: 매수 불가 (252670): 자금 부족: 11,345,122 > 10,147,616
2025-12-28 12:59:07,774 WARNING: 매수 불가 (252670): 자금 부족: 1,110,585 > 410,647
2025-12-28 12:59:07,774 WARNING: 매수 불가 (252670): 자금 부족: 11,334,727 > 10,205,784
2025-12-28 12:59:07,775 WARNING: 매수 불가 (252670): 자금 부족: 11,509,946 > 10,205,784
2025-12-28 12:59:07,776 WARNING: 매수 불가 (252670): 자금 부족: 11,436,419 > 10,205,784
2025-12-28 12:59:07,776 WARNING: 매수 불가 (252670): 자금 부족: 11,496,648 > 10,205,784
2025-12-28 12:59:07,802 INFO: Split 계산: Train=16M, Val=14M, Test=6M
2025-12-28 12:59:07,803 INFO: [캐시] lb=6M, key=b7489d5b
2025-12-28 12:59:07,803 INFO: UNIVERSE requested=14(hash=989dbc28) effective=14(hash=989dbc28)
2025-12-28 12:59:07,803 INFO: [Loader Debug] 005930 path: data\cache\005930.parquet exists: True
2025-12-28 12:59:07,805 INFO: [Loader Debug] 005930 raw shape: (1559, 5), index: <class 'pandas.core.indexes.datetimes.DatetimeIndex'>, cols: Index(['Open', 'High', 'Low', 'Close', 'Volume'], dtype='object')
2025-12-28 12:59:07,806 INFO: [Loader Debug] 005930 Date Range: 2019-01-01 00:00:00 ~ 2024-12-20 00:00:00 vs Target: 2020-10-06 ~ 2022-04-29
2025-12-28 12:59:07,807 INFO: [Loader Debug] 005930 Filtered rows: 409
2025-12-28 12:59:07,807 INFO: [Loader Debug] 035420 path: data\cache\035420.parquet exists: True
2025-12-28 12:59:07,809 INFO: [Loader Debug] 035420 raw shape: (1559, 5), index: <class 'pandas.core.indexes.datetimes.DatetimeIndex'>, cols: Index(['Open', 'High', 'Low', 'Close', 'Volume'], dtype='object')
2025-12-28 12:59:07,810 INFO: [Loader Debug] 035420 Date Range: 2019-01-01 00:00:00 ~ 2024-12-20 00:00:00 vs Target: 2020-10-06 ~ 2022-04-29
2025-12-28 12:59:07,811 INFO: [Loader Debug] 035420 Filtered rows: 409
2025-12-28 12:59:07,811 INFO: [Loader Debug] 035720 path: data\cache\035720.parquet exists: True
2025-12-28 12:59:07,812 INFO: [Loader Debug] 035720 raw shape: (1559, 5), index: <class 'pandas.core.indexes.datetimes.DatetimeIndex'>, cols: Index(['Open', 'High', 'Low', 'Close', 'Volume'], dtype='object')
2025-12-28 12:59:07,814 INFO: [Loader Debug] 035720 Date Range: 2019-01-01 00:00:00 ~ 2024-12-20 00:00:00 vs Target: 2020-10-06 ~ 2022-04-29
2025-12-28 12:59:07,815 INFO: [Loader Debug] 035720 Filtered rows: 409
2025-12-28 12:59:07,815 INFO: [Loader Debug] 051910 path: data\cache\051910.parquet exists: True
2025-12-28 12:59:07,816 INFO: [Loader Debug] 051910 raw shape: (1559, 5), index: <class 'pandas.core.indexes.datetimes.DatetimeIndex'>, cols: Index(['Open', 'High', 'Low', 'Close', 'Volume'], dtype='object')
2025-12-28 12:59:07,817 INFO: [Loader Debug] 051910 Date Range: 2019-01-01 00:00:00 ~ 2024-12-20 00:00:00 vs Target: 2020-10-06 ~ 2022-04-29
2025-12-28 12:59:07,818 INFO: [Loader Debug] 051910 Filtered rows: 409
2025-12-28 12:59:07,818 INFO: [Loader Debug] 069500 path: data\cache\069500.parquet exists: True
2025-12-28 12:59:07,820 INFO: [Loader Debug] 069500 raw shape: (1559, 5), index: <class 'pandas.core.indexes.datetimes.DatetimeIndex'>, cols: Index(['Open', 'High', 'Low', 'Close', 'Volume'], dtype='object')
2025-12-28 12:59:07,821 INFO: [Loader Debug] 069500 Date Range: 2019-01-01 00:00:00 ~ 2024-12-20 00:00:00 vs Target: 2020-10-06 ~ 2022-04-29
2025-12-28 12:59:07,822 INFO: [Loader Debug] 069500 Filtered rows: 409
2025-12-28 12:59:07,822 INFO: [Loader Debug] 091160 path: data\cache\091160.parquet exists: True
2025-12-28 12:59:07,824 INFO: [Loader Debug] 091160 raw shape: (1559, 5), index: <class 'pandas.core.indexes.datetimes.DatetimeIndex'>, cols: Index(['Open', 'High', 'Low', 'Close', 'Volume'], dtype='object')
2025-12-28 12:59:07,825 INFO: [Loader Debug] 091160 Date Range: 2019-01-01 00:00:00 ~ 2024-12-20 00:00:00 vs Target: 2020-10-06 ~ 2022-04-29
2025-12-28 12:59:07,826 INFO: [Loader Debug] 091160 Filtered rows: 409
2025-12-28 12:59:07,826 INFO: [Loader Debug] 102110 path: data\cache\102110.parquet exists: True
2025-12-28 12:59:07,827 INFO: [Loader Debug] 102110 raw shape: (1559, 5), index: <class 'pandas.core.indexes.datetimes.DatetimeIndex'>, cols: Index(['Open', 'High', 'Low', 'Close', 'Volume'], dtype='object')
2025-12-28 12:59:07,829 INFO: [Loader Debug] 102110 Date Range: 2019-01-01 00:00:00 ~ 2024-12-20 00:00:00 vs Target: 2020-10-06 ~ 2022-04-29
2025-12-28 12:59:07,829 INFO: [Loader Debug] 102110 Filtered rows: 409
2025-12-28 12:59:07,830 INFO: [Loader Debug] 114800 path: data\cache\114800.parquet exists: True
2025-12-28 12:59:07,831 INFO: [Loader Debug] 114800 raw shape: (1559, 5), index: <class 'pandas.core.indexes.datetimes.DatetimeIndex'>, cols: Index(['Open', 'High', 'Low', 'Close', 'Volume'], dtype='object')
2025-12-28 12:59:07,832 INFO: [Loader Debug] 114800 Date Range: 2019-01-01 00:00:00 ~ 2024-12-20 00:00:00 vs Target: 2020-10-06 ~ 2022-04-29
2025-12-28 12:59:07,833 INFO: [Loader Debug] 114800 Filtered rows: 409
2025-12-28 12:59:07,834 INFO: [Loader Debug] 122630 path: data\cache\122630.parquet exists: True
2025-12-28 12:59:07,835 INFO: [Loader Debug] 122630 raw shape: (1559, 5), index: <class 'pandas.core.indexes.datetimes.DatetimeIndex'>, cols: Index(['Open', 'High', 'Low', 'Close', 'Volume'], dtype='object')
2025-12-28 12:59:07,836 INFO: [Loader Debug] 122630 Date Range: 2019-01-01 00:00:00 ~ 2024-12-20 00:00:00 vs Target: 2020-10-06 ~ 2022-04-29
2025-12-28 12:59:07,837 INFO: [Loader Debug] 122630 Filtered rows: 409
2025-12-28 12:59:07,838 INFO: [Loader Debug] 229200 path: data\cache\229200.parquet exists: True
2025-12-28 12:59:07,839 INFO: [Loader Debug] 229200 raw shape: (1559, 5), index: <class 'pandas.core.indexes.datetimes.DatetimeIndex'>, cols: Index(['Open', 'High', 'Low', 'Close', 'Volume'], dtype='object')
2025-12-28 12:59:07,840 INFO: [Loader Debug] 229200 Date Range: 2019-01-01 00:00:00 ~ 2024-12-20 00:00:00 vs Target: 2020-10-06 ~ 2022-04-29
2025-12-28 12:59:07,841 INFO: [Loader Debug] 229200 Filtered rows: 409
2025-12-28 12:59:07,841 INFO: [Loader Debug] 233740 path: data\cache\233740.parquet exists: True
2025-12-28 12:59:07,843 INFO: [Loader Debug] 233740 raw shape: (1559, 5), index: <class 'pandas.core.indexes.datetimes.DatetimeIndex'>, cols: Index(['Open', 'High', 'Low', 'Close', 'Volume'], dtype='object')
2025-12-28 12:59:07,844 INFO: [Loader Debug] 233740 Date Range: 2019-01-01 00:00:00 ~ 2024-12-20 00:00:00 vs Target: 2020-10-06 ~ 2022-04-29
2025-12-28 12:59:07,844 INFO: [Loader Debug] 233740 Filtered rows: 409
2025-12-28 12:59:07,845 INFO: [Loader Debug] 252670 path: data\cache\252670.parquet exists: True
2025-12-28 12:59:07,846 INFO: [Loader Debug] 252670 raw shape: (1559, 5), index: <class 'pandas.core.indexes.datetimes.DatetimeIndex'>, cols: Index(['Open', 'High', 'Low', 'Close', 'Volume'], dtype='object')
2025-12-28 12:59:07,847 INFO: [Loader Debug] 252670 Date Range: 2019-01-01 00:00:00 ~ 2024-12-20 00:00:00 vs Target: 2020-10-06 ~ 2022-04-29
2025-12-28 12:59:07,848 INFO: [Loader Debug] 252670 Filtered rows: 409
2025-12-28 12:59:07,848 INFO: [Loader Debug] 261240 path: data\cache\261240.parquet exists: True
2025-12-28 12:59:07,850 INFO: [Loader Debug] 261240 raw shape: (1559, 5), index: <class 'pandas.core.indexes.datetimes.DatetimeIndex'>, cols: Index(['Open', 'High', 'Low', 'Close', 'Volume'], dtype='object')
2025-12-28 12:59:07,851 INFO: [Loader Debug] 261240 Date Range: 2019-01-01 00:00:00 ~ 2024-12-20 00:00:00 vs Target: 2020-10-06 ~ 2022-04-29
2025-12-28 12:59:07,852 INFO: [Loader Debug] 261240 Filtered rows: 409
2025-12-28 12:59:07,852 INFO: [Loader Debug] 305720 path: data\cache\305720.parquet exists: True
2025-12-28 12:59:07,853 INFO: [Loader Debug] 305720 raw shape: (1559, 5), index: <class 'pandas.core.indexes.datetimes.DatetimeIndex'>, cols: Index(['Open', 'High', 'Low', 'Close', 'Volume'], dtype='object')
2025-12-28 12:59:07,854 INFO: [Loader Debug] 305720 Date Range: 2019-01-01 00:00:00 ~ 2024-12-20 00:00:00 vs Target: 2020-10-06 ~ 2022-04-29
2025-12-28 12:59:07,855 INFO: [Loader Debug] 305720 Filtered rows: 409
2025-12-28 12:59:07,857 INFO: [Normalization] Initial Shape: (5726, 5), Index: <class 'pandas.core.indexes.multi.MultiIndex'>, Columns: ['open', 'high', 'low', 'close', 'volume']
2025-12-28 12:59:07,858 INFO: [EVIDENCE] Data Pipeline Trace:
1. Load Shape: (5726, 5)
   - Index Type: <class 'pandas.core.indexes.multi.MultiIndex'>
   - Levels: ['code', 'date']
   - Date Range: 2020-10-06 00:00:00 ~ 2022-04-29 00:00:00
   - Unique Symbols: 14 (Sample: ['005930', '035420', '035720'])
2. Universe Coverage: Requested=14, Loaded=14, Missing=0
6. Final Columns: ['open', 'high', 'low', 'close', 'volume']
2025-12-28 12:59:07,971 INFO: ✅ 설정 파일 로드: E:\AI Study\krx_alertor_modular\config\regime_params.yaml
2025-12-28 12:59:07,971 INFO: MarketRegimeDetector 초기화: MA=50/200일, 임계값=2.0/-2.0%
2025-12-28 12:59:07,976 INFO: RSI 프로파일 로드 완료: ['balanced', 'conservative', 'aggressive']
2025-12-28 12:59:07,976 INFO: [EVIDENCE] BacktestRunner.run called with params: ma_period=100, rsi_period=58, stop_loss=0.13
2025-12-28 12:59:07,976 INFO: BacktestEngine 초기화: instrument_type=etf, tax_rate=0.00%
2025-12-28 12:59:08,037 WARNING: 매수 불가 (035720): 자금 부족: 1,149,313 > 266,120
2025-12-28 12:59:08,038 WARNING: 매수 불가 (035720): 자금 부족: 11,446,046 > 9,949,290
2025-12-28 12:59:08,038 WARNING: 매수 불가 (035720): 자금 부족: 11,271,107 > 9,949,290
2025-12-28 12:59:08,039 WARNING: 매수 불가 (035720): 자금 부족: 11,117,170 > 9,949,290
2025-12-28 12:59:08,039 WARNING: 매수 불가 (035720): 자금 부족: 11,427,514 > 9,949,290
2025-12-28 12:59:08,050 WARNING: 매수 불가 (252670): 자금 부족: 1,132,509 > 968,927
2025-12-28 12:59:08,051 WARNING: 매수 불가 (229200): 자금 부족: 1,070,557 > 968,927
2025-12-28 12:59:08,051 WARNING: 매수 불가 (229200): 자금 부족: 5,700,540 > 4,325,534
2025-12-28 12:59:08,052 WARNING: 매수 불가 (229200): 자금 부족: 11,475,088 > 9,878,564
2025-12-28 12:59:08,052 WARNING: 매수 불가 (229200): 자금 부족: 11,345,826 > 9,878,564
2025-12-28 12:59:08,053 WARNING: 매수 불가 (229200): 자금 부족: 11,424,521 > 9,878,564
2025-12-28 12:59:08,064 WARNING: 매수 불가 (252670): 자금 부족: 1,093,487 > 372,376
2025-12-28 12:59:08,065 WARNING: 매수 불가 (252670): 자금 부족: 11,003,929 > 9,855,979
2025-12-28 12:59:08,066 WARNING: 매수 불가 (252670): 자금 부족: 10,786,830 > 9,855,979
2025-12-28 12:59:08,066 WARNING: 매수 불가 (252670): 자금 부족: 10,708,024 > 9,855,979
2025-12-28 12:59:08,067 WARNING: 매수 불가 (252670): 자금 부족: 10,674,966 > 9,855,979
2025-12-28 12:59:08,079 WARNING: 매수 불가 (091160): 자금 부족: 1,063,237 > 1,053,023
2025-12-28 12:59:08,080 WARNING: 매수 불가 (091160): 자금 부족: 10,927,078 > 9,960,647
2025-12-28 12:59:08,080 WARNING: 매수 불가 (091160): 자금 부족: 11,140,973 > 9,960,647
2025-12-28 12:59:08,081 WARNING: 매수 불가 (091160): 자금 부족: 11,060,316 > 9,960,647
2025-12-28 12:59:08,081 WARNING: 매수 불가 (091160): 자금 부족: 11,103,415 > 9,960,647
2025-12-28 12:59:08,093 WARNING: 매수 불가 (102110): 자금 부족: 1,020,830 > 886,456
2025-12-28 12:59:08,094 WARNING: 매수 불가 (102110): 자금 부족: 11,223,961 > 9,929,056
2025-12-28 12:59:08,095 WARNING: 매수 불가 (102110): 자금 부족: 11,157,171 > 9,929,056
2025-12-28 12:59:08,095 WARNING: 매수 불가 (102110): 자금 부족: 11,252,588 > 9,929,056
2025-12-28 12:59:08,096 WARNING: 매수 불가 (102110): 자금 부족: 11,157,254 > 9,929,056
2025-12-28 12:59:08,109 WARNING: 매수 불가 (252670): 자금 부족: 1,116,448 > 991,054
2025-12-28 12:59:08,109 WARNING: 매수 불가 (252670): 자금 부족: 11,007,285 > 9,931,208
2025-12-28 12:59:08,110 WARNING: 매수 불가 (252670): 자금 부족: 11,213,914 > 9,931,208
2025-12-28 12:59:08,111 WARNING: 매수 불가 (252670): 자금 부족: 11,360,111 > 9,931,208
2025-12-28 12:59:08,111 WARNING: 매수 불가 (252670): 자금 부족: 11,347,755 > 9,931,208
2025-12-28 12:59:08,211 WARNING: 매수 불가 (091160): 자금 부족: 1,003,874 > 913,807
2025-12-28 12:59:08,212 WARNING: 매수 불가 (091160): 자금 부족: 10,630,707 > 9,849,141
2025-12-28 12:59:08,213 WARNING: 매수 불가 (091160): 자금 부족: 10,662,941 > 9,849,141
2025-12-28 12:59:08,213 WARNING: 매수 불가 (091160): 자금 부족: 10,391,017 > 9,849,141
2025-12-28 12:59:08,214 WARNING: 매수 불가 (091160): 자금 부족: 10,433,428 > 9,849,141
2025-12-28 12:59:08,226 WARNING: 매수 불가 (252670): 자금 부족: 1,041,034 > 809,786
2025-12-28 12:59:08,227 WARNING: 매수 불가 (252670): 자금 부족: 10,510,669 > 9,717,511
2025-12-28 12:59:08,227 WARNING: 매수 불가 (252670): 자금 부족: 10,389,008 > 9,717,511
2025-12-28 12:59:08,228 WARNING: 매수 불가 (252670): 자금 부족: 10,490,639 > 9,717,511
2025-12-28 12:59:08,229 WARNING: 매수 불가 (252670): 자금 부족: 10,416,319 > 9,717,511
2025-12-28 12:59:08,242 WARNING: 매수 불가 (305720): 자금 부족: 1,027,504 > 678,557
2025-12-28 12:59:08,243 WARNING: 매수 불가 (305720): 자금 부족: 10,432,945 > 9,758,367
2025-12-28 12:59:08,244 WARNING: 매수 불가 (305720): 자금 부족: 10,578,367 > 9,758,367
2025-12-28 12:59:08,244 WARNING: 매수 불가 (305720): 자금 부족: 10,618,596 > 9,758,367
2025-12-28 12:59:08,245 WARNING: 매수 불가 (305720): 자금 부족: 10,690,621 > 9,758,367
2025-12-28 12:59:08,276 WARNING: 매수 불가 (114800): 자금 부족: 974,395 > 912,637
2025-12-28 12:59:08,277 WARNING: 매수 불가 (114800): 자금 부족: 10,489,619 > 9,678,570
2025-12-28 12:59:08,278 WARNING: 매수 불가 (114800): 자금 부족: 10,572,529 > 9,678,570
2025-12-28 12:59:08,279 WARNING: 매수 불가 (114800): 자금 부족: 10,433,385 > 9,678,570
2025-12-28 12:59:08,279 WARNING: 매수 불가 (114800): 자금 부족: 10,218,955 > 9,678,570
2025-12-28 12:59:08,817 INFO: UNIVERSE requested=14(hash=989dbc28) effective=14(hash=989dbc28)
2025-12-28 12:59:08,818 INFO: [Loader Debug] 005930 path: data\cache\005930.parquet exists: True
2025-12-28 12:59:08,820 INFO: [Loader Debug] 005930 raw shape: (1559, 5), index: <class 'pandas.core.indexes.datetimes.DatetimeIndex'>, cols: Index(['Open', 'High', 'Low', 'Close', 'Volume'], dtype='object')
2025-12-28 12:59:08,821 INFO: [Loader Debug] 005930 Date Range: 2019-01-01 00:00:00 ~ 2024-12-20 00:00:00 vs Target: 2022-09-24 ~ 2023-06-23
2025-12-28 12:59:08,822 INFO: [Loader Debug] 005930 Filtered rows: 195
2025-12-28 12:59:08,822 INFO: [Loader Debug] 035420 path: data\cache\035420.parquet exists: True
2025-12-28 12:59:08,824 INFO: [Loader Debug] 035420 raw shape: (1559, 5), index: <class 'pandas.core.indexes.datetimes.DatetimeIndex'>, cols: Index(['Open', 'High', 'Low', 'Close', 'Volume'], dtype='object')
2025-12-28 12:59:08,825 INFO: [Loader Debug] 035420 Date Range: 2019-01-01 00:00:00 ~ 2024-12-20 00:00:00 vs Target: 2022-09-24 ~ 2023-06-23
2025-12-28 12:59:08,826 INFO: [Loader Debug] 035420 Filtered rows: 195
2025-12-28 12:59:08,826 INFO: [Loader Debug] 035720 path: data\cache\035720.parquet exists: True
2025-12-28 12:59:08,828 INFO: [Loader Debug] 035720 raw shape: (1559, 5), index: <class 'pandas.core.indexes.datetimes.DatetimeIndex'>, cols: Index(['Open', 'High', 'Low', 'Close', 'Volume'], dtype='object')
2025-12-28 12:59:08,829 INFO: [Loader Debug] 035720 Date Range: 2019-01-01 00:00:00 ~ 2024-12-20 00:00:00 vs Target: 2022-09-24 ~ 2023-06-23
2025-12-28 12:59:08,830 INFO: [Loader Debug] 035720 Filtered rows: 195
2025-12-28 12:59:08,830 INFO: [Loader Debug] 051910 path: data\cache\051910.parquet exists: True
2025-12-28 12:59:08,832 INFO: [Loader Debug] 051910 raw shape: (1559, 5), index: <class 'pandas.core.indexes.datetimes.DatetimeIndex'>, cols: Index(['Open', 'High', 'Low', 'Close', 'Volume'], dtype='object')
2025-12-28 12:59:08,833 INFO: [Loader Debug] 051910 Date Range: 2019-01-01 00:00:00 ~ 2024-12-20 00:00:00 vs Target: 2022-09-24 ~ 2023-06-23
2025-12-28 12:59:08,834 INFO: [Loader Debug] 051910 Filtered rows: 195
2025-12-28 12:59:08,834 INFO: [Loader Debug] 069500 path: data\cache\069500.parquet exists: True
2025-12-28 12:59:08,836 INFO: [Loader Debug] 069500 raw shape: (1559, 5), index: <class 'pandas.core.indexes.datetimes.DatetimeIndex'>, cols: Index(['Open', 'High', 'Low', 'Close', 'Volume'], dtype='object')
2025-12-28 12:59:08,838 INFO: [Loader Debug] 069500 Date Range: 2019-01-01 00:00:00 ~ 2024-12-20 00:00:00 vs Target: 2022-09-24 ~ 2023-06-23
2025-12-28 12:59:08,839 INFO: [Loader Debug] 069500 Filtered rows: 195
2025-12-28 12:59:08,839 INFO: [Loader Debug] 091160 path: data\cache\091160.parquet exists: True
2025-12-28 12:59:08,840 INFO: [Loader Debug] 091160 raw shape: (1559, 5), index: <class 'pandas.core.indexes.datetimes.DatetimeIndex'>, cols: Index(['Open', 'High', 'Low', 'Close', 'Volume'], dtype='object')
2025-12-28 12:59:08,841 INFO: [Loader Debug] 091160 Date Range: 2019-01-01 00:00:00 ~ 2024-12-20 00:00:00 vs Target: 2022-09-24 ~ 2023-06-23
2025-12-28 12:59:08,842 INFO: [Loader Debug] 091160 Filtered rows: 195
2025-12-28 12:59:08,842 INFO: [Loader Debug] 102110 path: data\cache\102110.parquet exists: True
2025-12-28 12:59:08,844 INFO: [Loader Debug] 102110 raw shape: (1559, 5), index: <class 'pandas.core.indexes.datetimes.DatetimeIndex'>, cols: Index(['Open', 'High', 'Low', 'Close', 'Volume'], dtype='object')
2025-12-28 12:59:08,845 INFO: [Loader Debug] 102110 Date Range: 2019-01-01 00:00:00 ~ 2024-12-20 00:00:00 vs Target: 2022-09-24 ~ 2023-06-23
2025-12-28 12:59:08,846 INFO: [Loader Debug] 102110 Filtered rows: 195
2025-12-28 12:59:08,846 INFO: [Loader Debug] 114800 path: data\cache\114800.parquet exists: True
2025-12-28 12:59:08,848 INFO: [Loader Debug] 114800 raw shape: (1559, 5), index: <class 'pandas.core.indexes.datetimes.DatetimeIndex'>, cols: Index(['Open', 'High', 'Low', 'Close', 'Volume'], dtype='object')
2025-12-28 12:59:08,849 INFO: [Loader Debug] 114800 Date Range: 2019-01-01 00:00:00 ~ 2024-12-20 00:00:00 vs Target: 2022-09-24 ~ 2023-06-23
2025-12-28 12:59:08,850 INFO: [Loader Debug] 114800 Filtered rows: 195
2025-12-28 12:59:08,851 INFO: [Loader Debug] 122630 path: data\cache\122630.parquet exists: True
2025-12-28 12:59:08,852 INFO: [Loader Debug] 122630 raw shape: (1559, 5), index: <class 'pandas.core.indexes.datetimes.DatetimeIndex'>, cols: Index(['Open', 'High', 'Low', 'Close', 'Volume'], dtype='object')
2025-12-28 12:59:08,853 INFO: [Loader Debug] 122630 Date Range: 2019-01-01 00:00:00 ~ 2024-12-20 00:00:00 vs Target: 2022-09-24 ~ 2023-06-23
2025-12-28 12:59:08,854 INFO: [Loader Debug] 122630 Filtered rows: 195
2025-12-28 12:59:08,854 INFO: [Loader Debug] 229200 path: data\cache\229200.parquet exists: True
2025-12-28 12:59:08,856 INFO: [Loader Debug] 229200 raw shape: (1559, 5), index: <class 'pandas.core.indexes.datetimes.DatetimeIndex'>, cols: Index(['Open', 'High', 'Low', 'Close', 'Volume'], dtype='object')
2025-12-28 12:59:08,857 INFO: [Loader Debug] 229200 Date Range: 2019-01-01 00:00:00 ~ 2024-12-20 00:00:00 vs Target: 2022-09-24 ~ 2023-06-23
2025-12-28 12:59:08,858 INFO: [Loader Debug] 229200 Filtered rows: 195
2025-12-28 12:59:08,858 INFO: [Loader Debug] 233740 path: data\cache\233740.parquet exists: True
2025-12-28 12:59:08,859 INFO: [Loader Debug] 233740 raw shape: (1559, 5), index: <class 'pandas.core.indexes.datetimes.DatetimeIndex'>, cols: Index(['Open', 'High', 'Low', 'Close', 'Volume'], dtype='object')
2025-12-28 12:59:08,860 INFO: [Loader Debug] 233740 Date Range: 2019-01-01 00:00:00 ~ 2024-12-20 00:00:00 vs Target: 2022-09-24 ~ 2023-06-23
2025-12-28 12:59:08,861 INFO: [Loader Debug] 233740 Filtered rows: 195
2025-12-28 12:59:08,861 INFO: [Loader Debug] 252670 path: data\cache\252670.parquet exists: True
2025-12-28 12:59:08,863 INFO: [Loader Debug] 252670 raw shape: (1559, 5), index: <class 'pandas.core.indexes.datetimes.DatetimeIndex'>, cols: Index(['Open', 'High', 'Low', 'Close', 'Volume'], dtype='object')
2025-12-28 12:59:08,864 INFO: [Loader Debug] 252670 Date Range: 2019-01-01 00:00:00 ~ 2024-12-20 00:00:00 vs Target: 2022-09-24 ~ 2023-06-23
2025-12-28 12:59:08,865 INFO: [Loader Debug] 252670 Filtered rows: 195
2025-12-28 12:59:08,865 INFO: [Loader Debug] 261240 path: data\cache\261240.parquet exists: True
2025-12-28 12:59:08,867 INFO: [Loader Debug] 261240 raw shape: (1559, 5), index: <class 'pandas.core.indexes.datetimes.DatetimeIndex'>, cols: Index(['Open', 'High', 'Low', 'Close', 'Volume'], dtype='object')
2025-12-28 12:59:08,868 INFO: [Loader Debug] 261240 Date Range: 2019-01-01 00:00:00 ~ 2024-12-20 00:00:00 vs Target: 2022-09-24 ~ 2023-06-23
2025-12-28 12:59:08,869 INFO: [Loader Debug] 261240 Filtered rows: 195
2025-12-28 12:59:08,869 INFO: [Loader Debug] 305720 path: data\cache\305720.parquet exists: True
2025-12-28 12:59:08,870 INFO: [Loader Debug] 305720 raw shape: (1559, 5), index: <class 'pandas.core.indexes.datetimes.DatetimeIndex'>, cols: Index(['Open', 'High', 'Low', 'Close', 'Volume'], dtype='object')
2025-12-28 12:59:08,872 INFO: [Loader Debug] 305720 Date Range: 2019-01-01 00:00:00 ~ 2024-12-20 00:00:00 vs Target: 2022-09-24 ~ 2023-06-23
2025-12-28 12:59:08,872 INFO: [Loader Debug] 305720 Filtered rows: 195
2025-12-28 12:59:08,874 INFO: [Normalization] Initial Shape: (2730, 5), Index: <class 'pandas.core.indexes.multi.MultiIndex'>, Columns: ['open', 'high', 'low', 'close', 'volume']
2025-12-28 12:59:08,875 INFO: [EVIDENCE] Data Pipeline Trace:
1. Load Shape: (2730, 5)
   - Index Type: <class 'pandas.core.indexes.multi.MultiIndex'>
   - Levels: ['code', 'date']
   - Date Range: 2022-09-26 00:00:00 ~ 2023-06-23 00:00:00
   - Unique Symbols: 14 (Sample: ['005930', '035420', '035720'])
2. Universe Coverage: Requested=14, Loaded=14, Missing=0
6. Final Columns: ['open', 'high', 'low', 'close', 'volume']
2025-12-28 12:59:08,972 INFO: ✅ 설정 파일 로드: E:\AI Study\krx_alertor_modular\config\regime_params.yaml
2025-12-28 12:59:08,972 INFO: MarketRegimeDetector 초기화: MA=50/200일, 임계값=2.0/-2.0%
2025-12-28 12:59:08,976 INFO: RSI 프로파일 로드 완료: ['balanced', 'conservative', 'aggressive']
2025-12-28 12:59:08,976 INFO: [EVIDENCE] BacktestRunner.run called with params: ma_period=100, rsi_period=58, stop_loss=0.13
2025-12-28 12:59:08,976 INFO: BacktestEngine 초기화: instrument_type=etf, tax_rate=0.00%
2025-12-28 12:59:09,120 WARNING: 매수 불가 (233740): 자금 부족: 1,096,447 > 265,015
2025-12-28 12:59:09,121 WARNING: 매수 불가 (233740): 자금 부족: 11,163,764 > 9,885,945
2025-12-28 12:59:09,122 WARNING: 매수 불가 (233740): 자금 부족: 11,171,088 > 9,885,945
2025-12-28 12:59:09,123 WARNING: 매수 불가 (233740): 자금 부족: 11,129,356 > 9,885,945
2025-12-28 12:59:09,123 WARNING: 매수 불가 (233740): 자금 부족: 11,039,740 > 9,885,945
2025-12-28 12:59:09,135 WARNING: 매수 불가 (233740): 자금 부족: 1,105,643 > 669,818
2025-12-28 12:59:09,136 WARNING: 매수 불가 (233740): 자금 부족: 10,851,317 > 9,938,381
2025-12-28 12:59:09,137 WARNING: 매수 불가 (233740): 자금 부족: 10,718,907 > 9,938,381
2025-12-28 12:59:09,137 WARNING: 매수 불가 (233740): 자금 부족: 10,419,897 > 9,938,381
2025-12-28 12:59:09,138 WARNING: 매수 불가 (233740): 자금 부족: 10,454,813 > 9,938,381
2025-12-28 12:59:09,232 WARNING: 매수 불가 (252670): 자금 부족: 1,052,953 > 495,482
2025-12-28 12:59:09,233 WARNING: 매수 불가 (252670): 자금 부족: 11,323,298 > 9,990,263
2025-12-28 12:59:09,234 WARNING: 매수 불가 (252670): 자금 부족: 11,187,801 > 9,990,263
2025-12-28 12:59:09,234 WARNING: 매수 불가 (252670): 자금 부족: 11,194,105 > 9,990,263
2025-12-28 12:59:09,235 WARNING: 매수 불가 (252670): 자금 부족: 11,027,251 > 9,990,263
2025-12-28 12:59:09,260 WARNING: 매수 불가 (252670): 자금 부족: 1,064,077 > 806,996
2025-12-28 12:59:09,261 WARNING: 매수 불가 (252670): 자금 부족: 10,477,177 > 9,911,648
2025-12-28 12:59:09,262 INFO: Split 계산: Train=16M, Val=14M, Test=6M
2025-12-28 12:59:09,262 INFO: [캐시] lb=12M, key=7bacf271
2025-12-28 12:59:09,263 INFO: UNIVERSE requested=14(hash=989dbc28) effective=14(hash=989dbc28)
2025-12-28 12:59:09,263 INFO: [Loader Debug] 005930 path: data\cache\005930.parquet exists: True
2025-12-28 12:59:09,265 INFO: [Loader Debug] 005930 raw shape: (1559, 5), index: <class 'pandas.core.indexes.datetimes.DatetimeIndex'>, cols: Index(['Open', 'High', 'Low', 'Close', 'Volume'], dtype='object')
2025-12-28 12:59:09,266 INFO: [Loader Debug] 005930 Date Range: 2019-01-01 00:00:00 ~ 2024-12-20 00:00:00 vs Target: 2020-10-06 ~ 2022-04-29
2025-12-28 12:59:09,267 INFO: [Loader Debug] 005930 Filtered rows: 409
2025-12-28 12:59:09,268 INFO: [Loader Debug] 035420 path: data\cache\035420.parquet exists: True
2025-12-28 12:59:09,269 INFO: [Loader Debug] 035420 raw shape: (1559, 5), index: <class 'pandas.core.indexes.datetimes.DatetimeIndex'>, cols: Index(['Open', 'High', 'Low', 'Close', 'Volume'], dtype='object')
2025-12-28 12:59:09,271 INFO: [Loader Debug] 035420 Date Range: 2019-01-01 00:00:00 ~ 2024-12-20 00:00:00 vs Target: 2020-10-06 ~ 2022-04-29
2025-12-28 12:59:09,271 INFO: [Loader Debug] 035420 Filtered rows: 409
2025-12-28 12:59:09,272 INFO: [Loader Debug] 035720 path: data\cache\035720.parquet exists: True
2025-12-28 12:59:09,273 INFO: [Loader Debug] 035720 raw shape: (1559, 5), index: <class 'pandas.core.indexes.datetimes.DatetimeIndex'>, cols: Index(['Open', 'High', 'Low', 'Close', 'Volume'], dtype='object')
2025-12-28 12:59:09,275 INFO: [Loader Debug] 035720 Date Range: 2019-01-01 00:00:00 ~ 2024-12-20 00:00:00 vs Target: 2020-10-06 ~ 2022-04-29
2025-12-28 12:59:09,276 INFO: [Loader Debug] 035720 Filtered rows: 409
2025-12-28 12:59:09,276 INFO: [Loader Debug] 051910 path: data\cache\051910.parquet exists: True
2025-12-28 12:59:09,277 INFO: [Loader Debug] 051910 raw shape: (1559, 5), index: <class 'pandas.core.indexes.datetimes.DatetimeIndex'>, cols: Index(['Open', 'High', 'Low', 'Close', 'Volume'], dtype='object')
2025-12-28 12:59:09,279 INFO: [Loader Debug] 051910 Date Range: 2019-01-01 00:00:00 ~ 2024-12-20 00:00:00 vs Target: 2020-10-06 ~ 2022-04-29
2025-12-28 12:59:09,280 INFO: [Loader Debug] 051910 Filtered rows: 409
2025-12-28 12:59:09,280 INFO: [Loader Debug] 069500 path: data\cache\069500.parquet exists: True
2025-12-28 12:59:09,282 INFO: [Loader Debug] 069500 raw shape: (1559, 5), index: <class 'pandas.core.indexes.datetimes.DatetimeIndex'>, cols: Index(['Open', 'High', 'Low', 'Close', 'Volume'], dtype='object')
2025-12-28 12:59:09,283 INFO: [Loader Debug] 069500 Date Range: 2019-01-01 00:00:00 ~ 2024-12-20 00:00:00 vs Target: 2020-10-06 ~ 2022-04-29
2025-12-28 12:59:09,284 INFO: [Loader Debug] 069500 Filtered rows: 409
2025-12-28 12:59:09,284 INFO: [Loader Debug] 091160 path: data\cache\091160.parquet exists: True
2025-12-28 12:59:09,286 INFO: [Loader Debug] 091160 raw shape: (1559, 5), index: <class 'pandas.core.indexes.datetimes.DatetimeIndex'>, cols: Index(['Open', 'High', 'Low', 'Close', 'Volume'], dtype='object')
2025-12-28 12:59:09,287 INFO: [Loader Debug] 091160 Date Range: 2019-01-01 00:00:00 ~ 2024-12-20 00:00:00 vs Target: 2020-10-06 ~ 2022-04-29
2025-12-28 12:59:09,288 INFO: [Loader Debug] 091160 Filtered rows: 409
2025-12-28 12:59:09,288 INFO: [Loader Debug] 102110 path: data\cache\102110.parquet exists: True
2025-12-28 12:59:09,290 INFO: [Loader Debug] 102110 raw shape: (1559, 5), index: <class 'pandas.core.indexes.datetimes.DatetimeIndex'>, cols: Index(['Open', 'High', 'Low', 'Close', 'Volume'], dtype='object')
2025-12-28 12:59:09,291 INFO: [Loader Debug] 102110 Date Range: 2019-01-01 00:00:00 ~ 2024-12-20 00:00:00 vs Target: 2020-10-06 ~ 2022-04-29
2025-12-28 12:59:09,292 INFO: [Loader Debug] 102110 Filtered rows: 409
2025-12-28 12:59:09,292 INFO: [Loader Debug] 114800 path: data\cache\114800.parquet exists: True
2025-12-28 12:59:09,293 INFO: [Loader Debug] 114800 raw shape: (1559, 5), index: <class 'pandas.core.indexes.datetimes.DatetimeIndex'>, cols: Index(['Open', 'High', 'Low', 'Close', 'Volume'], dtype='object')
2025-12-28 12:59:09,294 INFO: [Loader Debug] 114800 Date Range: 2019-01-01 00:00:00 ~ 2024-12-20 00:00:00 vs Target: 2020-10-06 ~ 2022-04-29
2025-12-28 12:59:09,295 INFO: [Loader Debug] 114800 Filtered rows: 409
2025-12-28 12:59:09,296 INFO: [Loader Debug] 122630 path: data\cache\122630.parquet exists: True
2025-12-28 12:59:09,297 INFO: [Loader Debug] 122630 raw shape: (1559, 5), index: <class 'pandas.core.indexes.datetimes.DatetimeIndex'>, cols: Index(['Open', 'High', 'Low', 'Close', 'Volume'], dtype='object')
2025-12-28 12:59:09,298 INFO: [Loader Debug] 122630 Date Range: 2019-01-01 00:00:00 ~ 2024-12-20 00:00:00 vs Target: 2020-10-06 ~ 2022-04-29
2025-12-28 12:59:09,299 INFO: [Loader Debug] 122630 Filtered rows: 409
2025-12-28 12:59:09,299 INFO: [Loader Debug] 229200 path: data\cache\229200.parquet exists: True
2025-12-28 12:59:09,300 INFO: [Loader Debug] 229200 raw shape: (1559, 5), index: <class 'pandas.core.indexes.datetimes.DatetimeIndex'>, cols: Index(['Open', 'High', 'Low', 'Close', 'Volume'], dtype='object')
2025-12-28 12:59:09,301 INFO: [Loader Debug] 229200 Date Range: 2019-01-01 00:00:00 ~ 2024-12-20 00:00:00 vs Target: 2020-10-06 ~ 2022-04-29
2025-12-28 12:59:09,302 INFO: [Loader Debug] 229200 Filtered rows: 409
2025-12-28 12:59:09,303 INFO: [Loader Debug] 233740 path: data\cache\233740.parquet exists: True
2025-12-28 12:59:09,304 INFO: [Loader Debug] 233740 raw shape: (1559, 5), index: <class 'pandas.core.indexes.datetimes.DatetimeIndex'>, cols: Index(['Open', 'High', 'Low', 'Close', 'Volume'], dtype='object')
2025-12-28 12:59:09,305 INFO: [Loader Debug] 233740 Date Range: 2019-01-01 00:00:00 ~ 2024-12-20 00:00:00 vs Target: 2020-10-06 ~ 2022-04-29
2025-12-28 12:59:09,307 INFO: [Loader Debug] 233740 Filtered rows: 409
2025-12-28 12:59:09,307 INFO: [Loader Debug] 252670 path: data\cache\252670.parquet exists: True
2025-12-28 12:59:09,308 INFO: [Loader Debug] 252670 raw shape: (1559, 5), index: <class 'pandas.core.indexes.datetimes.DatetimeIndex'>, cols: Index(['Open', 'High', 'Low', 'Close', 'Volume'], dtype='object')
2025-12-28 12:59:09,310 INFO: [Loader Debug] 252670 Date Range: 2019-01-01 00:00:00 ~ 2024-12-20 00:00:00 vs Target: 2020-10-06 ~ 2022-04-29
2025-12-28 12:59:09,311 INFO: [Loader Debug] 252670 Filtered rows: 409
2025-12-28 12:59:09,311 INFO: [Loader Debug] 261240 path: data\cache\261240.parquet exists: True
2025-12-28 12:59:09,313 INFO: [Loader Debug] 261240 raw shape: (1559, 5), index: <class 'pandas.core.indexes.datetimes.DatetimeIndex'>, cols: Index(['Open', 'High', 'Low', 'Close', 'Volume'], dtype='object')
2025-12-28 12:59:09,314 INFO: [Loader Debug] 261240 Date Range: 2019-01-01 00:00:00 ~ 2024-12-20 00:00:00 vs Target: 2020-10-06 ~ 2022-04-29
2025-12-28 12:59:09,315 INFO: [Loader Debug] 261240 Filtered rows: 409
2025-12-28 12:59:09,316 INFO: [Loader Debug] 305720 path: data\cache\305720.parquet exists: True
2025-12-28 12:59:09,317 INFO: [Loader Debug] 305720 raw shape: (1559, 5), index: <class 'pandas.core.indexes.datetimes.DatetimeIndex'>, cols: Index(['Open', 'High', 'Low', 'Close', 'Volume'], dtype='object')
2025-12-28 12:59:09,319 INFO: [Loader Debug] 305720 Date Range: 2019-01-01 00:00:00 ~ 2024-12-20 00:00:00 vs Target: 2020-10-06 ~ 2022-04-29
2025-12-28 12:59:09,319 INFO: [Loader Debug] 305720 Filtered rows: 409
2025-12-28 12:59:09,321 INFO: [Normalization] Initial Shape: (5726, 5), Index: <class 'pandas.core.indexes.multi.MultiIndex'>, Columns: ['open', 'high', 'low', 'close', 'volume']
2025-12-28 12:59:09,322 INFO: [EVIDENCE] Data Pipeline Trace:
1. Load Shape: (5726, 5)
   - Index Type: <class 'pandas.core.indexes.multi.MultiIndex'>
   - Levels: ['code', 'date']
   - Date Range: 2020-10-06 00:00:00 ~ 2022-04-29 00:00:00
   - Unique Symbols: 14 (Sample: ['005930', '035420', '035720'])
2. Universe Coverage: Requested=14, Loaded=14, Missing=0
6. Final Columns: ['open', 'high', 'low', 'close', 'volume']
2025-12-28 12:59:09,418 INFO: ✅ 설정 파일 로드: E:\AI Study\krx_alertor_modular\config\regime_params.yaml
2025-12-28 12:59:09,418 INFO: MarketRegimeDetector 초기화: MA=50/200일, 임계값=2.0/-2.0%
2025-12-28 12:59:09,422 INFO: RSI 프로파일 로드 완료: ['balanced', 'conservative', 'aggressive']
2025-12-28 12:59:09,422 INFO: [EVIDENCE] BacktestRunner.run called with params: ma_period=100, rsi_period=58, stop_loss=0.13
2025-12-28 12:59:09,423 INFO: BacktestEngine 초기화: instrument_type=etf, tax_rate=0.00%
2025-12-28 12:59:09,485 WARNING: 매수 불가 (035720): 자금 부족: 1,149,313 > 266,120
2025-12-28 12:59:09,486 WARNING: 매수 불가 (035720): 자금 부족: 11,446,046 > 9,949,290
2025-12-28 12:59:09,487 WARNING: 매수 불가 (035720): 자금 부족: 11,271,107 > 9,949,290
2025-12-28 12:59:09,488 WARNING: 매수 불가 (035720): 자금 부족: 11,117,170 > 9,949,290
2025-12-28 12:59:09,488 WARNING: 매수 불가 (035720): 자금 부족: 11,427,514 > 9,949,290
2025-12-28 12:59:09,501 WARNING: 매수 불가 (252670): 자금 부족: 1,132,509 > 968,927
2025-12-28 12:59:09,501 WARNING: 매수 불가 (229200): 자금 부족: 1,070,557 > 968,927
2025-12-28 12:59:09,502 WARNING: 매수 불가 (229200): 자금 부족: 5,700,540 > 4,325,534
2025-12-28 12:59:09,502 WARNING: 매수 불가 (229200): 자금 부족: 11,475,088 > 9,878,564
2025-12-28 12:59:09,503 WARNING: 매수 불가 (229200): 자금 부족: 11,345,826 > 9,878,564
2025-12-28 12:59:09,504 WARNING: 매수 불가 (229200): 자금 부족: 11,424,521 > 9,878,564
2025-12-28 12:59:09,515 WARNING: 매수 불가 (252670): 자금 부족: 1,093,487 > 372,376
2025-12-28 12:59:09,515 WARNING: 매수 불가 (252670): 자금 부족: 11,003,929 > 9,855,979
2025-12-28 12:59:09,516 WARNING: 매수 불가 (252670): 자금 부족: 10,786,830 > 9,855,979
2025-12-28 12:59:09,517 WARNING: 매수 불가 (252670): 자금 부족: 10,708,024 > 9,855,979
2025-12-28 12:59:09,518 WARNING: 매수 불가 (252670): 자금 부족: 10,674,966 > 9,855,979
2025-12-28 12:59:09,529 WARNING: 매수 불가 (091160): 자금 부족: 1,063,237 > 1,053,023
2025-12-28 12:59:09,530 WARNING: 매수 불가 (091160): 자금 부족: 10,927,078 > 9,960,647
2025-12-28 12:59:09,531 WARNING: 매수 불가 (091160): 자금 부족: 11,140,973 > 9,960,647
2025-12-28 12:59:09,531 WARNING: 매수 불가 (091160): 자금 부족: 11,060,316 > 9,960,647
2025-12-28 12:59:09,532 WARNING: 매수 불가 (091160): 자금 부족: 11,103,415 > 9,960,647
2025-12-28 12:59:09,545 WARNING: 매수 불가 (102110): 자금 부족: 1,020,830 > 886,456
2025-12-28 12:59:09,545 WARNING: 매수 불가 (102110): 자금 부족: 11,223,961 > 9,929,056
2025-12-28 12:59:09,546 WARNING: 매수 불가 (102110): 자금 부족: 11,157,171 > 9,929,056
2025-12-28 12:59:09,546 WARNING: 매수 불가 (102110): 자금 부족: 11,252,588 > 9,929,056
2025-12-28 12:59:09,547 WARNING: 매수 불가 (102110): 자금 부족: 11,157,254 > 9,929,056
2025-12-28 12:59:09,559 WARNING: 매수 불가 (252670): 자금 부족: 1,116,448 > 991,054
2025-12-28 12:59:09,560 WARNING: 매수 불가 (252670): 자금 부족: 11,007,285 > 9,931,208
2025-12-28 12:59:09,561 WARNING: 매수 불가 (252670): 자금 부족: 11,213,914 > 9,931,208
2025-12-28 12:59:09,561 WARNING: 매수 불가 (252670): 자금 부족: 11,360,111 > 9,931,208
2025-12-28 12:59:09,562 WARNING: 매수 불가 (252670): 자금 부족: 11,347,755 > 9,931,208
2025-12-28 12:59:09,661 WARNING: 매수 불가 (091160): 자금 부족: 1,003,874 > 913,807
2025-12-28 12:59:09,662 WARNING: 매수 불가 (091160): 자금 부족: 10,630,707 > 9,849,141
2025-12-28 12:59:09,663 WARNING: 매수 불가 (091160): 자금 부족: 10,662,941 > 9,849,141
2025-12-28 12:59:09,663 WARNING: 매수 불가 (091160): 자금 부족: 10,391,017 > 9,849,141
2025-12-28 12:59:09,664 WARNING: 매수 불가 (091160): 자금 부족: 10,433,428 > 9,849,141
2025-12-28 12:59:09,676 WARNING: 매수 불가 (252670): 자금 부족: 1,041,034 > 809,786
2025-12-28 12:59:09,677 WARNING: 매수 불가 (252670): 자금 부족: 10,510,669 > 9,717,511
2025-12-28 12:59:09,677 WARNING: 매수 불가 (252670): 자금 부족: 10,389,008 > 9,717,511
2025-12-28 12:59:09,678 WARNING: 매수 불가 (252670): 자금 부족: 10,490,639 > 9,717,511
2025-12-28 12:59:09,679 WARNING: 매수 불가 (252670): 자금 부족: 10,416,319 > 9,717,511
2025-12-28 12:59:09,691 WARNING: 매수 불가 (305720): 자금 부족: 1,027,504 > 678,557
2025-12-28 12:59:09,691 WARNING: 매수 불가 (305720): 자금 부족: 10,432,945 > 9,758,367
2025-12-28 12:59:09,692 WARNING: 매수 불가 (305720): 자금 부족: 10,578,367 > 9,758,367
2025-12-28 12:59:09,693 WARNING: 매수 불가 (305720): 자금 부족: 10,618,596 > 9,758,367
2025-12-28 12:59:09,693 WARNING: 매수 불가 (305720): 자금 부족: 10,690,621 > 9,758,367
2025-12-28 12:59:09,718 WARNING: 매수 불가 (114800): 자금 부족: 974,395 > 912,637
2025-12-28 12:59:09,718 WARNING: 매수 불가 (114800): 자금 부족: 10,489,619 > 9,678,570
2025-12-28 12:59:09,719 WARNING: 매수 불가 (114800): 자금 부족: 10,572,529 > 9,678,570
2025-12-28 12:59:09,720 WARNING: 매수 불가 (114800): 자금 부족: 10,433,385 > 9,678,570
2025-12-28 12:59:09,720 WARNING: 매수 불가 (114800): 자금 부족: 10,218,955 > 9,678,570
2025-12-28 12:59:10,271 INFO: UNIVERSE requested=14(hash=989dbc28) effective=14(hash=989dbc28)
2025-12-28 12:59:10,272 INFO: [Loader Debug] 005930 path: data\cache\005930.parquet exists: True
2025-12-28 12:59:10,274 INFO: [Loader Debug] 005930 raw shape: (1559, 5), index: <class 'pandas.core.indexes.datetimes.DatetimeIndex'>, cols: Index(['Open', 'High', 'Low', 'Close', 'Volume'], dtype='object')
2025-12-28 12:59:10,275 INFO: [Loader Debug] 005930 Date Range: 2019-01-01 00:00:00 ~ 2024-12-20 00:00:00 vs Target: 2022-03-25 ~ 2023-06-23
2025-12-28 12:59:10,276 INFO: [Loader Debug] 005930 Filtered rows: 326
2025-12-28 12:59:10,276 INFO: [Loader Debug] 035420 path: data\cache\035420.parquet exists: True
2025-12-28 12:59:10,277 INFO: [Loader Debug] 035420 raw shape: (1559, 5), index: <class 'pandas.core.indexes.datetimes.DatetimeIndex'>, cols: Index(['Open', 'High', 'Low', 'Close', 'Volume'], dtype='object')
2025-12-28 12:59:10,279 INFO: [Loader Debug] 035420 Date Range: 2019-01-01 00:00:00 ~ 2024-12-20 00:00:00 vs Target: 2022-03-25 ~ 2023-06-23
2025-12-28 12:59:10,280 INFO: [Loader Debug] 035420 Filtered rows: 326
2025-12-28 12:59:10,280 INFO: [Loader Debug] 035720 path: data\cache\035720.parquet exists: True
2025-12-28 12:59:10,281 INFO: [Loader Debug] 035720 raw shape: (1559, 5), index: <class 'pandas.core.indexes.datetimes.DatetimeIndex'>, cols: Index(['Open', 'High', 'Low', 'Close', 'Volume'], dtype='object')
2025-12-28 12:59:10,283 INFO: [Loader Debug] 035720 Date Range: 2019-01-01 00:00:00 ~ 2024-12-20 00:00:00 vs Target: 2022-03-25 ~ 2023-06-23
2025-12-28 12:59:10,284 INFO: [Loader Debug] 035720 Filtered rows: 326
2025-12-28 12:59:10,284 INFO: [Loader Debug] 051910 path: data\cache\051910.parquet exists: True
2025-12-28 12:59:10,286 INFO: [Loader Debug] 051910 raw shape: (1559, 5), index: <class 'pandas.core.indexes.datetimes.DatetimeIndex'>, cols: Index(['Open', 'High', 'Low', 'Close', 'Volume'], dtype='object')
2025-12-28 12:59:10,287 INFO: [Loader Debug] 051910 Date Range: 2019-01-01 00:00:00 ~ 2024-12-20 00:00:00 vs Target: 2022-03-25 ~ 2023-06-23
2025-12-28 12:59:10,288 INFO: [Loader Debug] 051910 Filtered rows: 326
2025-12-28 12:59:10,288 INFO: [Loader Debug] 069500 path: data\cache\069500.parquet exists: True
2025-12-28 12:59:10,289 INFO: [Loader Debug] 069500 raw shape: (1559, 5), index: <class 'pandas.core.indexes.datetimes.DatetimeIndex'>, cols: Index(['Open', 'High', 'Low', 'Close', 'Volume'], dtype='object')
2025-12-28 12:59:10,290 INFO: [Loader Debug] 069500 Date Range: 2019-01-01 00:00:00 ~ 2024-12-20 00:00:00 vs Target: 2022-03-25 ~ 2023-06-23
2025-12-28 12:59:10,291 INFO: [Loader Debug] 069500 Filtered rows: 326
2025-12-28 12:59:10,291 INFO: [Loader Debug] 091160 path: data\cache\091160.parquet exists: True
2025-12-28 12:59:10,293 INFO: [Loader Debug] 091160 raw shape: (1559, 5), index: <class 'pandas.core.indexes.datetimes.DatetimeIndex'>, cols: Index(['Open', 'High', 'Low', 'Close', 'Volume'], dtype='object')
2025-12-28 12:59:10,294 INFO: [Loader Debug] 091160 Date Range: 2019-01-01 00:00:00 ~ 2024-12-20 00:00:00 vs Target: 2022-03-25 ~ 2023-06-23
2025-12-28 12:59:10,295 INFO: [Loader Debug] 091160 Filtered rows: 326
2025-12-28 12:59:10,295 INFO: [Loader Debug] 102110 path: data\cache\102110.parquet exists: True
2025-12-28 12:59:10,296 INFO: [Loader Debug] 102110 raw shape: (1559, 5), index: <class 'pandas.core.indexes.datetimes.DatetimeIndex'>, cols: Index(['Open', 'High', 'Low', 'Close', 'Volume'], dtype='object')
2025-12-28 12:59:10,298 INFO: [Loader Debug] 102110 Date Range: 2019-01-01 00:00:00 ~ 2024-12-20 00:00:00 vs Target: 2022-03-25 ~ 2023-06-23
2025-12-28 12:59:10,299 INFO: [Loader Debug] 102110 Filtered rows: 326
2025-12-28 12:59:10,299 INFO: [Loader Debug] 114800 path: data\cache\114800.parquet exists: True
2025-12-28 12:59:10,301 INFO: [Loader Debug] 114800 raw shape: (1559, 5), index: <class 'pandas.core.indexes.datetimes.DatetimeIndex'>, cols: Index(['Open', 'High', 'Low', 'Close', 'Volume'], dtype='object')
2025-12-28 12:59:10,302 INFO: [Loader Debug] 114800 Date Range: 2019-01-01 00:00:00 ~ 2024-12-20 00:00:00 vs Target: 2022-03-25 ~ 2023-06-23
2025-12-28 12:59:10,303 INFO: [Loader Debug] 114800 Filtered rows: 326
2025-12-28 12:59:10,303 INFO: [Loader Debug] 122630 path: data\cache\122630.parquet exists: True
2025-12-28 12:59:10,305 INFO: [Loader Debug] 122630 raw shape: (1559, 5), index: <class 'pandas.core.indexes.datetimes.DatetimeIndex'>, cols: Index(['Open', 'High', 'Low', 'Close', 'Volume'], dtype='object')
2025-12-28 12:59:10,306 INFO: [Loader Debug] 122630 Date Range: 2019-01-01 00:00:00 ~ 2024-12-20 00:00:00 vs Target: 2022-03-25 ~ 2023-06-23
2025-12-28 12:59:10,307 INFO: [Loader Debug] 122630 Filtered rows: 326
2025-12-28 12:59:10,307 INFO: [Loader Debug] 229200 path: data\cache\229200.parquet exists: True
2025-12-28 12:59:10,308 INFO: [Loader Debug] 229200 raw shape: (1559, 5), index: <class 'pandas.core.indexes.datetimes.DatetimeIndex'>, cols: Index(['Open', 'High', 'Low', 'Close', 'Volume'], dtype='object')
2025-12-28 12:59:10,310 INFO: [Loader Debug] 229200 Date Range: 2019-01-01 00:00:00 ~ 2024-12-20 00:00:00 vs Target: 2022-03-25 ~ 2023-06-23
2025-12-28 12:59:10,310 INFO: [Loader Debug] 229200 Filtered rows: 326
2025-12-28 12:59:10,311 INFO: [Loader Debug] 233740 path: data\cache\233740.parquet exists: True
2025-12-28 12:59:10,312 INFO: [Loader Debug] 233740 raw shape: (1559, 5), index: <class 'pandas.core.indexes.datetimes.DatetimeIndex'>, cols: Index(['Open', 'High', 'Low', 'Close', 'Volume'], dtype='object')
2025-12-28 12:59:10,313 INFO: [Loader Debug] 233740 Date Range: 2019-01-01 00:00:00 ~ 2024-12-20 00:00:00 vs Target: 2022-03-25 ~ 2023-06-23
2025-12-28 12:59:10,314 INFO: [Loader Debug] 233740 Filtered rows: 326
2025-12-28 12:59:10,314 INFO: [Loader Debug] 252670 path: data\cache\252670.parquet exists: True
2025-12-28 12:59:10,316 INFO: [Loader Debug] 252670 raw shape: (1559, 5), index: <class 'pandas.core.indexes.datetimes.DatetimeIndex'>, cols: Index(['Open', 'High', 'Low', 'Close', 'Volume'], dtype='object')
2025-12-28 12:59:10,317 INFO: [Loader Debug] 252670 Date Range: 2019-01-01 00:00:00 ~ 2024-12-20 00:00:00 vs Target: 2022-03-25 ~ 2023-06-23
2025-12-28 12:59:10,318 INFO: [Loader Debug] 252670 Filtered rows: 326
2025-12-28 12:59:10,318 INFO: [Loader Debug] 261240 path: data\cache\261240.parquet exists: True
2025-12-28 12:59:10,320 INFO: [Loader Debug] 261240 raw shape: (1559, 5), index: <class 'pandas.core.indexes.datetimes.DatetimeIndex'>, cols: Index(['Open', 'High', 'Low', 'Close', 'Volume'], dtype='object')
2025-12-28 12:59:10,321 INFO: [Loader Debug] 261240 Date Range: 2019-01-01 00:00:00 ~ 2024-12-20 00:00:00 vs Target: 2022-03-25 ~ 2023-06-23
2025-12-28 12:59:10,322 INFO: [Loader Debug] 261240 Filtered rows: 326
2025-12-28 12:59:10,322 INFO: [Loader Debug] 305720 path: data\cache\305720.parquet exists: True
2025-12-28 12:59:10,323 INFO: [Loader Debug] 305720 raw shape: (1559, 5), index: <class 'pandas.core.indexes.datetimes.DatetimeIndex'>, cols: Index(['Open', 'High', 'Low', 'Close', 'Volume'], dtype='object')
2025-12-28 12:59:10,325 INFO: [Loader Debug] 305720 Date Range: 2019-01-01 00:00:00 ~ 2024-12-20 00:00:00 vs Target: 2022-03-25 ~ 2023-06-23
2025-12-28 12:59:10,325 INFO: [Loader Debug] 305720 Filtered rows: 326
2025-12-28 12:59:10,327 INFO: [Normalization] Initial Shape: (4564, 5), Index: <class 'pandas.core.indexes.multi.MultiIndex'>, Columns: ['open', 'high', 'low', 'close', 'volume']
2025-12-28 12:59:10,328 INFO: [EVIDENCE] Data Pipeline Trace:
1. Load Shape: (4564, 5)
   - Index Type: <class 'pandas.core.indexes.multi.MultiIndex'>
   - Levels: ['code', 'date']
   - Date Range: 2022-03-25 00:00:00 ~ 2023-06-23 00:00:00
   - Unique Symbols: 14 (Sample: ['005930', '035420', '035720'])
2. Universe Coverage: Requested=14, Loaded=14, Missing=0
6. Final Columns: ['open', 'high', 'low', 'close', 'volume']
2025-12-28 12:59:10,420 INFO: ✅ 설정 파일 로드: E:\AI Study\krx_alertor_modular\config\regime_params.yaml
2025-12-28 12:59:10,420 INFO: MarketRegimeDetector 초기화: MA=50/200일, 임계값=2.0/-2.0%
2025-12-28 12:59:10,425 INFO: RSI 프로파일 로드 완료: ['balanced', 'conservative', 'aggressive']
2025-12-28 12:59:10,425 INFO: [EVIDENCE] BacktestRunner.run called with params: ma_period=100, rsi_period=58, stop_loss=0.13
2025-12-28 12:59:10,425 INFO: BacktestEngine 초기화: instrument_type=etf, tax_rate=0.00%
2025-12-28 12:59:10,764 WARNING: 매수 불가 (261240): 자금 부족: 1,052,715 > 810,166
2025-12-28 12:59:10,765 WARNING: 매수 불가 (261240): 자금 부족: 10,898,188 > 9,848,059
2025-12-28 12:59:10,766 WARNING: 매수 불가 (261240): 자금 부족: 10,978,653 > 9,848,059
2025-12-28 12:59:10,766 WARNING: 매수 불가 (261240): 자금 부족: 10,622,345 > 9,848,059
2025-12-28 12:59:10,767 WARNING: 매수 불가 (261240): 자금 부족: 10,682,438 > 9,848,059
2025-12-28 12:59:10,779 WARNING: 매수 불가 (005930): 자금 부족: 1,089,214 > 786,220
2025-12-28 12:59:10,780 WARNING: 매수 불가 (005930): 자금 부족: 10,921,045 > 9,808,595
2025-12-28 12:59:10,781 WARNING: 매수 불가 (005930): 자금 부족: 10,838,526 > 9,808,595
2025-12-28 12:59:10,781 WARNING: 매수 불가 (005930): 자금 부족: 10,690,182 > 9,808,595
2025-12-28 12:59:10,782 WARNING: 매수 불가 (005930): 자금 부족: 10,750,443 > 9,808,595
2025-12-28 12:59:10,882 WARNING: 매수 불가 (122630): 자금 부족: 984,817 > 906,217
2025-12-28 12:59:10,882 WARNING: 매수 불가 (122630): 자금 부족: 10,035,894 > 9,638,710
2025-12-28 12:59:10,883 WARNING: 매수 불가 (122630): 자금 부족: 10,295,663 > 9,638,710
2025-12-28 12:59:10,884 WARNING: 매수 불가 (122630): 자금 부족: 10,434,136 > 9,638,710
2025-12-28 12:59:10,884 WARNING: 매수 불가 (122630): 자금 부족: 10,759,377 > 9,638,710
2025-12-28 12:59:10,896 WARNING: 매수 불가 (233740): 자금 부족: 951,171 > 383,692
2025-12-28 12:59:10,897 WARNING: 매수 불가 (233740): 자금 부족: 10,781,726 > 9,578,770
2025-12-28 12:59:10,898 WARNING: 매수 불가 (233740): 자금 부족: 10,797,739 > 9,578,770
2025-12-28 12:59:10,898 WARNING: 매수 불가 (233740): 자금 부족: 10,792,407 > 9,578,770
2025-12-28 12:59:10,899 WARNING: 매수 불가 (233740): 자금 부족: 10,752,090 > 9,578,770
2025-12-28 12:59:10,911 WARNING: 매수 불가 (233740): 자금 부족: 919,978 > 428,413
2025-12-28 12:59:10,911 WARNING: 매수 불가 (233740): 자금 부족: 10,687,878 > 9,626,121
2025-12-28 12:59:10,912 WARNING: 매수 불가 (233740): 자금 부족: 10,489,606 > 9,626,121
2025-12-28 12:59:10,913 WARNING: 매수 불가 (233740): 자금 부족: 10,355,554 > 9,626,121
2025-12-28 12:59:10,913 WARNING: 매수 불가 (233740): 자금 부족: 10,040,991 > 9,626,121
2025-12-28 12:59:10,938 WARNING: 매수 불가 (035420): 자금 부족: 928,721 > 790,879
2025-12-28 12:59:10,939 WARNING: 매수 불가 (035420): 자금 부족: 10,066,351 > 9,577,521
2025-12-28 12:59:10,939 WARNING: 매수 불가 (035420): 자금 부족: 10,071,965 > 9,577,521
2025-12-28 12:59:10,940 WARNING: 매수 불가 (035420): 자금 부족: 10,220,295 > 9,577,521
2025-12-28 12:59:10,941 WARNING: 매수 불가 (035420): 자금 부족: 10,204,482 > 9,577,521
2025-12-28 12:59:10,991 WARNING: 매수 불가 (252670): 자금 부족: 1,051,691 > 995,399
2025-12-28 12:59:10,992 WARNING: 매수 불가 (252670): 자금 부족: 10,573,535 > 9,721,308
2025-12-28 12:59:10,993 WARNING: 매수 불가 (252670): 자금 부족: 10,772,128 > 9,721,308
2025-12-28 12:59:10,993 WARNING: 매수 불가 (252670): 자금 부족: 10,883,002 > 9,721,308
2025-12-28 12:59:10,994 WARNING: 매수 불가 (252670): 자금 부족: 10,849,160 > 9,721,308
2025-12-28 12:59:11,006 WARNING: 매수 불가 (252670): 자금 부족: 1,048,886 > 343,342
2025-12-28 12:59:11,007 WARNING: 매수 불가 (252670): 자금 부족: 10,839,220 > 9,777,867
2025-12-28 12:59:11,007 WARNING: 매수 불가 (252670): 자금 부족: 11,074,434 > 9,777,867
2025-12-28 12:59:11,008 WARNING: 매수 불가 (252670): 자금 부족: 10,939,183 > 9,777,867
2025-12-28 12:59:11,008 WARNING: 매수 불가 (252670): 자금 부족: 11,012,579 > 9,777,867
2025-12-28 12:59:11,045 ERROR: Orchestrator Crash: cannot access local variable 'final_score' where it is not associated with a value
Traceback (most recent call last):
  File "E:\AI Study\krx_alertor_modular\tools\run_phase15_realdata.py", line 524, in run_strict_phase15
    study.optimize(objective, n_trials=args.trials)
    ~~~~~~~~~~~~~~^^^^^^^^^^^^^^^^^^^^^^^^^^^^^^^^^
  File "C:\Users\minan\anaconda3\Lib\site-packages\optuna\study\study.py", line 490, in optimize
    _optimize(
    ~~~~~~~~~^
        study=self,
        ^^^^^^^^^^^
    ...<7 lines>...
        show_progress_bar=show_progress_bar,
        ^^^^^^^^^^^^^^^^^^^^^^^^^^^^^^^^^^^^
    )
    ^
  File "C:\Users\minan\anaconda3\Lib\site-packages\optuna\study\_optimize.py", line 63, in _optimize
    _optimize_sequential(
    ~~~~~~~~~~~~~~~~~~~~^
        study,
        ^^^^^^
    ...<8 lines>...
        progress_bar=progress_bar,
        ^^^^^^^^^^^^^^^^^^^^^^^^^^
    )
    ^
  File "C:\Users\minan\anaconda3\Lib\site-packages\optuna\study\_optimize.py", line 160, in _optimize_sequential
    frozen_trial_id = _run_trial(study, func, catch)
  File "C:\Users\minan\anaconda3\Lib\site-packages\optuna\study\_optimize.py", line 258, in _run_trial
    raise func_err
  File "C:\Users\minan\anaconda3\Lib\site-packages\optuna\study\_optimize.py", line 201, in _run_trial
    value_or_values = func(trial)
  File "E:\AI Study\krx_alertor_modular\tools\run_phase15_realdata.py", line 452, in objective
    trial.set_user_attr("valid", bool(final_score > -100))
                                      ^^^^^^^^^^^
UnboundLocalError: cannot access local variable 'final_score' where it is not associated with a value
2025-12-28 12:59:11,047 CRITICAL: Uncaught Exception:
Traceback (most recent call last):
  File "<frozen runpy>", line 198, in _run_module_as_main
  File "<frozen runpy>", line 88, in _run_code
  File "E:\AI Study\krx_alertor_modular\tools\run_phase15_realdata.py", line 692, in <module>
    run_strict_phase15("A", args)
    ~~~~~~~~~~~~~~~~~~^^^^^^^^^^^
  File "E:\AI Study\krx_alertor_modular\tools\run_phase15_realdata.py", line 524, in run_strict_phase15
    study.optimize(objective, n_trials=args.trials)
    ~~~~~~~~~~~~~~^^^^^^^^^^^^^^^^^^^^^^^^^^^^^^^^^
  File "C:\Users\minan\anaconda3\Lib\site-packages\optuna\study\study.py", line 490, in optimize
    _optimize(
    ~~~~~~~~~^
        study=self,
        ^^^^^^^^^^^
    ...<7 lines>...
        show_progress_bar=show_progress_bar,
        ^^^^^^^^^^^^^^^^^^^^^^^^^^^^^^^^^^^^
    )
    ^
  File "C:\Users\minan\anaconda3\Lib\site-packages\optuna\study\_optimize.py", line 63, in _optimize
    _optimize_sequential(
    ~~~~~~~~~~~~~~~~~~~~^
        study,
        ^^^^^^
    ...<8 lines>...
        progress_bar=progress_bar,
        ^^^^^^^^^^^^^^^^^^^^^^^^^^
    )
    ^
  File "C:\Users\minan\anaconda3\Lib\site-packages\optuna\study\_optimize.py", line 160, in _optimize_sequential
    frozen_trial_id = _run_trial(study, func, catch)
  File "C:\Users\minan\anaconda3\Lib\site-packages\optuna\study\_optimize.py", line 258, in _run_trial
    raise func_err
  File "C:\Users\minan\anaconda3\Lib\site-packages\optuna\study\_optimize.py", line 201, in _run_trial
    value_or_values = func(trial)
  File "E:\AI Study\krx_alertor_modular\tools\run_phase15_realdata.py", line 452, in objective
    trial.set_user_attr("valid", bool(final_score > -100))
                                      ^^^^^^^^^^^
UnboundLocalError: cannot access local variable 'final_score' where it is not associated with a value
2025-12-28 12:59:11,050 INFO: ResultPackager: Saving Artifacts...
