2025-11-08 15:29:00 - INFO - ======================================================================
2025-11-08 15:29:00 - INFO - 로그 파일: E:\AI Study\krx_alertor_modular\logs\phase2\week2_day3_crash_20251108_152900.log
2025-11-08 15:29:00 - INFO - 시작 시간: 2025-11-08 15:29:00
2025-11-08 15:29:00 - INFO - ======================================================================
2025-11-08 15:29:00 - INFO - Week 2 Day 3: 시장 급락 감지 백테스트
2025-11-08 15:29:00 - INFO - 목표: 시장 급락 감지로 MDD 개선
2025-11-08 15:29:00 - INFO - 
2025-11-08 15:29:00 - INFO - 1. 유니버스 로드
2025-11-08 15:29:00 - INFO - ----------------------------------------------------------------------
2025-11-08 15:29:00 - INFO - 유니버스 크기: 81개
2025-11-08 15:29:00 - INFO - KODEX 200 (069500) 추가 - KOSPI 대표
2025-11-08 15:29:00 - INFO - 종목 코드: ['69500', '459580', '102110', '411060', '91160', '396500', '466920', '229200', '360750', '305720']... (총 82개)
2025-11-08 15:29:00 - INFO - 
2025-11-08 15:29:00 - INFO - 2. 가격 데이터 로드
2025-11-08 15:29:00 - INFO - ----------------------------------------------------------------------
2025-11-08 15:29:00 - INFO - 기간: 2022-01-01 ~ 2025-11-08
2025-11-08 15:29:00 - INFO - 데이터 로딩 중...
2025-11-08 15:29:01 - INFO - ✅ 데이터 로드 완료
2025-11-08 15:29:01 - INFO -    Shape: (41512, 8)
2025-11-08 15:29:01 - INFO -    Index: ['code', 'date']
2025-11-08 15:29:01 - INFO -    Columns: ['NAV', 'open', 'high', 'low', 'close', 'volume', 'value', '기초지수']
2025-11-08 15:29:01 - INFO -    KODEX 200 데이터: 690일
2025-11-08 15:29:01 - INFO - 
종목별 데이터 수:
2025-11-08 15:29:01 - INFO -   평균: 704일
2025-11-08 15:29:01 - INFO -   최소: 308일
2025-11-08 15:29:01 - INFO -   최대: 1380일
2025-11-08 15:29:01 - INFO - 
2025-11-08 15:29:01 - INFO - 3. 전략 설정
2025-11-08 15:29:01 - INFO - ----------------------------------------------------------------------
2025-11-08 15:29:01 - INFO - 기존 최적 파라미터 사용:
2025-11-08 15:29:01 - INFO -   ma_period: 60
2025-11-08 15:29:01 - INFO -   rsi_period: 14
2025-11-08 15:29:01 - INFO -   rsi_overbought: 70
2025-11-08 15:29:01 - INFO -   maps_buy_threshold: 0.0
2025-11-08 15:29:01 - INFO -   maps_sell_threshold: -5.0
2025-11-08 15:29:01 - INFO -   rebalance_frequency: monthly
2025-11-08 15:29:01 - INFO -   max_positions: 10
2025-11-08 15:29:01 - INFO -   min_confidence: 0.1
2025-11-08 15:29:01 - INFO - ✅ 전략 초기화 완료
2025-11-08 15:29:01 - INFO - 
2025-11-08 15:29:01 - INFO - 4. 백테스트 실행 (방어 시스템 없음)
2025-11-08 15:29:01 - INFO - ----------------------------------------------------------------------
2025-11-08 15:29:01 - INFO - 방어 시스템 비활성화 백테스트...
2025-11-08 15:29:09 - INFO - ✅ 백테스트 완료 (방어 없음)!
2025-11-08 15:29:09 - INFO -   수익률: 153.82%
2025-11-08 15:29:09 - INFO -   CAGR: 39.01%
2025-11-08 15:29:09 - INFO -   Sharpe: 1.71
2025-11-08 15:29:09 - INFO -   MDD: -23.51%
2025-11-08 15:29:09 - INFO -   거래 수: 1440회
2025-11-08 15:29:09 - INFO - 
2025-11-08 15:29:09 - INFO - 5. 백테스트 실행 (시장 급락 감지 있음)
2025-11-08 15:29:09 - INFO - ----------------------------------------------------------------------
2025-11-08 15:29:09 - INFO - 시장 급락 감지 활성화 백테스트 (개선)
2025-11-08 15:29:09 - INFO -   단일 급락: -5% (당일 Low)
2025-11-08 15:29:09 - INFO -   단기 급락: -7% / 3일 (최저 Low)
2025-11-08 15:29:09 - INFO -   보유 종목 하락: 60% / -5%
2025-11-08 15:29:09 - INFO -   방어 모드 유지: 5일
2025-11-08 15:29:09 - INFO -   개별 손절: 비활성화
2025-11-08 15:29:17 - INFO - ✅ 백테스트 완료 (시장 급락 감지)!
2025-11-08 15:29:17 - INFO -   수익률: 132.32%
2025-11-08 15:29:17 - INFO -   CAGR: 34.72%
2025-11-08 15:29:17 - INFO -   Sharpe: 1.57
2025-11-08 15:29:17 - INFO -   MDD: -23.51%
2025-11-08 15:29:17 - INFO -   거래 수: 1464회
2025-11-08 15:29:17 - INFO - 
2025-11-08 15:29:17 - INFO - 6. 결과 비교
2025-11-08 15:29:17 - INFO - ----------------------------------------------------------------------
2025-11-08 15:29:17 - INFO - ============================================================
2025-11-08 15:29:17 - INFO - 백테스트 결과 비교
2025-11-08 15:29:17 - INFO - ============================================================
2025-11-08 15:29:17 - INFO - 
          지표  방어 없음 시장 급락 감지
     수익률 (%) 153.82   132.32
    CAGR (%)  39.01    34.72
Sharpe Ratio   1.71     1.57
     MDD (%) -23.51   -23.51
        거래 수   1440     1464
2025-11-08 15:29:17 - INFO - 
개선 효과:
2025-11-08 15:29:17 - INFO -   MDD 개선: 0.0% (목표: +50%)
2025-11-08 15:29:17 - INFO -   CAGR 변화: -4.28%p
2025-11-08 15:29:17 - INFO - 
목표 달성 여부:
2025-11-08 15:29:17 - WARNING -   ⚠️ MDD 목표 미달성 (-23.51% < -12%)
2025-11-08 15:29:17 - INFO - ✅   ✅ CAGR 목표 달성! (34.72% >= 30%)
2025-11-08 15:29:17 - INFO - ✅   ✅ Sharpe 목표 달성! (1.57 >= 1.5)
2025-11-08 15:29:17 - INFO - 
2025-11-08 15:29:17 - INFO - 7. 결과 저장
2025-11-08 15:29:17 - INFO - ----------------------------------------------------------------------
2025-11-08 15:29:17 - INFO - ✅ 비교 결과 저장: E:\AI Study\krx_alertor_modular\data\output\phase2\crash_detection_comparison.json
2025-11-08 15:29:17 - INFO - ✅ 시장 급락 감지 결과 저장: E:\AI Study\krx_alertor_modular\data\output\phase2\backtest_crash_detection_summary.json
2025-11-08 15:29:17 - INFO - 
2025-11-08 15:29:17 - INFO - ======================================================================
2025-11-08 15:29:17 - INFO - 종료 시간: 2025-11-08 15:29:17
2025-11-08 15:29:17 - INFO - ======================================================================
2025-11-08 15:29:17 - INFO - 
============================================================
2025-11-08 15:29:17 - INFO - Week 2 Day 3 완료!
2025-11-08 15:29:17 - INFO - 다음 단계: Day 4 - 변동성 관리
2025-11-08 15:29:17 - INFO - ============================================================
