2025-11-08 17:32:18 - INFO - ======================================================================
2025-11-08 17:32:18 - INFO - 로그 파일: E:\AI Study\krx_alertor_modular\logs\phase2\week3_hybrid_20251108_173218.log
2025-11-08 17:32:18 - INFO - 시작 시간: 2025-11-08 17:32:18
2025-11-08 17:32:18 - INFO - ======================================================================
2025-11-08 17:32:18 - INFO - Week 3: 하이브리드 전략 백테스트
2025-11-08 17:32:18 - INFO - 목표: 시장 레짐 기반 동적 전략 전환으로 MDD -10~12% 달성
2025-11-08 17:32:18 - INFO - 
2025-11-08 17:32:18 - INFO - 1. 유니버스 로드
2025-11-08 17:32:18 - INFO - ----------------------------------------------------------------------
2025-11-08 17:32:18 - INFO - 유니버스 크기: 81개
2025-11-08 17:32:18 - INFO - KODEX 200 (069500) 추가 - KOSPI 대표
2025-11-08 17:32:18 - INFO - 종목 코드: ['69500', '459580', '102110', '411060', '91160', '396500', '466920', '229200', '360750', '305720']... (총 82개)
2025-11-08 17:32:18 - INFO - 
2025-11-08 17:32:18 - INFO - 2. 가격 데이터 로드
2025-11-08 17:32:18 - INFO - ----------------------------------------------------------------------
2025-11-08 17:32:18 - INFO - 기간: 2022-01-01 ~ 2025-11-08
2025-11-08 17:32:18 - INFO - 데이터 로딩 중...
2025-11-08 17:32:20 - INFO - ✅ 데이터 로드 완료
2025-11-08 17:32:20 - INFO -    Shape: (41512, 8)
2025-11-08 17:32:20 - INFO -    Index: ['code', 'date']
2025-11-08 17:32:20 - INFO -    Columns: ['NAV', 'open', 'high', 'low', 'close', 'volume', 'value', '기초지수']
2025-11-08 17:32:20 - INFO -    KODEX 200 데이터: 690일
2025-11-08 17:32:20 - INFO - 
종목별 데이터 수:
2025-11-08 17:32:20 - INFO -   평균: 704일
2025-11-08 17:32:20 - INFO -   최소: 308일
2025-11-08 17:32:20 - INFO -   최대: 1380일
2025-11-08 17:32:20 - INFO - 
2025-11-08 17:32:20 - INFO - 3. 전략 설정
2025-11-08 17:32:20 - INFO - ----------------------------------------------------------------------
2025-11-08 17:32:20 - INFO - 기존 최적 파라미터 사용:
2025-11-08 17:32:20 - INFO -   ma_period: 60
2025-11-08 17:32:20 - INFO -   rsi_period: 14
2025-11-08 17:32:20 - INFO -   rsi_overbought: 70
2025-11-08 17:32:20 - INFO -   maps_buy_threshold: 0.0
2025-11-08 17:32:20 - INFO -   maps_sell_threshold: -5.0
2025-11-08 17:32:20 - INFO -   rebalance_frequency: monthly
2025-11-08 17:32:20 - INFO -   max_positions: 10
2025-11-08 17:32:20 - INFO -   min_confidence: 0.1
2025-11-08 17:32:20 - INFO - ✅ 전략 초기화 완료
2025-11-08 17:32:20 - INFO - 
2025-11-08 17:32:20 - INFO - 4. 백테스트 실행 (방어 시스템 없음)
2025-11-08 17:32:20 - INFO - ----------------------------------------------------------------------
2025-11-08 17:32:20 - INFO - 방어 시스템 비활성화 백테스트...
2025-11-08 17:32:31 - INFO - ✅ 백테스트 완료 (방어 없음)!
2025-11-08 17:32:31 - INFO -   수익률: 153.82%
2025-11-08 17:32:31 - INFO -   CAGR: 39.01%
2025-11-08 17:32:31 - INFO -   Sharpe: 1.71
2025-11-08 17:32:31 - INFO -   MDD: -23.51%
2025-11-08 17:32:31 - INFO -   거래 수: 1440회
2025-11-08 17:32:31 - INFO - 
2025-11-08 17:32:31 - INFO - 5. 백테스트 실행 (하이브리드 전략)
2025-11-08 17:32:31 - INFO - ----------------------------------------------------------------------
2025-11-08 17:32:31 - INFO - 하이브리드 전략 활성화 백테스트 (개선된 레짐 감지)
2025-11-08 17:32:31 - INFO -   시장 레짐 감지: MA 20/60일 (개선!)
2025-11-08 17:32:31 - INFO -   임계값: ±1% (개선!)
2025-11-08 17:32:31 - INFO -   상승장: 100~120% 포지션
2025-11-08 17:32:31 - INFO -   하락장: 0~20% 포지션 (방어 모드)
2025-11-08 17:32:31 - INFO -   중립장: 50% 포지션
2025-11-08 17:32:31 - INFO -   시장 급락 감지: 단일 -5%, 단기 -7%/3일
2025-11-08 17:32:31 - INFO -   변동성 관리: ATR 기반 조정
2025-11-08 17:32:31 - INFO -   개별 손절: 비활성화
2025-11-08 17:33:58 - INFO - ✅ 백테스트 완료 (하이브리드)!
2025-11-08 17:33:58 - INFO -   수익률: 62.30%
2025-11-08 17:33:58 - INFO -   CAGR: 18.68%
2025-11-08 17:33:58 - INFO -   Sharpe: 1.17
2025-11-08 17:33:58 - INFO -   MDD: -15.86%
2025-11-08 17:33:58 - INFO -   거래 수: 1418회
2025-11-08 17:33:58 - INFO - 
시장 레짐 통계:
2025-11-08 17:33:58 - INFO -   상승장: 334일 (53.8%)
2025-11-08 17:33:58 - INFO -   하락장: 167일 (26.9%)
2025-11-08 17:33:58 - INFO -   중립장: 120일 (19.3%)
2025-11-08 17:33:58 - INFO -   레짐 변경: 22회
2025-11-08 17:33:58 - INFO - 
2025-11-08 17:33:58 - INFO - 6. 결과 비교
2025-11-08 17:33:58 - INFO - ----------------------------------------------------------------------
2025-11-08 17:33:58 - INFO - ============================================================
2025-11-08 17:33:58 - INFO - 백테스트 결과 비교
2025-11-08 17:33:58 - INFO - ============================================================
2025-11-08 17:33:58 - INFO - 
          지표  방어 없음  하이브리드
     수익률 (%) 153.82  62.30
    CAGR (%)  39.01  18.68
Sharpe Ratio   1.71   1.17
     MDD (%) -23.51 -15.86
        거래 수   1440   1418
2025-11-08 17:33:58 - INFO - 
개선 효과:
2025-11-08 17:33:58 - INFO -   MDD 개선: 32.5% (목표: +50%)
2025-11-08 17:33:58 - INFO -   CAGR 변화: -20.33%p
2025-11-08 17:33:58 - INFO -   Sharpe 변화: -0.54
2025-11-08 17:33:58 - INFO - 
목표 달성 여부:
2025-11-08 17:33:58 - WARNING -   ⚠️ MDD 목표 미달성 (-15.86% < -12%)
2025-11-08 17:33:58 - WARNING -   ⚠️ CAGR 목표 미달성 (18.68% < 30%)
2025-11-08 17:33:58 - WARNING -   ⚠️ Sharpe 목표 미달성 (1.17 < 1.5)
2025-11-08 17:33:58 - INFO - 
2025-11-08 17:33:58 - INFO - 7. 결과 저장
2025-11-08 17:33:58 - INFO - ----------------------------------------------------------------------
2025-11-08 17:33:58 - INFO - ✅ 비교 결과 저장: E:\AI Study\krx_alertor_modular\data\output\phase2\hybrid_comparison.json
2025-11-08 17:33:58 - INFO - ✅ 하이브리드 전략 결과 저장: E:\AI Study\krx_alertor_modular\data\output\phase2\backtest_hybrid_summary.json
2025-11-08 17:33:58 - INFO - 
2025-11-08 17:33:58 - INFO - ======================================================================
2025-11-08 17:33:58 - INFO - 종료 시간: 2025-11-08 17:33:58
2025-11-08 17:33:58 - INFO - ======================================================================
2025-11-08 17:33:58 - INFO - 
============================================================
2025-11-08 17:33:58 - INFO - Week 3 완료!
2025-11-08 17:33:58 - INFO - 하이브리드 전략 구현 성공!
2025-11-08 17:33:58 - INFO - ============================================================
