2025-11-08 15:14:53 - INFO - ======================================================================
2025-11-08 15:14:53 - INFO - 로그 파일: E:\AI Study\krx_alertor_modular\logs\phase2\week2_day3_crash_20251108_151453.log
2025-11-08 15:14:53 - INFO - 시작 시간: 2025-11-08 15:14:53
2025-11-08 15:14:53 - INFO - ======================================================================
2025-11-08 15:14:53 - INFO - Week 2 Day 3: 시장 급락 감지 백테스트
2025-11-08 15:14:53 - INFO - 목표: 시장 급락 감지로 MDD 개선
2025-11-08 15:14:53 - INFO - 
2025-11-08 15:14:53 - INFO - 1. 유니버스 로드
2025-11-08 15:14:53 - INFO - ----------------------------------------------------------------------
2025-11-08 15:14:53 - INFO - 유니버스 크기: 81개
2025-11-08 15:14:53 - INFO - KODEX 200 (069500) 추가 - KOSPI 대표
2025-11-08 15:14:53 - INFO - 종목 코드: ['69500', '459580', '102110', '411060', '91160', '396500', '466920', '229200', '360750', '305720']... (총 82개)
2025-11-08 15:14:53 - INFO - 
2025-11-08 15:14:53 - INFO - 2. 가격 데이터 로드
2025-11-08 15:14:53 - INFO - ----------------------------------------------------------------------
2025-11-08 15:14:53 - INFO - 기간: 2022-01-01 ~ 2025-11-08
2025-11-08 15:14:53 - INFO - 데이터 로딩 중...
2025-11-08 15:14:55 - INFO - ✅ 데이터 로드 완료
2025-11-08 15:14:55 - INFO -    Shape: (41512, 8)
2025-11-08 15:14:55 - INFO -    Index: ['code', 'date']
2025-11-08 15:14:55 - INFO -    Columns: ['NAV', 'open', 'high', 'low', 'close', 'volume', 'value', '기초지수']
2025-11-08 15:14:55 - INFO -    KODEX 200 데이터: 690일
2025-11-08 15:14:55 - INFO - 
종목별 데이터 수:
2025-11-08 15:14:55 - INFO -   평균: 704일
2025-11-08 15:14:55 - INFO -   최소: 308일
2025-11-08 15:14:55 - INFO -   최대: 1380일
2025-11-08 15:14:55 - INFO - 
2025-11-08 15:14:55 - INFO - 3. 전략 설정
2025-11-08 15:14:55 - INFO - ----------------------------------------------------------------------
2025-11-08 15:14:55 - INFO - 기존 최적 파라미터 사용:
2025-11-08 15:14:55 - INFO -   ma_period: 60
2025-11-08 15:14:55 - INFO -   rsi_period: 14
2025-11-08 15:14:55 - INFO -   rsi_overbought: 70
2025-11-08 15:14:55 - INFO -   maps_buy_threshold: 0.0
2025-11-08 15:14:55 - INFO -   maps_sell_threshold: -5.0
2025-11-08 15:14:55 - INFO -   rebalance_frequency: monthly
2025-11-08 15:14:55 - INFO -   max_positions: 10
2025-11-08 15:14:55 - INFO -   min_confidence: 0.1
2025-11-08 15:14:55 - INFO - ✅ 전략 초기화 완료
2025-11-08 15:14:55 - INFO - 
2025-11-08 15:14:55 - INFO - 4. 백테스트 실행 (방어 시스템 없음)
2025-11-08 15:14:55 - INFO - ----------------------------------------------------------------------
2025-11-08 15:14:55 - INFO - 방어 시스템 비활성화 백테스트...
2025-11-08 15:15:03 - INFO - ✅ 백테스트 완료 (방어 없음)!
2025-11-08 15:15:03 - INFO -   수익률: 153.82%
2025-11-08 15:15:03 - INFO -   CAGR: 39.01%
2025-11-08 15:15:03 - INFO -   Sharpe: 1.71
2025-11-08 15:15:03 - INFO -   MDD: -23.51%
2025-11-08 15:15:03 - INFO -   거래 수: 1440회
2025-11-08 15:15:03 - INFO - 
2025-11-08 15:15:03 - INFO - 5. 백테스트 실행 (시장 급락 감지 있음)
2025-11-08 15:15:03 - INFO - ----------------------------------------------------------------------
2025-11-08 15:15:03 - INFO - 시장 급락 감지 활성화 백테스트...
2025-11-08 15:15:03 - INFO -   KOSPI 급락: -10% / 5일
2025-11-08 15:15:03 - INFO -   보유 종목 하락: 80% / -5%
2025-11-08 15:15:03 - INFO -   방어 모드 유지: 5일
2025-11-08 15:15:03 - INFO -   개별 손절: 비활성화
2025-11-08 15:15:11 - INFO - ✅ 백테스트 완료 (시장 급락 감지)!
2025-11-08 15:15:11 - INFO -   수익률: 147.05%
2025-11-08 15:15:11 - INFO -   CAGR: 37.68%
2025-11-08 15:15:11 - INFO -   Sharpe: 1.67
2025-11-08 15:15:11 - INFO -   MDD: -23.51%
2025-11-08 15:15:11 - INFO -   거래 수: 1466회
2025-11-08 15:15:11 - INFO - 
2025-11-08 15:15:11 - INFO - 6. 결과 비교
2025-11-08 15:15:11 - INFO - ----------------------------------------------------------------------
2025-11-08 15:15:11 - INFO - ============================================================
2025-11-08 15:15:11 - INFO - 백테스트 결과 비교
2025-11-08 15:15:11 - INFO - ============================================================
2025-11-08 15:15:11 - INFO - 
          지표  방어 없음 시장 급락 감지
     수익률 (%) 153.82   147.05
    CAGR (%)  39.01    37.68
Sharpe Ratio   1.71     1.67
     MDD (%) -23.51   -23.51
        거래 수   1440     1466
2025-11-08 15:15:11 - INFO - 
개선 효과:
2025-11-08 15:15:11 - INFO -   MDD 개선: 0.0% (목표: +50%)
2025-11-08 15:15:11 - INFO -   CAGR 변화: -1.32%p
2025-11-08 15:15:11 - INFO - 
목표 달성 여부:
2025-11-08 15:15:11 - WARNING -   ⚠️ MDD 목표 미달성 (-23.51% < -12%)
2025-11-08 15:15:11 - INFO - ✅   ✅ CAGR 목표 달성! (37.68% >= 30%)
2025-11-08 15:15:11 - INFO - ✅   ✅ Sharpe 목표 달성! (1.67 >= 1.5)
2025-11-08 15:15:11 - INFO - 
2025-11-08 15:15:11 - INFO - 7. 결과 저장
2025-11-08 15:15:11 - INFO - ----------------------------------------------------------------------
2025-11-08 15:15:11 - INFO - ✅ 비교 결과 저장: E:\AI Study\krx_alertor_modular\data\output\phase2\crash_detection_comparison.json
2025-11-08 15:15:11 - INFO - ✅ 시장 급락 감지 결과 저장: E:\AI Study\krx_alertor_modular\data\output\phase2\backtest_crash_detection_summary.json
2025-11-08 15:15:11 - INFO - 
2025-11-08 15:15:11 - INFO - ======================================================================
2025-11-08 15:15:11 - INFO - 종료 시간: 2025-11-08 15:15:11
2025-11-08 15:15:11 - INFO - ======================================================================
2025-11-08 15:15:11 - INFO - 
============================================================
2025-11-08 15:15:11 - INFO - Week 2 Day 3 완료!
2025-11-08 15:15:11 - INFO - 다음 단계: Day 4 - 변동성 관리
2025-11-08 15:15:11 - INFO - ============================================================
