2025-12-28 14:43:29,110 INFO: === CLEAN PHASE 1.5 START (RunID: real_20251228_144328_09c358) ===
2025-12-28 14:43:29,590 INFO: 캐시 기반 유니버스: 14개 종목 (지수 코드 제외)
2025-12-28 14:43:30,072 INFO: Split 계산: Train=16M, Val=14M, Test=6M
2025-12-28 14:43:30,073 INFO: [캐시] lb=3M, key=22ccbf6c
2025-12-28 14:43:30,101 INFO: UNIVERSE requested=14(hash=989dbc28) effective=14(hash=989dbc28)
2025-12-28 14:43:30,101 INFO: [Loader Debug] 005930 path: data\cache\005930.parquet exists: True
2025-12-28 14:43:30,150 INFO: [Loader Debug] 005930 raw shape: (1559, 5), index: <class 'pandas.core.indexes.datetimes.DatetimeIndex'>, cols: Index(['Open', 'High', 'Low', 'Close', 'Volume'], dtype='object')
2025-12-28 14:43:30,153 INFO: [Loader Debug] 005930 Date Range: 2019-01-01 00:00:00 ~ 2024-12-20 00:00:00 vs Target: 2020-10-06 ~ 2022-04-29
2025-12-28 14:43:30,154 INFO: [Loader Debug] 005930 Filtered rows: 409
2025-12-28 14:43:30,155 INFO: [Loader Debug] 035420 path: data\cache\035420.parquet exists: True
2025-12-28 14:43:30,156 INFO: [Loader Debug] 035420 raw shape: (1559, 5), index: <class 'pandas.core.indexes.datetimes.DatetimeIndex'>, cols: Index(['Open', 'High', 'Low', 'Close', 'Volume'], dtype='object')
2025-12-28 14:43:30,158 INFO: [Loader Debug] 035420 Date Range: 2019-01-01 00:00:00 ~ 2024-12-20 00:00:00 vs Target: 2020-10-06 ~ 2022-04-29
2025-12-28 14:43:30,158 INFO: [Loader Debug] 035420 Filtered rows: 409
2025-12-28 14:43:30,159 INFO: [Loader Debug] 035720 path: data\cache\035720.parquet exists: True
2025-12-28 14:43:30,160 INFO: [Loader Debug] 035720 raw shape: (1559, 5), index: <class 'pandas.core.indexes.datetimes.DatetimeIndex'>, cols: Index(['Open', 'High', 'Low', 'Close', 'Volume'], dtype='object')
2025-12-28 14:43:30,162 INFO: [Loader Debug] 035720 Date Range: 2019-01-01 00:00:00 ~ 2024-12-20 00:00:00 vs Target: 2020-10-06 ~ 2022-04-29
2025-12-28 14:43:30,162 INFO: [Loader Debug] 035720 Filtered rows: 409
2025-12-28 14:43:30,163 INFO: [Loader Debug] 051910 path: data\cache\051910.parquet exists: True
2025-12-28 14:43:30,164 INFO: [Loader Debug] 051910 raw shape: (1559, 5), index: <class 'pandas.core.indexes.datetimes.DatetimeIndex'>, cols: Index(['Open', 'High', 'Low', 'Close', 'Volume'], dtype='object')
2025-12-28 14:43:30,166 INFO: [Loader Debug] 051910 Date Range: 2019-01-01 00:00:00 ~ 2024-12-20 00:00:00 vs Target: 2020-10-06 ~ 2022-04-29
2025-12-28 14:43:30,166 INFO: [Loader Debug] 051910 Filtered rows: 409
2025-12-28 14:43:30,167 INFO: [Loader Debug] 069500 path: data\cache\069500.parquet exists: True
2025-12-28 14:43:30,168 INFO: [Loader Debug] 069500 raw shape: (1559, 5), index: <class 'pandas.core.indexes.datetimes.DatetimeIndex'>, cols: Index(['Open', 'High', 'Low', 'Close', 'Volume'], dtype='object')
2025-12-28 14:43:30,169 INFO: [Loader Debug] 069500 Date Range: 2019-01-01 00:00:00 ~ 2024-12-20 00:00:00 vs Target: 2020-10-06 ~ 2022-04-29
2025-12-28 14:43:30,170 INFO: [Loader Debug] 069500 Filtered rows: 409
2025-12-28 14:43:30,171 INFO: [Loader Debug] 091160 path: data\cache\091160.parquet exists: True
2025-12-28 14:43:30,172 INFO: [Loader Debug] 091160 raw shape: (1559, 5), index: <class 'pandas.core.indexes.datetimes.DatetimeIndex'>, cols: Index(['Open', 'High', 'Low', 'Close', 'Volume'], dtype='object')
2025-12-28 14:43:30,173 INFO: [Loader Debug] 091160 Date Range: 2019-01-01 00:00:00 ~ 2024-12-20 00:00:00 vs Target: 2020-10-06 ~ 2022-04-29
2025-12-28 14:43:30,174 INFO: [Loader Debug] 091160 Filtered rows: 409
2025-12-28 14:43:30,174 INFO: [Loader Debug] 102110 path: data\cache\102110.parquet exists: True
2025-12-28 14:43:30,176 INFO: [Loader Debug] 102110 raw shape: (1559, 5), index: <class 'pandas.core.indexes.datetimes.DatetimeIndex'>, cols: Index(['Open', 'High', 'Low', 'Close', 'Volume'], dtype='object')
2025-12-28 14:43:30,177 INFO: [Loader Debug] 102110 Date Range: 2019-01-01 00:00:00 ~ 2024-12-20 00:00:00 vs Target: 2020-10-06 ~ 2022-04-29
2025-12-28 14:43:30,178 INFO: [Loader Debug] 102110 Filtered rows: 409
2025-12-28 14:43:30,178 INFO: [Loader Debug] 114800 path: data\cache\114800.parquet exists: True
2025-12-28 14:43:30,180 INFO: [Loader Debug] 114800 raw shape: (1559, 5), index: <class 'pandas.core.indexes.datetimes.DatetimeIndex'>, cols: Index(['Open', 'High', 'Low', 'Close', 'Volume'], dtype='object')
2025-12-28 14:43:30,181 INFO: [Loader Debug] 114800 Date Range: 2019-01-01 00:00:00 ~ 2024-12-20 00:00:00 vs Target: 2020-10-06 ~ 2022-04-29
2025-12-28 14:43:30,182 INFO: [Loader Debug] 114800 Filtered rows: 409
2025-12-28 14:43:30,182 INFO: [Loader Debug] 122630 path: data\cache\122630.parquet exists: True
2025-12-28 14:43:30,184 INFO: [Loader Debug] 122630 raw shape: (1559, 5), index: <class 'pandas.core.indexes.datetimes.DatetimeIndex'>, cols: Index(['Open', 'High', 'Low', 'Close', 'Volume'], dtype='object')
2025-12-28 14:43:30,185 INFO: [Loader Debug] 122630 Date Range: 2019-01-01 00:00:00 ~ 2024-12-20 00:00:00 vs Target: 2020-10-06 ~ 2022-04-29
2025-12-28 14:43:30,186 INFO: [Loader Debug] 122630 Filtered rows: 409
2025-12-28 14:43:30,186 INFO: [Loader Debug] 229200 path: data\cache\229200.parquet exists: True
2025-12-28 14:43:30,187 INFO: [Loader Debug] 229200 raw shape: (1559, 5), index: <class 'pandas.core.indexes.datetimes.DatetimeIndex'>, cols: Index(['Open', 'High', 'Low', 'Close', 'Volume'], dtype='object')
2025-12-28 14:43:30,189 INFO: [Loader Debug] 229200 Date Range: 2019-01-01 00:00:00 ~ 2024-12-20 00:00:00 vs Target: 2020-10-06 ~ 2022-04-29
2025-12-28 14:43:30,189 INFO: [Loader Debug] 229200 Filtered rows: 409
2025-12-28 14:43:30,190 INFO: [Loader Debug] 233740 path: data\cache\233740.parquet exists: True
2025-12-28 14:43:30,191 INFO: [Loader Debug] 233740 raw shape: (1559, 5), index: <class 'pandas.core.indexes.datetimes.DatetimeIndex'>, cols: Index(['Open', 'High', 'Low', 'Close', 'Volume'], dtype='object')
2025-12-28 14:43:30,192 INFO: [Loader Debug] 233740 Date Range: 2019-01-01 00:00:00 ~ 2024-12-20 00:00:00 vs Target: 2020-10-06 ~ 2022-04-29
2025-12-28 14:43:30,193 INFO: [Loader Debug] 233740 Filtered rows: 409
2025-12-28 14:43:30,194 INFO: [Loader Debug] 252670 path: data\cache\252670.parquet exists: True
2025-12-28 14:43:30,195 INFO: [Loader Debug] 252670 raw shape: (1559, 5), index: <class 'pandas.core.indexes.datetimes.DatetimeIndex'>, cols: Index(['Open', 'High', 'Low', 'Close', 'Volume'], dtype='object')
2025-12-28 14:43:30,196 INFO: [Loader Debug] 252670 Date Range: 2019-01-01 00:00:00 ~ 2024-12-20 00:00:00 vs Target: 2020-10-06 ~ 2022-04-29
2025-12-28 14:43:30,197 INFO: [Loader Debug] 252670 Filtered rows: 409
2025-12-28 14:43:30,198 INFO: [Loader Debug] 261240 path: data\cache\261240.parquet exists: True
2025-12-28 14:43:30,199 INFO: [Loader Debug] 261240 raw shape: (1559, 5), index: <class 'pandas.core.indexes.datetimes.DatetimeIndex'>, cols: Index(['Open', 'High', 'Low', 'Close', 'Volume'], dtype='object')
2025-12-28 14:43:30,200 INFO: [Loader Debug] 261240 Date Range: 2019-01-01 00:00:00 ~ 2024-12-20 00:00:00 vs Target: 2020-10-06 ~ 2022-04-29
2025-12-28 14:43:30,201 INFO: [Loader Debug] 261240 Filtered rows: 409
2025-12-28 14:43:30,202 INFO: [Loader Debug] 305720 path: data\cache\305720.parquet exists: True
2025-12-28 14:43:30,203 INFO: [Loader Debug] 305720 raw shape: (1559, 5), index: <class 'pandas.core.indexes.datetimes.DatetimeIndex'>, cols: Index(['Open', 'High', 'Low', 'Close', 'Volume'], dtype='object')
2025-12-28 14:43:30,204 INFO: [Loader Debug] 305720 Date Range: 2019-01-01 00:00:00 ~ 2024-12-20 00:00:00 vs Target: 2020-10-06 ~ 2022-04-29
2025-12-28 14:43:30,205 INFO: [Loader Debug] 305720 Filtered rows: 409
2025-12-28 14:43:30,208 INFO: [Normalization] Initial Shape: (5726, 5), Index: <class 'pandas.core.indexes.multi.MultiIndex'>, Columns: ['open', 'high', 'low', 'close', 'volume']
2025-12-28 14:43:30,209 INFO: [EVIDENCE] Data Pipeline Trace:
1. Load Shape: (5726, 5)
   - Index Type: <class 'pandas.core.indexes.multi.MultiIndex'>
   - Levels: ['code', 'date']
   - Date Range: 2020-10-06 00:00:00 ~ 2022-04-29 00:00:00
   - Unique Symbols: 14 (Sample: ['005930', '035420', '035720'])
2. Universe Coverage: Requested=14, Loaded=14, Missing=0
6. Final Columns: ['open', 'high', 'low', 'close', 'volume']
2025-12-28 14:43:30,252 INFO: [MarketIndex] Raw Columns: ['시가', '고가', '저가', '종가', '거래량', '등락률']
2025-12-28 14:43:30,252 INFO: [MarketIndex] Renamed Columns: ['open', 'high', 'low', 'close', 'volume', '등락률']
2025-12-28 14:43:30,256 INFO: ✅ 설정 파일 로드: E:\AI Study\krx_alertor_modular\config\regime_params.yaml
2025-12-28 14:43:30,256 INFO: MarketRegimeDetector 초기화: MA=50/200일, 임계값=2.0/-2.0%
2025-12-28 14:43:30,261 INFO: RSI 프로파일 로드 완료: ['balanced', 'conservative', 'aggressive']
2025-12-28 14:43:30,261 INFO: [EVIDENCE] BacktestRunner.run called with params: ma_period=100, rsi_period=58, stop_loss=0.13
2025-12-28 14:43:30,261 INFO: BacktestEngine 초기화: instrument_type=etf, tax_rate=0.00%
2025-12-28 14:43:30,419 WARNING: 매수 불가 (069500): 자금 부족: 1,194,828 > 324,246
2025-12-28 14:43:30,420 WARNING: 매수 불가 (069500): 자금 부족: 11,794,352 > 9,998,180
2025-12-28 14:43:30,420 WARNING: 매수 불가 (069500): 자금 부족: 11,906,019 > 9,998,180
2025-12-28 14:43:30,421 WARNING: 매수 불가 (069500): 자금 부족: 11,911,430 > 9,998,180
2025-12-28 14:43:30,421 WARNING: 매수 불가 (069500): 자금 부족: 11,978,445 > 9,998,180
2025-12-28 14:43:30,434 WARNING: 매수 불가 (069500): 자금 부족: 1,194,512 > 340,564
2025-12-28 14:43:30,435 WARNING: 매수 불가 (069500): 자금 부족: 12,020,530 > 10,042,862
2025-12-28 14:43:30,435 WARNING: 매수 불가 (069500): 자금 부족: 12,016,777 > 10,042,862
2025-12-28 14:43:30,436 WARNING: 매수 불가 (069500): 자금 부족: 11,620,188 > 10,042,862
2025-12-28 14:43:30,436 WARNING: 매수 불가 (069500): 자금 부족: 11,337,593 > 10,042,862
2025-12-28 14:43:30,454 WARNING: 매수 불가 (091160): 자금 부족: 1,132,385 > 583,144
2025-12-28 14:43:30,455 WARNING: 매수 불가 (091160): 자금 부족: 11,213,208 > 9,957,946
2025-12-28 14:43:30,455 WARNING: 매수 불가 (091160): 자금 부족: 11,450,383 > 9,957,946
2025-12-28 14:43:30,456 WARNING: 매수 불가 (091160): 자금 부족: 11,404,820 > 9,957,946
2025-12-28 14:43:30,457 WARNING: 매수 불가 (091160): 자금 부족: 11,263,378 > 9,957,946
2025-12-28 14:43:30,470 WARNING: 매수 불가 (305720): 자금 부족: 1,119,684 > 749,173
2025-12-28 14:43:30,471 WARNING: 매수 불가 (305720): 자금 부족: 11,257,507 > 10,016,497
2025-12-28 14:43:30,472 WARNING: 매수 불가 (305720): 자금 부족: 11,425,928 > 10,016,497
2025-12-28 14:43:30,472 WARNING: 매수 불가 (305720): 자금 부족: 11,321,893 > 10,016,497
2025-12-28 14:43:30,473 WARNING: 매수 불가 (305720): 자금 부족: 11,214,966 > 10,016,497
2025-12-28 14:43:30,488 WARNING: 매수 불가 (091160): 자금 부족: 1,130,961 > 709,012
2025-12-28 14:43:30,489 WARNING: 매수 불가 (091160): 자금 부족: 11,231,600 > 9,926,196
2025-12-28 14:43:30,490 WARNING: 매수 불가 (091160): 자금 부족: 11,247,159 > 9,926,196
2025-12-28 14:43:30,491 WARNING: 매수 불가 (091160): 자금 부족: 11,191,674 > 9,926,196
2025-12-28 14:43:30,491 WARNING: 매수 불가 (091160): 자금 부족: 11,414,894 > 9,926,196
2025-12-28 14:43:30,504 WARNING: 매수 불가 (091160): 자금 부족: 1,104,261 > 447,336
2025-12-28 14:43:30,505 WARNING: 매수 불가 (091160): 자금 부족: 11,313,413 > 9,930,788
2025-12-28 14:43:30,506 WARNING: 매수 불가 (091160): 자금 부족: 11,255,326 > 9,930,788
2025-12-28 14:43:30,507 WARNING: 매수 불가 (091160): 자금 부족: 10,984,789 > 9,930,788
2025-12-28 14:43:30,507 WARNING: 매수 불가 (091160): 자금 부족: 11,023,999 > 9,930,788
2025-12-28 14:43:30,519 WARNING: 매수 불가 (252670): 자금 부족: 1,041,034 > 428,611
2025-12-28 14:43:30,520 WARNING: 매수 불가 (252670): 자금 부족: 10,861,024 > 9,793,702
2025-12-28 14:43:30,520 WARNING: 매수 불가 (252670): 자금 부족: 10,917,263 > 9,793,702
2025-12-28 14:43:30,521 WARNING: 매수 불가 (252670): 자금 부족: 11,006,573 > 9,793,702
2025-12-28 14:43:30,522 WARNING: 매수 불가 (252670): 자금 부족: 10,757,838 > 9,793,702
2025-12-28 14:43:30,534 WARNING: 매수 불가 (305720): 자금 부족: 1,065,559 > 452,475
2025-12-28 14:43:30,535 WARNING: 매수 불가 (305720): 자금 부족: 10,733,174 > 9,835,404
2025-12-28 14:43:30,536 WARNING: 매수 불가 (305720): 자금 부족: 10,836,376 > 9,835,404
2025-12-28 14:43:30,536 WARNING: 매수 불가 (305720): 자금 부족: 10,913,557 > 9,835,404
2025-12-28 14:43:30,537 WARNING: 매수 불가 (305720): 자금 부족: 10,941,743 > 9,835,404
2025-12-28 14:43:30,548 WARNING: 매수 불가 (252670): 자금 부족: 1,059,771 > 596,464
2025-12-28 14:43:30,549 WARNING: 매수 불가 (252670): 자금 부족: 10,945,519 > 9,792,655
2025-12-28 14:43:30,550 WARNING: 매수 불가 (252670): 자금 부족: 10,680,417 > 9,792,655
2025-12-28 14:43:30,550 WARNING: 매수 불가 (252670): 자금 부족: 10,733,245 > 9,792,655
2025-12-28 14:43:30,551 WARNING: 매수 불가 (252670): 자금 부족: 10,729,136 > 9,792,655
2025-12-28 14:43:30,564 WARNING: 매수 불가 (114800): 자금 부족: 1,055,595 > 936,176
2025-12-28 14:43:30,564 WARNING: 매수 불가 (114800): 자금 부족: 10,649,766 > 9,749,380
2025-12-28 14:43:30,565 WARNING: 매수 불가 (114800): 자금 부족: 10,735,183 > 9,749,380
2025-12-28 14:43:30,565 WARNING: 매수 불가 (114800): 자금 부족: 10,595,143 > 9,749,380
2025-12-28 14:43:30,566 WARNING: 매수 불가 (114800): 자금 부족: 10,385,117 > 9,749,380
2025-12-28 14:43:31,109 INFO: UNIVERSE requested=14(hash=989dbc28) effective=14(hash=989dbc28)
2025-12-28 14:43:31,110 INFO: [Loader Debug] 005930 path: data\cache\005930.parquet exists: True
2025-12-28 14:43:31,112 INFO: [Loader Debug] 005930 raw shape: (1559, 5), index: <class 'pandas.core.indexes.datetimes.DatetimeIndex'>, cols: Index(['Open', 'High', 'Low', 'Close', 'Volume'], dtype='object')
2025-12-28 14:43:31,113 INFO: [Loader Debug] 005930 Date Range: 2019-01-01 00:00:00 ~ 2024-12-20 00:00:00 vs Target: 2022-12-23 ~ 2023-06-23
2025-12-28 14:43:31,114 INFO: [Loader Debug] 005930 Filtered rows: 131
2025-12-28 14:43:31,114 INFO: [Loader Debug] 035420 path: data\cache\035420.parquet exists: True
2025-12-28 14:43:31,115 INFO: [Loader Debug] 035420 raw shape: (1559, 5), index: <class 'pandas.core.indexes.datetimes.DatetimeIndex'>, cols: Index(['Open', 'High', 'Low', 'Close', 'Volume'], dtype='object')
2025-12-28 14:43:31,117 INFO: [Loader Debug] 035420 Date Range: 2019-01-01 00:00:00 ~ 2024-12-20 00:00:00 vs Target: 2022-12-23 ~ 2023-06-23
2025-12-28 14:43:31,117 INFO: [Loader Debug] 035420 Filtered rows: 131
2025-12-28 14:43:31,118 INFO: [Loader Debug] 035720 path: data\cache\035720.parquet exists: True
2025-12-28 14:43:31,119 INFO: [Loader Debug] 035720 raw shape: (1559, 5), index: <class 'pandas.core.indexes.datetimes.DatetimeIndex'>, cols: Index(['Open', 'High', 'Low', 'Close', 'Volume'], dtype='object')
2025-12-28 14:43:31,120 INFO: [Loader Debug] 035720 Date Range: 2019-01-01 00:00:00 ~ 2024-12-20 00:00:00 vs Target: 2022-12-23 ~ 2023-06-23
2025-12-28 14:43:31,121 INFO: [Loader Debug] 035720 Filtered rows: 131
2025-12-28 14:43:31,121 INFO: [Loader Debug] 051910 path: data\cache\051910.parquet exists: True
2025-12-28 14:43:31,123 INFO: [Loader Debug] 051910 raw shape: (1559, 5), index: <class 'pandas.core.indexes.datetimes.DatetimeIndex'>, cols: Index(['Open', 'High', 'Low', 'Close', 'Volume'], dtype='object')
2025-12-28 14:43:31,124 INFO: [Loader Debug] 051910 Date Range: 2019-01-01 00:00:00 ~ 2024-12-20 00:00:00 vs Target: 2022-12-23 ~ 2023-06-23
2025-12-28 14:43:31,125 INFO: [Loader Debug] 051910 Filtered rows: 131
2025-12-28 14:43:31,125 INFO: [Loader Debug] 069500 path: data\cache\069500.parquet exists: True
2025-12-28 14:43:31,126 INFO: [Loader Debug] 069500 raw shape: (1559, 5), index: <class 'pandas.core.indexes.datetimes.DatetimeIndex'>, cols: Index(['Open', 'High', 'Low', 'Close', 'Volume'], dtype='object')
2025-12-28 14:43:31,128 INFO: [Loader Debug] 069500 Date Range: 2019-01-01 00:00:00 ~ 2024-12-20 00:00:00 vs Target: 2022-12-23 ~ 2023-06-23
2025-12-28 14:43:31,129 INFO: [Loader Debug] 069500 Filtered rows: 131
2025-12-28 14:43:31,129 INFO: [Loader Debug] 091160 path: data\cache\091160.parquet exists: True
2025-12-28 14:43:31,130 INFO: [Loader Debug] 091160 raw shape: (1559, 5), index: <class 'pandas.core.indexes.datetimes.DatetimeIndex'>, cols: Index(['Open', 'High', 'Low', 'Close', 'Volume'], dtype='object')
2025-12-28 14:43:31,131 INFO: [Loader Debug] 091160 Date Range: 2019-01-01 00:00:00 ~ 2024-12-20 00:00:00 vs Target: 2022-12-23 ~ 2023-06-23
2025-12-28 14:43:31,132 INFO: [Loader Debug] 091160 Filtered rows: 131
2025-12-28 14:43:31,133 INFO: [Loader Debug] 102110 path: data\cache\102110.parquet exists: True
2025-12-28 14:43:31,134 INFO: [Loader Debug] 102110 raw shape: (1559, 5), index: <class 'pandas.core.indexes.datetimes.DatetimeIndex'>, cols: Index(['Open', 'High', 'Low', 'Close', 'Volume'], dtype='object')
2025-12-28 14:43:31,135 INFO: [Loader Debug] 102110 Date Range: 2019-01-01 00:00:00 ~ 2024-12-20 00:00:00 vs Target: 2022-12-23 ~ 2023-06-23
2025-12-28 14:43:31,136 INFO: [Loader Debug] 102110 Filtered rows: 131
2025-12-28 14:43:31,136 INFO: [Loader Debug] 114800 path: data\cache\114800.parquet exists: True
2025-12-28 14:43:31,138 INFO: [Loader Debug] 114800 raw shape: (1559, 5), index: <class 'pandas.core.indexes.datetimes.DatetimeIndex'>, cols: Index(['Open', 'High', 'Low', 'Close', 'Volume'], dtype='object')
2025-12-28 14:43:31,139 INFO: [Loader Debug] 114800 Date Range: 2019-01-01 00:00:00 ~ 2024-12-20 00:00:00 vs Target: 2022-12-23 ~ 2023-06-23
2025-12-28 14:43:31,140 INFO: [Loader Debug] 114800 Filtered rows: 131
2025-12-28 14:43:31,140 INFO: [Loader Debug] 122630 path: data\cache\122630.parquet exists: True
2025-12-28 14:43:31,142 INFO: [Loader Debug] 122630 raw shape: (1559, 5), index: <class 'pandas.core.indexes.datetimes.DatetimeIndex'>, cols: Index(['Open', 'High', 'Low', 'Close', 'Volume'], dtype='object')
2025-12-28 14:43:31,143 INFO: [Loader Debug] 122630 Date Range: 2019-01-01 00:00:00 ~ 2024-12-20 00:00:00 vs Target: 2022-12-23 ~ 2023-06-23
2025-12-28 14:43:31,144 INFO: [Loader Debug] 122630 Filtered rows: 131
2025-12-28 14:43:31,144 INFO: [Loader Debug] 229200 path: data\cache\229200.parquet exists: True
2025-12-28 14:43:31,145 INFO: [Loader Debug] 229200 raw shape: (1559, 5), index: <class 'pandas.core.indexes.datetimes.DatetimeIndex'>, cols: Index(['Open', 'High', 'Low', 'Close', 'Volume'], dtype='object')
2025-12-28 14:43:31,146 INFO: [Loader Debug] 229200 Date Range: 2019-01-01 00:00:00 ~ 2024-12-20 00:00:00 vs Target: 2022-12-23 ~ 2023-06-23
2025-12-28 14:43:31,147 INFO: [Loader Debug] 229200 Filtered rows: 131
2025-12-28 14:43:31,148 INFO: [Loader Debug] 233740 path: data\cache\233740.parquet exists: True
2025-12-28 14:43:31,149 INFO: [Loader Debug] 233740 raw shape: (1559, 5), index: <class 'pandas.core.indexes.datetimes.DatetimeIndex'>, cols: Index(['Open', 'High', 'Low', 'Close', 'Volume'], dtype='object')
2025-12-28 14:43:31,150 INFO: [Loader Debug] 233740 Date Range: 2019-01-01 00:00:00 ~ 2024-12-20 00:00:00 vs Target: 2022-12-23 ~ 2023-06-23
2025-12-28 14:43:31,151 INFO: [Loader Debug] 233740 Filtered rows: 131
2025-12-28 14:43:31,151 INFO: [Loader Debug] 252670 path: data\cache\252670.parquet exists: True
2025-12-28 14:43:31,152 INFO: [Loader Debug] 252670 raw shape: (1559, 5), index: <class 'pandas.core.indexes.datetimes.DatetimeIndex'>, cols: Index(['Open', 'High', 'Low', 'Close', 'Volume'], dtype='object')
2025-12-28 14:43:31,153 INFO: [Loader Debug] 252670 Date Range: 2019-01-01 00:00:00 ~ 2024-12-20 00:00:00 vs Target: 2022-12-23 ~ 2023-06-23
2025-12-28 14:43:31,154 INFO: [Loader Debug] 252670 Filtered rows: 131
2025-12-28 14:43:31,155 INFO: [Loader Debug] 261240 path: data\cache\261240.parquet exists: True
2025-12-28 14:43:31,156 INFO: [Loader Debug] 261240 raw shape: (1559, 5), index: <class 'pandas.core.indexes.datetimes.DatetimeIndex'>, cols: Index(['Open', 'High', 'Low', 'Close', 'Volume'], dtype='object')
2025-12-28 14:43:31,159 INFO: [Loader Debug] 261240 Date Range: 2019-01-01 00:00:00 ~ 2024-12-20 00:00:00 vs Target: 2022-12-23 ~ 2023-06-23
2025-12-28 14:43:31,160 INFO: [Loader Debug] 261240 Filtered rows: 131
2025-12-28 14:43:31,160 INFO: [Loader Debug] 305720 path: data\cache\305720.parquet exists: True
2025-12-28 14:43:31,161 INFO: [Loader Debug] 305720 raw shape: (1559, 5), index: <class 'pandas.core.indexes.datetimes.DatetimeIndex'>, cols: Index(['Open', 'High', 'Low', 'Close', 'Volume'], dtype='object')
2025-12-28 14:43:31,163 INFO: [Loader Debug] 305720 Date Range: 2019-01-01 00:00:00 ~ 2024-12-20 00:00:00 vs Target: 2022-12-23 ~ 2023-06-23
2025-12-28 14:43:31,164 INFO: [Loader Debug] 305720 Filtered rows: 131
2025-12-28 14:43:31,165 INFO: [Normalization] Initial Shape: (1834, 5), Index: <class 'pandas.core.indexes.multi.MultiIndex'>, Columns: ['open', 'high', 'low', 'close', 'volume']
2025-12-28 14:43:31,166 INFO: [EVIDENCE] Data Pipeline Trace:
1. Load Shape: (1834, 5)
   - Index Type: <class 'pandas.core.indexes.multi.MultiIndex'>
   - Levels: ['code', 'date']
   - Date Range: 2022-12-23 00:00:00 ~ 2023-06-23 00:00:00
   - Unique Symbols: 14 (Sample: ['005930', '035420', '035720'])
2. Universe Coverage: Requested=14, Loaded=14, Missing=0
6. Final Columns: ['open', 'high', 'low', 'close', 'volume']
2025-12-28 14:43:31,198 INFO: [MarketIndex] Raw Columns: ['시가', '고가', '저가', '종가', '거래량', '등락률']
2025-12-28 14:43:31,199 INFO: [MarketIndex] Renamed Columns: ['open', 'high', 'low', 'close', 'volume', '등락률']
2025-12-28 14:43:31,201 INFO: ✅ 설정 파일 로드: E:\AI Study\krx_alertor_modular\config\regime_params.yaml
2025-12-28 14:43:31,201 INFO: MarketRegimeDetector 초기화: MA=50/200일, 임계값=2.0/-2.0%
2025-12-28 14:43:31,205 INFO: RSI 프로파일 로드 완료: ['balanced', 'conservative', 'aggressive']
2025-12-28 14:43:31,205 INFO: [EVIDENCE] BacktestRunner.run called with params: ma_period=100, rsi_period=58, stop_loss=0.13
2025-12-28 14:43:31,206 INFO: BacktestEngine 초기화: instrument_type=etf, tax_rate=0.00%
2025-12-28 14:43:31,313 INFO: Split 계산: Train=16M, Val=14M, Test=6M
2025-12-28 14:43:31,314 INFO: [캐시] lb=6M, key=ce92d6e5
2025-12-28 14:43:31,314 INFO: UNIVERSE requested=14(hash=989dbc28) effective=14(hash=989dbc28)
2025-12-28 14:43:31,314 INFO: [Loader Debug] 005930 path: data\cache\005930.parquet exists: True
2025-12-28 14:43:31,316 INFO: [Loader Debug] 005930 raw shape: (1559, 5), index: <class 'pandas.core.indexes.datetimes.DatetimeIndex'>, cols: Index(['Open', 'High', 'Low', 'Close', 'Volume'], dtype='object')
2025-12-28 14:43:31,317 INFO: [Loader Debug] 005930 Date Range: 2019-01-01 00:00:00 ~ 2024-12-20 00:00:00 vs Target: 2020-10-06 ~ 2022-04-29
2025-12-28 14:43:31,318 INFO: [Loader Debug] 005930 Filtered rows: 409
2025-12-28 14:43:31,318 INFO: [Loader Debug] 035420 path: data\cache\035420.parquet exists: True
2025-12-28 14:43:31,320 INFO: [Loader Debug] 035420 raw shape: (1559, 5), index: <class 'pandas.core.indexes.datetimes.DatetimeIndex'>, cols: Index(['Open', 'High', 'Low', 'Close', 'Volume'], dtype='object')
2025-12-28 14:43:31,321 INFO: [Loader Debug] 035420 Date Range: 2019-01-01 00:00:00 ~ 2024-12-20 00:00:00 vs Target: 2020-10-06 ~ 2022-04-29
2025-12-28 14:43:31,322 INFO: [Loader Debug] 035420 Filtered rows: 409
2025-12-28 14:43:31,323 INFO: [Loader Debug] 035720 path: data\cache\035720.parquet exists: True
2025-12-28 14:43:31,324 INFO: [Loader Debug] 035720 raw shape: (1559, 5), index: <class 'pandas.core.indexes.datetimes.DatetimeIndex'>, cols: Index(['Open', 'High', 'Low', 'Close', 'Volume'], dtype='object')
2025-12-28 14:43:31,326 INFO: [Loader Debug] 035720 Date Range: 2019-01-01 00:00:00 ~ 2024-12-20 00:00:00 vs Target: 2020-10-06 ~ 2022-04-29
2025-12-28 14:43:31,327 INFO: [Loader Debug] 035720 Filtered rows: 409
2025-12-28 14:43:31,327 INFO: [Loader Debug] 051910 path: data\cache\051910.parquet exists: True
2025-12-28 14:43:31,328 INFO: [Loader Debug] 051910 raw shape: (1559, 5), index: <class 'pandas.core.indexes.datetimes.DatetimeIndex'>, cols: Index(['Open', 'High', 'Low', 'Close', 'Volume'], dtype='object')
2025-12-28 14:43:31,329 INFO: [Loader Debug] 051910 Date Range: 2019-01-01 00:00:00 ~ 2024-12-20 00:00:00 vs Target: 2020-10-06 ~ 2022-04-29
2025-12-28 14:43:31,330 INFO: [Loader Debug] 051910 Filtered rows: 409
2025-12-28 14:43:31,330 INFO: [Loader Debug] 069500 path: data\cache\069500.parquet exists: True
2025-12-28 14:43:31,332 INFO: [Loader Debug] 069500 raw shape: (1559, 5), index: <class 'pandas.core.indexes.datetimes.DatetimeIndex'>, cols: Index(['Open', 'High', 'Low', 'Close', 'Volume'], dtype='object')
2025-12-28 14:43:31,333 INFO: [Loader Debug] 069500 Date Range: 2019-01-01 00:00:00 ~ 2024-12-20 00:00:00 vs Target: 2020-10-06 ~ 2022-04-29
2025-12-28 14:43:31,334 INFO: [Loader Debug] 069500 Filtered rows: 409
2025-12-28 14:43:31,334 INFO: [Loader Debug] 091160 path: data\cache\091160.parquet exists: True
2025-12-28 14:43:31,335 INFO: [Loader Debug] 091160 raw shape: (1559, 5), index: <class 'pandas.core.indexes.datetimes.DatetimeIndex'>, cols: Index(['Open', 'High', 'Low', 'Close', 'Volume'], dtype='object')
2025-12-28 14:43:31,337 INFO: [Loader Debug] 091160 Date Range: 2019-01-01 00:00:00 ~ 2024-12-20 00:00:00 vs Target: 2020-10-06 ~ 2022-04-29
2025-12-28 14:43:31,337 INFO: [Loader Debug] 091160 Filtered rows: 409
2025-12-28 14:43:31,338 INFO: [Loader Debug] 102110 path: data\cache\102110.parquet exists: True
2025-12-28 14:43:31,339 INFO: [Loader Debug] 102110 raw shape: (1559, 5), index: <class 'pandas.core.indexes.datetimes.DatetimeIndex'>, cols: Index(['Open', 'High', 'Low', 'Close', 'Volume'], dtype='object')
2025-12-28 14:43:31,340 INFO: [Loader Debug] 102110 Date Range: 2019-01-01 00:00:00 ~ 2024-12-20 00:00:00 vs Target: 2020-10-06 ~ 2022-04-29
2025-12-28 14:43:31,341 INFO: [Loader Debug] 102110 Filtered rows: 409
2025-12-28 14:43:31,341 INFO: [Loader Debug] 114800 path: data\cache\114800.parquet exists: True
2025-12-28 14:43:31,343 INFO: [Loader Debug] 114800 raw shape: (1559, 5), index: <class 'pandas.core.indexes.datetimes.DatetimeIndex'>, cols: Index(['Open', 'High', 'Low', 'Close', 'Volume'], dtype='object')
2025-12-28 14:43:31,344 INFO: [Loader Debug] 114800 Date Range: 2019-01-01 00:00:00 ~ 2024-12-20 00:00:00 vs Target: 2020-10-06 ~ 2022-04-29
2025-12-28 14:43:31,346 INFO: [Loader Debug] 114800 Filtered rows: 409
2025-12-28 14:43:31,346 INFO: [Loader Debug] 122630 path: data\cache\122630.parquet exists: True
2025-12-28 14:43:31,348 INFO: [Loader Debug] 122630 raw shape: (1559, 5), index: <class 'pandas.core.indexes.datetimes.DatetimeIndex'>, cols: Index(['Open', 'High', 'Low', 'Close', 'Volume'], dtype='object')
2025-12-28 14:43:31,349 INFO: [Loader Debug] 122630 Date Range: 2019-01-01 00:00:00 ~ 2024-12-20 00:00:00 vs Target: 2020-10-06 ~ 2022-04-29
2025-12-28 14:43:31,350 INFO: [Loader Debug] 122630 Filtered rows: 409
2025-12-28 14:43:31,350 INFO: [Loader Debug] 229200 path: data\cache\229200.parquet exists: True
2025-12-28 14:43:31,352 INFO: [Loader Debug] 229200 raw shape: (1559, 5), index: <class 'pandas.core.indexes.datetimes.DatetimeIndex'>, cols: Index(['Open', 'High', 'Low', 'Close', 'Volume'], dtype='object')
2025-12-28 14:43:31,353 INFO: [Loader Debug] 229200 Date Range: 2019-01-01 00:00:00 ~ 2024-12-20 00:00:00 vs Target: 2020-10-06 ~ 2022-04-29
2025-12-28 14:43:31,354 INFO: [Loader Debug] 229200 Filtered rows: 409
2025-12-28 14:43:31,354 INFO: [Loader Debug] 233740 path: data\cache\233740.parquet exists: True
2025-12-28 14:43:31,356 INFO: [Loader Debug] 233740 raw shape: (1559, 5), index: <class 'pandas.core.indexes.datetimes.DatetimeIndex'>, cols: Index(['Open', 'High', 'Low', 'Close', 'Volume'], dtype='object')
2025-12-28 14:43:31,357 INFO: [Loader Debug] 233740 Date Range: 2019-01-01 00:00:00 ~ 2024-12-20 00:00:00 vs Target: 2020-10-06 ~ 2022-04-29
2025-12-28 14:43:31,358 INFO: [Loader Debug] 233740 Filtered rows: 409
2025-12-28 14:43:31,358 INFO: [Loader Debug] 252670 path: data\cache\252670.parquet exists: True
2025-12-28 14:43:31,360 INFO: [Loader Debug] 252670 raw shape: (1559, 5), index: <class 'pandas.core.indexes.datetimes.DatetimeIndex'>, cols: Index(['Open', 'High', 'Low', 'Close', 'Volume'], dtype='object')
2025-12-28 14:43:31,361 INFO: [Loader Debug] 252670 Date Range: 2019-01-01 00:00:00 ~ 2024-12-20 00:00:00 vs Target: 2020-10-06 ~ 2022-04-29
2025-12-28 14:43:31,361 INFO: [Loader Debug] 252670 Filtered rows: 409
2025-12-28 14:43:31,362 INFO: [Loader Debug] 261240 path: data\cache\261240.parquet exists: True
2025-12-28 14:43:31,363 INFO: [Loader Debug] 261240 raw shape: (1559, 5), index: <class 'pandas.core.indexes.datetimes.DatetimeIndex'>, cols: Index(['Open', 'High', 'Low', 'Close', 'Volume'], dtype='object')
2025-12-28 14:43:31,365 INFO: [Loader Debug] 261240 Date Range: 2019-01-01 00:00:00 ~ 2024-12-20 00:00:00 vs Target: 2020-10-06 ~ 2022-04-29
2025-12-28 14:43:31,365 INFO: [Loader Debug] 261240 Filtered rows: 409
2025-12-28 14:43:31,366 INFO: [Loader Debug] 305720 path: data\cache\305720.parquet exists: True
2025-12-28 14:43:31,367 INFO: [Loader Debug] 305720 raw shape: (1559, 5), index: <class 'pandas.core.indexes.datetimes.DatetimeIndex'>, cols: Index(['Open', 'High', 'Low', 'Close', 'Volume'], dtype='object')
2025-12-28 14:43:31,368 INFO: [Loader Debug] 305720 Date Range: 2019-01-01 00:00:00 ~ 2024-12-20 00:00:00 vs Target: 2020-10-06 ~ 2022-04-29
2025-12-28 14:43:31,369 INFO: [Loader Debug] 305720 Filtered rows: 409
2025-12-28 14:43:31,371 INFO: [Normalization] Initial Shape: (5726, 5), Index: <class 'pandas.core.indexes.multi.MultiIndex'>, Columns: ['open', 'high', 'low', 'close', 'volume']
2025-12-28 14:43:31,372 INFO: [EVIDENCE] Data Pipeline Trace:
1. Load Shape: (5726, 5)
   - Index Type: <class 'pandas.core.indexes.multi.MultiIndex'>
   - Levels: ['code', 'date']
   - Date Range: 2020-10-06 00:00:00 ~ 2022-04-29 00:00:00
   - Unique Symbols: 14 (Sample: ['005930', '035420', '035720'])
2. Universe Coverage: Requested=14, Loaded=14, Missing=0
6. Final Columns: ['open', 'high', 'low', 'close', 'volume']
2025-12-28 14:43:31,414 INFO: [MarketIndex] Raw Columns: ['시가', '고가', '저가', '종가', '거래량', '등락률']
2025-12-28 14:43:31,415 INFO: [MarketIndex] Renamed Columns: ['open', 'high', 'low', 'close', 'volume', '등락률']
2025-12-28 14:43:31,417 INFO: ✅ 설정 파일 로드: E:\AI Study\krx_alertor_modular\config\regime_params.yaml
2025-12-28 14:43:31,417 INFO: MarketRegimeDetector 초기화: MA=50/200일, 임계값=2.0/-2.0%
2025-12-28 14:43:31,421 INFO: RSI 프로파일 로드 완료: ['balanced', 'conservative', 'aggressive']
2025-12-28 14:43:31,421 INFO: [EVIDENCE] BacktestRunner.run called with params: ma_period=100, rsi_period=58, stop_loss=0.13
2025-12-28 14:43:31,421 INFO: BacktestEngine 초기화: instrument_type=etf, tax_rate=0.00%
2025-12-28 14:43:31,577 WARNING: 매수 불가 (069500): 자금 부족: 1,194,828 > 324,246
2025-12-28 14:43:31,579 WARNING: 매수 불가 (069500): 자금 부족: 11,794,352 > 9,998,180
2025-12-28 14:43:31,579 WARNING: 매수 불가 (069500): 자금 부족: 11,906,019 > 9,998,180
2025-12-28 14:43:31,580 WARNING: 매수 불가 (069500): 자금 부족: 11,911,430 > 9,998,180
2025-12-28 14:43:31,580 WARNING: 매수 불가 (069500): 자금 부족: 11,978,445 > 9,998,180
2025-12-28 14:43:31,593 WARNING: 매수 불가 (069500): 자금 부족: 1,194,512 > 340,564
2025-12-28 14:43:31,593 WARNING: 매수 불가 (069500): 자금 부족: 12,020,530 > 10,042,862
2025-12-28 14:43:31,594 WARNING: 매수 불가 (069500): 자금 부족: 12,016,777 > 10,042,862
2025-12-28 14:43:31,595 WARNING: 매수 불가 (069500): 자금 부족: 11,620,188 > 10,042,862
2025-12-28 14:43:31,595 WARNING: 매수 불가 (069500): 자금 부족: 11,337,593 > 10,042,862
2025-12-28 14:43:31,607 WARNING: 매수 불가 (091160): 자금 부족: 1,132,385 > 583,144
2025-12-28 14:43:31,608 WARNING: 매수 불가 (091160): 자금 부족: 11,213,208 > 9,957,946
2025-12-28 14:43:31,609 WARNING: 매수 불가 (091160): 자금 부족: 11,450,383 > 9,957,946
2025-12-28 14:43:31,609 WARNING: 매수 불가 (091160): 자금 부족: 11,404,820 > 9,957,946
2025-12-28 14:43:31,610 WARNING: 매수 불가 (091160): 자금 부족: 11,263,378 > 9,957,946
2025-12-28 14:43:31,621 WARNING: 매수 불가 (305720): 자금 부족: 1,119,684 > 749,173
2025-12-28 14:43:31,622 WARNING: 매수 불가 (305720): 자금 부족: 11,257,507 > 10,016,497
2025-12-28 14:43:31,623 WARNING: 매수 불가 (305720): 자금 부족: 11,425,928 > 10,016,497
2025-12-28 14:43:31,623 WARNING: 매수 불가 (305720): 자금 부족: 11,321,893 > 10,016,497
2025-12-28 14:43:31,624 WARNING: 매수 불가 (305720): 자금 부족: 11,214,966 > 10,016,497
2025-12-28 14:43:31,636 WARNING: 매수 불가 (091160): 자금 부족: 1,130,961 > 709,012
2025-12-28 14:43:31,637 WARNING: 매수 불가 (091160): 자금 부족: 11,231,600 > 9,926,196
2025-12-28 14:43:31,638 WARNING: 매수 불가 (091160): 자금 부족: 11,247,159 > 9,926,196
2025-12-28 14:43:31,638 WARNING: 매수 불가 (091160): 자금 부족: 11,191,674 > 9,926,196
2025-12-28 14:43:31,639 WARNING: 매수 불가 (091160): 자금 부족: 11,414,894 > 9,926,196
2025-12-28 14:43:31,651 WARNING: 매수 불가 (091160): 자금 부족: 1,104,261 > 447,336
2025-12-28 14:43:31,652 WARNING: 매수 불가 (091160): 자금 부족: 11,313,413 > 9,930,788
2025-12-28 14:43:31,653 WARNING: 매수 불가 (091160): 자금 부족: 11,255,326 > 9,930,788
2025-12-28 14:43:31,653 WARNING: 매수 불가 (091160): 자금 부족: 10,984,789 > 9,930,788
2025-12-28 14:43:31,654 WARNING: 매수 불가 (091160): 자금 부족: 11,023,999 > 9,930,788
2025-12-28 14:43:31,667 WARNING: 매수 불가 (252670): 자금 부족: 1,041,034 > 428,611
2025-12-28 14:43:31,668 WARNING: 매수 불가 (252670): 자금 부족: 10,861,024 > 9,793,702
2025-12-28 14:43:31,669 WARNING: 매수 불가 (252670): 자금 부족: 10,917,263 > 9,793,702
2025-12-28 14:43:31,669 WARNING: 매수 불가 (252670): 자금 부족: 11,006,573 > 9,793,702
2025-12-28 14:43:31,670 WARNING: 매수 불가 (252670): 자금 부족: 10,757,838 > 9,793,702
2025-12-28 14:43:31,683 WARNING: 매수 불가 (305720): 자금 부족: 1,065,559 > 452,475
2025-12-28 14:43:31,683 WARNING: 매수 불가 (305720): 자금 부족: 10,733,174 > 9,835,404
2025-12-28 14:43:31,684 WARNING: 매수 불가 (305720): 자금 부족: 10,836,376 > 9,835,404
2025-12-28 14:43:31,685 WARNING: 매수 불가 (305720): 자금 부족: 10,913,557 > 9,835,404
2025-12-28 14:43:31,685 WARNING: 매수 불가 (305720): 자금 부족: 10,941,743 > 9,835,404
2025-12-28 14:43:31,698 WARNING: 매수 불가 (252670): 자금 부족: 1,059,771 > 596,464
2025-12-28 14:43:31,699 WARNING: 매수 불가 (252670): 자금 부족: 10,945,519 > 9,792,655
2025-12-28 14:43:31,699 WARNING: 매수 불가 (252670): 자금 부족: 10,680,417 > 9,792,655
2025-12-28 14:43:31,700 WARNING: 매수 불가 (252670): 자금 부족: 10,733,245 > 9,792,655
2025-12-28 14:43:31,700 WARNING: 매수 불가 (252670): 자금 부족: 10,729,136 > 9,792,655
2025-12-28 14:43:31,712 WARNING: 매수 불가 (114800): 자금 부족: 1,055,595 > 936,176
2025-12-28 14:43:31,713 WARNING: 매수 불가 (114800): 자금 부족: 10,649,766 > 9,749,380
2025-12-28 14:43:31,714 WARNING: 매수 불가 (114800): 자금 부족: 10,735,183 > 9,749,380
2025-12-28 14:43:31,714 WARNING: 매수 불가 (114800): 자금 부족: 10,595,143 > 9,749,380
2025-12-28 14:43:31,715 WARNING: 매수 불가 (114800): 자금 부족: 10,385,117 > 9,749,380
2025-12-28 14:43:32,257 INFO: UNIVERSE requested=14(hash=989dbc28) effective=14(hash=989dbc28)
2025-12-28 14:43:32,257 INFO: [Loader Debug] 005930 path: data\cache\005930.parquet exists: True
2025-12-28 14:43:32,259 INFO: [Loader Debug] 005930 raw shape: (1559, 5), index: <class 'pandas.core.indexes.datetimes.DatetimeIndex'>, cols: Index(['Open', 'High', 'Low', 'Close', 'Volume'], dtype='object')
2025-12-28 14:43:32,260 INFO: [Loader Debug] 005930 Date Range: 2019-01-01 00:00:00 ~ 2024-12-20 00:00:00 vs Target: 2022-09-24 ~ 2023-06-23
2025-12-28 14:43:32,261 INFO: [Loader Debug] 005930 Filtered rows: 195
2025-12-28 14:43:32,262 INFO: [Loader Debug] 035420 path: data\cache\035420.parquet exists: True
2025-12-28 14:43:32,263 INFO: [Loader Debug] 035420 raw shape: (1559, 5), index: <class 'pandas.core.indexes.datetimes.DatetimeIndex'>, cols: Index(['Open', 'High', 'Low', 'Close', 'Volume'], dtype='object')
2025-12-28 14:43:32,264 INFO: [Loader Debug] 035420 Date Range: 2019-01-01 00:00:00 ~ 2024-12-20 00:00:00 vs Target: 2022-09-24 ~ 2023-06-23
2025-12-28 14:43:32,265 INFO: [Loader Debug] 035420 Filtered rows: 195
2025-12-28 14:43:32,265 INFO: [Loader Debug] 035720 path: data\cache\035720.parquet exists: True
2025-12-28 14:43:32,267 INFO: [Loader Debug] 035720 raw shape: (1559, 5), index: <class 'pandas.core.indexes.datetimes.DatetimeIndex'>, cols: Index(['Open', 'High', 'Low', 'Close', 'Volume'], dtype='object')
2025-12-28 14:43:32,268 INFO: [Loader Debug] 035720 Date Range: 2019-01-01 00:00:00 ~ 2024-12-20 00:00:00 vs Target: 2022-09-24 ~ 2023-06-23
2025-12-28 14:43:32,269 INFO: [Loader Debug] 035720 Filtered rows: 195
2025-12-28 14:43:32,269 INFO: [Loader Debug] 051910 path: data\cache\051910.parquet exists: True
2025-12-28 14:43:32,271 INFO: [Loader Debug] 051910 raw shape: (1559, 5), index: <class 'pandas.core.indexes.datetimes.DatetimeIndex'>, cols: Index(['Open', 'High', 'Low', 'Close', 'Volume'], dtype='object')
2025-12-28 14:43:32,272 INFO: [Loader Debug] 051910 Date Range: 2019-01-01 00:00:00 ~ 2024-12-20 00:00:00 vs Target: 2022-09-24 ~ 2023-06-23
2025-12-28 14:43:32,273 INFO: [Loader Debug] 051910 Filtered rows: 195
2025-12-28 14:43:32,273 INFO: [Loader Debug] 069500 path: data\cache\069500.parquet exists: True
2025-12-28 14:43:32,275 INFO: [Loader Debug] 069500 raw shape: (1559, 5), index: <class 'pandas.core.indexes.datetimes.DatetimeIndex'>, cols: Index(['Open', 'High', 'Low', 'Close', 'Volume'], dtype='object')
2025-12-28 14:43:32,276 INFO: [Loader Debug] 069500 Date Range: 2019-01-01 00:00:00 ~ 2024-12-20 00:00:00 vs Target: 2022-09-24 ~ 2023-06-23
2025-12-28 14:43:32,277 INFO: [Loader Debug] 069500 Filtered rows: 195
2025-12-28 14:43:32,277 INFO: [Loader Debug] 091160 path: data\cache\091160.parquet exists: True
2025-12-28 14:43:32,279 INFO: [Loader Debug] 091160 raw shape: (1559, 5), index: <class 'pandas.core.indexes.datetimes.DatetimeIndex'>, cols: Index(['Open', 'High', 'Low', 'Close', 'Volume'], dtype='object')
2025-12-28 14:43:32,280 INFO: [Loader Debug] 091160 Date Range: 2019-01-01 00:00:00 ~ 2024-12-20 00:00:00 vs Target: 2022-09-24 ~ 2023-06-23
2025-12-28 14:43:32,281 INFO: [Loader Debug] 091160 Filtered rows: 195
2025-12-28 14:43:32,281 INFO: [Loader Debug] 102110 path: data\cache\102110.parquet exists: True
2025-12-28 14:43:32,282 INFO: [Loader Debug] 102110 raw shape: (1559, 5), index: <class 'pandas.core.indexes.datetimes.DatetimeIndex'>, cols: Index(['Open', 'High', 'Low', 'Close', 'Volume'], dtype='object')
2025-12-28 14:43:32,283 INFO: [Loader Debug] 102110 Date Range: 2019-01-01 00:00:00 ~ 2024-12-20 00:00:00 vs Target: 2022-09-24 ~ 2023-06-23
2025-12-28 14:43:32,284 INFO: [Loader Debug] 102110 Filtered rows: 195
2025-12-28 14:43:32,285 INFO: [Loader Debug] 114800 path: data\cache\114800.parquet exists: True
2025-12-28 14:43:32,286 INFO: [Loader Debug] 114800 raw shape: (1559, 5), index: <class 'pandas.core.indexes.datetimes.DatetimeIndex'>, cols: Index(['Open', 'High', 'Low', 'Close', 'Volume'], dtype='object')
2025-12-28 14:43:32,287 INFO: [Loader Debug] 114800 Date Range: 2019-01-01 00:00:00 ~ 2024-12-20 00:00:00 vs Target: 2022-09-24 ~ 2023-06-23
2025-12-28 14:43:32,288 INFO: [Loader Debug] 114800 Filtered rows: 195
2025-12-28 14:43:32,288 INFO: [Loader Debug] 122630 path: data\cache\122630.parquet exists: True
2025-12-28 14:43:32,290 INFO: [Loader Debug] 122630 raw shape: (1559, 5), index: <class 'pandas.core.indexes.datetimes.DatetimeIndex'>, cols: Index(['Open', 'High', 'Low', 'Close', 'Volume'], dtype='object')
2025-12-28 14:43:32,291 INFO: [Loader Debug] 122630 Date Range: 2019-01-01 00:00:00 ~ 2024-12-20 00:00:00 vs Target: 2022-09-24 ~ 2023-06-23
2025-12-28 14:43:32,292 INFO: [Loader Debug] 122630 Filtered rows: 195
2025-12-28 14:43:32,292 INFO: [Loader Debug] 229200 path: data\cache\229200.parquet exists: True
2025-12-28 14:43:32,294 INFO: [Loader Debug] 229200 raw shape: (1559, 5), index: <class 'pandas.core.indexes.datetimes.DatetimeIndex'>, cols: Index(['Open', 'High', 'Low', 'Close', 'Volume'], dtype='object')
2025-12-28 14:43:32,295 INFO: [Loader Debug] 229200 Date Range: 2019-01-01 00:00:00 ~ 2024-12-20 00:00:00 vs Target: 2022-09-24 ~ 2023-06-23
2025-12-28 14:43:32,296 INFO: [Loader Debug] 229200 Filtered rows: 195
2025-12-28 14:43:32,296 INFO: [Loader Debug] 233740 path: data\cache\233740.parquet exists: True
2025-12-28 14:43:32,297 INFO: [Loader Debug] 233740 raw shape: (1559, 5), index: <class 'pandas.core.indexes.datetimes.DatetimeIndex'>, cols: Index(['Open', 'High', 'Low', 'Close', 'Volume'], dtype='object')
2025-12-28 14:43:32,298 INFO: [Loader Debug] 233740 Date Range: 2019-01-01 00:00:00 ~ 2024-12-20 00:00:00 vs Target: 2022-09-24 ~ 2023-06-23
2025-12-28 14:43:32,299 INFO: [Loader Debug] 233740 Filtered rows: 195
2025-12-28 14:43:32,299 INFO: [Loader Debug] 252670 path: data\cache\252670.parquet exists: True
2025-12-28 14:43:32,301 INFO: [Loader Debug] 252670 raw shape: (1559, 5), index: <class 'pandas.core.indexes.datetimes.DatetimeIndex'>, cols: Index(['Open', 'High', 'Low', 'Close', 'Volume'], dtype='object')
2025-12-28 14:43:32,302 INFO: [Loader Debug] 252670 Date Range: 2019-01-01 00:00:00 ~ 2024-12-20 00:00:00 vs Target: 2022-09-24 ~ 2023-06-23
2025-12-28 14:43:32,303 INFO: [Loader Debug] 252670 Filtered rows: 195
2025-12-28 14:43:32,303 INFO: [Loader Debug] 261240 path: data\cache\261240.parquet exists: True
2025-12-28 14:43:32,305 INFO: [Loader Debug] 261240 raw shape: (1559, 5), index: <class 'pandas.core.indexes.datetimes.DatetimeIndex'>, cols: Index(['Open', 'High', 'Low', 'Close', 'Volume'], dtype='object')
2025-12-28 14:43:32,306 INFO: [Loader Debug] 261240 Date Range: 2019-01-01 00:00:00 ~ 2024-12-20 00:00:00 vs Target: 2022-09-24 ~ 2023-06-23
2025-12-28 14:43:32,307 INFO: [Loader Debug] 261240 Filtered rows: 195
2025-12-28 14:43:32,307 INFO: [Loader Debug] 305720 path: data\cache\305720.parquet exists: True
2025-12-28 14:43:32,309 INFO: [Loader Debug] 305720 raw shape: (1559, 5), index: <class 'pandas.core.indexes.datetimes.DatetimeIndex'>, cols: Index(['Open', 'High', 'Low', 'Close', 'Volume'], dtype='object')
2025-12-28 14:43:32,310 INFO: [Loader Debug] 305720 Date Range: 2019-01-01 00:00:00 ~ 2024-12-20 00:00:00 vs Target: 2022-09-24 ~ 2023-06-23
2025-12-28 14:43:32,311 INFO: [Loader Debug] 305720 Filtered rows: 195
2025-12-28 14:43:32,312 INFO: [Normalization] Initial Shape: (2730, 5), Index: <class 'pandas.core.indexes.multi.MultiIndex'>, Columns: ['open', 'high', 'low', 'close', 'volume']
2025-12-28 14:43:32,313 INFO: [EVIDENCE] Data Pipeline Trace:
1. Load Shape: (2730, 5)
   - Index Type: <class 'pandas.core.indexes.multi.MultiIndex'>
   - Levels: ['code', 'date']
   - Date Range: 2022-09-26 00:00:00 ~ 2023-06-23 00:00:00
   - Unique Symbols: 14 (Sample: ['005930', '035420', '035720'])
2. Universe Coverage: Requested=14, Loaded=14, Missing=0
6. Final Columns: ['open', 'high', 'low', 'close', 'volume']
2025-12-28 14:43:32,346 INFO: [MarketIndex] Raw Columns: ['시가', '고가', '저가', '종가', '거래량', '등락률']
2025-12-28 14:43:32,347 INFO: [MarketIndex] Renamed Columns: ['open', 'high', 'low', 'close', 'volume', '등락률']
2025-12-28 14:43:32,349 INFO: ✅ 설정 파일 로드: E:\AI Study\krx_alertor_modular\config\regime_params.yaml
2025-12-28 14:43:32,349 INFO: MarketRegimeDetector 초기화: MA=50/200일, 임계값=2.0/-2.0%
2025-12-28 14:43:32,352 INFO: RSI 프로파일 로드 완료: ['balanced', 'conservative', 'aggressive']
2025-12-28 14:43:32,353 INFO: [EVIDENCE] BacktestRunner.run called with params: ma_period=100, rsi_period=58, stop_loss=0.13
2025-12-28 14:43:32,353 INFO: BacktestEngine 초기화: instrument_type=etf, tax_rate=0.00%
2025-12-28 14:43:32,510 WARNING: 매수 불가 (233740): 자금 부족: 1,105,643 > 473,016
2025-12-28 14:43:32,511 WARNING: 매수 불가 (233740): 자금 부족: 11,393,883 > 9,985,289
2025-12-28 14:43:32,511 WARNING: 매수 불가 (233740): 자금 부족: 11,082,260 > 9,985,289
2025-12-28 14:43:32,512 WARNING: 매수 불가 (233740): 자금 부족: 10,798,802 > 9,985,289
2025-12-28 14:43:32,512 WARNING: 매수 불가 (233740): 자금 부족: 10,834,988 > 9,985,289
2025-12-28 14:43:32,527 WARNING: 매수 불가 (252670): 자금 부족: 1,088,305 > 1,038,927
2025-12-28 14:43:32,528 WARNING: 매수 불가 (252670): 자금 부족: 10,969,981 > 9,996,545
2025-12-28 14:43:32,529 WARNING: 매수 불가 (252670): 자금 부족: 10,978,226 > 9,996,545
2025-12-28 14:43:32,529 WARNING: 매수 불가 (252670): 자금 부족: 11,162,021 > 9,996,545
2025-12-28 14:43:32,530 WARNING: 매수 불가 (252670): 자금 부족: 10,911,270 > 9,996,545
2025-12-28 14:43:32,542 WARNING: 매수 불가 (005930): 자금 부족: 1,077,906 > 856,532
2025-12-28 14:43:32,543 WARNING: 매수 불가 (005930): 자금 부족: 10,865,354 > 10,006,831
2025-12-28 14:43:32,543 WARNING: 매수 불가 (005930): 자금 부족: 11,096,784 > 10,006,831
2025-12-28 14:43:32,544 WARNING: 매수 불가 (005930): 자금 부족: 11,005,914 > 10,006,831
2025-12-28 14:43:32,545 WARNING: 매수 불가 (005930): 자금 부족: 10,883,951 > 10,006,831
2025-12-28 14:43:32,570 WARNING: 매수 불가 (091160): 자금 부족: 1,033,988 > 774,039
2025-12-28 14:43:32,572 WARNING: 매수 불가 (091160): 자금 부족: 11,049,817 > 9,872,724
2025-12-28 14:43:32,572 WARNING: 매수 불가 (091160): 자금 부족: 11,197,017 > 9,872,724
2025-12-28 14:43:32,573 WARNING: 매수 불가 (091160): 자금 부족: 11,245,396 > 9,872,724
2025-12-28 14:43:32,573 WARNING: 매수 불가 (091160): 자금 부족: 11,176,437 > 9,872,724
2025-12-28 14:43:32,585 WARNING: 매수 불가 (252670): 자금 부족: 1,101,846 > 186,255
2025-12-28 14:43:32,586 WARNING: 매수 불가 (252670): 자금 부족: 11,268,594 > 9,968,079
2025-12-28 14:43:32,587 WARNING: 매수 불가 (252670): 자금 부족: 11,290,885 > 9,968,079
2025-12-28 14:43:32,587 WARNING: 매수 불가 (252670): 자금 부족: 11,557,911 > 9,968,079
2025-12-28 14:43:32,588 WARNING: 매수 불가 (252670): 자금 부족: 11,383,012 > 9,968,079
2025-12-28 14:43:32,601 WARNING: 매수 불가 (252670): 자금 부족: 1,100,137 > 141,612
2025-12-28 14:43:32,602 WARNING: 매수 불가 (252670): 자금 부족: 11,506,592 > 9,948,220
2025-12-28 14:43:32,603 WARNING: 매수 불가 (252670): 자금 부족: 11,592,763 > 9,948,220
2025-12-28 14:43:32,603 WARNING: 매수 불가 (252670): 자금 부족: 11,593,102 > 9,948,220
2025-12-28 14:43:32,604 WARNING: 매수 불가 (252670): 자금 부족: 11,537,743 > 9,948,220
2025-12-28 14:43:32,618 WARNING: 매수 불가 (114800): 자금 부족: 1,131,172 > 1,067,681
2025-12-28 14:43:32,618 WARNING: 매수 불가 (252670): 자금 부족: 1,114,891 > 1,067,681
2025-12-28 14:43:32,619 WARNING: 매수 불가 (252670): 자금 부족: 5,910,513 > 4,144,184
2025-12-28 14:43:32,620 WARNING: 매수 불가 (252670): 자금 부족: 11,560,728 > 9,929,936
2025-12-28 14:43:32,621 WARNING: 매수 불가 (252670): 자금 부족: 11,678,174 > 9,929,936
2025-12-28 14:43:32,621 WARNING: 매수 불가 (252670): 자금 부족: 11,511,965 > 9,929,936
2025-12-28 14:43:32,636 WARNING: 매수 불가 (252670): 자금 부족: 1,105,903 > 600,481
2025-12-28 14:43:32,637 WARNING: 매수 불가 (252670): 자금 부족: 11,533,597 > 9,937,445
2025-12-28 14:43:32,638 WARNING: 매수 불가 (252670): 자금 부족: 11,375,718 > 9,937,445
2025-12-28 14:43:32,639 WARNING: 매수 불가 (252670): 자금 부족: 11,321,593 > 9,937,445
2025-12-28 14:43:32,639 WARNING: 매수 불가 (252670): 자금 부족: 11,152,803 > 9,937,445
2025-12-28 14:43:32,655 WARNING: 매수 불가 (252670): 자금 부족: 1,064,077 > 377,068
2025-12-28 14:43:32,656 WARNING: 매수 불가 (252670): 자금 부족: 10,964,488 > 9,872,598
2025-12-28 14:43:32,658 INFO: Split 계산: Train=16M, Val=14M, Test=6M
2025-12-28 14:43:32,658 INFO: [캐시] lb=12M, key=499e9584
2025-12-28 14:43:32,659 INFO: UNIVERSE requested=14(hash=989dbc28) effective=14(hash=989dbc28)
2025-12-28 14:43:32,659 INFO: [Loader Debug] 005930 path: data\cache\005930.parquet exists: True
2025-12-28 14:43:32,662 INFO: [Loader Debug] 005930 raw shape: (1559, 5), index: <class 'pandas.core.indexes.datetimes.DatetimeIndex'>, cols: Index(['Open', 'High', 'Low', 'Close', 'Volume'], dtype='object')
2025-12-28 14:43:32,663 INFO: [Loader Debug] 005930 Date Range: 2019-01-01 00:00:00 ~ 2024-12-20 00:00:00 vs Target: 2020-10-06 ~ 2022-04-29
2025-12-28 14:43:32,665 INFO: [Loader Debug] 005930 Filtered rows: 409
2025-12-28 14:43:32,665 INFO: [Loader Debug] 035420 path: data\cache\035420.parquet exists: True
2025-12-28 14:43:32,667 INFO: [Loader Debug] 035420 raw shape: (1559, 5), index: <class 'pandas.core.indexes.datetimes.DatetimeIndex'>, cols: Index(['Open', 'High', 'Low', 'Close', 'Volume'], dtype='object')
2025-12-28 14:43:32,669 INFO: [Loader Debug] 035420 Date Range: 2019-01-01 00:00:00 ~ 2024-12-20 00:00:00 vs Target: 2020-10-06 ~ 2022-04-29
2025-12-28 14:43:32,670 INFO: [Loader Debug] 035420 Filtered rows: 409
2025-12-28 14:43:32,670 INFO: [Loader Debug] 035720 path: data\cache\035720.parquet exists: True
2025-12-28 14:43:32,672 INFO: [Loader Debug] 035720 raw shape: (1559, 5), index: <class 'pandas.core.indexes.datetimes.DatetimeIndex'>, cols: Index(['Open', 'High', 'Low', 'Close', 'Volume'], dtype='object')
2025-12-28 14:43:32,674 INFO: [Loader Debug] 035720 Date Range: 2019-01-01 00:00:00 ~ 2024-12-20 00:00:00 vs Target: 2020-10-06 ~ 2022-04-29
2025-12-28 14:43:32,675 INFO: [Loader Debug] 035720 Filtered rows: 409
2025-12-28 14:43:32,675 INFO: [Loader Debug] 051910 path: data\cache\051910.parquet exists: True
2025-12-28 14:43:32,677 INFO: [Loader Debug] 051910 raw shape: (1559, 5), index: <class 'pandas.core.indexes.datetimes.DatetimeIndex'>, cols: Index(['Open', 'High', 'Low', 'Close', 'Volume'], dtype='object')
2025-12-28 14:43:32,678 INFO: [Loader Debug] 051910 Date Range: 2019-01-01 00:00:00 ~ 2024-12-20 00:00:00 vs Target: 2020-10-06 ~ 2022-04-29
2025-12-28 14:43:32,679 INFO: [Loader Debug] 051910 Filtered rows: 409
2025-12-28 14:43:32,680 INFO: [Loader Debug] 069500 path: data\cache\069500.parquet exists: True
2025-12-28 14:43:32,682 INFO: [Loader Debug] 069500 raw shape: (1559, 5), index: <class 'pandas.core.indexes.datetimes.DatetimeIndex'>, cols: Index(['Open', 'High', 'Low', 'Close', 'Volume'], dtype='object')
2025-12-28 14:43:32,683 INFO: [Loader Debug] 069500 Date Range: 2019-01-01 00:00:00 ~ 2024-12-20 00:00:00 vs Target: 2020-10-06 ~ 2022-04-29
2025-12-28 14:43:32,684 INFO: [Loader Debug] 069500 Filtered rows: 409
2025-12-28 14:43:32,685 INFO: [Loader Debug] 091160 path: data\cache\091160.parquet exists: True
2025-12-28 14:43:32,686 INFO: [Loader Debug] 091160 raw shape: (1559, 5), index: <class 'pandas.core.indexes.datetimes.DatetimeIndex'>, cols: Index(['Open', 'High', 'Low', 'Close', 'Volume'], dtype='object')
2025-12-28 14:43:32,687 INFO: [Loader Debug] 091160 Date Range: 2019-01-01 00:00:00 ~ 2024-12-20 00:00:00 vs Target: 2020-10-06 ~ 2022-04-29
2025-12-28 14:43:32,688 INFO: [Loader Debug] 091160 Filtered rows: 409
2025-12-28 14:43:32,689 INFO: [Loader Debug] 102110 path: data\cache\102110.parquet exists: True
2025-12-28 14:43:32,691 INFO: [Loader Debug] 102110 raw shape: (1559, 5), index: <class 'pandas.core.indexes.datetimes.DatetimeIndex'>, cols: Index(['Open', 'High', 'Low', 'Close', 'Volume'], dtype='object')
2025-12-28 14:43:32,692 INFO: [Loader Debug] 102110 Date Range: 2019-01-01 00:00:00 ~ 2024-12-20 00:00:00 vs Target: 2020-10-06 ~ 2022-04-29
2025-12-28 14:43:32,693 INFO: [Loader Debug] 102110 Filtered rows: 409
2025-12-28 14:43:32,693 INFO: [Loader Debug] 114800 path: data\cache\114800.parquet exists: True
2025-12-28 14:43:32,695 INFO: [Loader Debug] 114800 raw shape: (1559, 5), index: <class 'pandas.core.indexes.datetimes.DatetimeIndex'>, cols: Index(['Open', 'High', 'Low', 'Close', 'Volume'], dtype='object')
2025-12-28 14:43:32,696 INFO: [Loader Debug] 114800 Date Range: 2019-01-01 00:00:00 ~ 2024-12-20 00:00:00 vs Target: 2020-10-06 ~ 2022-04-29
2025-12-28 14:43:32,697 INFO: [Loader Debug] 114800 Filtered rows: 409
2025-12-28 14:43:32,697 INFO: [Loader Debug] 122630 path: data\cache\122630.parquet exists: True
2025-12-28 14:43:32,698 INFO: [Loader Debug] 122630 raw shape: (1559, 5), index: <class 'pandas.core.indexes.datetimes.DatetimeIndex'>, cols: Index(['Open', 'High', 'Low', 'Close', 'Volume'], dtype='object')
2025-12-28 14:43:32,700 INFO: [Loader Debug] 122630 Date Range: 2019-01-01 00:00:00 ~ 2024-12-20 00:00:00 vs Target: 2020-10-06 ~ 2022-04-29
2025-12-28 14:43:32,700 INFO: [Loader Debug] 122630 Filtered rows: 409
2025-12-28 14:43:32,701 INFO: [Loader Debug] 229200 path: data\cache\229200.parquet exists: True
2025-12-28 14:43:32,702 INFO: [Loader Debug] 229200 raw shape: (1559, 5), index: <class 'pandas.core.indexes.datetimes.DatetimeIndex'>, cols: Index(['Open', 'High', 'Low', 'Close', 'Volume'], dtype='object')
2025-12-28 14:43:32,703 INFO: [Loader Debug] 229200 Date Range: 2019-01-01 00:00:00 ~ 2024-12-20 00:00:00 vs Target: 2020-10-06 ~ 2022-04-29
2025-12-28 14:43:32,704 INFO: [Loader Debug] 229200 Filtered rows: 409
2025-12-28 14:43:32,704 INFO: [Loader Debug] 233740 path: data\cache\233740.parquet exists: True
2025-12-28 14:43:32,706 INFO: [Loader Debug] 233740 raw shape: (1559, 5), index: <class 'pandas.core.indexes.datetimes.DatetimeIndex'>, cols: Index(['Open', 'High', 'Low', 'Close', 'Volume'], dtype='object')
2025-12-28 14:43:32,707 INFO: [Loader Debug] 233740 Date Range: 2019-01-01 00:00:00 ~ 2024-12-20 00:00:00 vs Target: 2020-10-06 ~ 2022-04-29
2025-12-28 14:43:32,708 INFO: [Loader Debug] 233740 Filtered rows: 409
2025-12-28 14:43:32,708 INFO: [Loader Debug] 252670 path: data\cache\252670.parquet exists: True
2025-12-28 14:43:32,710 INFO: [Loader Debug] 252670 raw shape: (1559, 5), index: <class 'pandas.core.indexes.datetimes.DatetimeIndex'>, cols: Index(['Open', 'High', 'Low', 'Close', 'Volume'], dtype='object')
2025-12-28 14:43:32,711 INFO: [Loader Debug] 252670 Date Range: 2019-01-01 00:00:00 ~ 2024-12-20 00:00:00 vs Target: 2020-10-06 ~ 2022-04-29
2025-12-28 14:43:32,712 INFO: [Loader Debug] 252670 Filtered rows: 409
2025-12-28 14:43:32,712 INFO: [Loader Debug] 261240 path: data\cache\261240.parquet exists: True
2025-12-28 14:43:32,714 INFO: [Loader Debug] 261240 raw shape: (1559, 5), index: <class 'pandas.core.indexes.datetimes.DatetimeIndex'>, cols: Index(['Open', 'High', 'Low', 'Close', 'Volume'], dtype='object')
2025-12-28 14:43:32,715 INFO: [Loader Debug] 261240 Date Range: 2019-01-01 00:00:00 ~ 2024-12-20 00:00:00 vs Target: 2020-10-06 ~ 2022-04-29
2025-12-28 14:43:32,716 INFO: [Loader Debug] 261240 Filtered rows: 409
2025-12-28 14:43:32,716 INFO: [Loader Debug] 305720 path: data\cache\305720.parquet exists: True
2025-12-28 14:43:32,718 INFO: [Loader Debug] 305720 raw shape: (1559, 5), index: <class 'pandas.core.indexes.datetimes.DatetimeIndex'>, cols: Index(['Open', 'High', 'Low', 'Close', 'Volume'], dtype='object')
2025-12-28 14:43:32,719 INFO: [Loader Debug] 305720 Date Range: 2019-01-01 00:00:00 ~ 2024-12-20 00:00:00 vs Target: 2020-10-06 ~ 2022-04-29
2025-12-28 14:43:32,720 INFO: [Loader Debug] 305720 Filtered rows: 409
2025-12-28 14:43:32,721 INFO: [Normalization] Initial Shape: (5726, 5), Index: <class 'pandas.core.indexes.multi.MultiIndex'>, Columns: ['open', 'high', 'low', 'close', 'volume']
2025-12-28 14:43:32,722 INFO: [EVIDENCE] Data Pipeline Trace:
1. Load Shape: (5726, 5)
   - Index Type: <class 'pandas.core.indexes.multi.MultiIndex'>
   - Levels: ['code', 'date']
   - Date Range: 2020-10-06 00:00:00 ~ 2022-04-29 00:00:00
   - Unique Symbols: 14 (Sample: ['005930', '035420', '035720'])
2. Universe Coverage: Requested=14, Loaded=14, Missing=0
6. Final Columns: ['open', 'high', 'low', 'close', 'volume']
2025-12-28 14:43:32,764 INFO: [MarketIndex] Raw Columns: ['시가', '고가', '저가', '종가', '거래량', '등락률']
2025-12-28 14:43:32,765 INFO: [MarketIndex] Renamed Columns: ['open', 'high', 'low', 'close', 'volume', '등락률']
2025-12-28 14:43:32,766 INFO: ✅ 설정 파일 로드: E:\AI Study\krx_alertor_modular\config\regime_params.yaml
2025-12-28 14:43:32,767 INFO: MarketRegimeDetector 초기화: MA=50/200일, 임계값=2.0/-2.0%
2025-12-28 14:43:32,771 INFO: RSI 프로파일 로드 완료: ['balanced', 'conservative', 'aggressive']
2025-12-28 14:43:32,771 INFO: [EVIDENCE] BacktestRunner.run called with params: ma_period=100, rsi_period=58, stop_loss=0.13
2025-12-28 14:43:32,771 INFO: BacktestEngine 초기화: instrument_type=etf, tax_rate=0.00%
2025-12-28 14:43:32,929 WARNING: 매수 불가 (069500): 자금 부족: 1,194,828 > 324,246
2025-12-28 14:43:32,930 WARNING: 매수 불가 (069500): 자금 부족: 11,794,352 > 9,998,180
2025-12-28 14:43:32,931 WARNING: 매수 불가 (069500): 자금 부족: 11,906,019 > 9,998,180
2025-12-28 14:43:32,932 WARNING: 매수 불가 (069500): 자금 부족: 11,911,430 > 9,998,180
2025-12-28 14:43:32,932 WARNING: 매수 불가 (069500): 자금 부족: 11,978,445 > 9,998,180
2025-12-28 14:43:32,945 WARNING: 매수 불가 (069500): 자금 부족: 1,194,512 > 340,564
2025-12-28 14:43:32,945 WARNING: 매수 불가 (069500): 자금 부족: 12,020,530 > 10,042,862
2025-12-28 14:43:32,946 WARNING: 매수 불가 (069500): 자금 부족: 12,016,777 > 10,042,862
2025-12-28 14:43:32,947 WARNING: 매수 불가 (069500): 자금 부족: 11,620,188 > 10,042,862
2025-12-28 14:43:32,947 WARNING: 매수 불가 (069500): 자금 부족: 11,337,593 > 10,042,862
2025-12-28 14:43:32,959 WARNING: 매수 불가 (091160): 자금 부족: 1,132,385 > 583,144
2025-12-28 14:43:32,959 WARNING: 매수 불가 (091160): 자금 부족: 11,213,208 > 9,957,946
2025-12-28 14:43:32,960 WARNING: 매수 불가 (091160): 자금 부족: 11,450,383 > 9,957,946
2025-12-28 14:43:32,961 WARNING: 매수 불가 (091160): 자금 부족: 11,404,820 > 9,957,946
2025-12-28 14:43:32,961 WARNING: 매수 불가 (091160): 자금 부족: 11,263,378 > 9,957,946
2025-12-28 14:43:32,973 WARNING: 매수 불가 (305720): 자금 부족: 1,119,684 > 749,173
2025-12-28 14:43:32,974 WARNING: 매수 불가 (305720): 자금 부족: 11,257,507 > 10,016,497
2025-12-28 14:43:32,974 WARNING: 매수 불가 (305720): 자금 부족: 11,425,928 > 10,016,497
2025-12-28 14:43:32,975 WARNING: 매수 불가 (305720): 자금 부족: 11,321,893 > 10,016,497
2025-12-28 14:43:32,975 WARNING: 매수 불가 (305720): 자금 부족: 11,214,966 > 10,016,497
2025-12-28 14:43:32,987 WARNING: 매수 불가 (091160): 자금 부족: 1,130,961 > 709,012
2025-12-28 14:43:32,988 WARNING: 매수 불가 (091160): 자금 부족: 11,231,600 > 9,926,196
2025-12-28 14:43:32,989 WARNING: 매수 불가 (091160): 자금 부족: 11,247,159 > 9,926,196
2025-12-28 14:43:32,989 WARNING: 매수 불가 (091160): 자금 부족: 11,191,674 > 9,926,196
2025-12-28 14:43:32,990 WARNING: 매수 불가 (091160): 자금 부족: 11,414,894 > 9,926,196
2025-12-28 14:43:33,002 WARNING: 매수 불가 (091160): 자금 부족: 1,104,261 > 447,336
2025-12-28 14:43:33,003 WARNING: 매수 불가 (091160): 자금 부족: 11,313,413 > 9,930,788
2025-12-28 14:43:33,004 WARNING: 매수 불가 (091160): 자금 부족: 11,255,326 > 9,930,788
2025-12-28 14:43:33,005 WARNING: 매수 불가 (091160): 자금 부족: 10,984,789 > 9,930,788
2025-12-28 14:43:33,005 WARNING: 매수 불가 (091160): 자금 부족: 11,023,999 > 9,930,788
2025-12-28 14:43:33,018 WARNING: 매수 불가 (252670): 자금 부족: 1,041,034 > 428,611
2025-12-28 14:43:33,019 WARNING: 매수 불가 (252670): 자금 부족: 10,861,024 > 9,793,702
2025-12-28 14:43:33,019 WARNING: 매수 불가 (252670): 자금 부족: 10,917,263 > 9,793,702
2025-12-28 14:43:33,020 WARNING: 매수 불가 (252670): 자금 부족: 11,006,573 > 9,793,702
2025-12-28 14:43:33,020 WARNING: 매수 불가 (252670): 자금 부족: 10,757,838 > 9,793,702
2025-12-28 14:43:33,033 WARNING: 매수 불가 (305720): 자금 부족: 1,065,559 > 452,475
2025-12-28 14:43:33,034 WARNING: 매수 불가 (305720): 자금 부족: 10,733,174 > 9,835,404
2025-12-28 14:43:33,034 WARNING: 매수 불가 (305720): 자금 부족: 10,836,376 > 9,835,404
2025-12-28 14:43:33,035 WARNING: 매수 불가 (305720): 자금 부족: 10,913,557 > 9,835,404
2025-12-28 14:43:33,035 WARNING: 매수 불가 (305720): 자금 부족: 10,941,743 > 9,835,404
2025-12-28 14:43:33,047 WARNING: 매수 불가 (252670): 자금 부족: 1,059,771 > 596,464
2025-12-28 14:43:33,048 WARNING: 매수 불가 (252670): 자금 부족: 10,945,519 > 9,792,655
2025-12-28 14:43:33,048 WARNING: 매수 불가 (252670): 자금 부족: 10,680,417 > 9,792,655
2025-12-28 14:43:33,049 WARNING: 매수 불가 (252670): 자금 부족: 10,733,245 > 9,792,655
2025-12-28 14:43:33,049 WARNING: 매수 불가 (252670): 자금 부족: 10,729,136 > 9,792,655
2025-12-28 14:43:33,061 WARNING: 매수 불가 (114800): 자금 부족: 1,055,595 > 936,176
2025-12-28 14:43:33,062 WARNING: 매수 불가 (114800): 자금 부족: 10,649,766 > 9,749,380
2025-12-28 14:43:33,062 WARNING: 매수 불가 (114800): 자금 부족: 10,735,183 > 9,749,380
2025-12-28 14:43:33,063 WARNING: 매수 불가 (114800): 자금 부족: 10,595,143 > 9,749,380
2025-12-28 14:43:33,063 WARNING: 매수 불가 (114800): 자금 부족: 10,385,117 > 9,749,380
2025-12-28 14:43:33,593 INFO: UNIVERSE requested=14(hash=989dbc28) effective=14(hash=989dbc28)
2025-12-28 14:43:33,594 INFO: [Loader Debug] 005930 path: data\cache\005930.parquet exists: True
2025-12-28 14:43:33,596 INFO: [Loader Debug] 005930 raw shape: (1559, 5), index: <class 'pandas.core.indexes.datetimes.DatetimeIndex'>, cols: Index(['Open', 'High', 'Low', 'Close', 'Volume'], dtype='object')
2025-12-28 14:43:33,597 INFO: [Loader Debug] 005930 Date Range: 2019-01-01 00:00:00 ~ 2024-12-20 00:00:00 vs Target: 2022-03-25 ~ 2023-06-23
2025-12-28 14:43:33,598 INFO: [Loader Debug] 005930 Filtered rows: 326
2025-12-28 14:43:33,598 INFO: [Loader Debug] 035420 path: data\cache\035420.parquet exists: True
2025-12-28 14:43:33,599 INFO: [Loader Debug] 035420 raw shape: (1559, 5), index: <class 'pandas.core.indexes.datetimes.DatetimeIndex'>, cols: Index(['Open', 'High', 'Low', 'Close', 'Volume'], dtype='object')
2025-12-28 14:43:33,601 INFO: [Loader Debug] 035420 Date Range: 2019-01-01 00:00:00 ~ 2024-12-20 00:00:00 vs Target: 2022-03-25 ~ 2023-06-23
2025-12-28 14:43:33,601 INFO: [Loader Debug] 035420 Filtered rows: 326
2025-12-28 14:43:33,602 INFO: [Loader Debug] 035720 path: data\cache\035720.parquet exists: True
2025-12-28 14:43:33,603 INFO: [Loader Debug] 035720 raw shape: (1559, 5), index: <class 'pandas.core.indexes.datetimes.DatetimeIndex'>, cols: Index(['Open', 'High', 'Low', 'Close', 'Volume'], dtype='object')
2025-12-28 14:43:33,604 INFO: [Loader Debug] 035720 Date Range: 2019-01-01 00:00:00 ~ 2024-12-20 00:00:00 vs Target: 2022-03-25 ~ 2023-06-23
2025-12-28 14:43:33,605 INFO: [Loader Debug] 035720 Filtered rows: 326
2025-12-28 14:43:33,606 INFO: [Loader Debug] 051910 path: data\cache\051910.parquet exists: True
2025-12-28 14:43:33,607 INFO: [Loader Debug] 051910 raw shape: (1559, 5), index: <class 'pandas.core.indexes.datetimes.DatetimeIndex'>, cols: Index(['Open', 'High', 'Low', 'Close', 'Volume'], dtype='object')
2025-12-28 14:43:33,608 INFO: [Loader Debug] 051910 Date Range: 2019-01-01 00:00:00 ~ 2024-12-20 00:00:00 vs Target: 2022-03-25 ~ 2023-06-23
2025-12-28 14:43:33,609 INFO: [Loader Debug] 051910 Filtered rows: 326
2025-12-28 14:43:33,610 INFO: [Loader Debug] 069500 path: data\cache\069500.parquet exists: True
2025-12-28 14:43:33,611 INFO: [Loader Debug] 069500 raw shape: (1559, 5), index: <class 'pandas.core.indexes.datetimes.DatetimeIndex'>, cols: Index(['Open', 'High', 'Low', 'Close', 'Volume'], dtype='object')
2025-12-28 14:43:33,613 INFO: [Loader Debug] 069500 Date Range: 2019-01-01 00:00:00 ~ 2024-12-20 00:00:00 vs Target: 2022-03-25 ~ 2023-06-23
2025-12-28 14:43:33,613 INFO: [Loader Debug] 069500 Filtered rows: 326
2025-12-28 14:43:33,614 INFO: [Loader Debug] 091160 path: data\cache\091160.parquet exists: True
2025-12-28 14:43:33,615 INFO: [Loader Debug] 091160 raw shape: (1559, 5), index: <class 'pandas.core.indexes.datetimes.DatetimeIndex'>, cols: Index(['Open', 'High', 'Low', 'Close', 'Volume'], dtype='object')
2025-12-28 14:43:33,617 INFO: [Loader Debug] 091160 Date Range: 2019-01-01 00:00:00 ~ 2024-12-20 00:00:00 vs Target: 2022-03-25 ~ 2023-06-23
2025-12-28 14:43:33,617 INFO: [Loader Debug] 091160 Filtered rows: 326
2025-12-28 14:43:33,618 INFO: [Loader Debug] 102110 path: data\cache\102110.parquet exists: True
2025-12-28 14:43:33,619 INFO: [Loader Debug] 102110 raw shape: (1559, 5), index: <class 'pandas.core.indexes.datetimes.DatetimeIndex'>, cols: Index(['Open', 'High', 'Low', 'Close', 'Volume'], dtype='object')
2025-12-28 14:43:33,620 INFO: [Loader Debug] 102110 Date Range: 2019-01-01 00:00:00 ~ 2024-12-20 00:00:00 vs Target: 2022-03-25 ~ 2023-06-23
2025-12-28 14:43:33,621 INFO: [Loader Debug] 102110 Filtered rows: 326
2025-12-28 14:43:33,621 INFO: [Loader Debug] 114800 path: data\cache\114800.parquet exists: True
2025-12-28 14:43:33,623 INFO: [Loader Debug] 114800 raw shape: (1559, 5), index: <class 'pandas.core.indexes.datetimes.DatetimeIndex'>, cols: Index(['Open', 'High', 'Low', 'Close', 'Volume'], dtype='object')
2025-12-28 14:43:33,624 INFO: [Loader Debug] 114800 Date Range: 2019-01-01 00:00:00 ~ 2024-12-20 00:00:00 vs Target: 2022-03-25 ~ 2023-06-23
2025-12-28 14:43:33,625 INFO: [Loader Debug] 114800 Filtered rows: 326
2025-12-28 14:43:33,625 INFO: [Loader Debug] 122630 path: data\cache\122630.parquet exists: True
2025-12-28 14:43:33,627 INFO: [Loader Debug] 122630 raw shape: (1559, 5), index: <class 'pandas.core.indexes.datetimes.DatetimeIndex'>, cols: Index(['Open', 'High', 'Low', 'Close', 'Volume'], dtype='object')
2025-12-28 14:43:33,628 INFO: [Loader Debug] 122630 Date Range: 2019-01-01 00:00:00 ~ 2024-12-20 00:00:00 vs Target: 2022-03-25 ~ 2023-06-23
2025-12-28 14:43:33,629 INFO: [Loader Debug] 122630 Filtered rows: 326
2025-12-28 14:43:33,630 INFO: [Loader Debug] 229200 path: data\cache\229200.parquet exists: True
2025-12-28 14:43:33,631 INFO: [Loader Debug] 229200 raw shape: (1559, 5), index: <class 'pandas.core.indexes.datetimes.DatetimeIndex'>, cols: Index(['Open', 'High', 'Low', 'Close', 'Volume'], dtype='object')
2025-12-28 14:43:33,632 INFO: [Loader Debug] 229200 Date Range: 2019-01-01 00:00:00 ~ 2024-12-20 00:00:00 vs Target: 2022-03-25 ~ 2023-06-23
2025-12-28 14:43:33,633 INFO: [Loader Debug] 229200 Filtered rows: 326
2025-12-28 14:43:33,633 INFO: [Loader Debug] 233740 path: data\cache\233740.parquet exists: True
2025-12-28 14:43:33,635 INFO: [Loader Debug] 233740 raw shape: (1559, 5), index: <class 'pandas.core.indexes.datetimes.DatetimeIndex'>, cols: Index(['Open', 'High', 'Low', 'Close', 'Volume'], dtype='object')
2025-12-28 14:43:33,636 INFO: [Loader Debug] 233740 Date Range: 2019-01-01 00:00:00 ~ 2024-12-20 00:00:00 vs Target: 2022-03-25 ~ 2023-06-23
2025-12-28 14:43:33,637 INFO: [Loader Debug] 233740 Filtered rows: 326
2025-12-28 14:43:33,637 INFO: [Loader Debug] 252670 path: data\cache\252670.parquet exists: True
2025-12-28 14:43:33,638 INFO: [Loader Debug] 252670 raw shape: (1559, 5), index: <class 'pandas.core.indexes.datetimes.DatetimeIndex'>, cols: Index(['Open', 'High', 'Low', 'Close', 'Volume'], dtype='object')
2025-12-28 14:43:33,640 INFO: [Loader Debug] 252670 Date Range: 2019-01-01 00:00:00 ~ 2024-12-20 00:00:00 vs Target: 2022-03-25 ~ 2023-06-23
2025-12-28 14:43:33,641 INFO: [Loader Debug] 252670 Filtered rows: 326
2025-12-28 14:43:33,641 INFO: [Loader Debug] 261240 path: data\cache\261240.parquet exists: True
2025-12-28 14:43:33,642 INFO: [Loader Debug] 261240 raw shape: (1559, 5), index: <class 'pandas.core.indexes.datetimes.DatetimeIndex'>, cols: Index(['Open', 'High', 'Low', 'Close', 'Volume'], dtype='object')
2025-12-28 14:43:33,644 INFO: [Loader Debug] 261240 Date Range: 2019-01-01 00:00:00 ~ 2024-12-20 00:00:00 vs Target: 2022-03-25 ~ 2023-06-23
2025-12-28 14:43:33,645 INFO: [Loader Debug] 261240 Filtered rows: 326
2025-12-28 14:43:33,645 INFO: [Loader Debug] 305720 path: data\cache\305720.parquet exists: True
2025-12-28 14:43:33,646 INFO: [Loader Debug] 305720 raw shape: (1559, 5), index: <class 'pandas.core.indexes.datetimes.DatetimeIndex'>, cols: Index(['Open', 'High', 'Low', 'Close', 'Volume'], dtype='object')
2025-12-28 14:43:33,648 INFO: [Loader Debug] 305720 Date Range: 2019-01-01 00:00:00 ~ 2024-12-20 00:00:00 vs Target: 2022-03-25 ~ 2023-06-23
2025-12-28 14:43:33,649 INFO: [Loader Debug] 305720 Filtered rows: 326
2025-12-28 14:43:33,650 INFO: [Normalization] Initial Shape: (4564, 5), Index: <class 'pandas.core.indexes.multi.MultiIndex'>, Columns: ['open', 'high', 'low', 'close', 'volume']
2025-12-28 14:43:33,651 INFO: [EVIDENCE] Data Pipeline Trace:
1. Load Shape: (4564, 5)
   - Index Type: <class 'pandas.core.indexes.multi.MultiIndex'>
   - Levels: ['code', 'date']
   - Date Range: 2022-03-25 00:00:00 ~ 2023-06-23 00:00:00
   - Unique Symbols: 14 (Sample: ['005930', '035420', '035720'])
2. Universe Coverage: Requested=14, Loaded=14, Missing=0
6. Final Columns: ['open', 'high', 'low', 'close', 'volume']
2025-12-28 14:43:33,687 INFO: [MarketIndex] Raw Columns: ['시가', '고가', '저가', '종가', '거래량', '등락률']
2025-12-28 14:43:33,688 INFO: [MarketIndex] Renamed Columns: ['open', 'high', 'low', 'close', 'volume', '등락률']
2025-12-28 14:43:33,690 INFO: ✅ 설정 파일 로드: E:\AI Study\krx_alertor_modular\config\regime_params.yaml
2025-12-28 14:43:33,690 INFO: MarketRegimeDetector 초기화: MA=50/200일, 임계값=2.0/-2.0%
2025-12-28 14:43:33,694 INFO: RSI 프로파일 로드 완료: ['balanced', 'conservative', 'aggressive']
2025-12-28 14:43:33,694 INFO: [EVIDENCE] BacktestRunner.run called with params: ma_period=100, rsi_period=58, stop_loss=0.13
2025-12-28 14:43:33,694 INFO: BacktestEngine 초기화: instrument_type=etf, tax_rate=0.00%
2025-12-28 14:43:34,039 WARNING: 매수 불가 (252670): 자금 부족: 1,091,078 > 988,561
2025-12-28 14:43:34,040 WARNING: 매수 불가 (252670): 자금 부족: 11,214,593 > 9,954,665
2025-12-28 14:43:34,040 WARNING: 매수 불가 (252670): 자금 부족: 11,358,980 > 9,954,665
2025-12-28 14:43:34,041 WARNING: 매수 불가 (252670): 자금 부족: 11,048,044 > 9,954,665
2025-12-28 14:43:34,042 WARNING: 매수 불가 (252670): 자금 부족: 10,744,480 > 9,954,665
2025-12-28 14:43:34,053 WARNING: 매수 불가 (261240): 자금 부족: 1,052,715 > 906,159
2025-12-28 14:43:34,054 WARNING: 매수 불가 (261240): 자금 부족: 11,205,180 > 10,045,131
2025-12-28 14:43:34,055 WARNING: 매수 불가 (261240): 자금 부족: 11,292,329 > 10,045,131
2025-12-28 14:43:34,055 WARNING: 매수 불가 (261240): 자금 부족: 10,780,887 > 10,045,131
2025-12-28 14:43:34,056 WARNING: 매수 불가 (261240): 자금 부족: 10,841,878 > 10,045,131
2025-12-28 14:43:34,068 WARNING: 매수 불가 (005930): 자금 부족: 1,089,214 > 983,292
2025-12-28 14:43:34,069 WARNING: 매수 불가 (005930): 자금 부족: 11,148,566 > 10,005,667
2025-12-28 14:43:34,069 WARNING: 매수 불가 (005930): 자금 부족: 11,062,001 > 10,005,667
2025-12-28 14:43:34,070 WARNING: 매수 불가 (005930): 자금 부족: 10,970,030 > 10,005,667
2025-12-28 14:43:34,070 WARNING: 매수 불가 (005930): 자금 부족: 11,086,394 > 10,005,667
2025-12-28 14:43:34,170 WARNING: 매수 불가 (122630): 자금 부족: 1,050,472 > 675,004
2025-12-28 14:43:34,171 WARNING: 매수 불가 (122630): 자금 부족: 10,553,875 > 9,837,081
2025-12-28 14:43:34,172 WARNING: 매수 불가 (122630): 자금 부족: 10,915,883 > 9,837,081
2025-12-28 14:43:34,172 WARNING: 매수 불가 (122630): 자금 부족: 11,121,415 > 9,837,081
2025-12-28 14:43:34,173 WARNING: 매수 불가 (122630): 자금 부족: 11,374,199 > 9,837,081
2025-12-28 14:43:34,185 WARNING: 매수 불가 (233740): 자금 부족: 1,141,405 > 170,035
2025-12-28 14:43:34,185 WARNING: 매수 불가 (233740): 자금 부족: 11,329,950 > 9,771,759
2025-12-28 14:43:34,186 WARNING: 매수 불가 (233740): 자금 부족: 11,346,777 > 9,771,759
2025-12-28 14:43:34,187 WARNING: 매수 불가 (233740): 자금 부족: 11,360,429 > 9,771,759
2025-12-28 14:43:34,187 WARNING: 매수 불가 (233740): 자금 부족: 11,317,989 > 9,771,759
2025-12-28 14:43:34,199 WARNING: 매수 불가 (233740): 자금 부족: 1,103,974 > 284,224
2025-12-28 14:43:34,200 WARNING: 매수 불가 (233740): 자금 부족: 11,240,699 > 9,815,679
2025-12-28 14:43:34,201 WARNING: 매수 불가 (233740): 자금 부족: 11,032,172 > 9,815,679
2025-12-28 14:43:34,201 WARNING: 매수 불가 (233740): 자금 부족: 10,900,583 > 9,815,679
2025-12-28 14:43:34,202 WARNING: 매수 불가 (233740): 자금 부족: 10,609,349 > 9,815,679
2025-12-28 14:43:34,214 WARNING: 매수 불가 (233740): 자금 부족: 950,438 > 947,203
2025-12-28 14:43:34,215 WARNING: 매수 불가 (233740): 자금 부족: 10,574,091 > 9,801,226
2025-12-28 14:43:34,215 WARNING: 매수 불가 (233740): 자금 부족: 10,577,499 > 9,801,226
2025-12-28 14:43:34,216 WARNING: 매수 불가 (233740): 자금 부족: 10,721,876 > 9,801,226
2025-12-28 14:43:34,216 WARNING: 매수 불가 (233740): 자금 부족: 10,892,573 > 9,801,226
2025-12-28 14:43:34,234 WARNING: 매수 불가 (035420): 자금 부족: 928,721 > 737,514
2025-12-28 14:43:34,234 WARNING: 매수 불가 (035420): 자금 부족: 10,510,455 > 9,775,879
2025-12-28 14:43:34,235 WARNING: 매수 불가 (035420): 자금 부족: 10,516,317 > 9,775,879
2025-12-28 14:43:34,235 WARNING: 매수 불가 (035420): 자금 부족: 10,821,489 > 9,775,879
2025-12-28 14:43:34,236 WARNING: 매수 불가 (035420): 자금 부족: 10,648,155 > 9,775,879
2025-12-28 14:43:34,274 WARNING: 매수 불가 (233740): 자금 부족: 1,101,551 > 94,096
2025-12-28 14:43:34,274 WARNING: 매수 불가 (233740): 자금 부족: 11,038,813 > 9,924,282
2025-12-28 14:43:34,275 WARNING: 매수 불가 (233740): 자금 부족: 11,252,189 > 9,924,282
2025-12-28 14:43:34,276 WARNING: 매수 불가 (233740): 자금 부족: 11,157,907 > 9,924,282
2025-12-28 14:43:34,276 WARNING: 매수 불가 (233740): 자금 부족: 11,510,842 > 9,924,282
2025-12-28 14:43:34,289 WARNING: 매수 불가 (252670): 자금 부족: 1,113,555 > 75,442
2025-12-28 14:43:34,289 WARNING: 매수 불가 (252670): 자금 부족: 11,245,841 > 9,935,084
2025-12-28 14:43:34,290 WARNING: 매수 불가 (252670): 자금 부족: 11,506,592 > 9,935,084
2025-12-28 14:43:34,291 WARNING: 매수 불가 (252670): 자금 부족: 11,533,616 > 9,935,084
2025-12-28 14:43:34,291 WARNING: 매수 불가 (252670): 자금 부족: 11,531,107 > 9,935,084
2025-12-28 14:43:34,304 WARNING: 매수 불가 (252670): 자금 부족: 1,110,585 > 66,085
2025-12-28 14:43:34,304 WARNING: 매수 불가 (252670): 자금 부족: 11,520,542 > 9,992,098
2025-12-28 14:43:34,305 WARNING: 매수 불가 (252670): 자금 부족: 11,821,025 > 9,992,098
2025-12-28 14:43:34,306 WARNING: 매수 불가 (252670): 자금 부족: 11,622,882 > 9,992,098
2025-12-28 14:43:34,306 WARNING: 매수 불가 (252670): 자금 부족: 11,738,683 > 9,992,098
2025-12-28 14:43:34,319 WARNING: 매수 불가 (252670): 자금 부족: 1,151,197 > 775,292
2025-12-28 14:43:34,320 WARNING: 매수 불가 (252670): 자금 부족: 11,524,672 > 10,005,734
2025-12-28 14:43:34,321 WARNING: 매수 불가 (252670): 자금 부족: 11,590,694 > 10,005,734
2025-12-28 14:43:34,321 WARNING: 매수 불가 (252670): 자금 부족: 11,490,625 > 10,005,734
2025-12-28 14:43:34,322 WARNING: 매수 불가 (252670): 자금 부족: 11,437,119 > 10,005,734
2025-12-28 14:43:34,334 WARNING: 매수 불가 (252670): 자금 부족: 1,109,441 > 286,844
2025-12-28 14:43:34,335 WARNING: 매수 불가 (252670): 자금 부족: 11,113,692 > 9,900,635
2025-12-28 14:43:34,335 WARNING: 매수 불가 (252670): 자금 부족: 11,025,402 > 9,900,635
