2025-12-28 13:11:46,632 INFO: === STRICT PHASE 1.5 START (RunID: real_20251228_131146_8c7bc9) ===
2025-12-28 13:11:46,774 INFO: NumExpr defaulting to 12 threads.
2025-12-28 13:11:46,917 INFO: [Phase 0] Preflight Check
2025-12-28 13:11:47,410 INFO: 캐시 기반 유니버스: 14개 종목 (지수 코드 제외)
2025-12-28 13:11:47,411 INFO: [Loader Debug] 005930 path: data\cache\005930.parquet exists: True
2025-12-28 13:11:47,456 INFO: [Loader Debug] 005930 raw shape: (1559, 5), index: <class 'pandas.core.indexes.datetimes.DatetimeIndex'>, cols: Index(['Open', 'High', 'Low', 'Close', 'Volume'], dtype='object')
2025-12-28 13:11:47,461 INFO: [Loader Debug] 005930 Date Range: 2019-01-01 00:00:00 ~ 2024-12-20 00:00:00 vs Target: 2021-01-01 ~ 2021-01-31
2025-12-28 13:11:47,462 INFO: [Loader Debug] 005930 Filtered rows: 21
2025-12-28 13:11:47,512 INFO: [Phase 1] Tuning Loop
2025-12-28 13:11:47,513 INFO: [Phase 4] Persistence Enabled: sqlite:///data\tuning_runs\real_20251228_131146_8c7bc9/optuna.db
2025-12-28 13:11:47,937 INFO: Split 계산: Train=16M, Val=14M, Test=6M
2025-12-28 13:11:47,938 INFO: [캐시] lb=3M, key=f61310f4
2025-12-28 13:11:47,959 INFO: UNIVERSE requested=14(hash=989dbc28) effective=14(hash=989dbc28)
2025-12-28 13:11:47,959 INFO: [Loader Debug] 005930 path: data\cache\005930.parquet exists: True
2025-12-28 13:11:47,961 INFO: [Loader Debug] 005930 raw shape: (1559, 5), index: <class 'pandas.core.indexes.datetimes.DatetimeIndex'>, cols: Index(['Open', 'High', 'Low', 'Close', 'Volume'], dtype='object')
2025-12-28 13:11:47,963 INFO: [Loader Debug] 005930 Date Range: 2019-01-01 00:00:00 ~ 2024-12-20 00:00:00 vs Target: 2020-10-06 ~ 2022-04-29
2025-12-28 13:11:47,964 INFO: [Loader Debug] 005930 Filtered rows: 409
2025-12-28 13:11:47,964 INFO: [Loader Debug] 035420 path: data\cache\035420.parquet exists: True
2025-12-28 13:11:47,966 INFO: [Loader Debug] 035420 raw shape: (1559, 5), index: <class 'pandas.core.indexes.datetimes.DatetimeIndex'>, cols: Index(['Open', 'High', 'Low', 'Close', 'Volume'], dtype='object')
2025-12-28 13:11:47,967 INFO: [Loader Debug] 035420 Date Range: 2019-01-01 00:00:00 ~ 2024-12-20 00:00:00 vs Target: 2020-10-06 ~ 2022-04-29
2025-12-28 13:11:47,968 INFO: [Loader Debug] 035420 Filtered rows: 409
2025-12-28 13:11:47,969 INFO: [Loader Debug] 035720 path: data\cache\035720.parquet exists: True
2025-12-28 13:11:47,970 INFO: [Loader Debug] 035720 raw shape: (1559, 5), index: <class 'pandas.core.indexes.datetimes.DatetimeIndex'>, cols: Index(['Open', 'High', 'Low', 'Close', 'Volume'], dtype='object')
2025-12-28 13:11:47,971 INFO: [Loader Debug] 035720 Date Range: 2019-01-01 00:00:00 ~ 2024-12-20 00:00:00 vs Target: 2020-10-06 ~ 2022-04-29
2025-12-28 13:11:47,972 INFO: [Loader Debug] 035720 Filtered rows: 409
2025-12-28 13:11:47,973 INFO: [Loader Debug] 051910 path: data\cache\051910.parquet exists: True
2025-12-28 13:11:47,974 INFO: [Loader Debug] 051910 raw shape: (1559, 5), index: <class 'pandas.core.indexes.datetimes.DatetimeIndex'>, cols: Index(['Open', 'High', 'Low', 'Close', 'Volume'], dtype='object')
2025-12-28 13:11:47,975 INFO: [Loader Debug] 051910 Date Range: 2019-01-01 00:00:00 ~ 2024-12-20 00:00:00 vs Target: 2020-10-06 ~ 2022-04-29
2025-12-28 13:11:47,976 INFO: [Loader Debug] 051910 Filtered rows: 409
2025-12-28 13:11:47,976 INFO: [Loader Debug] 069500 path: data\cache\069500.parquet exists: True
2025-12-28 13:11:47,977 INFO: [Loader Debug] 069500 raw shape: (1559, 5), index: <class 'pandas.core.indexes.datetimes.DatetimeIndex'>, cols: Index(['Open', 'High', 'Low', 'Close', 'Volume'], dtype='object')
2025-12-28 13:11:47,979 INFO: [Loader Debug] 069500 Date Range: 2019-01-01 00:00:00 ~ 2024-12-20 00:00:00 vs Target: 2020-10-06 ~ 2022-04-29
2025-12-28 13:11:47,980 INFO: [Loader Debug] 069500 Filtered rows: 409
2025-12-28 13:11:47,980 INFO: [Loader Debug] 091160 path: data\cache\091160.parquet exists: True
2025-12-28 13:11:47,981 INFO: [Loader Debug] 091160 raw shape: (1559, 5), index: <class 'pandas.core.indexes.datetimes.DatetimeIndex'>, cols: Index(['Open', 'High', 'Low', 'Close', 'Volume'], dtype='object')
2025-12-28 13:11:47,983 INFO: [Loader Debug] 091160 Date Range: 2019-01-01 00:00:00 ~ 2024-12-20 00:00:00 vs Target: 2020-10-06 ~ 2022-04-29
2025-12-28 13:11:47,984 INFO: [Loader Debug] 091160 Filtered rows: 409
2025-12-28 13:11:47,984 INFO: [Loader Debug] 102110 path: data\cache\102110.parquet exists: True
2025-12-28 13:11:47,986 INFO: [Loader Debug] 102110 raw shape: (1559, 5), index: <class 'pandas.core.indexes.datetimes.DatetimeIndex'>, cols: Index(['Open', 'High', 'Low', 'Close', 'Volume'], dtype='object')
2025-12-28 13:11:47,987 INFO: [Loader Debug] 102110 Date Range: 2019-01-01 00:00:00 ~ 2024-12-20 00:00:00 vs Target: 2020-10-06 ~ 2022-04-29
2025-12-28 13:11:47,988 INFO: [Loader Debug] 102110 Filtered rows: 409
2025-12-28 13:11:47,988 INFO: [Loader Debug] 114800 path: data\cache\114800.parquet exists: True
2025-12-28 13:11:47,989 INFO: [Loader Debug] 114800 raw shape: (1559, 5), index: <class 'pandas.core.indexes.datetimes.DatetimeIndex'>, cols: Index(['Open', 'High', 'Low', 'Close', 'Volume'], dtype='object')
2025-12-28 13:11:47,990 INFO: [Loader Debug] 114800 Date Range: 2019-01-01 00:00:00 ~ 2024-12-20 00:00:00 vs Target: 2020-10-06 ~ 2022-04-29
2025-12-28 13:11:47,991 INFO: [Loader Debug] 114800 Filtered rows: 409
2025-12-28 13:11:47,991 INFO: [Loader Debug] 122630 path: data\cache\122630.parquet exists: True
2025-12-28 13:11:47,993 INFO: [Loader Debug] 122630 raw shape: (1559, 5), index: <class 'pandas.core.indexes.datetimes.DatetimeIndex'>, cols: Index(['Open', 'High', 'Low', 'Close', 'Volume'], dtype='object')
2025-12-28 13:11:47,994 INFO: [Loader Debug] 122630 Date Range: 2019-01-01 00:00:00 ~ 2024-12-20 00:00:00 vs Target: 2020-10-06 ~ 2022-04-29
2025-12-28 13:11:47,995 INFO: [Loader Debug] 122630 Filtered rows: 409
2025-12-28 13:11:47,995 INFO: [Loader Debug] 229200 path: data\cache\229200.parquet exists: True
2025-12-28 13:11:47,996 INFO: [Loader Debug] 229200 raw shape: (1559, 5), index: <class 'pandas.core.indexes.datetimes.DatetimeIndex'>, cols: Index(['Open', 'High', 'Low', 'Close', 'Volume'], dtype='object')
2025-12-28 13:11:47,998 INFO: [Loader Debug] 229200 Date Range: 2019-01-01 00:00:00 ~ 2024-12-20 00:00:00 vs Target: 2020-10-06 ~ 2022-04-29
2025-12-28 13:11:47,999 INFO: [Loader Debug] 229200 Filtered rows: 409
2025-12-28 13:11:47,999 INFO: [Loader Debug] 233740 path: data\cache\233740.parquet exists: True
2025-12-28 13:11:48,000 INFO: [Loader Debug] 233740 raw shape: (1559, 5), index: <class 'pandas.core.indexes.datetimes.DatetimeIndex'>, cols: Index(['Open', 'High', 'Low', 'Close', 'Volume'], dtype='object')
2025-12-28 13:11:48,002 INFO: [Loader Debug] 233740 Date Range: 2019-01-01 00:00:00 ~ 2024-12-20 00:00:00 vs Target: 2020-10-06 ~ 2022-04-29
2025-12-28 13:11:48,003 INFO: [Loader Debug] 233740 Filtered rows: 409
2025-12-28 13:11:48,003 INFO: [Loader Debug] 252670 path: data\cache\252670.parquet exists: True
2025-12-28 13:11:48,004 INFO: [Loader Debug] 252670 raw shape: (1559, 5), index: <class 'pandas.core.indexes.datetimes.DatetimeIndex'>, cols: Index(['Open', 'High', 'Low', 'Close', 'Volume'], dtype='object')
2025-12-28 13:11:48,006 INFO: [Loader Debug] 252670 Date Range: 2019-01-01 00:00:00 ~ 2024-12-20 00:00:00 vs Target: 2020-10-06 ~ 2022-04-29
2025-12-28 13:11:48,007 INFO: [Loader Debug] 252670 Filtered rows: 409
2025-12-28 13:11:48,007 INFO: [Loader Debug] 261240 path: data\cache\261240.parquet exists: True
2025-12-28 13:11:48,008 INFO: [Loader Debug] 261240 raw shape: (1559, 5), index: <class 'pandas.core.indexes.datetimes.DatetimeIndex'>, cols: Index(['Open', 'High', 'Low', 'Close', 'Volume'], dtype='object')
2025-12-28 13:11:48,009 INFO: [Loader Debug] 261240 Date Range: 2019-01-01 00:00:00 ~ 2024-12-20 00:00:00 vs Target: 2020-10-06 ~ 2022-04-29
2025-12-28 13:11:48,010 INFO: [Loader Debug] 261240 Filtered rows: 409
2025-12-28 13:11:48,010 INFO: [Loader Debug] 305720 path: data\cache\305720.parquet exists: True
2025-12-28 13:11:48,012 INFO: [Loader Debug] 305720 raw shape: (1559, 5), index: <class 'pandas.core.indexes.datetimes.DatetimeIndex'>, cols: Index(['Open', 'High', 'Low', 'Close', 'Volume'], dtype='object')
2025-12-28 13:11:48,013 INFO: [Loader Debug] 305720 Date Range: 2019-01-01 00:00:00 ~ 2024-12-20 00:00:00 vs Target: 2020-10-06 ~ 2022-04-29
2025-12-28 13:11:48,013 INFO: [Loader Debug] 305720 Filtered rows: 409
2025-12-28 13:11:48,016 INFO: [Normalization] Initial Shape: (5726, 5), Index: <class 'pandas.core.indexes.multi.MultiIndex'>, Columns: ['open', 'high', 'low', 'close', 'volume']
2025-12-28 13:11:48,017 INFO: [EVIDENCE] Data Pipeline Trace:
1. Load Shape: (5726, 5)
   - Index Type: <class 'pandas.core.indexes.multi.MultiIndex'>
   - Levels: ['code', 'date']
   - Date Range: 2020-10-06 00:00:00 ~ 2022-04-29 00:00:00
   - Unique Symbols: 14 (Sample: ['005930', '035420', '035720'])
2. Universe Coverage: Requested=14, Loaded=14, Missing=0
6. Final Columns: ['open', 'high', 'low', 'close', 'volume']
2025-12-28 13:11:53,129 INFO: ✅ 설정 파일 로드: E:\AI Study\krx_alertor_modular\config\regime_params.yaml
2025-12-28 13:11:53,130 INFO: MarketRegimeDetector 초기화: MA=50/200일, 임계값=2.0/-2.0%
2025-12-28 13:11:53,134 INFO: RSI 프로파일 로드 완료: ['balanced', 'conservative', 'aggressive']
2025-12-28 13:11:53,134 INFO: [EVIDENCE] BacktestRunner.run called with params: ma_period=100, rsi_period=58, stop_loss=0.13
2025-12-28 13:11:53,134 INFO: BacktestEngine 초기화: instrument_type=etf, tax_rate=0.00%
2025-12-28 13:11:53,197 WARNING: 매수 불가 (035720): 자금 부족: 1,149,313 > 266,120
2025-12-28 13:11:53,198 WARNING: 매수 불가 (035720): 자금 부족: 11,446,046 > 9,949,290
2025-12-28 13:11:53,198 WARNING: 매수 불가 (035720): 자금 부족: 11,271,107 > 9,949,290
2025-12-28 13:11:53,199 WARNING: 매수 불가 (035720): 자금 부족: 11,117,170 > 9,949,290
2025-12-28 13:11:53,199 WARNING: 매수 불가 (035720): 자금 부족: 11,427,514 > 9,949,290
2025-12-28 13:11:53,211 WARNING: 매수 불가 (252670): 자금 부족: 1,132,509 > 968,927
2025-12-28 13:11:53,212 WARNING: 매수 불가 (229200): 자금 부족: 1,070,557 > 968,927
2025-12-28 13:11:53,213 WARNING: 매수 불가 (229200): 자금 부족: 5,700,540 > 4,325,534
2025-12-28 13:11:53,213 WARNING: 매수 불가 (229200): 자금 부족: 11,475,088 > 9,878,564
2025-12-28 13:11:53,214 WARNING: 매수 불가 (229200): 자금 부족: 11,345,826 > 9,878,564
2025-12-28 13:11:53,214 WARNING: 매수 불가 (229200): 자금 부족: 11,424,521 > 9,878,564
2025-12-28 13:11:53,227 WARNING: 매수 불가 (252670): 자금 부족: 1,093,487 > 372,376
2025-12-28 13:11:53,227 WARNING: 매수 불가 (252670): 자금 부족: 11,003,929 > 9,855,979
2025-12-28 13:11:53,228 WARNING: 매수 불가 (252670): 자금 부족: 10,786,830 > 9,855,979
2025-12-28 13:11:53,228 WARNING: 매수 불가 (252670): 자금 부족: 10,708,024 > 9,855,979
2025-12-28 13:11:53,229 WARNING: 매수 불가 (252670): 자금 부족: 10,674,966 > 9,855,979
2025-12-28 13:11:53,241 WARNING: 매수 불가 (091160): 자금 부족: 1,063,237 > 1,053,023
2025-12-28 13:11:53,242 WARNING: 매수 불가 (091160): 자금 부족: 10,927,078 > 9,960,647
2025-12-28 13:11:53,242 WARNING: 매수 불가 (091160): 자금 부족: 11,140,973 > 9,960,647
2025-12-28 13:11:53,243 WARNING: 매수 불가 (091160): 자금 부족: 11,060,316 > 9,960,647
2025-12-28 13:11:53,243 WARNING: 매수 불가 (091160): 자금 부족: 11,103,415 > 9,960,647
2025-12-28 13:11:53,256 WARNING: 매수 불가 (102110): 자금 부족: 1,020,830 > 886,456
2025-12-28 13:11:53,256 WARNING: 매수 불가 (102110): 자금 부족: 11,223,961 > 9,929,056
2025-12-28 13:11:53,257 WARNING: 매수 불가 (102110): 자금 부족: 11,157,171 > 9,929,056
2025-12-28 13:11:53,257 WARNING: 매수 불가 (102110): 자금 부족: 11,252,588 > 9,929,056
2025-12-28 13:11:53,258 WARNING: 매수 불가 (102110): 자금 부족: 11,157,254 > 9,929,056
2025-12-28 13:11:53,271 WARNING: 매수 불가 (252670): 자금 부족: 1,116,448 > 991,054
2025-12-28 13:11:53,272 WARNING: 매수 불가 (252670): 자금 부족: 11,007,285 > 9,931,208
2025-12-28 13:11:53,273 WARNING: 매수 불가 (252670): 자금 부족: 11,213,914 > 9,931,208
2025-12-28 13:11:53,273 WARNING: 매수 불가 (252670): 자금 부족: 11,360,111 > 9,931,208
2025-12-28 13:11:53,274 WARNING: 매수 불가 (252670): 자금 부족: 11,347,755 > 9,931,208
2025-12-28 13:11:53,381 WARNING: 매수 불가 (091160): 자금 부족: 1,003,874 > 913,807
2025-12-28 13:11:53,382 WARNING: 매수 불가 (091160): 자금 부족: 10,630,707 > 9,849,141
2025-12-28 13:11:53,383 WARNING: 매수 불가 (091160): 자금 부족: 10,662,941 > 9,849,141
2025-12-28 13:11:53,384 WARNING: 매수 불가 (091160): 자금 부족: 10,391,017 > 9,849,141
2025-12-28 13:11:53,384 WARNING: 매수 불가 (091160): 자금 부족: 10,433,428 > 9,849,141
2025-12-28 13:11:53,397 WARNING: 매수 불가 (252670): 자금 부족: 1,041,034 > 809,786
2025-12-28 13:11:53,397 WARNING: 매수 불가 (252670): 자금 부족: 10,510,669 > 9,717,511
2025-12-28 13:11:53,398 WARNING: 매수 불가 (252670): 자금 부족: 10,389,008 > 9,717,511
2025-12-28 13:11:53,398 WARNING: 매수 불가 (252670): 자금 부족: 10,490,639 > 9,717,511
2025-12-28 13:11:53,399 WARNING: 매수 불가 (252670): 자금 부족: 10,416,319 > 9,717,511
2025-12-28 13:11:53,411 WARNING: 매수 불가 (305720): 자금 부족: 1,027,504 > 678,557
2025-12-28 13:11:53,412 WARNING: 매수 불가 (305720): 자금 부족: 10,432,945 > 9,758,367
2025-12-28 13:11:53,413 WARNING: 매수 불가 (305720): 자금 부족: 10,578,367 > 9,758,367
2025-12-28 13:11:53,413 WARNING: 매수 불가 (305720): 자금 부족: 10,618,596 > 9,758,367
2025-12-28 13:11:53,414 WARNING: 매수 불가 (305720): 자금 부족: 10,690,621 > 9,758,367
2025-12-28 13:11:53,439 WARNING: 매수 불가 (114800): 자금 부족: 974,395 > 912,637
2025-12-28 13:11:53,440 WARNING: 매수 불가 (114800): 자금 부족: 10,489,619 > 9,678,570
2025-12-28 13:11:53,441 WARNING: 매수 불가 (114800): 자금 부족: 10,572,529 > 9,678,570
2025-12-28 13:11:53,441 WARNING: 매수 불가 (114800): 자금 부족: 10,433,385 > 9,678,570
2025-12-28 13:11:53,442 WARNING: 매수 불가 (114800): 자금 부족: 10,218,955 > 9,678,570
2025-12-28 13:11:53,989 INFO: UNIVERSE requested=14(hash=989dbc28) effective=14(hash=989dbc28)
2025-12-28 13:11:53,990 INFO: [Loader Debug] 005930 path: data\cache\005930.parquet exists: True
2025-12-28 13:11:53,992 INFO: [Loader Debug] 005930 raw shape: (1559, 5), index: <class 'pandas.core.indexes.datetimes.DatetimeIndex'>, cols: Index(['Open', 'High', 'Low', 'Close', 'Volume'], dtype='object')
2025-12-28 13:11:53,993 INFO: [Loader Debug] 005930 Date Range: 2019-01-01 00:00:00 ~ 2024-12-20 00:00:00 vs Target: 2022-12-23 ~ 2023-06-23
2025-12-28 13:11:53,994 INFO: [Loader Debug] 005930 Filtered rows: 131
2025-12-28 13:11:53,994 INFO: [Loader Debug] 035420 path: data\cache\035420.parquet exists: True
2025-12-28 13:11:53,995 INFO: [Loader Debug] 035420 raw shape: (1559, 5), index: <class 'pandas.core.indexes.datetimes.DatetimeIndex'>, cols: Index(['Open', 'High', 'Low', 'Close', 'Volume'], dtype='object')
2025-12-28 13:11:53,996 INFO: [Loader Debug] 035420 Date Range: 2019-01-01 00:00:00 ~ 2024-12-20 00:00:00 vs Target: 2022-12-23 ~ 2023-06-23
2025-12-28 13:11:53,997 INFO: [Loader Debug] 035420 Filtered rows: 131
2025-12-28 13:11:53,998 INFO: [Loader Debug] 035720 path: data\cache\035720.parquet exists: True
2025-12-28 13:11:53,999 INFO: [Loader Debug] 035720 raw shape: (1559, 5), index: <class 'pandas.core.indexes.datetimes.DatetimeIndex'>, cols: Index(['Open', 'High', 'Low', 'Close', 'Volume'], dtype='object')
2025-12-28 13:11:54,000 INFO: [Loader Debug] 035720 Date Range: 2019-01-01 00:00:00 ~ 2024-12-20 00:00:00 vs Target: 2022-12-23 ~ 2023-06-23
2025-12-28 13:11:54,001 INFO: [Loader Debug] 035720 Filtered rows: 131
2025-12-28 13:11:54,001 INFO: [Loader Debug] 051910 path: data\cache\051910.parquet exists: True
2025-12-28 13:11:54,003 INFO: [Loader Debug] 051910 raw shape: (1559, 5), index: <class 'pandas.core.indexes.datetimes.DatetimeIndex'>, cols: Index(['Open', 'High', 'Low', 'Close', 'Volume'], dtype='object')
2025-12-28 13:11:54,004 INFO: [Loader Debug] 051910 Date Range: 2019-01-01 00:00:00 ~ 2024-12-20 00:00:00 vs Target: 2022-12-23 ~ 2023-06-23
2025-12-28 13:11:54,005 INFO: [Loader Debug] 051910 Filtered rows: 131
2025-12-28 13:11:54,006 INFO: [Loader Debug] 069500 path: data\cache\069500.parquet exists: True
2025-12-28 13:11:54,007 INFO: [Loader Debug] 069500 raw shape: (1559, 5), index: <class 'pandas.core.indexes.datetimes.DatetimeIndex'>, cols: Index(['Open', 'High', 'Low', 'Close', 'Volume'], dtype='object')
2025-12-28 13:11:54,008 INFO: [Loader Debug] 069500 Date Range: 2019-01-01 00:00:00 ~ 2024-12-20 00:00:00 vs Target: 2022-12-23 ~ 2023-06-23
2025-12-28 13:11:54,009 INFO: [Loader Debug] 069500 Filtered rows: 131
2025-12-28 13:11:54,009 INFO: [Loader Debug] 091160 path: data\cache\091160.parquet exists: True
2025-12-28 13:11:54,010 INFO: [Loader Debug] 091160 raw shape: (1559, 5), index: <class 'pandas.core.indexes.datetimes.DatetimeIndex'>, cols: Index(['Open', 'High', 'Low', 'Close', 'Volume'], dtype='object')
2025-12-28 13:11:54,011 INFO: [Loader Debug] 091160 Date Range: 2019-01-01 00:00:00 ~ 2024-12-20 00:00:00 vs Target: 2022-12-23 ~ 2023-06-23
2025-12-28 13:11:54,012 INFO: [Loader Debug] 091160 Filtered rows: 131
2025-12-28 13:11:54,012 INFO: [Loader Debug] 102110 path: data\cache\102110.parquet exists: True
2025-12-28 13:11:54,014 INFO: [Loader Debug] 102110 raw shape: (1559, 5), index: <class 'pandas.core.indexes.datetimes.DatetimeIndex'>, cols: Index(['Open', 'High', 'Low', 'Close', 'Volume'], dtype='object')
2025-12-28 13:11:54,015 INFO: [Loader Debug] 102110 Date Range: 2019-01-01 00:00:00 ~ 2024-12-20 00:00:00 vs Target: 2022-12-23 ~ 2023-06-23
2025-12-28 13:11:54,016 INFO: [Loader Debug] 102110 Filtered rows: 131
2025-12-28 13:11:54,016 INFO: [Loader Debug] 114800 path: data\cache\114800.parquet exists: True
2025-12-28 13:11:54,017 INFO: [Loader Debug] 114800 raw shape: (1559, 5), index: <class 'pandas.core.indexes.datetimes.DatetimeIndex'>, cols: Index(['Open', 'High', 'Low', 'Close', 'Volume'], dtype='object')
2025-12-28 13:11:54,019 INFO: [Loader Debug] 114800 Date Range: 2019-01-01 00:00:00 ~ 2024-12-20 00:00:00 vs Target: 2022-12-23 ~ 2023-06-23
2025-12-28 13:11:54,020 INFO: [Loader Debug] 114800 Filtered rows: 131
2025-12-28 13:11:54,020 INFO: [Loader Debug] 122630 path: data\cache\122630.parquet exists: True
2025-12-28 13:11:54,022 INFO: [Loader Debug] 122630 raw shape: (1559, 5), index: <class 'pandas.core.indexes.datetimes.DatetimeIndex'>, cols: Index(['Open', 'High', 'Low', 'Close', 'Volume'], dtype='object')
2025-12-28 13:11:54,023 INFO: [Loader Debug] 122630 Date Range: 2019-01-01 00:00:00 ~ 2024-12-20 00:00:00 vs Target: 2022-12-23 ~ 2023-06-23
2025-12-28 13:11:54,023 INFO: [Loader Debug] 122630 Filtered rows: 131
2025-12-28 13:11:54,024 INFO: [Loader Debug] 229200 path: data\cache\229200.parquet exists: True
2025-12-28 13:11:54,025 INFO: [Loader Debug] 229200 raw shape: (1559, 5), index: <class 'pandas.core.indexes.datetimes.DatetimeIndex'>, cols: Index(['Open', 'High', 'Low', 'Close', 'Volume'], dtype='object')
2025-12-28 13:11:54,026 INFO: [Loader Debug] 229200 Date Range: 2019-01-01 00:00:00 ~ 2024-12-20 00:00:00 vs Target: 2022-12-23 ~ 2023-06-23
2025-12-28 13:11:54,027 INFO: [Loader Debug] 229200 Filtered rows: 131
2025-12-28 13:11:54,027 INFO: [Loader Debug] 233740 path: data\cache\233740.parquet exists: True
2025-12-28 13:11:54,029 INFO: [Loader Debug] 233740 raw shape: (1559, 5), index: <class 'pandas.core.indexes.datetimes.DatetimeIndex'>, cols: Index(['Open', 'High', 'Low', 'Close', 'Volume'], dtype='object')
2025-12-28 13:11:54,030 INFO: [Loader Debug] 233740 Date Range: 2019-01-01 00:00:00 ~ 2024-12-20 00:00:00 vs Target: 2022-12-23 ~ 2023-06-23
2025-12-28 13:11:54,031 INFO: [Loader Debug] 233740 Filtered rows: 131
2025-12-28 13:11:54,031 INFO: [Loader Debug] 252670 path: data\cache\252670.parquet exists: True
2025-12-28 13:11:54,032 INFO: [Loader Debug] 252670 raw shape: (1559, 5), index: <class 'pandas.core.indexes.datetimes.DatetimeIndex'>, cols: Index(['Open', 'High', 'Low', 'Close', 'Volume'], dtype='object')
2025-12-28 13:11:54,033 INFO: [Loader Debug] 252670 Date Range: 2019-01-01 00:00:00 ~ 2024-12-20 00:00:00 vs Target: 2022-12-23 ~ 2023-06-23
2025-12-28 13:11:54,034 INFO: [Loader Debug] 252670 Filtered rows: 131
2025-12-28 13:11:54,035 INFO: [Loader Debug] 261240 path: data\cache\261240.parquet exists: True
2025-12-28 13:11:54,036 INFO: [Loader Debug] 261240 raw shape: (1559, 5), index: <class 'pandas.core.indexes.datetimes.DatetimeIndex'>, cols: Index(['Open', 'High', 'Low', 'Close', 'Volume'], dtype='object')
2025-12-28 13:11:54,039 INFO: [Loader Debug] 261240 Date Range: 2019-01-01 00:00:00 ~ 2024-12-20 00:00:00 vs Target: 2022-12-23 ~ 2023-06-23
2025-12-28 13:11:54,040 INFO: [Loader Debug] 261240 Filtered rows: 131
2025-12-28 13:11:54,040 INFO: [Loader Debug] 305720 path: data\cache\305720.parquet exists: True
2025-12-28 13:11:54,042 INFO: [Loader Debug] 305720 raw shape: (1559, 5), index: <class 'pandas.core.indexes.datetimes.DatetimeIndex'>, cols: Index(['Open', 'High', 'Low', 'Close', 'Volume'], dtype='object')
2025-12-28 13:11:54,043 INFO: [Loader Debug] 305720 Date Range: 2019-01-01 00:00:00 ~ 2024-12-20 00:00:00 vs Target: 2022-12-23 ~ 2023-06-23
2025-12-28 13:11:54,044 INFO: [Loader Debug] 305720 Filtered rows: 131
2025-12-28 13:11:54,045 INFO: [Normalization] Initial Shape: (1834, 5), Index: <class 'pandas.core.indexes.multi.MultiIndex'>, Columns: ['open', 'high', 'low', 'close', 'volume']
2025-12-28 13:11:54,046 INFO: [EVIDENCE] Data Pipeline Trace:
1. Load Shape: (1834, 5)
   - Index Type: <class 'pandas.core.indexes.multi.MultiIndex'>
   - Levels: ['code', 'date']
   - Date Range: 2022-12-23 00:00:00 ~ 2023-06-23 00:00:00
   - Unique Symbols: 14 (Sample: ['005930', '035420', '035720'])
2. Universe Coverage: Requested=14, Loaded=14, Missing=0
6. Final Columns: ['open', 'high', 'low', 'close', 'volume']
2025-12-28 13:11:54,128 INFO: ✅ 설정 파일 로드: E:\AI Study\krx_alertor_modular\config\regime_params.yaml
2025-12-28 13:11:54,129 INFO: MarketRegimeDetector 초기화: MA=50/200일, 임계값=2.0/-2.0%
2025-12-28 13:11:54,133 INFO: RSI 프로파일 로드 완료: ['balanced', 'conservative', 'aggressive']
2025-12-28 13:11:54,133 INFO: [EVIDENCE] BacktestRunner.run called with params: ma_period=100, rsi_period=58, stop_loss=0.13
2025-12-28 13:11:54,133 INFO: BacktestEngine 초기화: instrument_type=etf, tax_rate=0.00%
2025-12-28 13:11:54,186 WARNING: 매수 불가 (233740): 자금 부족: 917,959 > 366,366
2025-12-28 13:11:54,187 WARNING: 매수 불가 (233740): 자금 부족: 10,851,714 > 10,135,480
2025-12-28 13:11:54,188 WARNING: 매수 불가 (233740): 자금 부족: 10,883,265 > 10,135,480
2025-12-28 13:11:54,188 WARNING: 매수 불가 (233740): 자금 부족: 10,971,942 > 10,135,480
2025-12-28 13:11:54,189 WARNING: 매수 불가 (233740): 자금 부족: 11,127,147 > 10,135,480
2025-12-28 13:11:54,201 WARNING: 매수 불가 (252670): 자금 부족: 1,051,691 > 696,812
2025-12-28 13:11:54,201 WARNING: 매수 불가 (252670): 자금 부족: 11,001,366 > 10,147,616
2025-12-28 13:11:54,202 WARNING: 매수 불가 (252670): 자금 부족: 11,261,770 > 10,147,616
2025-12-28 13:11:54,203 WARNING: 매수 불가 (252670): 자금 부족: 11,356,176 > 10,147,616
2025-12-28 13:11:54,203 WARNING: 매수 불가 (252670): 자금 부족: 11,345,122 > 10,147,616
2025-12-28 13:11:54,215 WARNING: 매수 불가 (252670): 자금 부족: 1,110,585 > 410,647
2025-12-28 13:11:54,215 WARNING: 매수 불가 (252670): 자금 부족: 11,334,727 > 10,205,784
2025-12-28 13:11:54,216 WARNING: 매수 불가 (252670): 자금 부족: 11,509,946 > 10,205,784
2025-12-28 13:11:54,216 WARNING: 매수 불가 (252670): 자금 부족: 11,436,419 > 10,205,784
2025-12-28 13:11:54,217 WARNING: 매수 불가 (252670): 자금 부족: 11,496,648 > 10,205,784
2025-12-28 13:11:54,242 INFO: Split 계산: Train=16M, Val=14M, Test=6M
2025-12-28 13:11:54,243 INFO: [캐시] lb=6M, key=b7489d5b
2025-12-28 13:11:54,243 INFO: UNIVERSE requested=14(hash=989dbc28) effective=14(hash=989dbc28)
2025-12-28 13:11:54,244 INFO: [Loader Debug] 005930 path: data\cache\005930.parquet exists: True
2025-12-28 13:11:54,245 INFO: [Loader Debug] 005930 raw shape: (1559, 5), index: <class 'pandas.core.indexes.datetimes.DatetimeIndex'>, cols: Index(['Open', 'High', 'Low', 'Close', 'Volume'], dtype='object')
2025-12-28 13:11:54,247 INFO: [Loader Debug] 005930 Date Range: 2019-01-01 00:00:00 ~ 2024-12-20 00:00:00 vs Target: 2020-10-06 ~ 2022-04-29
2025-12-28 13:11:54,247 INFO: [Loader Debug] 005930 Filtered rows: 409
2025-12-28 13:11:54,248 INFO: [Loader Debug] 035420 path: data\cache\035420.parquet exists: True
2025-12-28 13:11:54,249 INFO: [Loader Debug] 035420 raw shape: (1559, 5), index: <class 'pandas.core.indexes.datetimes.DatetimeIndex'>, cols: Index(['Open', 'High', 'Low', 'Close', 'Volume'], dtype='object')
2025-12-28 13:11:54,250 INFO: [Loader Debug] 035420 Date Range: 2019-01-01 00:00:00 ~ 2024-12-20 00:00:00 vs Target: 2020-10-06 ~ 2022-04-29
2025-12-28 13:11:54,251 INFO: [Loader Debug] 035420 Filtered rows: 409
2025-12-28 13:11:54,252 INFO: [Loader Debug] 035720 path: data\cache\035720.parquet exists: True
2025-12-28 13:11:54,253 INFO: [Loader Debug] 035720 raw shape: (1559, 5), index: <class 'pandas.core.indexes.datetimes.DatetimeIndex'>, cols: Index(['Open', 'High', 'Low', 'Close', 'Volume'], dtype='object')
2025-12-28 13:11:54,254 INFO: [Loader Debug] 035720 Date Range: 2019-01-01 00:00:00 ~ 2024-12-20 00:00:00 vs Target: 2020-10-06 ~ 2022-04-29
2025-12-28 13:11:54,255 INFO: [Loader Debug] 035720 Filtered rows: 409
2025-12-28 13:11:54,255 INFO: [Loader Debug] 051910 path: data\cache\051910.parquet exists: True
2025-12-28 13:11:54,257 INFO: [Loader Debug] 051910 raw shape: (1559, 5), index: <class 'pandas.core.indexes.datetimes.DatetimeIndex'>, cols: Index(['Open', 'High', 'Low', 'Close', 'Volume'], dtype='object')
2025-12-28 13:11:54,258 INFO: [Loader Debug] 051910 Date Range: 2019-01-01 00:00:00 ~ 2024-12-20 00:00:00 vs Target: 2020-10-06 ~ 2022-04-29
2025-12-28 13:11:54,259 INFO: [Loader Debug] 051910 Filtered rows: 409
2025-12-28 13:11:54,259 INFO: [Loader Debug] 069500 path: data\cache\069500.parquet exists: True
2025-12-28 13:11:54,260 INFO: [Loader Debug] 069500 raw shape: (1559, 5), index: <class 'pandas.core.indexes.datetimes.DatetimeIndex'>, cols: Index(['Open', 'High', 'Low', 'Close', 'Volume'], dtype='object')
2025-12-28 13:11:54,261 INFO: [Loader Debug] 069500 Date Range: 2019-01-01 00:00:00 ~ 2024-12-20 00:00:00 vs Target: 2020-10-06 ~ 2022-04-29
2025-12-28 13:11:54,262 INFO: [Loader Debug] 069500 Filtered rows: 409
2025-12-28 13:11:54,262 INFO: [Loader Debug] 091160 path: data\cache\091160.parquet exists: True
2025-12-28 13:11:54,264 INFO: [Loader Debug] 091160 raw shape: (1559, 5), index: <class 'pandas.core.indexes.datetimes.DatetimeIndex'>, cols: Index(['Open', 'High', 'Low', 'Close', 'Volume'], dtype='object')
2025-12-28 13:11:54,265 INFO: [Loader Debug] 091160 Date Range: 2019-01-01 00:00:00 ~ 2024-12-20 00:00:00 vs Target: 2020-10-06 ~ 2022-04-29
2025-12-28 13:11:54,266 INFO: [Loader Debug] 091160 Filtered rows: 409
2025-12-28 13:11:54,266 INFO: [Loader Debug] 102110 path: data\cache\102110.parquet exists: True
2025-12-28 13:11:54,268 INFO: [Loader Debug] 102110 raw shape: (1559, 5), index: <class 'pandas.core.indexes.datetimes.DatetimeIndex'>, cols: Index(['Open', 'High', 'Low', 'Close', 'Volume'], dtype='object')
2025-12-28 13:11:54,269 INFO: [Loader Debug] 102110 Date Range: 2019-01-01 00:00:00 ~ 2024-12-20 00:00:00 vs Target: 2020-10-06 ~ 2022-04-29
2025-12-28 13:11:54,270 INFO: [Loader Debug] 102110 Filtered rows: 409
2025-12-28 13:11:54,270 INFO: [Loader Debug] 114800 path: data\cache\114800.parquet exists: True
2025-12-28 13:11:54,272 INFO: [Loader Debug] 114800 raw shape: (1559, 5), index: <class 'pandas.core.indexes.datetimes.DatetimeIndex'>, cols: Index(['Open', 'High', 'Low', 'Close', 'Volume'], dtype='object')
2025-12-28 13:11:54,273 INFO: [Loader Debug] 114800 Date Range: 2019-01-01 00:00:00 ~ 2024-12-20 00:00:00 vs Target: 2020-10-06 ~ 2022-04-29
2025-12-28 13:11:54,274 INFO: [Loader Debug] 114800 Filtered rows: 409
2025-12-28 13:11:54,274 INFO: [Loader Debug] 122630 path: data\cache\122630.parquet exists: True
2025-12-28 13:11:54,276 INFO: [Loader Debug] 122630 raw shape: (1559, 5), index: <class 'pandas.core.indexes.datetimes.DatetimeIndex'>, cols: Index(['Open', 'High', 'Low', 'Close', 'Volume'], dtype='object')
2025-12-28 13:11:54,277 INFO: [Loader Debug] 122630 Date Range: 2019-01-01 00:00:00 ~ 2024-12-20 00:00:00 vs Target: 2020-10-06 ~ 2022-04-29
2025-12-28 13:11:54,278 INFO: [Loader Debug] 122630 Filtered rows: 409
2025-12-28 13:11:54,278 INFO: [Loader Debug] 229200 path: data\cache\229200.parquet exists: True
2025-12-28 13:11:54,279 INFO: [Loader Debug] 229200 raw shape: (1559, 5), index: <class 'pandas.core.indexes.datetimes.DatetimeIndex'>, cols: Index(['Open', 'High', 'Low', 'Close', 'Volume'], dtype='object')
2025-12-28 13:11:54,280 INFO: [Loader Debug] 229200 Date Range: 2019-01-01 00:00:00 ~ 2024-12-20 00:00:00 vs Target: 2020-10-06 ~ 2022-04-29
2025-12-28 13:11:54,281 INFO: [Loader Debug] 229200 Filtered rows: 409
2025-12-28 13:11:54,282 INFO: [Loader Debug] 233740 path: data\cache\233740.parquet exists: True
2025-12-28 13:11:54,283 INFO: [Loader Debug] 233740 raw shape: (1559, 5), index: <class 'pandas.core.indexes.datetimes.DatetimeIndex'>, cols: Index(['Open', 'High', 'Low', 'Close', 'Volume'], dtype='object')
2025-12-28 13:11:54,284 INFO: [Loader Debug] 233740 Date Range: 2019-01-01 00:00:00 ~ 2024-12-20 00:00:00 vs Target: 2020-10-06 ~ 2022-04-29
2025-12-28 13:11:54,285 INFO: [Loader Debug] 233740 Filtered rows: 409
2025-12-28 13:11:54,285 INFO: [Loader Debug] 252670 path: data\cache\252670.parquet exists: True
2025-12-28 13:11:54,287 INFO: [Loader Debug] 252670 raw shape: (1559, 5), index: <class 'pandas.core.indexes.datetimes.DatetimeIndex'>, cols: Index(['Open', 'High', 'Low', 'Close', 'Volume'], dtype='object')
2025-12-28 13:11:54,288 INFO: [Loader Debug] 252670 Date Range: 2019-01-01 00:00:00 ~ 2024-12-20 00:00:00 vs Target: 2020-10-06 ~ 2022-04-29
2025-12-28 13:11:54,289 INFO: [Loader Debug] 252670 Filtered rows: 409
2025-12-28 13:11:54,289 INFO: [Loader Debug] 261240 path: data\cache\261240.parquet exists: True
2025-12-28 13:11:54,291 INFO: [Loader Debug] 261240 raw shape: (1559, 5), index: <class 'pandas.core.indexes.datetimes.DatetimeIndex'>, cols: Index(['Open', 'High', 'Low', 'Close', 'Volume'], dtype='object')
2025-12-28 13:11:54,292 INFO: [Loader Debug] 261240 Date Range: 2019-01-01 00:00:00 ~ 2024-12-20 00:00:00 vs Target: 2020-10-06 ~ 2022-04-29
2025-12-28 13:11:54,293 INFO: [Loader Debug] 261240 Filtered rows: 409
2025-12-28 13:11:54,293 INFO: [Loader Debug] 305720 path: data\cache\305720.parquet exists: True
2025-12-28 13:11:54,294 INFO: [Loader Debug] 305720 raw shape: (1559, 5), index: <class 'pandas.core.indexes.datetimes.DatetimeIndex'>, cols: Index(['Open', 'High', 'Low', 'Close', 'Volume'], dtype='object')
2025-12-28 13:11:54,296 INFO: [Loader Debug] 305720 Date Range: 2019-01-01 00:00:00 ~ 2024-12-20 00:00:00 vs Target: 2020-10-06 ~ 2022-04-29
2025-12-28 13:11:54,297 INFO: [Loader Debug] 305720 Filtered rows: 409
2025-12-28 13:11:54,299 INFO: [Normalization] Initial Shape: (5726, 5), Index: <class 'pandas.core.indexes.multi.MultiIndex'>, Columns: ['open', 'high', 'low', 'close', 'volume']
2025-12-28 13:11:54,299 INFO: [EVIDENCE] Data Pipeline Trace:
1. Load Shape: (5726, 5)
   - Index Type: <class 'pandas.core.indexes.multi.MultiIndex'>
   - Levels: ['code', 'date']
   - Date Range: 2020-10-06 00:00:00 ~ 2022-04-29 00:00:00
   - Unique Symbols: 14 (Sample: ['005930', '035420', '035720'])
2. Universe Coverage: Requested=14, Loaded=14, Missing=0
6. Final Columns: ['open', 'high', 'low', 'close', 'volume']
2025-12-28 13:11:54,414 INFO: ✅ 설정 파일 로드: E:\AI Study\krx_alertor_modular\config\regime_params.yaml
2025-12-28 13:11:54,415 INFO: MarketRegimeDetector 초기화: MA=50/200일, 임계값=2.0/-2.0%
2025-12-28 13:11:54,419 INFO: RSI 프로파일 로드 완료: ['balanced', 'conservative', 'aggressive']
2025-12-28 13:11:54,419 INFO: [EVIDENCE] BacktestRunner.run called with params: ma_period=100, rsi_period=58, stop_loss=0.13
2025-12-28 13:11:54,419 INFO: BacktestEngine 초기화: instrument_type=etf, tax_rate=0.00%
2025-12-28 13:11:54,476 WARNING: 매수 불가 (035720): 자금 부족: 1,149,313 > 266,120
2025-12-28 13:11:54,477 WARNING: 매수 불가 (035720): 자금 부족: 11,446,046 > 9,949,290
2025-12-28 13:11:54,478 WARNING: 매수 불가 (035720): 자금 부족: 11,271,107 > 9,949,290
2025-12-28 13:11:54,478 WARNING: 매수 불가 (035720): 자금 부족: 11,117,170 > 9,949,290
2025-12-28 13:11:54,479 WARNING: 매수 불가 (035720): 자금 부족: 11,427,514 > 9,949,290
2025-12-28 13:11:54,492 WARNING: 매수 불가 (252670): 자금 부족: 1,132,509 > 968,927
2025-12-28 13:11:54,492 WARNING: 매수 불가 (229200): 자금 부족: 1,070,557 > 968,927
2025-12-28 13:11:54,492 WARNING: 매수 불가 (229200): 자금 부족: 5,700,540 > 4,325,534
2025-12-28 13:11:54,493 WARNING: 매수 불가 (229200): 자금 부족: 11,475,088 > 9,878,564
2025-12-28 13:11:54,494 WARNING: 매수 불가 (229200): 자금 부족: 11,345,826 > 9,878,564
2025-12-28 13:11:54,494 WARNING: 매수 불가 (229200): 자금 부족: 11,424,521 > 9,878,564
2025-12-28 13:11:54,507 WARNING: 매수 불가 (252670): 자금 부족: 1,093,487 > 372,376
2025-12-28 13:11:54,508 WARNING: 매수 불가 (252670): 자금 부족: 11,003,929 > 9,855,979
2025-12-28 13:11:54,509 WARNING: 매수 불가 (252670): 자금 부족: 10,786,830 > 9,855,979
2025-12-28 13:11:54,509 WARNING: 매수 불가 (252670): 자금 부족: 10,708,024 > 9,855,979
2025-12-28 13:11:54,510 WARNING: 매수 불가 (252670): 자금 부족: 10,674,966 > 9,855,979
2025-12-28 13:11:54,521 WARNING: 매수 불가 (091160): 자금 부족: 1,063,237 > 1,053,023
2025-12-28 13:11:54,522 WARNING: 매수 불가 (091160): 자금 부족: 10,927,078 > 9,960,647
2025-12-28 13:11:54,523 WARNING: 매수 불가 (091160): 자금 부족: 11,140,973 > 9,960,647
2025-12-28 13:11:54,523 WARNING: 매수 불가 (091160): 자금 부족: 11,060,316 > 9,960,647
2025-12-28 13:11:54,524 WARNING: 매수 불가 (091160): 자금 부족: 11,103,415 > 9,960,647
2025-12-28 13:11:54,536 WARNING: 매수 불가 (102110): 자금 부족: 1,020,830 > 886,456
2025-12-28 13:11:54,537 WARNING: 매수 불가 (102110): 자금 부족: 11,223,961 > 9,929,056
2025-12-28 13:11:54,537 WARNING: 매수 불가 (102110): 자금 부족: 11,157,171 > 9,929,056
2025-12-28 13:11:54,538 WARNING: 매수 불가 (102110): 자금 부족: 11,252,588 > 9,929,056
2025-12-28 13:11:54,538 WARNING: 매수 불가 (102110): 자금 부족: 11,157,254 > 9,929,056
2025-12-28 13:11:54,550 WARNING: 매수 불가 (252670): 자금 부족: 1,116,448 > 991,054
2025-12-28 13:11:54,551 WARNING: 매수 불가 (252670): 자금 부족: 11,007,285 > 9,931,208
2025-12-28 13:11:54,552 WARNING: 매수 불가 (252670): 자금 부족: 11,213,914 > 9,931,208
2025-12-28 13:11:54,552 WARNING: 매수 불가 (252670): 자금 부족: 11,360,111 > 9,931,208
2025-12-28 13:11:54,553 WARNING: 매수 불가 (252670): 자금 부족: 11,347,755 > 9,931,208
2025-12-28 13:11:54,657 WARNING: 매수 불가 (091160): 자금 부족: 1,003,874 > 913,807
2025-12-28 13:11:54,658 WARNING: 매수 불가 (091160): 자금 부족: 10,630,707 > 9,849,141
2025-12-28 13:11:54,659 WARNING: 매수 불가 (091160): 자금 부족: 10,662,941 > 9,849,141
2025-12-28 13:11:54,659 WARNING: 매수 불가 (091160): 자금 부족: 10,391,017 > 9,849,141
2025-12-28 13:11:54,660 WARNING: 매수 불가 (091160): 자금 부족: 10,433,428 > 9,849,141
2025-12-28 13:11:54,675 WARNING: 매수 불가 (252670): 자금 부족: 1,041,034 > 809,786
2025-12-28 13:11:54,677 WARNING: 매수 불가 (252670): 자금 부족: 10,510,669 > 9,717,511
2025-12-28 13:11:54,678 WARNING: 매수 불가 (252670): 자금 부족: 10,389,008 > 9,717,511
2025-12-28 13:11:54,678 WARNING: 매수 불가 (252670): 자금 부족: 10,490,639 > 9,717,511
2025-12-28 13:11:54,679 WARNING: 매수 불가 (252670): 자금 부족: 10,416,319 > 9,717,511
2025-12-28 13:11:54,691 WARNING: 매수 불가 (305720): 자금 부족: 1,027,504 > 678,557
2025-12-28 13:11:54,692 WARNING: 매수 불가 (305720): 자금 부족: 10,432,945 > 9,758,367
2025-12-28 13:11:54,693 WARNING: 매수 불가 (305720): 자금 부족: 10,578,367 > 9,758,367
2025-12-28 13:11:54,693 WARNING: 매수 불가 (305720): 자금 부족: 10,618,596 > 9,758,367
2025-12-28 13:11:54,694 WARNING: 매수 불가 (305720): 자금 부족: 10,690,621 > 9,758,367
2025-12-28 13:11:54,728 WARNING: 매수 불가 (114800): 자금 부족: 974,395 > 912,637
2025-12-28 13:11:54,729 WARNING: 매수 불가 (114800): 자금 부족: 10,489,619 > 9,678,570
2025-12-28 13:11:54,729 WARNING: 매수 불가 (114800): 자금 부족: 10,572,529 > 9,678,570
2025-12-28 13:11:54,730 WARNING: 매수 불가 (114800): 자금 부족: 10,433,385 > 9,678,570
2025-12-28 13:11:54,731 WARNING: 매수 불가 (114800): 자금 부족: 10,218,955 > 9,678,570
2025-12-28 13:11:55,299 INFO: UNIVERSE requested=14(hash=989dbc28) effective=14(hash=989dbc28)
2025-12-28 13:11:55,300 INFO: [Loader Debug] 005930 path: data\cache\005930.parquet exists: True
2025-12-28 13:11:55,302 INFO: [Loader Debug] 005930 raw shape: (1559, 5), index: <class 'pandas.core.indexes.datetimes.DatetimeIndex'>, cols: Index(['Open', 'High', 'Low', 'Close', 'Volume'], dtype='object')
2025-12-28 13:11:55,303 INFO: [Loader Debug] 005930 Date Range: 2019-01-01 00:00:00 ~ 2024-12-20 00:00:00 vs Target: 2022-09-24 ~ 2023-06-23
2025-12-28 13:11:55,304 INFO: [Loader Debug] 005930 Filtered rows: 195
2025-12-28 13:11:55,304 INFO: [Loader Debug] 035420 path: data\cache\035420.parquet exists: True
2025-12-28 13:11:55,306 INFO: [Loader Debug] 035420 raw shape: (1559, 5), index: <class 'pandas.core.indexes.datetimes.DatetimeIndex'>, cols: Index(['Open', 'High', 'Low', 'Close', 'Volume'], dtype='object')
2025-12-28 13:11:55,307 INFO: [Loader Debug] 035420 Date Range: 2019-01-01 00:00:00 ~ 2024-12-20 00:00:00 vs Target: 2022-09-24 ~ 2023-06-23
2025-12-28 13:11:55,308 INFO: [Loader Debug] 035420 Filtered rows: 195
2025-12-28 13:11:55,308 INFO: [Loader Debug] 035720 path: data\cache\035720.parquet exists: True
2025-12-28 13:11:55,309 INFO: [Loader Debug] 035720 raw shape: (1559, 5), index: <class 'pandas.core.indexes.datetimes.DatetimeIndex'>, cols: Index(['Open', 'High', 'Low', 'Close', 'Volume'], dtype='object')
2025-12-28 13:11:55,310 INFO: [Loader Debug] 035720 Date Range: 2019-01-01 00:00:00 ~ 2024-12-20 00:00:00 vs Target: 2022-09-24 ~ 2023-06-23
2025-12-28 13:11:55,311 INFO: [Loader Debug] 035720 Filtered rows: 195
2025-12-28 13:11:55,311 INFO: [Loader Debug] 051910 path: data\cache\051910.parquet exists: True
2025-12-28 13:11:55,313 INFO: [Loader Debug] 051910 raw shape: (1559, 5), index: <class 'pandas.core.indexes.datetimes.DatetimeIndex'>, cols: Index(['Open', 'High', 'Low', 'Close', 'Volume'], dtype='object')
2025-12-28 13:11:55,314 INFO: [Loader Debug] 051910 Date Range: 2019-01-01 00:00:00 ~ 2024-12-20 00:00:00 vs Target: 2022-09-24 ~ 2023-06-23
2025-12-28 13:11:55,315 INFO: [Loader Debug] 051910 Filtered rows: 195
2025-12-28 13:11:55,315 INFO: [Loader Debug] 069500 path: data\cache\069500.parquet exists: True
2025-12-28 13:11:55,316 INFO: [Loader Debug] 069500 raw shape: (1559, 5), index: <class 'pandas.core.indexes.datetimes.DatetimeIndex'>, cols: Index(['Open', 'High', 'Low', 'Close', 'Volume'], dtype='object')
2025-12-28 13:11:55,318 INFO: [Loader Debug] 069500 Date Range: 2019-01-01 00:00:00 ~ 2024-12-20 00:00:00 vs Target: 2022-09-24 ~ 2023-06-23
2025-12-28 13:11:55,319 INFO: [Loader Debug] 069500 Filtered rows: 195
2025-12-28 13:11:55,319 INFO: [Loader Debug] 091160 path: data\cache\091160.parquet exists: True
2025-12-28 13:11:55,321 INFO: [Loader Debug] 091160 raw shape: (1559, 5), index: <class 'pandas.core.indexes.datetimes.DatetimeIndex'>, cols: Index(['Open', 'High', 'Low', 'Close', 'Volume'], dtype='object')
2025-12-28 13:11:55,322 INFO: [Loader Debug] 091160 Date Range: 2019-01-01 00:00:00 ~ 2024-12-20 00:00:00 vs Target: 2022-09-24 ~ 2023-06-23
2025-12-28 13:11:55,323 INFO: [Loader Debug] 091160 Filtered rows: 195
2025-12-28 13:11:55,323 INFO: [Loader Debug] 102110 path: data\cache\102110.parquet exists: True
2025-12-28 13:11:55,324 INFO: [Loader Debug] 102110 raw shape: (1559, 5), index: <class 'pandas.core.indexes.datetimes.DatetimeIndex'>, cols: Index(['Open', 'High', 'Low', 'Close', 'Volume'], dtype='object')
2025-12-28 13:11:55,325 INFO: [Loader Debug] 102110 Date Range: 2019-01-01 00:00:00 ~ 2024-12-20 00:00:00 vs Target: 2022-09-24 ~ 2023-06-23
2025-12-28 13:11:55,326 INFO: [Loader Debug] 102110 Filtered rows: 195
2025-12-28 13:11:55,326 INFO: [Loader Debug] 114800 path: data\cache\114800.parquet exists: True
2025-12-28 13:11:55,328 INFO: [Loader Debug] 114800 raw shape: (1559, 5), index: <class 'pandas.core.indexes.datetimes.DatetimeIndex'>, cols: Index(['Open', 'High', 'Low', 'Close', 'Volume'], dtype='object')
2025-12-28 13:11:55,329 INFO: [Loader Debug] 114800 Date Range: 2019-01-01 00:00:00 ~ 2024-12-20 00:00:00 vs Target: 2022-09-24 ~ 2023-06-23
2025-12-28 13:11:55,330 INFO: [Loader Debug] 114800 Filtered rows: 195
2025-12-28 13:11:55,330 INFO: [Loader Debug] 122630 path: data\cache\122630.parquet exists: True
2025-12-28 13:11:55,331 INFO: [Loader Debug] 122630 raw shape: (1559, 5), index: <class 'pandas.core.indexes.datetimes.DatetimeIndex'>, cols: Index(['Open', 'High', 'Low', 'Close', 'Volume'], dtype='object')
2025-12-28 13:11:55,333 INFO: [Loader Debug] 122630 Date Range: 2019-01-01 00:00:00 ~ 2024-12-20 00:00:00 vs Target: 2022-09-24 ~ 2023-06-23
2025-12-28 13:11:55,333 INFO: [Loader Debug] 122630 Filtered rows: 195
2025-12-28 13:11:55,334 INFO: [Loader Debug] 229200 path: data\cache\229200.parquet exists: True
2025-12-28 13:11:55,335 INFO: [Loader Debug] 229200 raw shape: (1559, 5), index: <class 'pandas.core.indexes.datetimes.DatetimeIndex'>, cols: Index(['Open', 'High', 'Low', 'Close', 'Volume'], dtype='object')
2025-12-28 13:11:55,337 INFO: [Loader Debug] 229200 Date Range: 2019-01-01 00:00:00 ~ 2024-12-20 00:00:00 vs Target: 2022-09-24 ~ 2023-06-23
2025-12-28 13:11:55,337 INFO: [Loader Debug] 229200 Filtered rows: 195
2025-12-28 13:11:55,338 INFO: [Loader Debug] 233740 path: data\cache\233740.parquet exists: True
2025-12-28 13:11:55,339 INFO: [Loader Debug] 233740 raw shape: (1559, 5), index: <class 'pandas.core.indexes.datetimes.DatetimeIndex'>, cols: Index(['Open', 'High', 'Low', 'Close', 'Volume'], dtype='object')
2025-12-28 13:11:55,340 INFO: [Loader Debug] 233740 Date Range: 2019-01-01 00:00:00 ~ 2024-12-20 00:00:00 vs Target: 2022-09-24 ~ 2023-06-23
2025-12-28 13:11:55,341 INFO: [Loader Debug] 233740 Filtered rows: 195
2025-12-28 13:11:55,341 INFO: [Loader Debug] 252670 path: data\cache\252670.parquet exists: True
2025-12-28 13:11:55,343 INFO: [Loader Debug] 252670 raw shape: (1559, 5), index: <class 'pandas.core.indexes.datetimes.DatetimeIndex'>, cols: Index(['Open', 'High', 'Low', 'Close', 'Volume'], dtype='object')
2025-12-28 13:11:55,344 INFO: [Loader Debug] 252670 Date Range: 2019-01-01 00:00:00 ~ 2024-12-20 00:00:00 vs Target: 2022-09-24 ~ 2023-06-23
2025-12-28 13:11:55,345 INFO: [Loader Debug] 252670 Filtered rows: 195
2025-12-28 13:11:55,345 INFO: [Loader Debug] 261240 path: data\cache\261240.parquet exists: True
2025-12-28 13:11:55,347 INFO: [Loader Debug] 261240 raw shape: (1559, 5), index: <class 'pandas.core.indexes.datetimes.DatetimeIndex'>, cols: Index(['Open', 'High', 'Low', 'Close', 'Volume'], dtype='object')
2025-12-28 13:11:55,348 INFO: [Loader Debug] 261240 Date Range: 2019-01-01 00:00:00 ~ 2024-12-20 00:00:00 vs Target: 2022-09-24 ~ 2023-06-23
2025-12-28 13:11:55,348 INFO: [Loader Debug] 261240 Filtered rows: 195
2025-12-28 13:11:55,349 INFO: [Loader Debug] 305720 path: data\cache\305720.parquet exists: True
2025-12-28 13:11:55,350 INFO: [Loader Debug] 305720 raw shape: (1559, 5), index: <class 'pandas.core.indexes.datetimes.DatetimeIndex'>, cols: Index(['Open', 'High', 'Low', 'Close', 'Volume'], dtype='object')
2025-12-28 13:11:55,352 INFO: [Loader Debug] 305720 Date Range: 2019-01-01 00:00:00 ~ 2024-12-20 00:00:00 vs Target: 2022-09-24 ~ 2023-06-23
2025-12-28 13:11:55,352 INFO: [Loader Debug] 305720 Filtered rows: 195
2025-12-28 13:11:55,354 INFO: [Normalization] Initial Shape: (2730, 5), Index: <class 'pandas.core.indexes.multi.MultiIndex'>, Columns: ['open', 'high', 'low', 'close', 'volume']
2025-12-28 13:11:55,355 INFO: [EVIDENCE] Data Pipeline Trace:
1. Load Shape: (2730, 5)
   - Index Type: <class 'pandas.core.indexes.multi.MultiIndex'>
   - Levels: ['code', 'date']
   - Date Range: 2022-09-26 00:00:00 ~ 2023-06-23 00:00:00
   - Unique Symbols: 14 (Sample: ['005930', '035420', '035720'])
2. Universe Coverage: Requested=14, Loaded=14, Missing=0
6. Final Columns: ['open', 'high', 'low', 'close', 'volume']
2025-12-28 13:11:55,499 INFO: ✅ 설정 파일 로드: E:\AI Study\krx_alertor_modular\config\regime_params.yaml
2025-12-28 13:11:55,500 INFO: MarketRegimeDetector 초기화: MA=50/200일, 임계값=2.0/-2.0%
2025-12-28 13:11:55,503 INFO: RSI 프로파일 로드 완료: ['balanced', 'conservative', 'aggressive']
2025-12-28 13:11:55,504 INFO: [EVIDENCE] BacktestRunner.run called with params: ma_period=100, rsi_period=58, stop_loss=0.13
2025-12-28 13:11:55,504 INFO: BacktestEngine 초기화: instrument_type=etf, tax_rate=0.00%
2025-12-28 13:11:55,644 WARNING: 매수 불가 (233740): 자금 부족: 1,096,447 > 265,015
2025-12-28 13:11:55,645 WARNING: 매수 불가 (233740): 자금 부족: 11,163,764 > 9,885,945
2025-12-28 13:11:55,645 WARNING: 매수 불가 (233740): 자금 부족: 11,171,088 > 9,885,945
2025-12-28 13:11:55,646 WARNING: 매수 불가 (233740): 자금 부족: 11,129,356 > 9,885,945
2025-12-28 13:11:55,647 WARNING: 매수 불가 (233740): 자금 부족: 11,039,740 > 9,885,945
2025-12-28 13:11:55,659 WARNING: 매수 불가 (233740): 자금 부족: 1,105,643 > 669,818
2025-12-28 13:11:55,659 WARNING: 매수 불가 (233740): 자금 부족: 10,851,317 > 9,938,381
2025-12-28 13:11:55,660 WARNING: 매수 불가 (233740): 자금 부족: 10,718,907 > 9,938,381
2025-12-28 13:11:55,661 WARNING: 매수 불가 (233740): 자금 부족: 10,419,897 > 9,938,381
2025-12-28 13:11:55,661 WARNING: 매수 불가 (233740): 자금 부족: 10,454,813 > 9,938,381
2025-12-28 13:11:55,747 WARNING: 매수 불가 (252670): 자금 부족: 1,052,953 > 495,482
2025-12-28 13:11:55,748 WARNING: 매수 불가 (252670): 자금 부족: 11,323,298 > 9,990,263
2025-12-28 13:11:55,748 WARNING: 매수 불가 (252670): 자금 부족: 11,187,801 > 9,990,263
2025-12-28 13:11:55,749 WARNING: 매수 불가 (252670): 자금 부족: 11,194,105 > 9,990,263
2025-12-28 13:11:55,750 WARNING: 매수 불가 (252670): 자금 부족: 11,027,251 > 9,990,263
2025-12-28 13:11:55,774 WARNING: 매수 불가 (252670): 자금 부족: 1,064,077 > 806,996
2025-12-28 13:11:55,775 WARNING: 매수 불가 (252670): 자금 부족: 10,477,177 > 9,911,648
2025-12-28 13:11:55,776 INFO: Split 계산: Train=16M, Val=14M, Test=6M
2025-12-28 13:11:55,776 INFO: [캐시] lb=12M, key=7bacf271
2025-12-28 13:11:55,777 INFO: UNIVERSE requested=14(hash=989dbc28) effective=14(hash=989dbc28)
2025-12-28 13:11:55,777 INFO: [Loader Debug] 005930 path: data\cache\005930.parquet exists: True
2025-12-28 13:11:55,779 INFO: [Loader Debug] 005930 raw shape: (1559, 5), index: <class 'pandas.core.indexes.datetimes.DatetimeIndex'>, cols: Index(['Open', 'High', 'Low', 'Close', 'Volume'], dtype='object')
2025-12-28 13:11:55,780 INFO: [Loader Debug] 005930 Date Range: 2019-01-01 00:00:00 ~ 2024-12-20 00:00:00 vs Target: 2020-10-06 ~ 2022-04-29
2025-12-28 13:11:55,781 INFO: [Loader Debug] 005930 Filtered rows: 409
2025-12-28 13:11:55,781 INFO: [Loader Debug] 035420 path: data\cache\035420.parquet exists: True
2025-12-28 13:11:55,783 INFO: [Loader Debug] 035420 raw shape: (1559, 5), index: <class 'pandas.core.indexes.datetimes.DatetimeIndex'>, cols: Index(['Open', 'High', 'Low', 'Close', 'Volume'], dtype='object')
2025-12-28 13:11:55,784 INFO: [Loader Debug] 035420 Date Range: 2019-01-01 00:00:00 ~ 2024-12-20 00:00:00 vs Target: 2020-10-06 ~ 2022-04-29
2025-12-28 13:11:55,785 INFO: [Loader Debug] 035420 Filtered rows: 409
2025-12-28 13:11:55,786 INFO: [Loader Debug] 035720 path: data\cache\035720.parquet exists: True
2025-12-28 13:11:55,787 INFO: [Loader Debug] 035720 raw shape: (1559, 5), index: <class 'pandas.core.indexes.datetimes.DatetimeIndex'>, cols: Index(['Open', 'High', 'Low', 'Close', 'Volume'], dtype='object')
2025-12-28 13:11:55,789 INFO: [Loader Debug] 035720 Date Range: 2019-01-01 00:00:00 ~ 2024-12-20 00:00:00 vs Target: 2020-10-06 ~ 2022-04-29
2025-12-28 13:11:55,790 INFO: [Loader Debug] 035720 Filtered rows: 409
2025-12-28 13:11:55,790 INFO: [Loader Debug] 051910 path: data\cache\051910.parquet exists: True
2025-12-28 13:11:55,792 INFO: [Loader Debug] 051910 raw shape: (1559, 5), index: <class 'pandas.core.indexes.datetimes.DatetimeIndex'>, cols: Index(['Open', 'High', 'Low', 'Close', 'Volume'], dtype='object')
2025-12-28 13:11:55,793 INFO: [Loader Debug] 051910 Date Range: 2019-01-01 00:00:00 ~ 2024-12-20 00:00:00 vs Target: 2020-10-06 ~ 2022-04-29
2025-12-28 13:11:55,794 INFO: [Loader Debug] 051910 Filtered rows: 409
2025-12-28 13:11:55,794 INFO: [Loader Debug] 069500 path: data\cache\069500.parquet exists: True
2025-12-28 13:11:55,796 INFO: [Loader Debug] 069500 raw shape: (1559, 5), index: <class 'pandas.core.indexes.datetimes.DatetimeIndex'>, cols: Index(['Open', 'High', 'Low', 'Close', 'Volume'], dtype='object')
2025-12-28 13:11:55,797 INFO: [Loader Debug] 069500 Date Range: 2019-01-01 00:00:00 ~ 2024-12-20 00:00:00 vs Target: 2020-10-06 ~ 2022-04-29
2025-12-28 13:11:55,798 INFO: [Loader Debug] 069500 Filtered rows: 409
2025-12-28 13:11:55,798 INFO: [Loader Debug] 091160 path: data\cache\091160.parquet exists: True
2025-12-28 13:11:55,800 INFO: [Loader Debug] 091160 raw shape: (1559, 5), index: <class 'pandas.core.indexes.datetimes.DatetimeIndex'>, cols: Index(['Open', 'High', 'Low', 'Close', 'Volume'], dtype='object')
2025-12-28 13:11:55,801 INFO: [Loader Debug] 091160 Date Range: 2019-01-01 00:00:00 ~ 2024-12-20 00:00:00 vs Target: 2020-10-06 ~ 2022-04-29
2025-12-28 13:11:55,802 INFO: [Loader Debug] 091160 Filtered rows: 409
2025-12-28 13:11:55,802 INFO: [Loader Debug] 102110 path: data\cache\102110.parquet exists: True
2025-12-28 13:11:55,804 INFO: [Loader Debug] 102110 raw shape: (1559, 5), index: <class 'pandas.core.indexes.datetimes.DatetimeIndex'>, cols: Index(['Open', 'High', 'Low', 'Close', 'Volume'], dtype='object')
2025-12-28 13:11:55,805 INFO: [Loader Debug] 102110 Date Range: 2019-01-01 00:00:00 ~ 2024-12-20 00:00:00 vs Target: 2020-10-06 ~ 2022-04-29
2025-12-28 13:11:55,806 INFO: [Loader Debug] 102110 Filtered rows: 409
2025-12-28 13:11:55,806 INFO: [Loader Debug] 114800 path: data\cache\114800.parquet exists: True
2025-12-28 13:11:55,807 INFO: [Loader Debug] 114800 raw shape: (1559, 5), index: <class 'pandas.core.indexes.datetimes.DatetimeIndex'>, cols: Index(['Open', 'High', 'Low', 'Close', 'Volume'], dtype='object')
2025-12-28 13:11:55,808 INFO: [Loader Debug] 114800 Date Range: 2019-01-01 00:00:00 ~ 2024-12-20 00:00:00 vs Target: 2020-10-06 ~ 2022-04-29
2025-12-28 13:11:55,809 INFO: [Loader Debug] 114800 Filtered rows: 409
2025-12-28 13:11:55,809 INFO: [Loader Debug] 122630 path: data\cache\122630.parquet exists: True
2025-12-28 13:11:55,811 INFO: [Loader Debug] 122630 raw shape: (1559, 5), index: <class 'pandas.core.indexes.datetimes.DatetimeIndex'>, cols: Index(['Open', 'High', 'Low', 'Close', 'Volume'], dtype='object')
2025-12-28 13:11:55,812 INFO: [Loader Debug] 122630 Date Range: 2019-01-01 00:00:00 ~ 2024-12-20 00:00:00 vs Target: 2020-10-06 ~ 2022-04-29
2025-12-28 13:11:55,813 INFO: [Loader Debug] 122630 Filtered rows: 409
2025-12-28 13:11:55,813 INFO: [Loader Debug] 229200 path: data\cache\229200.parquet exists: True
2025-12-28 13:11:55,815 INFO: [Loader Debug] 229200 raw shape: (1559, 5), index: <class 'pandas.core.indexes.datetimes.DatetimeIndex'>, cols: Index(['Open', 'High', 'Low', 'Close', 'Volume'], dtype='object')
2025-12-28 13:11:55,816 INFO: [Loader Debug] 229200 Date Range: 2019-01-01 00:00:00 ~ 2024-12-20 00:00:00 vs Target: 2020-10-06 ~ 2022-04-29
2025-12-28 13:11:55,817 INFO: [Loader Debug] 229200 Filtered rows: 409
2025-12-28 13:11:55,817 INFO: [Loader Debug] 233740 path: data\cache\233740.parquet exists: True
2025-12-28 13:11:55,819 INFO: [Loader Debug] 233740 raw shape: (1559, 5), index: <class 'pandas.core.indexes.datetimes.DatetimeIndex'>, cols: Index(['Open', 'High', 'Low', 'Close', 'Volume'], dtype='object')
2025-12-28 13:11:55,820 INFO: [Loader Debug] 233740 Date Range: 2019-01-01 00:00:00 ~ 2024-12-20 00:00:00 vs Target: 2020-10-06 ~ 2022-04-29
2025-12-28 13:11:55,821 INFO: [Loader Debug] 233740 Filtered rows: 409
2025-12-28 13:11:55,821 INFO: [Loader Debug] 252670 path: data\cache\252670.parquet exists: True
2025-12-28 13:11:55,822 INFO: [Loader Debug] 252670 raw shape: (1559, 5), index: <class 'pandas.core.indexes.datetimes.DatetimeIndex'>, cols: Index(['Open', 'High', 'Low', 'Close', 'Volume'], dtype='object')
2025-12-28 13:11:55,823 INFO: [Loader Debug] 252670 Date Range: 2019-01-01 00:00:00 ~ 2024-12-20 00:00:00 vs Target: 2020-10-06 ~ 2022-04-29
2025-12-28 13:11:55,824 INFO: [Loader Debug] 252670 Filtered rows: 409
2025-12-28 13:11:55,825 INFO: [Loader Debug] 261240 path: data\cache\261240.parquet exists: True
2025-12-28 13:11:55,826 INFO: [Loader Debug] 261240 raw shape: (1559, 5), index: <class 'pandas.core.indexes.datetimes.DatetimeIndex'>, cols: Index(['Open', 'High', 'Low', 'Close', 'Volume'], dtype='object')
2025-12-28 13:11:55,827 INFO: [Loader Debug] 261240 Date Range: 2019-01-01 00:00:00 ~ 2024-12-20 00:00:00 vs Target: 2020-10-06 ~ 2022-04-29
2025-12-28 13:11:55,828 INFO: [Loader Debug] 261240 Filtered rows: 409
2025-12-28 13:11:55,828 INFO: [Loader Debug] 305720 path: data\cache\305720.parquet exists: True
2025-12-28 13:11:55,829 INFO: [Loader Debug] 305720 raw shape: (1559, 5), index: <class 'pandas.core.indexes.datetimes.DatetimeIndex'>, cols: Index(['Open', 'High', 'Low', 'Close', 'Volume'], dtype='object')
2025-12-28 13:11:55,830 INFO: [Loader Debug] 305720 Date Range: 2019-01-01 00:00:00 ~ 2024-12-20 00:00:00 vs Target: 2020-10-06 ~ 2022-04-29
2025-12-28 13:11:55,831 INFO: [Loader Debug] 305720 Filtered rows: 409
2025-12-28 13:11:55,833 INFO: [Normalization] Initial Shape: (5726, 5), Index: <class 'pandas.core.indexes.multi.MultiIndex'>, Columns: ['open', 'high', 'low', 'close', 'volume']
2025-12-28 13:11:55,834 INFO: [EVIDENCE] Data Pipeline Trace:
1. Load Shape: (5726, 5)
   - Index Type: <class 'pandas.core.indexes.multi.MultiIndex'>
   - Levels: ['code', 'date']
   - Date Range: 2020-10-06 00:00:00 ~ 2022-04-29 00:00:00
   - Unique Symbols: 14 (Sample: ['005930', '035420', '035720'])
2. Universe Coverage: Requested=14, Loaded=14, Missing=0
6. Final Columns: ['open', 'high', 'low', 'close', 'volume']
2025-12-28 13:11:55,920 INFO: ✅ 설정 파일 로드: E:\AI Study\krx_alertor_modular\config\regime_params.yaml
2025-12-28 13:11:55,920 INFO: MarketRegimeDetector 초기화: MA=50/200일, 임계값=2.0/-2.0%
2025-12-28 13:11:55,924 INFO: RSI 프로파일 로드 완료: ['balanced', 'conservative', 'aggressive']
2025-12-28 13:11:55,925 INFO: [EVIDENCE] BacktestRunner.run called with params: ma_period=100, rsi_period=58, stop_loss=0.13
2025-12-28 13:11:55,925 INFO: BacktestEngine 초기화: instrument_type=etf, tax_rate=0.00%
2025-12-28 13:11:55,981 WARNING: 매수 불가 (035720): 자금 부족: 1,149,313 > 266,120
2025-12-28 13:11:55,982 WARNING: 매수 불가 (035720): 자금 부족: 11,446,046 > 9,949,290
2025-12-28 13:11:55,983 WARNING: 매수 불가 (035720): 자금 부족: 11,271,107 > 9,949,290
2025-12-28 13:11:55,983 WARNING: 매수 불가 (035720): 자금 부족: 11,117,170 > 9,949,290
2025-12-28 13:11:55,984 WARNING: 매수 불가 (035720): 자금 부족: 11,427,514 > 9,949,290
2025-12-28 13:11:55,998 WARNING: 매수 불가 (252670): 자금 부족: 1,132,509 > 968,927
2025-12-28 13:11:55,998 WARNING: 매수 불가 (229200): 자금 부족: 1,070,557 > 968,927
2025-12-28 13:11:55,998 WARNING: 매수 불가 (229200): 자금 부족: 5,700,540 > 4,325,534
2025-12-28 13:11:55,999 WARNING: 매수 불가 (229200): 자금 부족: 11,475,088 > 9,878,564
2025-12-28 13:11:56,000 WARNING: 매수 불가 (229200): 자금 부족: 11,345,826 > 9,878,564
2025-12-28 13:11:56,000 WARNING: 매수 불가 (229200): 자금 부족: 11,424,521 > 9,878,564
2025-12-28 13:11:56,012 WARNING: 매수 불가 (252670): 자금 부족: 1,093,487 > 372,376
2025-12-28 13:11:56,013 WARNING: 매수 불가 (252670): 자금 부족: 11,003,929 > 9,855,979
2025-12-28 13:11:56,013 WARNING: 매수 불가 (252670): 자금 부족: 10,786,830 > 9,855,979
2025-12-28 13:11:56,014 WARNING: 매수 불가 (252670): 자금 부족: 10,708,024 > 9,855,979
2025-12-28 13:11:56,015 WARNING: 매수 불가 (252670): 자금 부족: 10,674,966 > 9,855,979
2025-12-28 13:11:56,026 WARNING: 매수 불가 (091160): 자금 부족: 1,063,237 > 1,053,023
2025-12-28 13:11:56,027 WARNING: 매수 불가 (091160): 자금 부족: 10,927,078 > 9,960,647
2025-12-28 13:11:56,027 WARNING: 매수 불가 (091160): 자금 부족: 11,140,973 > 9,960,647
2025-12-28 13:11:56,028 WARNING: 매수 불가 (091160): 자금 부족: 11,060,316 > 9,960,647
2025-12-28 13:11:56,028 WARNING: 매수 불가 (091160): 자금 부족: 11,103,415 > 9,960,647
2025-12-28 13:11:56,041 WARNING: 매수 불가 (102110): 자금 부족: 1,020,830 > 886,456
2025-12-28 13:11:56,041 WARNING: 매수 불가 (102110): 자금 부족: 11,223,961 > 9,929,056
2025-12-28 13:11:56,042 WARNING: 매수 불가 (102110): 자금 부족: 11,157,171 > 9,929,056
2025-12-28 13:11:56,042 WARNING: 매수 불가 (102110): 자금 부족: 11,252,588 > 9,929,056
2025-12-28 13:11:56,043 WARNING: 매수 불가 (102110): 자금 부족: 11,157,254 > 9,929,056
2025-12-28 13:11:56,056 WARNING: 매수 불가 (252670): 자금 부족: 1,116,448 > 991,054
2025-12-28 13:11:56,057 WARNING: 매수 불가 (252670): 자금 부족: 11,007,285 > 9,931,208
2025-12-28 13:11:56,057 WARNING: 매수 불가 (252670): 자금 부족: 11,213,914 > 9,931,208
2025-12-28 13:11:56,058 WARNING: 매수 불가 (252670): 자금 부족: 11,360,111 > 9,931,208
2025-12-28 13:11:56,058 WARNING: 매수 불가 (252670): 자금 부족: 11,347,755 > 9,931,208
2025-12-28 13:11:56,157 WARNING: 매수 불가 (091160): 자금 부족: 1,003,874 > 913,807
2025-12-28 13:11:56,157 WARNING: 매수 불가 (091160): 자금 부족: 10,630,707 > 9,849,141
2025-12-28 13:11:56,158 WARNING: 매수 불가 (091160): 자금 부족: 10,662,941 > 9,849,141
2025-12-28 13:11:56,159 WARNING: 매수 불가 (091160): 자금 부족: 10,391,017 > 9,849,141
2025-12-28 13:11:56,159 WARNING: 매수 불가 (091160): 자금 부족: 10,433,428 > 9,849,141
2025-12-28 13:11:56,171 WARNING: 매수 불가 (252670): 자금 부족: 1,041,034 > 809,786
2025-12-28 13:11:56,171 WARNING: 매수 불가 (252670): 자금 부족: 10,510,669 > 9,717,511
2025-12-28 13:11:56,172 WARNING: 매수 불가 (252670): 자금 부족: 10,389,008 > 9,717,511
2025-12-28 13:11:56,173 WARNING: 매수 불가 (252670): 자금 부족: 10,490,639 > 9,717,511
2025-12-28 13:11:56,173 WARNING: 매수 불가 (252670): 자금 부족: 10,416,319 > 9,717,511
2025-12-28 13:11:56,187 WARNING: 매수 불가 (305720): 자금 부족: 1,027,504 > 678,557
2025-12-28 13:11:56,188 WARNING: 매수 불가 (305720): 자금 부족: 10,432,945 > 9,758,367
2025-12-28 13:11:56,189 WARNING: 매수 불가 (305720): 자금 부족: 10,578,367 > 9,758,367
2025-12-28 13:11:56,189 WARNING: 매수 불가 (305720): 자금 부족: 10,618,596 > 9,758,367
2025-12-28 13:11:56,190 WARNING: 매수 불가 (305720): 자금 부족: 10,690,621 > 9,758,367
2025-12-28 13:11:56,216 WARNING: 매수 불가 (114800): 자금 부족: 974,395 > 912,637
2025-12-28 13:11:56,217 WARNING: 매수 불가 (114800): 자금 부족: 10,489,619 > 9,678,570
2025-12-28 13:11:56,217 WARNING: 매수 불가 (114800): 자금 부족: 10,572,529 > 9,678,570
2025-12-28 13:11:56,218 WARNING: 매수 불가 (114800): 자금 부족: 10,433,385 > 9,678,570
2025-12-28 13:11:56,218 WARNING: 매수 불가 (114800): 자금 부족: 10,218,955 > 9,678,570
2025-12-28 13:11:56,761 INFO: UNIVERSE requested=14(hash=989dbc28) effective=14(hash=989dbc28)
2025-12-28 13:11:56,761 INFO: [Loader Debug] 005930 path: data\cache\005930.parquet exists: True
2025-12-28 13:11:56,763 INFO: [Loader Debug] 005930 raw shape: (1559, 5), index: <class 'pandas.core.indexes.datetimes.DatetimeIndex'>, cols: Index(['Open', 'High', 'Low', 'Close', 'Volume'], dtype='object')
2025-12-28 13:11:56,764 INFO: [Loader Debug] 005930 Date Range: 2019-01-01 00:00:00 ~ 2024-12-20 00:00:00 vs Target: 2022-03-25 ~ 2023-06-23
2025-12-28 13:11:56,765 INFO: [Loader Debug] 005930 Filtered rows: 326
2025-12-28 13:11:56,766 INFO: [Loader Debug] 035420 path: data\cache\035420.parquet exists: True
2025-12-28 13:11:56,767 INFO: [Loader Debug] 035420 raw shape: (1559, 5), index: <class 'pandas.core.indexes.datetimes.DatetimeIndex'>, cols: Index(['Open', 'High', 'Low', 'Close', 'Volume'], dtype='object')
2025-12-28 13:11:56,768 INFO: [Loader Debug] 035420 Date Range: 2019-01-01 00:00:00 ~ 2024-12-20 00:00:00 vs Target: 2022-03-25 ~ 2023-06-23
2025-12-28 13:11:56,769 INFO: [Loader Debug] 035420 Filtered rows: 326
2025-12-28 13:11:56,770 INFO: [Loader Debug] 035720 path: data\cache\035720.parquet exists: True
2025-12-28 13:11:56,771 INFO: [Loader Debug] 035720 raw shape: (1559, 5), index: <class 'pandas.core.indexes.datetimes.DatetimeIndex'>, cols: Index(['Open', 'High', 'Low', 'Close', 'Volume'], dtype='object')
2025-12-28 13:11:56,772 INFO: [Loader Debug] 035720 Date Range: 2019-01-01 00:00:00 ~ 2024-12-20 00:00:00 vs Target: 2022-03-25 ~ 2023-06-23
2025-12-28 13:11:56,773 INFO: [Loader Debug] 035720 Filtered rows: 326
2025-12-28 13:11:56,773 INFO: [Loader Debug] 051910 path: data\cache\051910.parquet exists: True
2025-12-28 13:11:56,775 INFO: [Loader Debug] 051910 raw shape: (1559, 5), index: <class 'pandas.core.indexes.datetimes.DatetimeIndex'>, cols: Index(['Open', 'High', 'Low', 'Close', 'Volume'], dtype='object')
2025-12-28 13:11:56,776 INFO: [Loader Debug] 051910 Date Range: 2019-01-01 00:00:00 ~ 2024-12-20 00:00:00 vs Target: 2022-03-25 ~ 2023-06-23
2025-12-28 13:11:56,777 INFO: [Loader Debug] 051910 Filtered rows: 326
2025-12-28 13:11:56,777 INFO: [Loader Debug] 069500 path: data\cache\069500.parquet exists: True
2025-12-28 13:11:56,778 INFO: [Loader Debug] 069500 raw shape: (1559, 5), index: <class 'pandas.core.indexes.datetimes.DatetimeIndex'>, cols: Index(['Open', 'High', 'Low', 'Close', 'Volume'], dtype='object')
2025-12-28 13:11:56,779 INFO: [Loader Debug] 069500 Date Range: 2019-01-01 00:00:00 ~ 2024-12-20 00:00:00 vs Target: 2022-03-25 ~ 2023-06-23
2025-12-28 13:11:56,780 INFO: [Loader Debug] 069500 Filtered rows: 326
2025-12-28 13:11:56,780 INFO: [Loader Debug] 091160 path: data\cache\091160.parquet exists: True
2025-12-28 13:11:56,782 INFO: [Loader Debug] 091160 raw shape: (1559, 5), index: <class 'pandas.core.indexes.datetimes.DatetimeIndex'>, cols: Index(['Open', 'High', 'Low', 'Close', 'Volume'], dtype='object')
2025-12-28 13:11:56,783 INFO: [Loader Debug] 091160 Date Range: 2019-01-01 00:00:00 ~ 2024-12-20 00:00:00 vs Target: 2022-03-25 ~ 2023-06-23
2025-12-28 13:11:56,784 INFO: [Loader Debug] 091160 Filtered rows: 326
2025-12-28 13:11:56,784 INFO: [Loader Debug] 102110 path: data\cache\102110.parquet exists: True
2025-12-28 13:11:56,786 INFO: [Loader Debug] 102110 raw shape: (1559, 5), index: <class 'pandas.core.indexes.datetimes.DatetimeIndex'>, cols: Index(['Open', 'High', 'Low', 'Close', 'Volume'], dtype='object')
2025-12-28 13:11:56,787 INFO: [Loader Debug] 102110 Date Range: 2019-01-01 00:00:00 ~ 2024-12-20 00:00:00 vs Target: 2022-03-25 ~ 2023-06-23
2025-12-28 13:11:56,788 INFO: [Loader Debug] 102110 Filtered rows: 326
2025-12-28 13:11:56,788 INFO: [Loader Debug] 114800 path: data\cache\114800.parquet exists: True
2025-12-28 13:11:56,790 INFO: [Loader Debug] 114800 raw shape: (1559, 5), index: <class 'pandas.core.indexes.datetimes.DatetimeIndex'>, cols: Index(['Open', 'High', 'Low', 'Close', 'Volume'], dtype='object')
2025-12-28 13:11:56,791 INFO: [Loader Debug] 114800 Date Range: 2019-01-01 00:00:00 ~ 2024-12-20 00:00:00 vs Target: 2022-03-25 ~ 2023-06-23
2025-12-28 13:11:56,792 INFO: [Loader Debug] 114800 Filtered rows: 326
2025-12-28 13:11:56,792 INFO: [Loader Debug] 122630 path: data\cache\122630.parquet exists: True
2025-12-28 13:11:56,793 INFO: [Loader Debug] 122630 raw shape: (1559, 5), index: <class 'pandas.core.indexes.datetimes.DatetimeIndex'>, cols: Index(['Open', 'High', 'Low', 'Close', 'Volume'], dtype='object')
2025-12-28 13:11:56,794 INFO: [Loader Debug] 122630 Date Range: 2019-01-01 00:00:00 ~ 2024-12-20 00:00:00 vs Target: 2022-03-25 ~ 2023-06-23
2025-12-28 13:11:56,795 INFO: [Loader Debug] 122630 Filtered rows: 326
2025-12-28 13:11:56,795 INFO: [Loader Debug] 229200 path: data\cache\229200.parquet exists: True
2025-12-28 13:11:56,797 INFO: [Loader Debug] 229200 raw shape: (1559, 5), index: <class 'pandas.core.indexes.datetimes.DatetimeIndex'>, cols: Index(['Open', 'High', 'Low', 'Close', 'Volume'], dtype='object')
2025-12-28 13:11:56,798 INFO: [Loader Debug] 229200 Date Range: 2019-01-01 00:00:00 ~ 2024-12-20 00:00:00 vs Target: 2022-03-25 ~ 2023-06-23
2025-12-28 13:11:56,799 INFO: [Loader Debug] 229200 Filtered rows: 326
2025-12-28 13:11:56,799 INFO: [Loader Debug] 233740 path: data\cache\233740.parquet exists: True
2025-12-28 13:11:56,801 INFO: [Loader Debug] 233740 raw shape: (1559, 5), index: <class 'pandas.core.indexes.datetimes.DatetimeIndex'>, cols: Index(['Open', 'High', 'Low', 'Close', 'Volume'], dtype='object')
2025-12-28 13:11:56,802 INFO: [Loader Debug] 233740 Date Range: 2019-01-01 00:00:00 ~ 2024-12-20 00:00:00 vs Target: 2022-03-25 ~ 2023-06-23
2025-12-28 13:11:56,803 INFO: [Loader Debug] 233740 Filtered rows: 326
2025-12-28 13:11:56,803 INFO: [Loader Debug] 252670 path: data\cache\252670.parquet exists: True
2025-12-28 13:11:56,805 INFO: [Loader Debug] 252670 raw shape: (1559, 5), index: <class 'pandas.core.indexes.datetimes.DatetimeIndex'>, cols: Index(['Open', 'High', 'Low', 'Close', 'Volume'], dtype='object')
2025-12-28 13:11:56,806 INFO: [Loader Debug] 252670 Date Range: 2019-01-01 00:00:00 ~ 2024-12-20 00:00:00 vs Target: 2022-03-25 ~ 2023-06-23
2025-12-28 13:11:56,807 INFO: [Loader Debug] 252670 Filtered rows: 326
2025-12-28 13:11:56,807 INFO: [Loader Debug] 261240 path: data\cache\261240.parquet exists: True
2025-12-28 13:11:56,808 INFO: [Loader Debug] 261240 raw shape: (1559, 5), index: <class 'pandas.core.indexes.datetimes.DatetimeIndex'>, cols: Index(['Open', 'High', 'Low', 'Close', 'Volume'], dtype='object')
2025-12-28 13:11:56,809 INFO: [Loader Debug] 261240 Date Range: 2019-01-01 00:00:00 ~ 2024-12-20 00:00:00 vs Target: 2022-03-25 ~ 2023-06-23
2025-12-28 13:11:56,810 INFO: [Loader Debug] 261240 Filtered rows: 326
2025-12-28 13:11:56,811 INFO: [Loader Debug] 305720 path: data\cache\305720.parquet exists: True
2025-12-28 13:11:56,812 INFO: [Loader Debug] 305720 raw shape: (1559, 5), index: <class 'pandas.core.indexes.datetimes.DatetimeIndex'>, cols: Index(['Open', 'High', 'Low', 'Close', 'Volume'], dtype='object')
2025-12-28 13:11:56,813 INFO: [Loader Debug] 305720 Date Range: 2019-01-01 00:00:00 ~ 2024-12-20 00:00:00 vs Target: 2022-03-25 ~ 2023-06-23
2025-12-28 13:11:56,814 INFO: [Loader Debug] 305720 Filtered rows: 326
2025-12-28 13:11:56,816 INFO: [Normalization] Initial Shape: (4564, 5), Index: <class 'pandas.core.indexes.multi.MultiIndex'>, Columns: ['open', 'high', 'low', 'close', 'volume']
2025-12-28 13:11:56,816 INFO: [EVIDENCE] Data Pipeline Trace:
1. Load Shape: (4564, 5)
   - Index Type: <class 'pandas.core.indexes.multi.MultiIndex'>
   - Levels: ['code', 'date']
   - Date Range: 2022-03-25 00:00:00 ~ 2023-06-23 00:00:00
   - Unique Symbols: 14 (Sample: ['005930', '035420', '035720'])
2. Universe Coverage: Requested=14, Loaded=14, Missing=0
6. Final Columns: ['open', 'high', 'low', 'close', 'volume']
2025-12-28 13:11:56,925 INFO: ✅ 설정 파일 로드: E:\AI Study\krx_alertor_modular\config\regime_params.yaml
2025-12-28 13:11:56,926 INFO: MarketRegimeDetector 초기화: MA=50/200일, 임계값=2.0/-2.0%
2025-12-28 13:11:56,930 INFO: RSI 프로파일 로드 완료: ['balanced', 'conservative', 'aggressive']
2025-12-28 13:11:56,930 INFO: [EVIDENCE] BacktestRunner.run called with params: ma_period=100, rsi_period=58, stop_loss=0.13
2025-12-28 13:11:56,930 INFO: BacktestEngine 초기화: instrument_type=etf, tax_rate=0.00%
2025-12-28 13:11:57,271 WARNING: 매수 불가 (261240): 자금 부족: 1,052,715 > 810,166
2025-12-28 13:11:57,272 WARNING: 매수 불가 (261240): 자금 부족: 10,898,188 > 9,848,059
2025-12-28 13:11:57,272 WARNING: 매수 불가 (261240): 자금 부족: 10,978,653 > 9,848,059
2025-12-28 13:11:57,273 WARNING: 매수 불가 (261240): 자금 부족: 10,622,345 > 9,848,059
2025-12-28 13:11:57,274 WARNING: 매수 불가 (261240): 자금 부족: 10,682,438 > 9,848,059
2025-12-28 13:11:57,286 WARNING: 매수 불가 (005930): 자금 부족: 1,089,214 > 786,220
2025-12-28 13:11:57,286 WARNING: 매수 불가 (005930): 자금 부족: 10,921,045 > 9,808,595
2025-12-28 13:11:57,287 WARNING: 매수 불가 (005930): 자금 부족: 10,838,526 > 9,808,595
2025-12-28 13:11:57,288 WARNING: 매수 불가 (005930): 자금 부족: 10,690,182 > 9,808,595
2025-12-28 13:11:57,288 WARNING: 매수 불가 (005930): 자금 부족: 10,750,443 > 9,808,595
2025-12-28 13:11:57,393 WARNING: 매수 불가 (122630): 자금 부족: 984,817 > 906,217
2025-12-28 13:11:57,394 WARNING: 매수 불가 (122630): 자금 부족: 10,035,894 > 9,638,710
2025-12-28 13:11:57,395 WARNING: 매수 불가 (122630): 자금 부족: 10,295,663 > 9,638,710
2025-12-28 13:11:57,395 WARNING: 매수 불가 (122630): 자금 부족: 10,434,136 > 9,638,710
2025-12-28 13:11:57,396 WARNING: 매수 불가 (122630): 자금 부족: 10,759,377 > 9,638,710
2025-12-28 13:11:57,408 WARNING: 매수 불가 (233740): 자금 부족: 951,171 > 383,692
2025-12-28 13:11:57,409 WARNING: 매수 불가 (233740): 자금 부족: 10,781,726 > 9,578,770
2025-12-28 13:11:57,409 WARNING: 매수 불가 (233740): 자금 부족: 10,797,739 > 9,578,770
2025-12-28 13:11:57,410 WARNING: 매수 불가 (233740): 자금 부족: 10,792,407 > 9,578,770
2025-12-28 13:11:57,410 WARNING: 매수 불가 (233740): 자금 부족: 10,752,090 > 9,578,770
2025-12-28 13:11:57,422 WARNING: 매수 불가 (233740): 자금 부족: 919,978 > 428,413
2025-12-28 13:11:57,423 WARNING: 매수 불가 (233740): 자금 부족: 10,687,878 > 9,626,121
2025-12-28 13:11:57,423 WARNING: 매수 불가 (233740): 자금 부족: 10,489,606 > 9,626,121
2025-12-28 13:11:57,424 WARNING: 매수 불가 (233740): 자금 부족: 10,355,554 > 9,626,121
2025-12-28 13:11:57,424 WARNING: 매수 불가 (233740): 자금 부족: 10,040,991 > 9,626,121
2025-12-28 13:11:57,448 WARNING: 매수 불가 (035420): 자금 부족: 928,721 > 790,879
2025-12-28 13:11:57,449 WARNING: 매수 불가 (035420): 자금 부족: 10,066,351 > 9,577,521
2025-12-28 13:11:57,450 WARNING: 매수 불가 (035420): 자금 부족: 10,071,965 > 9,577,521
2025-12-28 13:11:57,450 WARNING: 매수 불가 (035420): 자금 부족: 10,220,295 > 9,577,521
2025-12-28 13:11:57,451 WARNING: 매수 불가 (035420): 자금 부족: 10,204,482 > 9,577,521
2025-12-28 13:11:57,499 WARNING: 매수 불가 (252670): 자금 부족: 1,051,691 > 995,399
2025-12-28 13:11:57,500 WARNING: 매수 불가 (252670): 자금 부족: 10,573,535 > 9,721,308
2025-12-28 13:11:57,500 WARNING: 매수 불가 (252670): 자금 부족: 10,772,128 > 9,721,308
2025-12-28 13:11:57,501 WARNING: 매수 불가 (252670): 자금 부족: 10,883,002 > 9,721,308
2025-12-28 13:11:57,502 WARNING: 매수 불가 (252670): 자금 부족: 10,849,160 > 9,721,308
2025-12-28 13:11:57,513 WARNING: 매수 불가 (252670): 자금 부족: 1,048,886 > 343,342
2025-12-28 13:11:57,514 WARNING: 매수 불가 (252670): 자금 부족: 10,839,220 > 9,777,867
2025-12-28 13:11:57,514 WARNING: 매수 불가 (252670): 자금 부족: 11,074,434 > 9,777,867
2025-12-28 13:11:57,515 WARNING: 매수 불가 (252670): 자금 부족: 10,939,183 > 9,777,867
2025-12-28 13:11:57,516 WARNING: 매수 불가 (252670): 자금 부족: 11,012,579 > 9,777,867
2025-12-28 13:11:57,551 ERROR: Orchestrator Crash: cannot access local variable 'final_score' where it is not associated with a value
Traceback (most recent call last):
  File "E:\AI Study\krx_alertor_modular\tools\run_phase15_realdata.py", line 526, in run_strict_phase15
    study.optimize(objective, n_trials=args.trials)
    ~~~~~~~~~~~~~~^^^^^^^^^^^^^^^^^^^^^^^^^^^^^^^^^
  File "C:\Users\minan\anaconda3\Lib\site-packages\optuna\study\study.py", line 490, in optimize
    _optimize(
    ~~~~~~~~~^
        study=self,
        ^^^^^^^^^^^
    ...<7 lines>...
        show_progress_bar=show_progress_bar,
        ^^^^^^^^^^^^^^^^^^^^^^^^^^^^^^^^^^^^
    )
    ^
  File "C:\Users\minan\anaconda3\Lib\site-packages\optuna\study\_optimize.py", line 63, in _optimize
    _optimize_sequential(
    ~~~~~~~~~~~~~~~~~~~~^
        study,
        ^^^^^^
    ...<8 lines>...
        progress_bar=progress_bar,
        ^^^^^^^^^^^^^^^^^^^^^^^^^^
    )
    ^
  File "C:\Users\minan\anaconda3\Lib\site-packages\optuna\study\_optimize.py", line 160, in _optimize_sequential
    frozen_trial_id = _run_trial(study, func, catch)
  File "C:\Users\minan\anaconda3\Lib\site-packages\optuna\study\_optimize.py", line 258, in _run_trial
    raise func_err
  File "C:\Users\minan\anaconda3\Lib\site-packages\optuna\study\_optimize.py", line 201, in _run_trial
    value_or_values = func(trial)
  File "E:\AI Study\krx_alertor_modular\tools\run_phase15_realdata.py", line 453, in objective
    trial.set_user_attr("valid", bool(final_score > -100))
                                      ^^^^^^^^^^^
UnboundLocalError: cannot access local variable 'final_score' where it is not associated with a value
2025-12-28 13:11:57,555 INFO: ResultPackager: Saving Artifacts...
