2025-12-25 12:19:34,051 INFO: === STRICT PHASE 1.5 START (RunID: real_20251225_121933_038422) ===
2025-12-25 12:19:34,194 INFO: NumExpr defaulting to 12 threads.
2025-12-25 12:19:34,349 INFO: [Phase 0] Preflight Check
2025-12-25 12:19:34,910 INFO: 캐시 기반 유니버스: 14개 종목 (지수 코드 제외)
2025-12-25 12:19:35,011 INFO: [Phase 1] Tuning Loop
2025-12-25 12:19:35,012 INFO: Split 계산: Train=24M, Val=6M, Test=6M
2025-12-25 12:19:35,013 INFO: [캐시] lb=3M, key=a8081cfb
2025-12-25 12:19:35,045 INFO: UNIVERSE requested=14(hash=989dbc28) effective=14(hash=989dbc28)
2025-12-25 12:19:35,068 ERROR: 백테스트 실행 실패: [Service Critical] Price Data Index must be MultiIndex. Got <class 'pandas.core.indexes.range.RangeIndex'>
2025-12-25 12:19:35,069 INFO: UNIVERSE requested=14(hash=989dbc28) effective=14(hash=989dbc28)
2025-12-25 12:19:35,089 ERROR: 백테스트 실행 실패: [Service Critical] Price Data Index must be MultiIndex. Got <class 'pandas.core.indexes.range.RangeIndex'>
2025-12-25 12:19:35,090 INFO: Split 계산: Train=24M, Val=6M, Test=6M
2025-12-25 12:19:35,090 INFO: [캐시] lb=6M, key=cfd04f22
2025-12-25 12:19:35,090 INFO: UNIVERSE requested=14(hash=989dbc28) effective=14(hash=989dbc28)
2025-12-25 12:19:35,110 ERROR: 백테스트 실행 실패: [Service Critical] Price Data Index must be MultiIndex. Got <class 'pandas.core.indexes.range.RangeIndex'>
2025-12-25 12:19:35,110 WARNING: Evaluation Window Clamped: lookback=6M, target_start=2022-12-23 00:00:00, clamped_start=2022-12-26 00:00:00
2025-12-25 12:19:35,111 INFO: UNIVERSE requested=14(hash=989dbc28) effective=14(hash=989dbc28)
2025-12-25 12:19:35,132 ERROR: 백테스트 실행 실패: [Service Critical] Price Data Index must be MultiIndex. Got <class 'pandas.core.indexes.range.RangeIndex'>
2025-12-25 12:19:35,133 INFO: Split 계산: Train=24M, Val=6M, Test=6M
2025-12-25 12:19:35,133 INFO: [캐시] lb=12M, key=73edb7cc
2025-12-25 12:19:35,133 INFO: UNIVERSE requested=14(hash=989dbc28) effective=14(hash=989dbc28)
2025-12-25 12:19:35,153 ERROR: 백테스트 실행 실패: [Service Critical] Price Data Index must be MultiIndex. Got <class 'pandas.core.indexes.range.RangeIndex'>
2025-12-25 12:19:35,154 WARNING: Evaluation Window Clamped: lookback=12M, target_start=2022-06-23 00:00:00, clamped_start=2022-12-26 00:00:00
2025-12-25 12:19:35,155 INFO: UNIVERSE requested=14(hash=989dbc28) effective=14(hash=989dbc28)
2025-12-25 12:19:35,175 ERROR: 백테스트 실행 실패: [Service Critical] Price Data Index must be MultiIndex. Got <class 'pandas.core.indexes.range.RangeIndex'>
2025-12-25 12:19:35,175 WARNING: No valid trials found. Saving BEST ATTEMPT for evidence.
2025-12-25 12:19:35,176 INFO: [Phase 2] Gate 2 Walk-Forward (Attempting with best params)
2025-12-25 12:19:35,176 INFO: [EVIDENCE] Main Engine passing params to _run_single_backtest: {'ma_period': 80, 'rsi_period': 29, 'stop_loss_pct': 0.12}
2025-12-25 12:19:35,176 INFO: UNIVERSE requested=14(hash=989dbc28) effective=14(hash=989dbc28)
2025-12-25 12:19:35,198 ERROR: 백테스트 실행 실패: [Service Critical] Price Data Index must be MultiIndex. Got <class 'pandas.core.indexes.range.RangeIndex'>
2025-12-25 12:19:35,198 INFO: [EVIDENCE] Main Engine passing params to _run_single_backtest: {'ma_period': 80, 'rsi_period': 29, 'stop_loss_pct': 0.12}
2025-12-25 12:19:35,198 INFO: UNIVERSE requested=14(hash=989dbc28) effective=14(hash=989dbc28)
2025-12-25 12:19:35,219 ERROR: 백테스트 실행 실패: [Service Critical] Price Data Index must be MultiIndex. Got <class 'pandas.core.indexes.range.RangeIndex'>
2025-12-25 12:19:35,219 INFO: [EVIDENCE] Main Engine passing params to _run_single_backtest: {'ma_period': 80, 'rsi_period': 29, 'stop_loss_pct': 0.12}
2025-12-25 12:19:35,219 INFO: UNIVERSE requested=14(hash=989dbc28) effective=14(hash=989dbc28)
2025-12-25 12:19:35,240 ERROR: 백테스트 실행 실패: [Service Critical] Price Data Index must be MultiIndex. Got <class 'pandas.core.indexes.range.RangeIndex'>
2025-12-25 12:19:35,240 INFO: Split 계산: Train=24M, Val=6M, Test=6M
2025-12-25 12:19:35,241 INFO: [캐시] lb=6M, key=cfd04f22
2025-12-25 12:19:35,241 INFO: [캐시 HIT] lb=6M, key=cfd04f22
2025-12-25 12:19:35,283 INFO: ResultPackager: Saving Artifacts...
